          AutoDock 4.2 Release 4.2.5.1 
         (C) 1989-2012 The Scripps Research Institute
        AutoDock comes with ABSOLUTELY NO WARRANTY.
        AutoDock is free software, and you are welcome
        to redistribute it under certain conditions;
        for details type 'autodock4 -C'

                     main.cc  $Revision: 1.194 $

                   Compiled on Dec 13 2012 at 13:29:56


This file was created at:			4:09 26" p.m., 06/25/2017
                   using:			"compute-0-7.local"

      ________________________________________________________________

                   SETTING UP DEFAULT PARAMETER LIBRARY
      ________________________________________________________________


Sizeof FourByteLong = 8, not 4.
Random number generator was seeded with values 60879, 1498399766.
Docking parameter file (DPF) used for this docking:		ligand_receptor.dpf
DPF> autodock_parameter_version 4.2       # used by autodock to validate parameter set

	Autodock parameter version 4.2.
DPF> outlev 1                             # diagnostic output level

Output Level = 1  ADT-COMPATIBLE OUTPUT DURING DOCKING.
DPF> intelec                              # calculate internal electrostatics

Electrostatic energies will be calculated for all non-bonds between moving atoms.
DPF> ligand_types A C N                   # atoms types in ligand

DPF> fld receptor.maps.fld                # grid_data_file

Opening Grid Map Dimensions file:		receptor.maps.fld
Grid Point Spacing =				0.375 Angstroms

Even Number of User-specified Grid Points =	40 x-points
						40 y-points
						40 z-points

Coordinates of Central Grid Point of Maps =	(0.000, 0.000, 0.000)
Macromolecule file used to create Grid Maps =	receptor.pdbqt
Grid Parameter file used to create Grid Maps =	receptor.gpf
Minimum coordinates in grid = (-7.500, -7.500, -7.500)
Maximum coordinates in grid = (7.500, 7.500, 7.500)

DPF> map receptor.A.map                   # atom-specific affinity map

DPF> map receptor.C.map                   # atom-specific affinity map

DPF> map receptor.N.map                   # atom-specific affinity map

DPF> elecmap receptor.e.map               # electrostatics map

DPF> desolvmap receptor.d.map             # desolvation map

DPF> move ligand.pdbqt                    # small molecule

1,4-interactions will be _ignored_ in the non-bonded internal energy calculation.

Ligand PDBQT file = "ligand.pdbqt"

INPUT LIGAND PDBQT FILE:
________________________

INPUT-LIGAND-PDBQT: REMARK  3 active torsions:
INPUT-LIGAND-PDBQT: REMARK  status: ('A' for Active; 'I' for Inactive)
INPUT-LIGAND-PDBQT: REMARK    1  A    between atoms: N_1  and  C_2 
INPUT-LIGAND-PDBQT: REMARK    2  A    between atoms: C_2  and  C_3 
INPUT-LIGAND-PDBQT: REMARK    3  A    between atoms: C_3  and  C_5 
INPUT-LIGAND-PDBQT: ROOT
INPUT-LIGAND-PDBQT: HETATM    1  C   UNL     1       0.903   0.221  -0.375  1.00  0.00    -0.056 A 
INPUT-LIGAND-PDBQT: HETATM    2  C   UNL     1       1.509   1.231   0.355  1.00  0.00     0.007 A 
INPUT-LIGAND-PDBQT: HETATM    3  C   UNL     1       1.597  -0.922  -0.737  1.00  0.00     0.007 A 
INPUT-LIGAND-PDBQT: HETATM    4  C   UNL     1       2.844   1.094   0.734  1.00  0.00     0.001 A 
INPUT-LIGAND-PDBQT: HETATM    5  C   UNL     1       2.933  -1.060  -0.357  1.00  0.00     0.001 A 
INPUT-LIGAND-PDBQT: HETATM    6  C   UNL     1       3.556  -0.052   0.378  1.00  0.00     0.000 A 
INPUT-LIGAND-PDBQT: ENDROOT
INPUT-LIGAND-PDBQT: BRANCH   1   7
INPUT-LIGAND-PDBQT: HETATM    7  C   UNL     1      -0.543   0.370  -0.786  1.00  0.00     0.074 C 
INPUT-LIGAND-PDBQT: BRANCH   7   8
INPUT-LIGAND-PDBQT: HETATM    8  C   UNL     1      -1.537  -0.194   0.245  1.00  0.00     0.222 C 
INPUT-LIGAND-PDBQT: HETATM    9  C   UNL     1      -1.351  -1.693   0.481  1.00  0.00     0.043 C 
INPUT-LIGAND-PDBQT: BRANCH   8  10
INPUT-LIGAND-PDBQT: HETATM   10  N   UNL     1      -2.908   0.033  -0.223  1.00  0.00     0.084 N 
INPUT-LIGAND-PDBQT: HETATM   11  C   UNL     1      -3.134   1.456  -0.463  1.00  0.00     0.309 C 
INPUT-LIGAND-PDBQT: HETATM   12  C   UNL     1      -3.869  -0.483   0.749  1.00  0.00     0.309 C 
INPUT-LIGAND-PDBQT: ENDBRANCH   8  10
INPUT-LIGAND-PDBQT: ENDBRANCH   7   8
INPUT-LIGAND-PDBQT: ENDBRANCH   1   7
INPUT-LIGAND-PDBQT: TORSDOF 3
________________________________________________________________________________

Total charge on ligand                               =	+1.001 e
REMARK  3 active torsions:
REMARK  status: ('A' for Active; 'I' for Inactive)
REMARK    1  A    between atoms: N_1  and  C_2 
REMARK    2  A    between atoms: C_2  and  C_3 
REMARK    3  A    between atoms: C_3  and  C_5 


Number of Rotatable Bonds in Small Molecule =	3 torsions
Number of atoms in ligand:  12

Number of non-hydrogen atoms in ligand:  12

Number of vibrational degrees of freedom of ligand:  30


Number of torsional degrees of freedom = 3
Estimated loss of torsional free energy upon binding = +0.8949 kcal/mol


DPF> about 0.0 0.0001 0.0001              # small molecule center

Small molecule center of rotation =	(+0.000, +0.000, +0.000)

DPF> # ADDED BY TOXIM

DPF> 

DPF> ga_pop_size 250                      # number of individuals in population

A population of 250 individuals will be used
DPF> ga_num_evals 20000000                # maximum number of energy evaluations

There will be at most 20000000 function evaluations used.
DPF> ga_num_generations 2000000000        # maximum number of generations

The GA will run for at most 2000000000 generations.
DPF> ga_elitism 1                         # number of top individuals to survive to next generation

The 1 best will be preserved each GA generation.
DPF> ga_mutation_rate 0.02                # rate of gene mutation

The mutation rate is 0.020000.
DPF> ga_crossover_rate 0.8                # rate of crossover

The crossover rate is 0.800000.
DPF> ga_window_size 10                    # 

The GA's selection window is 10 generations.
DPF> ga_cauchy_alpha 0.0                  # Alpha parameter of Cauchy distribution

The alpha parameter (for the Cauchy distribution) is being set to 0.000000.
DPF> ga_cauchy_beta 1.0                   # Beta parameter Cauchy distribution

The beta parameter (for the Cauchy distribution) is being set to 1.000000.
DPF> set_ga                               # set the above parameters for GA or LGA

DPF> sw_max_its 300                       # iterations of Solis & Wets local search

Solis & Wets algorithms will perform at most 300 iterations.
DPF> sw_max_succ 4                        # consecutive successes before changing rho

Solis & Wets algorithms expand rho every 4 in a row successes.
DPF> sw_max_fail 4                        # consecutive failures before changing rho

Solis & Wets algorithms contract rho every 4 in a row failures.
DPF> sw_rho 1.0                           # size of local search space to sample

rho is set to 1.000000.
DPF> sw_lb_rho 0.01                       # lower bound on rho

rho will never get smaller than 0.010000.
DPF> ls_search_freq 0.06                  # probability of performing local search on individual

Local search will be performed with frequency 0.060000.
DPF> set_psw1                             # set the above pseudo-Solis & Wets parameters

Creating a new Local Search object using the pseudo-Solis-Wets algorithm (pSW1) with the current settings.

DPF> unbound_model bound                  # state of unbound ligand

DPF> ga_run 100                           # do this many hybrid GA-LS runs

centering ligand on specified point: 0.000 0.000 0.000
Furthest true ligand atom from "about" center is 3.970 Angstroms (maxrad).
Setting 'tran0' value to same as 'about' value: 0.000 0.000 0.000
Number of requested GA dockings = 100 runs
Unbound model to be used is 'same as bound' [AutoDock 4.2 default].

	BEGINNING GENETIC ALGORITHM DOCKING
Run:	1 / 100
Date:	Sun Jun 25 16:09:26 2017
Beginning LAMARCKIAN GENETIC ALGORITHM (LGA), with a maximum of 20000000 energy evaluations.

Final-Value: -0.371
Real= 1m 27.80s,  CPU= 1m 27.84s,  System= 0.00s


	FINAL GENETIC ALGORITHM ALGORITHM DOCKED STATE
	_______________________________________________


Detailed state:  trans -5.128 -5.863 -4.907 quatxyzw 0.622110 0.749229 -0.075273 0.214404 center 0.000 0.000 0.000 ntor 3 -53.8635 160.4462 11.3469
State:	 -5.128  -5.863  -4.907   0.637  0.767 -0.077 155.239    -53.86  160.45   11.35

DOCKED: MODEL        1
DOCKED: USER    Run = 1
DOCKED: USER    DPF = ligand_receptor.dpf
DOCKED: USER  
DOCKED: USER    Estimated Free Energy of Binding    =   +0.99 kcal/mol  [=(1)+(2)+(3)-(4)]
DOCKED: USER    
DOCKED: USER    (1) Final Intermolecular Energy     =   +0.09 kcal/mol
DOCKED: USER        vdW + Hbond + desolv Energy     =   +0.00 kcal/mol
DOCKED: USER        Electrostatic Energy            =   +0.09 kcal/mol
DOCKED: USER    (2) Final Total Internal Energy     =   -0.47 kcal/mol
DOCKED: USER    (3) Torsional Free Energy           =   +0.89 kcal/mol
DOCKED: USER    (4) Unbound System's Energy  [=(2)] =   -0.47 kcal/mol
DOCKED: USER    
DOCKED: USER    
DOCKED: USER    NEWDPF move ligand.pdbqt
DOCKED: USER    NEWDPF about 0.000000 0.000100 0.000100
DOCKED: USER    NEWDPF tran0 -5.127813 -5.862901 -4.906598
DOCKED: USER    NEWDPF quaternion0 0.622110 0.749229 -0.075273 0.214404
DOCKED: USER    NEWDPF axisangle0 0.636922 0.767067 -0.077065 155.238837
DOCKED: USER    NEWDPF quat0 0.636922 0.767067 -0.077065 155.238837
DOCKED: USER    NEWDPF dihe0 -53.86 160.45 11.35 
DOCKED: USER  keepresnum = 1 
DOCKED: USER  
DOCKED: REMARK  3 active torsions:
DOCKED: REMARK  status: ('A' for Active; 'I' for Inactive)
DOCKED: REMARK    1  A    between atoms: N_1  and  C_2 
DOCKED: REMARK    2  A    between atoms: C_2  and  C_3 
DOCKED: REMARK    3  A    between atoms: C_3  and  C_5 
DOCKED: USER                              x       y       z     vdW  Elec       q    Type
DOCKED: USER                           _______ _______ _______ _____ _____    ______ ____
DOCKED: ROOT
DOCKED: ATOM      1  C   UNL     1      -4.894  -5.002  -4.449 +0.00 -0.01    -0.056 A 
DOCKED: ATOM      2  C   UNL     1      -4.370  -4.089  -5.349 +0.00 +0.00    +0.007 A 
DOCKED: ATOM      3  C   UNL     1      -5.866  -4.634  -3.532 +0.00 +0.00    +0.007 A 
DOCKED: ATOM      4  C   UNL     1      -4.829  -2.772  -5.333 +0.00 +0.00    +0.001 A 
DOCKED: ATOM      5  C   UNL     1      -6.327  -3.317  -3.516 +0.00 +0.00    +0.001 A 
DOCKED: ATOM      6  C   UNL     1      -5.808  -2.386  -4.416 +0.00 +0.00    +0.000 A 
DOCKED: ENDROOT
DOCKED: BRANCH   1   7
DOCKED: ATOM      7  C   UNL     1      -4.396  -6.428  -4.466 +0.00 +0.01    +0.074 C 
DOCKED: BRANCH   7   8
DOCKED: ATOM      8  C   UNL     1      -5.007  -7.280  -5.593 +0.00 +0.02    +0.222 C 
DOCKED: ATOM      9  C   UNL     1      -4.077  -7.411  -6.799 +0.00 +0.00    +0.043 C 
DOCKED: BRANCH   8  10
DOCKED: ATOM     10  N   UNL     1      -6.262  -6.669  -6.042 +0.00 +0.01    +0.084 N 
DOCKED: ATOM     11  C   UNL     1      -7.399  -7.500  -5.654 +0.00 +0.03    +0.309 C 
DOCKED: ATOM     12  C   UNL     1      -6.241  -6.470  -7.489 +0.00 +0.03    +0.309 C 
DOCKED: ENDBRANCH   8  10
DOCKED: ENDBRANCH   7   8
DOCKED: ENDBRANCH   1   7
DOCKED: TORSDOF 3
DOCKED: TER
DOCKED: ENDMDL
________________________________________________________________________________


	BEGINNING GENETIC ALGORITHM DOCKING
Run:	2 / 100
Date:	Sun Jun 25 16:10:54 2017
Beginning LAMARCKIAN GENETIC ALGORITHM (LGA), with a maximum of 20000000 energy evaluations.

Final-Value: -0.371
Real= 1m 27.81s,  CPU= 1m 27.85s,  System= 0.01s


	FINAL GENETIC ALGORITHM ALGORITHM DOCKED STATE
	_______________________________________________


Detailed state:  trans -4.903 -5.790 -5.504 quatxyzw 0.560869 0.618829 -0.320026 0.447282 center 0.000 0.000 0.000 ntor 3 -52.9438 160.4754 11.0116
State:	 -4.903  -5.790  -5.504   0.627  0.692 -0.358 126.861    -52.94  160.48   11.01

DOCKED: MODEL        2
DOCKED: USER    Run = 2
DOCKED: USER    DPF = ligand_receptor.dpf
DOCKED: USER  
DOCKED: USER    Estimated Free Energy of Binding    =   +0.99 kcal/mol  [=(1)+(2)+(3)-(4)]
DOCKED: USER    
DOCKED: USER    (1) Final Intermolecular Energy     =   +0.09 kcal/mol
DOCKED: USER        vdW + Hbond + desolv Energy     =   +0.00 kcal/mol
DOCKED: USER        Electrostatic Energy            =   +0.09 kcal/mol
DOCKED: USER    (2) Final Total Internal Energy     =   -0.47 kcal/mol
DOCKED: USER    (3) Torsional Free Energy           =   +0.89 kcal/mol
DOCKED: USER    (4) Unbound System's Energy  [=(2)] =   -0.47 kcal/mol
DOCKED: USER    
DOCKED: USER    
DOCKED: USER    NEWDPF move ligand.pdbqt
DOCKED: USER    NEWDPF about 0.000000 0.000100 0.000100
DOCKED: USER    NEWDPF tran0 -4.903238 -5.789782 -5.504389
DOCKED: USER    NEWDPF quaternion0 0.560869 0.618829 -0.320026 0.447282
DOCKED: USER    NEWDPF axisangle0 0.627094 0.691898 -0.357814 126.861162
DOCKED: USER    NEWDPF quat0 0.627094 0.691898 -0.357814 126.861162
DOCKED: USER    NEWDPF dihe0 -52.94 160.48 11.01 
DOCKED: USER  keepresnum = 1 
DOCKED: USER  
DOCKED: REMARK  3 active torsions:
DOCKED: REMARK  status: ('A' for Active; 'I' for Inactive)
DOCKED: REMARK    1  A    between atoms: N_1  and  C_2 
DOCKED: REMARK    2  A    between atoms: C_2  and  C_3 
DOCKED: REMARK    3  A    between atoms: C_3  and  C_5 
DOCKED: USER                              x       y       z     vdW  Elec       q    Type
DOCKED: USER                           _______ _______ _______ _____ _____    ______ ____
DOCKED: ROOT
DOCKED: ATOM      1  C   UNL     1      -4.444  -4.907  -5.379 +0.00 -0.01    -0.056 A 
DOCKED: ATOM      2  C   UNL     1      -4.681  -4.068  -6.456 +0.00 +0.00    +0.007 A 
DOCKED: ATOM      3  C   UNL     1      -4.560  -4.455  -4.075 +0.00 +0.00    +0.007 A 
DOCKED: ATOM      4  C   UNL     1      -5.044  -2.742  -6.223 +0.00 +0.00    +0.001 A 
DOCKED: ATOM      5  C   UNL     1      -4.924  -3.128  -3.841 +0.00 +0.00    +0.001 A 
DOCKED: ATOM      6  C   UNL     1      -5.165  -2.272  -4.915 +0.00 +0.00    +0.000 A 
DOCKED: ENDROOT
DOCKED: BRANCH   1   7
DOCKED: ATOM      7  C   UNL     1      -4.051  -6.344  -5.632 +0.00 +0.01    +0.074 C 
DOCKED: BRANCH   7   8
DOCKED: ATOM      8  C   UNL     1      -5.239  -7.253  -5.992 +0.00 +0.02    +0.222 C 
DOCKED: ATOM      9  C   UNL     1      -5.362  -7.490  -7.497 +0.00 +0.00    +0.043 C 
DOCKED: BRANCH   8  10
DOCKED: ATOM     10  N   UNL     1      -6.485  -6.641  -5.518 +0.00 +0.01    +0.084 N 
DOCKED: ATOM     11  C   UNL     1      -7.029  -7.401  -4.395 +0.00 +0.03    +0.309 C 
DOCKED: ATOM     12  C   UNL     1      -7.458  -6.561  -6.604 +0.00 +0.03    +0.309 C 
DOCKED: ENDBRANCH   8  10
DOCKED: ENDBRANCH   7   8
DOCKED: ENDBRANCH   1   7
DOCKED: TORSDOF 3
DOCKED: TER
DOCKED: ENDMDL
________________________________________________________________________________


	BEGINNING GENETIC ALGORITHM DOCKING
Run:	3 / 100
Date:	Sun Jun 25 16:12:21 2017
Beginning LAMARCKIAN GENETIC ALGORITHM (LGA), with a maximum of 20000000 energy evaluations.

Final-Value: -0.370
Real= 1m 27.82s,  CPU= 1m 27.85s,  System= 0.00s


	FINAL GENETIC ALGORITHM ALGORITHM DOCKED STATE
	_______________________________________________


Detailed state:  trans -5.117 -3.511 -5.436 quatxyzw -0.612360 -0.121202 -0.528399 -0.575430 center 0.000 0.000 0.000 ntor 3 -53.4936 162.0453 -169.2295
State:	 -5.117  -3.511  -5.436  -0.749 -0.148 -0.646 -109.741    -53.49  162.05 -169.23

DOCKED: MODEL        3
DOCKED: USER    Run = 3
DOCKED: USER    DPF = ligand_receptor.dpf
DOCKED: USER  
DOCKED: USER    Estimated Free Energy of Binding    =   +0.99 kcal/mol  [=(1)+(2)+(3)-(4)]
DOCKED: USER    
DOCKED: USER    (1) Final Intermolecular Energy     =   +0.10 kcal/mol
DOCKED: USER        vdW + Hbond + desolv Energy     =   +0.00 kcal/mol
DOCKED: USER        Electrostatic Energy            =   +0.10 kcal/mol
DOCKED: USER    (2) Final Total Internal Energy     =   -0.47 kcal/mol
DOCKED: USER    (3) Torsional Free Energy           =   +0.89 kcal/mol
DOCKED: USER    (4) Unbound System's Energy  [=(2)] =   -0.47 kcal/mol
DOCKED: USER    
DOCKED: USER    
DOCKED: USER    NEWDPF move ligand.pdbqt
DOCKED: USER    NEWDPF about 0.000000 0.000100 0.000100
DOCKED: USER    NEWDPF tran0 -5.117344 -3.510831 -5.435730
DOCKED: USER    NEWDPF quaternion0 -0.612360 -0.121202 -0.528399 -0.575430
DOCKED: USER    NEWDPF axisangle0 -0.748743 -0.148196 -0.646082 -109.740526
DOCKED: USER    NEWDPF quat0 -0.748743 -0.148196 -0.646082 -109.740526
DOCKED: USER    NEWDPF dihe0 -53.49 162.05 -169.23 
DOCKED: USER  keepresnum = 1 
DOCKED: USER  
DOCKED: REMARK  3 active torsions:
DOCKED: REMARK  status: ('A' for Active; 'I' for Inactive)
DOCKED: REMARK    1  A    between atoms: N_1  and  C_2 
DOCKED: REMARK    2  A    between atoms: C_2  and  C_3 
DOCKED: REMARK    3  A    between atoms: C_3  and  C_5 
DOCKED: USER                              x       y       z     vdW  Elec       q    Type
DOCKED: USER                           _______ _______ _______ _____ _____    ______ ____
DOCKED: ROOT
DOCKED: ATOM      1  C   UNL     1      -4.768  -4.306  -4.936 +0.00 -0.01    -0.056 A 
DOCKED: ATOM      2  C   UNL     1      -3.384  -4.288  -4.880 +0.00 +0.00    +0.007 A 
DOCKED: ATOM      3  C   UNL     1      -5.531  -4.574  -3.810 +0.00 +0.00    +0.007 A 
DOCKED: ATOM      4  C   UNL     1      -2.745  -4.544  -3.667 +0.00 +0.00    +0.001 A 
DOCKED: ATOM      5  C   UNL     1      -4.892  -4.830  -2.596 +0.00 +0.00    +0.001 A 
DOCKED: ATOM      6  C   UNL     1      -3.499  -4.815  -2.525 +0.00 +0.00    +0.000 A 
DOCKED: ENDROOT
DOCKED: BRANCH   1   7
DOCKED: ATOM      7  C   UNL     1      -5.460  -4.030  -6.250 +0.00 +0.01    +0.074 C 
DOCKED: BRANCH   7   8
DOCKED: ATOM      8  C   UNL     1      -5.946  -5.301  -6.969 +0.00 +0.02    +0.222 C 
DOCKED: ATOM      9  C   UNL     1      -7.444  -5.545  -6.783 +0.00 +0.00    +0.043 C 
DOCKED: BRANCH   8  10
DOCKED: ATOM     10  N   UNL     1      -5.221  -6.465  -6.448 +0.00 +0.01    +0.084 N 
DOCKED: ATOM     11  C   UNL     1      -4.308  -6.989  -7.461 +0.00 +0.03    +0.309 C 
DOCKED: ATOM     12  C   UNL     1      -6.159  -7.498  -6.017 +0.00 +0.03    +0.309 C 
DOCKED: ENDBRANCH   8  10
DOCKED: ENDBRANCH   7   8
DOCKED: ENDBRANCH   1   7
DOCKED: TORSDOF 3
DOCKED: TER
DOCKED: ENDMDL
________________________________________________________________________________


	BEGINNING GENETIC ALGORITHM DOCKING
Run:	4 / 100
Date:	Sun Jun 25 16:13:49 2017
Beginning LAMARCKIAN GENETIC ALGORITHM (LGA), with a maximum of 20000000 energy evaluations.

Final-Value: -0.371
Real= 1m 27.84s,  CPU= 1m 27.88s,  System= 0.00s


	FINAL GENETIC ALGORITHM ALGORITHM DOCKED STATE
	_______________________________________________


Detailed state:  trans -5.630 -6.010 -5.068 quatxyzw -0.583088 -0.757249 -0.259777 0.138195 center 0.000 0.000 0.000 ntor 3 -53.7710 160.4440 11.3254
State:	 -5.630  -6.010  -5.068  -0.589 -0.765 -0.262 164.113    -53.77  160.44   11.33

DOCKED: MODEL        4
DOCKED: USER    Run = 4
DOCKED: USER    DPF = ligand_receptor.dpf
DOCKED: USER  
DOCKED: USER    Estimated Free Energy of Binding    =   +0.99 kcal/mol  [=(1)+(2)+(3)-(4)]
DOCKED: USER    
DOCKED: USER    (1) Final Intermolecular Energy     =   +0.09 kcal/mol
DOCKED: USER        vdW + Hbond + desolv Energy     =   +0.00 kcal/mol
DOCKED: USER        Electrostatic Energy            =   +0.09 kcal/mol
DOCKED: USER    (2) Final Total Internal Energy     =   -0.47 kcal/mol
DOCKED: USER    (3) Torsional Free Energy           =   +0.89 kcal/mol
DOCKED: USER    (4) Unbound System's Energy  [=(2)] =   -0.47 kcal/mol
DOCKED: USER    
DOCKED: USER    
DOCKED: USER    NEWDPF move ligand.pdbqt
DOCKED: USER    NEWDPF about 0.000000 0.000100 0.000100
DOCKED: USER    NEWDPF tran0 -5.630190 -6.009602 -5.068400
DOCKED: USER    NEWDPF quaternion0 -0.583088 -0.757249 -0.259777 0.138195
DOCKED: USER    NEWDPF axisangle0 -0.588737 -0.764586 -0.262294 164.113184
DOCKED: USER    NEWDPF quat0 -0.588737 -0.764586 -0.262294 164.113184
DOCKED: USER    NEWDPF dihe0 -53.77 160.44 11.33 
DOCKED: USER  keepresnum = 1 
DOCKED: USER  
DOCKED: REMARK  3 active torsions:
DOCKED: REMARK  status: ('A' for Active; 'I' for Inactive)
DOCKED: REMARK    1  A    between atoms: N_1  and  C_2 
DOCKED: REMARK    2  A    between atoms: C_2  and  C_3 
DOCKED: REMARK    3  A    between atoms: C_3  and  C_5 
DOCKED: USER                              x       y       z     vdW  Elec       q    Type
DOCKED: USER                           _______ _______ _______ _____ _____    ______ ____
DOCKED: ROOT
DOCKED: ATOM      1  C   UNL     1      -5.898  -5.194  -4.551 +0.00 -0.01    -0.056 A 
DOCKED: ATOM      2  C   UNL     1      -4.875  -4.258  -4.538 +0.00 +0.00    +0.007 A 
DOCKED: ATOM      3  C   UNL     1      -7.206  -4.826  -4.821 +0.00 +0.00    +0.007 A 
DOCKED: ATOM      4  C   UNL     1      -5.168  -2.921  -4.802 +0.00 +0.00    +0.001 A 
DOCKED: ATOM      5  C   UNL     1      -7.500  -3.488  -5.086 +0.00 +0.00    +0.001 A 
DOCKED: ATOM      6  C   UNL     1      -6.481  -2.536  -5.077 +0.00 +0.00    +0.000 A 
DOCKED: ENDROOT
DOCKED: BRANCH   1   7
DOCKED: ATOM      7  C   UNL     1      -5.580  -6.642  -4.264 +0.00 +0.01    +0.074 C 
DOCKED: BRANCH   7   8
DOCKED: ATOM      8  C   UNL     1      -4.966  -7.387  -5.463 +0.00 +0.02    +0.222 C 
DOCKED: ATOM      9  C   UNL     1      -3.444  -7.498  -5.369 +0.00 +0.00    +0.043 C 
DOCKED: BRANCH   8  10
DOCKED: ATOM     10  N   UNL     1      -5.302  -6.678  -6.702 +0.00 +0.01    +0.084 N 
DOCKED: ATOM     11  C   UNL     1      -6.242  -7.463  -7.498 +0.00 +0.03    +0.309 C 
DOCKED: ATOM     12  C   UNL     1      -4.091  -6.395  -7.470 +0.00 +0.03    +0.309 C 
DOCKED: ENDBRANCH   8  10
DOCKED: ENDBRANCH   7   8
DOCKED: ENDBRANCH   1   7
DOCKED: TORSDOF 3
DOCKED: TER
DOCKED: ENDMDL
________________________________________________________________________________


	BEGINNING GENETIC ALGORITHM DOCKING
Run:	5 / 100
Date:	Sun Jun 25 16:15:17 2017
Beginning LAMARCKIAN GENETIC ALGORITHM (LGA), with a maximum of 20000000 energy evaluations.

Final-Value: -0.371
Real= 1m 27.83s,  CPU= 1m 27.86s,  System= 0.01s


	FINAL GENETIC ALGORITHM ALGORITHM DOCKED STATE
	_______________________________________________


Detailed state:  trans -5.369 -5.770 -5.437 quatxyzw 0.928035 0.046556 -0.107738 -0.353519 center 0.000 0.000 0.000 ntor 3 -53.0586 161.7738 11.0665
State:	 -5.369  -5.770  -5.437   0.992  0.050 -0.115 -138.595    -53.06  161.77   11.07

DOCKED: MODEL        5
DOCKED: USER    Run = 5
DOCKED: USER    DPF = ligand_receptor.dpf
DOCKED: USER  
DOCKED: USER    Estimated Free Energy of Binding    =   +0.99 kcal/mol  [=(1)+(2)+(3)-(4)]
DOCKED: USER    
DOCKED: USER    (1) Final Intermolecular Energy     =   +0.09 kcal/mol
DOCKED: USER        vdW + Hbond + desolv Energy     =   +0.00 kcal/mol
DOCKED: USER        Electrostatic Energy            =   +0.09 kcal/mol
DOCKED: USER    (2) Final Total Internal Energy     =   -0.47 kcal/mol
DOCKED: USER    (3) Torsional Free Energy           =   +0.89 kcal/mol
DOCKED: USER    (4) Unbound System's Energy  [=(2)] =   -0.47 kcal/mol
DOCKED: USER    
DOCKED: USER    
DOCKED: USER    NEWDPF move ligand.pdbqt
DOCKED: USER    NEWDPF about 0.000000 0.000100 0.000100
DOCKED: USER    NEWDPF tran0 -5.369074 -5.769771 -5.436687
DOCKED: USER    NEWDPF quaternion0 0.928035 0.046556 -0.107738 -0.353519
DOCKED: USER    NEWDPF axisangle0 0.992098 0.049770 -0.115176 -138.594543
DOCKED: USER    NEWDPF quat0 0.992098 0.049770 -0.115176 -138.594543
DOCKED: USER    NEWDPF dihe0 -53.06 161.77 11.07 
DOCKED: USER  keepresnum = 1 
DOCKED: USER  
DOCKED: REMARK  3 active torsions:
DOCKED: REMARK  status: ('A' for Active; 'I' for Inactive)
DOCKED: REMARK    1  A    between atoms: N_1  and  C_2 
DOCKED: REMARK    2  A    between atoms: C_2  and  C_3 
DOCKED: REMARK    3  A    between atoms: C_3  and  C_5 
DOCKED: USER                              x       y       z     vdW  Elec       q    Type
DOCKED: USER                           _______ _______ _______ _____ _____    ______ ____
DOCKED: ROOT
DOCKED: ATOM      1  C   UNL     1      -4.392  -5.675  -5.232 +0.00 -0.01    -0.056 A 
DOCKED: ATOM      2  C   UNL     1      -3.761  -6.909  -5.251 +0.00 +0.00    +0.007 A 
DOCKED: ATOM      3  C   UNL     1      -3.843  -4.575  -5.869 +0.00 +0.00    +0.007 A 
DOCKED: ATOM      4  C   UNL     1      -2.548  -7.045  -5.926 +0.00 +0.00    +0.001 A 
DOCKED: ATOM      5  C   UNL     1      -2.630  -4.711  -6.545 +0.00 +0.00    +0.001 A 
DOCKED: ATOM      6  C   UNL     1      -1.983  -5.946  -6.573 +0.00 +0.00    +0.000 A 
DOCKED: ENDROOT
DOCKED: BRANCH   1   7
DOCKED: ATOM      7  C   UNL     1      -5.706  -5.527  -4.500 +0.00 +0.01    +0.074 C 
DOCKED: BRANCH   7   8
DOCKED: ATOM      8  C   UNL     1      -6.914  -6.059  -5.291 +0.00 +0.02    +0.222 C 
DOCKED: ATOM      9  C   UNL     1      -7.356  -7.447  -4.825 +0.00 +0.00    +0.043 C 
DOCKED: BRANCH   8  10
DOCKED: ATOM     10  N   UNL     1      -6.570  -6.138  -6.714 +0.00 +0.01    +0.084 N 
DOCKED: ATOM     11  C   UNL     1      -7.299  -5.122  -7.470 +0.00 +0.03    +0.309 C 
DOCKED: ATOM     12  C   UNL     1      -6.861  -7.472  -7.235 +0.00 +0.03    +0.309 C 
DOCKED: ENDBRANCH   8  10
DOCKED: ENDBRANCH   7   8
DOCKED: ENDBRANCH   1   7
DOCKED: TORSDOF 3
DOCKED: TER
DOCKED: ENDMDL
________________________________________________________________________________


	BEGINNING GENETIC ALGORITHM DOCKING
Run:	6 / 100
Date:	Sun Jun 25 16:16:45 2017
Beginning LAMARCKIAN GENETIC ALGORITHM (LGA), with a maximum of 20000000 energy evaluations.

Final-Value: -0.371
Real= 1m 27.63s,  CPU= 1m 27.66s,  System= 0.00s


	FINAL GENETIC ALGORITHM ALGORITHM DOCKED STATE
	_______________________________________________


Detailed state:  trans -5.299 -5.630 -5.462 quatxyzw 0.567229 0.708633 -0.253367 0.334507 center 0.000 0.000 0.000 ntor 3 -53.8255 160.4696 11.3334
State:	 -5.299  -5.630  -5.462   0.602  0.752 -0.269 140.915    -53.83  160.47   11.33

DOCKED: MODEL        6
DOCKED: USER    Run = 6
DOCKED: USER    DPF = ligand_receptor.dpf
DOCKED: USER  
DOCKED: USER    Estimated Free Energy of Binding    =   +0.99 kcal/mol  [=(1)+(2)+(3)-(4)]
DOCKED: USER    
DOCKED: USER    (1) Final Intermolecular Energy     =   +0.09 kcal/mol
DOCKED: USER        vdW + Hbond + desolv Energy     =   +0.00 kcal/mol
DOCKED: USER        Electrostatic Energy            =   +0.09 kcal/mol
DOCKED: USER    (2) Final Total Internal Energy     =   -0.47 kcal/mol
DOCKED: USER    (3) Torsional Free Energy           =   +0.89 kcal/mol
DOCKED: USER    (4) Unbound System's Energy  [=(2)] =   -0.47 kcal/mol
DOCKED: USER    
DOCKED: USER    
DOCKED: USER    NEWDPF move ligand.pdbqt
DOCKED: USER    NEWDPF about 0.000000 0.000100 0.000100
DOCKED: USER    NEWDPF tran0 -5.299477 -5.630061 -5.462190
DOCKED: USER    NEWDPF quaternion0 0.567229 0.708633 -0.253367 0.334507
DOCKED: USER    NEWDPF axisangle0 0.601903 0.751951 -0.268855 140.914838
DOCKED: USER    NEWDPF quat0 0.601903 0.751951 -0.268855 140.914838
DOCKED: USER    NEWDPF dihe0 -53.83 160.47 11.33 
DOCKED: USER  keepresnum = 1 
DOCKED: USER  
DOCKED: REMARK  3 active torsions:
DOCKED: REMARK  status: ('A' for Active; 'I' for Inactive)
DOCKED: REMARK    1  A    between atoms: N_1  and  C_2 
DOCKED: REMARK    2  A    between atoms: C_2  and  C_3 
DOCKED: REMARK    3  A    between atoms: C_3  and  C_5 
DOCKED: USER                              x       y       z     vdW  Elec       q    Type
DOCKED: USER                           _______ _______ _______ _____ _____    ______ ____
DOCKED: ROOT
DOCKED: ATOM      1  C   UNL     1      -4.994  -4.708  -5.214 +0.00 -0.01    -0.056 A 
DOCKED: ATOM      2  C   UNL     1      -4.989  -3.873  -6.320 +0.00 +0.00    +0.007 A 
DOCKED: ATOM      3  C   UNL     1      -5.535  -4.301  -4.006 +0.00 +0.00    +0.007 A 
DOCKED: ATOM      4  C   UNL     1      -5.542  -2.597  -6.215 +0.00 +0.00    +0.001 A 
DOCKED: ATOM      5  C   UNL     1      -6.089  -3.024  -3.900 +0.00 +0.00    +0.001 A 
DOCKED: ATOM      6  C   UNL     1      -6.092  -2.173  -5.005 +0.00 +0.00    +0.000 A 
DOCKED: ENDROOT
DOCKED: BRANCH   1   7
DOCKED: ATOM      7  C   UNL     1      -4.394  -6.090  -5.327 +0.00 +0.01    +0.074 C 
DOCKED: BRANCH   7   8
DOCKED: ATOM      8  C   UNL     1      -5.318  -7.106  -6.022 +0.00 +0.02    +0.222 C 
DOCKED: ATOM      9  C   UNL     1      -4.959  -7.316  -7.494 +0.00 +0.00    +0.043 C 
DOCKED: BRANCH   8  10
DOCKED: ATOM     10  N   UNL     1      -6.705  -6.637  -5.948 +0.00 +0.01    +0.084 N 
DOCKED: ATOM     11  C   UNL     1      -7.483  -7.489  -5.053 +0.00 +0.03    +0.309 C 
DOCKED: ATOM     12  C   UNL     1      -7.304  -6.608  -7.280 +0.00 +0.03    +0.309 C 
DOCKED: ENDBRANCH   8  10
DOCKED: ENDBRANCH   7   8
DOCKED: ENDBRANCH   1   7
DOCKED: TORSDOF 3
DOCKED: TER
DOCKED: ENDMDL
________________________________________________________________________________


	BEGINNING GENETIC ALGORITHM DOCKING
Run:	7 / 100
Date:	Sun Jun 25 16:18:13 2017
Beginning LAMARCKIAN GENETIC ALGORITHM (LGA), with a maximum of 20000000 energy evaluations.

Final-Value: -0.371
Real= 1m 27.37s,  CPU= 1m 27.41s,  System= 0.01s


	FINAL GENETIC ALGORITHM ALGORITHM DOCKED STATE
	_______________________________________________


Detailed state:  trans -5.730 -5.336 -5.575 quatxyzw 0.540699 0.750739 -0.363281 0.109832 center 0.000 0.000 0.000 ntor 3 -52.9655 160.4926 10.9993
State:	 -5.730  -5.336  -5.575   0.544  0.755 -0.365 167.389    -52.97  160.49   11.00

DOCKED: MODEL        7
DOCKED: USER    Run = 7
DOCKED: USER    DPF = ligand_receptor.dpf
DOCKED: USER  
DOCKED: USER    Estimated Free Energy of Binding    =   +0.99 kcal/mol  [=(1)+(2)+(3)-(4)]
DOCKED: USER    
DOCKED: USER    (1) Final Intermolecular Energy     =   +0.09 kcal/mol
DOCKED: USER        vdW + Hbond + desolv Energy     =   +0.00 kcal/mol
DOCKED: USER        Electrostatic Energy            =   +0.09 kcal/mol
DOCKED: USER    (2) Final Total Internal Energy     =   -0.47 kcal/mol
DOCKED: USER    (3) Torsional Free Energy           =   +0.89 kcal/mol
DOCKED: USER    (4) Unbound System's Energy  [=(2)] =   -0.47 kcal/mol
DOCKED: USER    
DOCKED: USER    
DOCKED: USER    NEWDPF move ligand.pdbqt
DOCKED: USER    NEWDPF about 0.000000 0.000100 0.000100
DOCKED: USER    NEWDPF tran0 -5.730461 -5.336478 -5.574594
DOCKED: USER    NEWDPF quaternion0 0.540699 0.750739 -0.363281 0.109832
DOCKED: USER    NEWDPF axisangle0 0.543990 0.755308 -0.365492 167.388754
DOCKED: USER    NEWDPF quat0 0.543990 0.755308 -0.365492 167.388754
DOCKED: USER    NEWDPF dihe0 -52.97 160.49 11.00 
DOCKED: USER  keepresnum = 1 
DOCKED: USER  
DOCKED: REMARK  3 active torsions:
DOCKED: REMARK  status: ('A' for Active; 'I' for Inactive)
DOCKED: REMARK    1  A    between atoms: N_1  and  C_2 
DOCKED: REMARK    2  A    between atoms: C_2  and  C_3 
DOCKED: REMARK    3  A    between atoms: C_3  and  C_5 
DOCKED: USER                              x       y       z     vdW  Elec       q    Type
DOCKED: USER                           _______ _______ _______ _____ _____    ______ ____
DOCKED: ROOT
DOCKED: ATOM      1  C   UNL     1      -5.713  -4.338  -5.660 +0.00 -0.01    -0.056 A 
DOCKED: ATOM      2  C   UNL     1      -5.618  -3.956  -6.989 +0.00 +0.00    +0.007 A 
DOCKED: ATOM      3  C   UNL     1      -6.619  -3.738  -4.801 +0.00 +0.00    +0.007 A 
DOCKED: ATOM      4  C   UNL     1      -6.451  -2.948  -7.472 +0.00 +0.00    +0.001 A 
DOCKED: ATOM      5  C   UNL     1      -7.455  -2.729  -5.285 +0.00 +0.00    +0.001 A 
DOCKED: ATOM      6  C   UNL     1      -7.370  -2.335  -6.620 +0.00 +0.00    +0.000 A 
DOCKED: ENDROOT
DOCKED: BRANCH   1   7
DOCKED: ATOM      7  C   UNL     1      -4.809  -5.429  -5.137 +0.00 +0.01    +0.074 C 
DOCKED: BRANCH   7   8
DOCKED: ATOM      8  C   UNL     1      -5.279  -6.847  -5.507 +0.00 +0.02    +0.222 C 
DOCKED: ATOM      9  C   UNL     1      -4.528  -7.419  -6.710 +0.00 +0.00    +0.043 C 
DOCKED: BRANCH   8  10
DOCKED: ATOM     10  N   UNL     1      -6.710  -6.821  -5.826 +0.00 +0.01    +0.084 N 
DOCKED: ATOM     11  C   UNL     1      -7.475  -7.499  -4.783 +0.00 +0.03    +0.309 C 
DOCKED: ATOM     12  C   UNL     1      -6.953  -7.440  -7.126 +0.00 +0.03    +0.309 C 
DOCKED: ENDBRANCH   8  10
DOCKED: ENDBRANCH   7   8
DOCKED: ENDBRANCH   1   7
DOCKED: TORSDOF 3
DOCKED: TER
DOCKED: ENDMDL
________________________________________________________________________________


	BEGINNING GENETIC ALGORITHM DOCKING
Run:	8 / 100
Date:	Sun Jun 25 16:19:40 2017
Beginning LAMARCKIAN GENETIC ALGORITHM (LGA), with a maximum of 20000000 energy evaluations.

Final-Value: -0.371
Real= 1m 27.42s,  CPU= 1m 27.45s,  System= 0.00s


	FINAL GENETIC ALGORITHM ALGORITHM DOCKED STATE
	_______________________________________________


Detailed state:  trans -5.665 -5.219 -5.604 quatxyzw 0.527318 0.767381 -0.290125 0.221111 center 0.000 0.000 0.000 ntor 3 -53.5509 160.7712 10.9477
State:	 -5.665  -5.219  -5.604   0.541  0.787 -0.297 154.451    -53.55  160.77   10.95

DOCKED: MODEL        8
DOCKED: USER    Run = 8
DOCKED: USER    DPF = ligand_receptor.dpf
DOCKED: USER  
DOCKED: USER    Estimated Free Energy of Binding    =   +0.99 kcal/mol  [=(1)+(2)+(3)-(4)]
DOCKED: USER    
DOCKED: USER    (1) Final Intermolecular Energy     =   +0.09 kcal/mol
DOCKED: USER        vdW + Hbond + desolv Energy     =   +0.00 kcal/mol
DOCKED: USER        Electrostatic Energy            =   +0.09 kcal/mol
DOCKED: USER    (2) Final Total Internal Energy     =   -0.47 kcal/mol
DOCKED: USER    (3) Torsional Free Energy           =   +0.89 kcal/mol
DOCKED: USER    (4) Unbound System's Energy  [=(2)] =   -0.47 kcal/mol
DOCKED: USER    
DOCKED: USER    
DOCKED: USER    NEWDPF move ligand.pdbqt
DOCKED: USER    NEWDPF about 0.000000 0.000100 0.000100
DOCKED: USER    NEWDPF tran0 -5.664850 -5.218585 -5.604141
DOCKED: USER    NEWDPF quaternion0 0.527318 0.767381 -0.290125 0.221111
DOCKED: USER    NEWDPF axisangle0 0.540701 0.786857 -0.297488 154.451419
DOCKED: USER    NEWDPF quat0 0.540701 0.786857 -0.297488 154.451419
DOCKED: USER    NEWDPF dihe0 -53.55 160.77 10.95 
DOCKED: USER  keepresnum = 1 
DOCKED: USER  
DOCKED: REMARK  3 active torsions:
DOCKED: REMARK  status: ('A' for Active; 'I' for Inactive)
DOCKED: REMARK    1  A    between atoms: N_1  and  C_2 
DOCKED: REMARK    2  A    between atoms: C_2  and  C_3 
DOCKED: REMARK    3  A    between atoms: C_3  and  C_5 
DOCKED: USER                              x       y       z     vdW  Elec       q    Type
DOCKED: USER                           _______ _______ _______ _____ _____    ______ ____
DOCKED: ROOT
DOCKED: ATOM      1  C   UNL     1      -5.585  -4.232  -5.449 +0.00 -0.01    -0.056 A 
DOCKED: ATOM      2  C   UNL     1      -5.578  -3.540  -6.649 +0.00 +0.00    +0.007 A 
DOCKED: ATOM      3  C   UNL     1      -6.370  -3.819  -4.384 +0.00 +0.00    +0.007 A 
DOCKED: ATOM      4  C   UNL     1      -6.378  -2.406  -6.790 +0.00 +0.00    +0.001 A 
DOCKED: ATOM      5  C   UNL     1      -7.171  -2.685  -4.525 +0.00 +0.00    +0.001 A 
DOCKED: ATOM      6  C   UNL     1      -7.175  -1.979  -5.727 +0.00 +0.00    +0.000 A 
DOCKED: ENDROOT
DOCKED: BRANCH   1   7
DOCKED: ATOM      7  C   UNL     1      -4.718  -5.459  -5.296 +0.00 +0.01    +0.074 C 
DOCKED: BRANCH   7   8
DOCKED: ATOM      8  C   UNL     1      -5.316  -6.720  -5.946 +0.00 +0.02    +0.222 C 
DOCKED: ATOM      9  C   UNL     1      -4.710  -7.017  -7.318 +0.00 +0.00    +0.043 C 
DOCKED: BRANCH   8  10
DOCKED: ATOM     10  N   UNL     1      -6.763  -6.546  -6.109 +0.00 +0.01    +0.084 N 
DOCKED: ATOM     11  C   UNL     1      -7.487  -7.429  -5.198 +0.00 +0.03    +0.309 C 
DOCKED: ATOM     12  C   UNL     1      -7.154  -6.804  -7.493 +0.00 +0.03    +0.309 C 
DOCKED: ENDBRANCH   8  10
DOCKED: ENDBRANCH   7   8
DOCKED: ENDBRANCH   1   7
DOCKED: TORSDOF 3
DOCKED: TER
DOCKED: ENDMDL
________________________________________________________________________________


	BEGINNING GENETIC ALGORITHM DOCKING
Run:	9 / 100
Date:	Sun Jun 25 16:21:07 2017
Beginning LAMARCKIAN GENETIC ALGORITHM (LGA), with a maximum of 20000000 energy evaluations.

Final-Value: -0.371
Real= 1m 27.42s,  CPU= 1m 27.45s,  System= 0.01s


	FINAL GENETIC ALGORITHM ALGORITHM DOCKED STATE
	_______________________________________________


Detailed state:  trans -3.956 -5.072 -5.279 quatxyzw -0.176963 -0.397849 -0.792089 0.427779 center 0.000 0.000 0.000 ntor 3 -52.3248 160.6322 -168.3311
State:	 -3.956  -5.072  -5.279  -0.196 -0.440 -0.876 129.347    -52.32  160.63 -168.33

DOCKED: MODEL        9
DOCKED: USER    Run = 9
DOCKED: USER    DPF = ligand_receptor.dpf
DOCKED: USER  
DOCKED: USER    Estimated Free Energy of Binding    =   +0.99 kcal/mol  [=(1)+(2)+(3)-(4)]
DOCKED: USER    
DOCKED: USER    (1) Final Intermolecular Energy     =   +0.09 kcal/mol
DOCKED: USER        vdW + Hbond + desolv Energy     =   +0.00 kcal/mol
DOCKED: USER        Electrostatic Energy            =   +0.09 kcal/mol
DOCKED: USER    (2) Final Total Internal Energy     =   -0.47 kcal/mol
DOCKED: USER    (3) Torsional Free Energy           =   +0.89 kcal/mol
DOCKED: USER    (4) Unbound System's Energy  [=(2)] =   -0.47 kcal/mol
DOCKED: USER    
DOCKED: USER    
DOCKED: USER    NEWDPF move ligand.pdbqt
DOCKED: USER    NEWDPF about 0.000000 0.000100 0.000100
DOCKED: USER    NEWDPF tran0 -3.955639 -5.071518 -5.278695
DOCKED: USER    NEWDPF quaternion0 -0.176963 -0.397849 -0.792089 0.427779
DOCKED: USER    NEWDPF axisangle0 -0.195781 -0.440155 -0.876318 129.346570
DOCKED: USER    NEWDPF quat0 -0.195781 -0.440155 -0.876318 129.346570
DOCKED: USER    NEWDPF dihe0 -52.32 160.63 -168.33 
DOCKED: USER  keepresnum = 1 
DOCKED: USER  
DOCKED: REMARK  3 active torsions:
DOCKED: REMARK  status: ('A' for Active; 'I' for Inactive)
DOCKED: REMARK    1  A    between atoms: N_1  and  C_2 
DOCKED: REMARK    2  A    between atoms: C_2  and  C_3 
DOCKED: REMARK    3  A    between atoms: C_3  and  C_5 
DOCKED: USER                              x       y       z     vdW  Elec       q    Type
DOCKED: USER                           _______ _______ _______ _____ _____    ______ ____
DOCKED: ROOT
DOCKED: ATOM      1  C   UNL     1      -4.823  -4.582  -5.393 +0.00 -0.01    -0.056 A 
DOCKED: ATOM      2  C   UNL     1      -5.258  -4.057  -4.187 +0.00 +0.00    +0.007 A 
DOCKED: ATOM      3  C   UNL     1      -4.831  -3.825  -6.553 +0.00 +0.00    +0.007 A 
DOCKED: ATOM      4  C   UNL     1      -5.712  -2.740  -4.139 +0.00 +0.00    +0.001 A 
DOCKED: ATOM      5  C   UNL     1      -5.284  -2.505  -6.505 +0.00 +0.00    +0.001 A 
DOCKED: ATOM      6  C   UNL     1      -5.725  -1.963  -5.298 +0.00 +0.00    +0.000 A 
DOCKED: ENDROOT
DOCKED: BRANCH   1   7
DOCKED: ATOM      7  C   UNL     1      -4.332  -6.010  -5.445 +0.00 +0.01    +0.074 C 
DOCKED: BRANCH   7   8
DOCKED: ATOM      8  C   UNL     1      -5.365  -6.995  -6.020 +0.00 +0.02    +0.222 C 
DOCKED: ATOM      9  C   UNL     1      -5.105  -7.327  -7.489 +0.00 +0.00    +0.043 C 
DOCKED: BRANCH   8  10
DOCKED: ATOM     10  N   UNL     1      -6.708  -6.417  -5.907 +0.00 +0.01    +0.084 N 
DOCKED: ATOM     11  C   UNL     1      -7.483  -7.125  -4.891 +0.00 +0.03    +0.309 C 
DOCKED: ATOM     12  C   UNL     1      -7.390  -6.462  -7.198 +0.00 +0.03    +0.309 C 
DOCKED: ENDBRANCH   8  10
DOCKED: ENDBRANCH   7   8
DOCKED: ENDBRANCH   1   7
DOCKED: TORSDOF 3
DOCKED: TER
DOCKED: ENDMDL
________________________________________________________________________________


	BEGINNING GENETIC ALGORITHM DOCKING
Run:	10 / 100
Date:	Sun Jun 25 16:22:35 2017
Beginning LAMARCKIAN GENETIC ALGORITHM (LGA), with a maximum of 20000000 energy evaluations.

Final-Value: -0.371
Real= 1m 27.34s,  CPU= 1m 27.37s,  System= 0.00s


	FINAL GENETIC ALGORITHM ALGORITHM DOCKED STATE
	_______________________________________________


Detailed state:  trans -6.656 -5.289 -5.643 quatxyzw -0.645067 -0.598163 -0.104653 0.463829 center 0.000 0.000 0.000 ntor 3 -53.0859 162.3606 10.9096
State:	 -6.656  -5.289  -5.643  -0.728 -0.675 -0.118 124.731    -53.09  162.36   10.91

DOCKED: MODEL       10
DOCKED: USER    Run = 10
DOCKED: USER    DPF = ligand_receptor.dpf
DOCKED: USER  
DOCKED: USER    Estimated Free Energy of Binding    =   +0.99 kcal/mol  [=(1)+(2)+(3)-(4)]
DOCKED: USER    
DOCKED: USER    (1) Final Intermolecular Energy     =   +0.09 kcal/mol
DOCKED: USER        vdW + Hbond + desolv Energy     =   +0.00 kcal/mol
DOCKED: USER        Electrostatic Energy            =   +0.09 kcal/mol
DOCKED: USER    (2) Final Total Internal Energy     =   -0.47 kcal/mol
DOCKED: USER    (3) Torsional Free Energy           =   +0.89 kcal/mol
DOCKED: USER    (4) Unbound System's Energy  [=(2)] =   -0.47 kcal/mol
DOCKED: USER    
DOCKED: USER    
DOCKED: USER    NEWDPF move ligand.pdbqt
DOCKED: USER    NEWDPF about 0.000000 0.000100 0.000100
DOCKED: USER    NEWDPF tran0 -6.655814 -5.288921 -5.642894
DOCKED: USER    NEWDPF quaternion0 -0.645067 -0.598163 -0.104653 0.463829
DOCKED: USER    NEWDPF axisangle0 -0.728128 -0.675185 -0.118128 124.731048
DOCKED: USER    NEWDPF quat0 -0.728128 -0.675185 -0.118128 124.731048
DOCKED: USER    NEWDPF dihe0 -53.09 162.36 10.91 
DOCKED: USER  keepresnum = 1 
DOCKED: USER  
DOCKED: REMARK  3 active torsions:
DOCKED: REMARK  status: ('A' for Active; 'I' for Inactive)
DOCKED: REMARK    1  A    between atoms: N_1  and  C_2 
DOCKED: REMARK    2  A    between atoms: C_2  and  C_3 
DOCKED: REMARK    3  A    between atoms: C_3  and  C_5 
DOCKED: USER                              x       y       z     vdW  Elec       q    Type
DOCKED: USER                           _______ _______ _______ _____ _____    ______ ____
DOCKED: ROOT
DOCKED: ATOM      1  C   UNL     1      -6.529  -4.295  -5.657 +0.00 -0.01    -0.056 A 
DOCKED: ATOM      2  C   UNL     1      -5.184  -3.966  -5.580 +0.00 +0.00    +0.007 A 
DOCKED: ATOM      3  C   UNL     1      -7.367  -3.687  -6.577 +0.00 +0.00    +0.007 A 
DOCKED: ATOM      4  C   UNL     1      -4.665  -3.006  -6.448 +0.00 +0.00    +0.001 A 
DOCKED: ATOM      5  C   UNL     1      -6.847  -2.726  -7.446 +0.00 +0.00    +0.001 A 
DOCKED: ATOM      6  C   UNL     1      -5.497  -2.386  -7.381 +0.00 +0.00    +0.000 A 
DOCKED: ENDROOT
DOCKED: BRANCH   1   7
DOCKED: ATOM      7  C   UNL     1      -7.091  -5.335  -4.717 +0.00 +0.01    +0.074 C 
DOCKED: BRANCH   7   8
DOCKED: ATOM      8  C   UNL     1      -6.785  -6.781  -5.145 +0.00 +0.02    +0.222 C 
DOCKED: ATOM      9  C   UNL     1      -5.632  -7.397  -4.353 +0.00 +0.00    +0.043 C 
DOCKED: BRANCH   8  10
DOCKED: ATOM     10  N   UNL     1      -6.433  -6.805  -6.568 +0.00 +0.01    +0.084 N 
DOCKED: ATOM     11  C   UNL     1      -7.491  -7.449  -7.343 +0.00 +0.03    +0.309 C 
DOCKED: ATOM     12  C   UNL     1      -5.160  -7.495  -6.765 +0.00 +0.03    +0.309 C 
DOCKED: ENDBRANCH   8  10
DOCKED: ENDBRANCH   7   8
DOCKED: ENDBRANCH   1   7
DOCKED: TORSDOF 3
DOCKED: TER
DOCKED: ENDMDL
________________________________________________________________________________


	BEGINNING GENETIC ALGORITHM DOCKING
Run:	11 / 100
Date:	Sun Jun 25 16:24:02 2017
Beginning LAMARCKIAN GENETIC ALGORITHM (LGA), with a maximum of 20000000 energy evaluations.

Final-Value: -0.371
Real= 1m 27.38s,  CPU= 1m 27.41s,  System= 0.01s


	FINAL GENETIC ALGORITHM ALGORITHM DOCKED STATE
	_______________________________________________


Detailed state:  trans -4.813 -5.968 -3.168 quatxyzw 0.084103 -0.064289 -0.841246 0.530188 center 0.000 0.000 0.000 ntor 3 -53.4145 161.4927 -168.7995
State:	 -4.813  -5.968  -3.168   0.099 -0.076 -0.992 115.964    -53.41  161.49 -168.80

DOCKED: MODEL       11
DOCKED: USER    Run = 11
DOCKED: USER    DPF = ligand_receptor.dpf
DOCKED: USER  
DOCKED: USER    Estimated Free Energy of Binding    =   +0.99 kcal/mol  [=(1)+(2)+(3)-(4)]
DOCKED: USER    
DOCKED: USER    (1) Final Intermolecular Energy     =   +0.09 kcal/mol
DOCKED: USER        vdW + Hbond + desolv Energy     =   +0.00 kcal/mol
DOCKED: USER        Electrostatic Energy            =   +0.09 kcal/mol
DOCKED: USER    (2) Final Total Internal Energy     =   -0.47 kcal/mol
DOCKED: USER    (3) Torsional Free Energy           =   +0.89 kcal/mol
DOCKED: USER    (4) Unbound System's Energy  [=(2)] =   -0.47 kcal/mol
DOCKED: USER    
DOCKED: USER    
DOCKED: USER    NEWDPF move ligand.pdbqt
DOCKED: USER    NEWDPF about 0.000000 0.000100 0.000100
DOCKED: USER    NEWDPF tran0 -4.812856 -5.967954 -3.167545
DOCKED: USER    NEWDPF quaternion0 0.084103 -0.064289 -0.841246 0.530188
DOCKED: USER    NEWDPF axisangle0 0.099192 -0.075824 -0.992175 115.963684
DOCKED: USER    NEWDPF quat0 0.099192 -0.075824 -0.992175 115.963684
DOCKED: USER    NEWDPF dihe0 -53.41 161.49 -168.80 
DOCKED: USER  keepresnum = 1 
DOCKED: USER  
DOCKED: REMARK  3 active torsions:
DOCKED: REMARK  status: ('A' for Active; 'I' for Inactive)
DOCKED: REMARK    1  A    between atoms: N_1  and  C_2 
DOCKED: REMARK    2  A    between atoms: C_2  and  C_3 
DOCKED: REMARK    3  A    between atoms: C_3  and  C_5 
DOCKED: USER                              x       y       z     vdW  Elec       q    Type
DOCKED: USER                           _______ _______ _______ _____ _____    ______ ____
DOCKED: ROOT
DOCKED: ATOM      1  C   UNL     1      -5.367  -5.341  -3.719 +0.00 -0.01    -0.056 A 
DOCKED: ATOM      2  C   UNL     1      -6.589  -5.097  -3.114 +0.00 +0.00    +0.007 A 
DOCKED: ATOM      3  C   UNL     1      -4.603  -4.310  -4.240 +0.00 +0.00    +0.007 A 
DOCKED: ATOM      4  C   UNL     1      -7.059  -3.787  -3.026 +0.00 +0.00    +0.001 A 
DOCKED: ATOM      5  C   UNL     1      -5.072  -2.998  -4.152 +0.00 +0.00    +0.001 A 
DOCKED: ATOM      6  C   UNL     1      -6.300  -2.737  -3.545 +0.00 +0.00    +0.000 A 
DOCKED: ENDROOT
DOCKED: BRANCH   1   7
DOCKED: ATOM      7  C   UNL     1      -4.859  -6.760  -3.815 +0.00 +0.01    +0.074 C 
DOCKED: BRANCH   7   8
DOCKED: ATOM      8  C   UNL     1      -5.062  -7.394  -5.203 +0.00 +0.02    +0.222 C 
DOCKED: ATOM      9  C   UNL     1      -3.788  -7.379  -6.048 +0.00 +0.00    +0.043 C 
DOCKED: BRANCH   8  10
DOCKED: ATOM     10  N   UNL     1      -6.105  -6.661  -5.927 +0.00 +0.01    +0.084 N 
DOCKED: ATOM     11  C   UNL     1      -7.305  -7.484  -6.061 +0.00 +0.03    +0.309 C 
DOCKED: ATOM     12  C   UNL     1      -5.617  -6.248  -7.241 +0.00 +0.03    +0.309 C 
DOCKED: ENDBRANCH   8  10
DOCKED: ENDBRANCH   7   8
DOCKED: ENDBRANCH   1   7
DOCKED: TORSDOF 3
DOCKED: TER
DOCKED: ENDMDL
________________________________________________________________________________


	BEGINNING GENETIC ALGORITHM DOCKING
Run:	12 / 100
Date:	Sun Jun 25 16:25:30 2017
Beginning LAMARCKIAN GENETIC ALGORITHM (LGA), with a maximum of 20000000 energy evaluations.

