          AutoDock 4.2 Release 4.2.5.1 
         (C) 1989-2012 The Scripps Research Institute
        AutoDock comes with ABSOLUTELY NO WARRANTY.
        AutoDock is free software, and you are welcome
        to redistribute it under certain conditions;
        for details type 'autodock4 -C'

                     main.cc  $Revision: 1.194 $

                   Compiled on Dec 13 2012 at 13:29:56


This file was created at:			2:50 14" p.m., 06/23/2017
                   using:			"compute-0-7.local"

      ________________________________________________________________

                   SETTING UP DEFAULT PARAMETER LIBRARY
      ________________________________________________________________


Sizeof FourByteLong = 8, not 4.
Random number generator was seeded with values 39648, 1498222214.
Docking parameter file (DPF) used for this docking:		ligand_receptor.dpf
DPF> autodock_parameter_version 4.2       # used by autodock to validate parameter set

	Autodock parameter version 4.2.
DPF> outlev 1                             # diagnostic output level

Output Level = 1  ADT-COMPATIBLE OUTPUT DURING DOCKING.
DPF> intelec                              # calculate internal electrostatics

Electrostatic energies will be calculated for all non-bonds between moving atoms.
DPF> ligand_types A C HD N NA OA          # atoms types in ligand

DPF> fld receptor.maps.fld                # grid_data_file

Opening Grid Map Dimensions file:		receptor.maps.fld
Grid Point Spacing =				0.375 Angstroms

Even Number of User-specified Grid Points =	40 x-points
						40 y-points
						40 z-points

Coordinates of Central Grid Point of Maps =	(0.028, 0.086, -0.001)
Macromolecule file used to create Grid Maps =	receptor.pdbqt
Grid Parameter file used to create Grid Maps =	receptor.gpf
Minimum coordinates in grid = (-7.472, -7.414, -7.501)
Maximum coordinates in grid = (7.528, 7.586, 7.499)

DPF> map receptor.A.map                   # atom-specific affinity map

DPF> map receptor.C.map                   # atom-specific affinity map

DPF> map receptor.HD.map                  # atom-specific affinity map

DPF> map receptor.N.map                   # atom-specific affinity map

DPF> map receptor.NA.map                  # atom-specific affinity map

DPF> map receptor.OA.map                  # atom-specific affinity map

DPF> elecmap receptor.e.map               # electrostatics map

DPF> desolvmap receptor.d.map             # desolvation map

DPF> move ligand.pdbqt                    # small molecule

1,4-interactions will be _ignored_ in the non-bonded internal energy calculation.

Ligand PDBQT file = "ligand.pdbqt"

INPUT LIGAND PDBQT FILE:
________________________

INPUT-LIGAND-PDBQT: REMARK  5 active torsions:
INPUT-LIGAND-PDBQT: REMARK  status: ('A' for Active; 'I' for Inactive)
INPUT-LIGAND-PDBQT: REMARK    1  A    between atoms: N_5  and  C_12 
INPUT-LIGAND-PDBQT: REMARK    2  A    between atoms: N_6  and  C_15 
INPUT-LIGAND-PDBQT: REMARK    3  A    between atoms: N_6  and  C_16 
INPUT-LIGAND-PDBQT: REMARK    4  A    between atoms: N_9  and  C_20 
INPUT-LIGAND-PDBQT: REMARK    5  A    between atoms: C_12  and  C_15 
INPUT-LIGAND-PDBQT: ROOT
INPUT-LIGAND-PDBQT: HETATM    1  O   UNL     1      -3.454   2.654   0.311  1.00  0.00    -0.106 OA
INPUT-LIGAND-PDBQT: HETATM    2  N   UNL     1      -2.093   2.430   0.202  1.00  0.00    -0.101 NA
INPUT-LIGAND-PDBQT: HETATM    3  N   UNL     1      -4.178   1.476   0.232  1.00  0.00    -0.100 NA
INPUT-LIGAND-PDBQT: HETATM    4  C   UNL     1      -0.753   0.356  -0.102  1.00  0.00     0.062 A 
INPUT-LIGAND-PDBQT: HETATM    5  C   UNL     1      -1.949   1.107   0.053  1.00  0.00     0.146 A 
INPUT-LIGAND-PDBQT: HETATM    6  C   UNL     1      -0.994  -1.037  -0.234  1.00  0.00     0.034 A 
INPUT-LIGAND-PDBQT: HETATM    7  C   UNL     1      -3.275   0.501   0.072  1.00  0.00     0.152 A 
INPUT-LIGAND-PDBQT: HETATM    8  C   UNL     1      -3.470  -0.886  -0.063  1.00  0.00     0.136 A 
INPUT-LIGAND-PDBQT: HETATM    9  C   UNL     1      -2.285  -1.627  -0.216  1.00  0.00     0.041 A 
INPUT-LIGAND-PDBQT: ENDROOT
INPUT-LIGAND-PDBQT: BRANCH   4  10
INPUT-LIGAND-PDBQT: HETATM   10  N   UNL     1       0.517   0.889  -0.124  1.00  0.00    -0.386 N 
INPUT-LIGAND-PDBQT: HETATM   11  H   UNL     1       0.610   1.893  -0.025  1.00  0.00     0.159 HD
INPUT-LIGAND-PDBQT: BRANCH  10  12
INPUT-LIGAND-PDBQT: HETATM   12  C   UNL     1       1.720   0.079  -0.284  1.00  0.00     0.150 C 
INPUT-LIGAND-PDBQT: BRANCH  12  13
INPUT-LIGAND-PDBQT: HETATM   13  C   UNL     1       2.961   0.965  -0.228  1.00  0.00     0.292 C 
INPUT-LIGAND-PDBQT: BRANCH  13  14
INPUT-LIGAND-PDBQT: HETATM   14  N   UNL     1       4.167   0.152  -0.371  1.00  0.00     0.094 N 
INPUT-LIGAND-PDBQT: HETATM   15  C   UNL     1       5.367   1.000  -0.404  1.00  0.00     0.298 C 
INPUT-LIGAND-PDBQT: HETATM   16  C   UNL     1       6.612   0.129  -0.541  1.00  0.00     0.198 C 
INPUT-LIGAND-PDBQT: HETATM   17  O   UNL     1       6.690  -0.802   0.539  1.00  0.00    -0.388 OA
INPUT-LIGAND-PDBQT: HETATM   18  C   UNL     1       5.542  -1.652   0.559  1.00  0.00     0.198 C 
INPUT-LIGAND-PDBQT: HETATM   19  C   UNL     1       4.270  -0.824   0.722  1.00  0.00     0.298 C 
INPUT-LIGAND-PDBQT: ENDBRANCH  13  14
INPUT-LIGAND-PDBQT: ENDBRANCH  12  13
INPUT-LIGAND-PDBQT: ENDBRANCH  10  12
INPUT-LIGAND-PDBQT: ENDBRANCH   4  10
INPUT-LIGAND-PDBQT: BRANCH   8  20
INPUT-LIGAND-PDBQT: HETATM   20  N   UNL     1      -4.757  -1.467  -0.046  1.00  0.00    -0.113 N 
INPUT-LIGAND-PDBQT: HETATM   21  O   UNL     1      -4.872  -2.714  -0.173  1.00  0.00    -0.532 OA
INPUT-LIGAND-PDBQT: HETATM   22  O   UNL     1      -5.766  -0.727   0.096  1.00  0.00    -0.532 OA
INPUT-LIGAND-PDBQT: ENDBRANCH   8  20
INPUT-LIGAND-PDBQT: TORSDOF 5
________________________________________________________________________________

Total charge on ligand                               =	-0.000 e
REMARK  5 active torsions:
REMARK  status: ('A' for Active; 'I' for Inactive)
REMARK    1  A    between atoms: N_5  and  C_12 
REMARK    2  A    between atoms: N_6  and  C_15 
REMARK    3  A    between atoms: N_6  and  C_16 
REMARK    4  A    between atoms: N_9  and  C_20 
REMARK    5  A    between atoms: C_12  and  C_15 


Number of Rotatable Bonds in Small Molecule =	5 torsions
Number of atoms in ligand:  22

Number of non-hydrogen atoms in ligand:  21

Number of vibrational degrees of freedom of ligand:  60


Number of torsional degrees of freedom = 5
Estimated loss of torsional free energy upon binding = +1.4915 kcal/mol


DPF> about 0.0277 0.0861 -0.0011          # small molecule center

Small molecule center of rotation =	(+0.028, +0.086, -0.001)

DPF> # ADDED BY TOXIM

DPF> 

DPF> ga_pop_size 250                      # number of individuals in population

A population of 250 individuals will be used
DPF> ga_num_evals 20000000                # maximum number of energy evaluations

There will be at most 20000000 function evaluations used.
DPF> ga_num_generations 2000000000        # maximum number of generations

The GA will run for at most 2000000000 generations.
DPF> ga_elitism 1                         # number of top individuals to survive to next generation

The 1 best will be preserved each GA generation.
DPF> ga_mutation_rate 0.02                # rate of gene mutation

The mutation rate is 0.020000.
DPF> ga_crossover_rate 0.8                # rate of crossover

The crossover rate is 0.800000.
DPF> ga_window_size 10                    # 

The GA's selection window is 10 generations.
DPF> ga_cauchy_alpha 0.0                  # Alpha parameter of Cauchy distribution

The alpha parameter (for the Cauchy distribution) is being set to 0.000000.
DPF> ga_cauchy_beta 1.0                   # Beta parameter Cauchy distribution

The beta parameter (for the Cauchy distribution) is being set to 1.000000.
DPF> set_ga                               # set the above parameters for GA or LGA

DPF> sw_max_its 300                       # iterations of Solis & Wets local search

Solis & Wets algorithms will perform at most 300 iterations.
DPF> sw_max_succ 4                        # consecutive successes before changing rho

Solis & Wets algorithms expand rho every 4 in a row successes.
DPF> sw_max_fail 4                        # consecutive failures before changing rho

Solis & Wets algorithms contract rho every 4 in a row failures.
DPF> sw_rho 1.0                           # size of local search space to sample

rho is set to 1.000000.
DPF> sw_lb_rho 0.01                       # lower bound on rho

rho will never get smaller than 0.010000.
DPF> ls_search_freq 0.06                  # probability of performing local search on individual

Local search will be performed with frequency 0.060000.
DPF> set_psw1                             # set the above pseudo-Solis & Wets parameters

Creating a new Local Search object using the pseudo-Solis-Wets algorithm (pSW1) with the current settings.

DPF> unbound_model bound                  # state of unbound ligand

DPF> ga_run 100                           # do this many hybrid GA-LS runs

centering ligand on specified point: 0.028 0.086 -0.001
Furthest true ligand atom from "about" center is 6.743 Angstroms (maxrad).
Setting 'tran0' value to same as 'about' value: 0.028 0.086 -0.001
Number of requested GA dockings = 100 runs
Unbound model to be used is 'same as bound' [AutoDock 4.2 default].

	BEGINNING GENETIC ALGORITHM DOCKING
Run:	1 / 100
Date:	Fri Jun 23 14:50:14 2017
Beginning LAMARCKIAN GENETIC ALGORITHM (LGA), with a maximum of 20000000 energy evaluations.

Final-Value: -1.407
Real= 2m 32.27s,  CPU= 2m 32.31s,  System= 0.02s


	FINAL GENETIC ALGORITHM ALGORITHM DOCKED STATE
	_______________________________________________


Detailed state:  trans 0.439 2.621 4.954 quatxyzw 0.132136 -0.284849 -0.903684 -0.291131 center 0.028 0.086 -0.001 ntor 5 90.2352 71.6770 -77.1046 131.6497 107.4729
State:	  0.439   2.621   4.954   0.138 -0.298 -0.945 -146.149     90.24   71.68  -77.10  131.65  107.47

DOCKED: MODEL        1
DOCKED: USER    Run = 1
DOCKED: USER    DPF = ligand_receptor.dpf
DOCKED: USER  
DOCKED: USER    Estimated Free Energy of Binding    =   +1.48 kcal/mol  [=(1)+(2)+(3)-(4)]
DOCKED: USER    
DOCKED: USER    (1) Final Intermolecular Energy     =   -0.01 kcal/mol
DOCKED: USER        vdW + Hbond + desolv Energy     =   +0.00 kcal/mol
DOCKED: USER        Electrostatic Energy            =   -0.01 kcal/mol
DOCKED: USER    (2) Final Total Internal Energy     =   -1.40 kcal/mol
DOCKED: USER    (3) Torsional Free Energy           =   +1.49 kcal/mol
DOCKED: USER    (4) Unbound System's Energy  [=(2)] =   -1.40 kcal/mol
DOCKED: USER    
DOCKED: USER    
DOCKED: USER    NEWDPF move ligand.pdbqt
DOCKED: USER    NEWDPF about 0.027700 0.086100 -0.001100
DOCKED: USER    NEWDPF tran0 0.439126 2.620706 4.954294
DOCKED: USER    NEWDPF quaternion0 0.132136 -0.284849 -0.903684 -0.291131
DOCKED: USER    NEWDPF axisangle0 0.138119 -0.297746 -0.944601 -146.148666
DOCKED: USER    NEWDPF quat0 0.138119 -0.297746 -0.944601 -146.148666
DOCKED: USER    NEWDPF dihe0 90.24 71.68 -77.10 131.65 107.47 
DOCKED: USER  keepresnum = 1 
DOCKED: USER  
DOCKED: REMARK  5 active torsions:
DOCKED: REMARK  status: ('A' for Active; 'I' for Inactive)
DOCKED: REMARK    1  A    between atoms: N_5  and  C_12 
DOCKED: REMARK    2  A    between atoms: N_6  and  C_15 
DOCKED: REMARK    3  A    between atoms: N_6  and  C_16 
DOCKED: REMARK    4  A    between atoms: N_9  and  C_20 
DOCKED: REMARK    5  A    between atoms: C_12  and  C_15 
DOCKED: USER                              x       y       z     vdW  Elec       q    Type
DOCKED: USER                           _______ _______ _______ _____ _____    ______ ____
DOCKED: ROOT
DOCKED: ATOM      1  O   UNL     1       4.241   3.136   6.978 +0.00 -0.01    -0.106 OA
DOCKED: ATOM      2  N   UNL     1       3.101   2.419   6.659 +0.00 -0.01    -0.101 NA
DOCKED: ATOM      3  N   UNL     1       4.317   4.324   6.271 +0.00 -0.01    -0.100 NA
DOCKED: ATOM      4  C   UNL     1       1.223   2.866   5.090 +0.00 +0.01    +0.062 A 
DOCKED: ATOM      5  C   UNL     1       2.450   3.151   5.746 +0.00 +0.02    +0.146 A 
DOCKED: ATOM      6  C   UNL     1       0.840   3.884   4.177 +0.00 +0.00    +0.034 A 
DOCKED: ATOM      7  C   UNL     1       3.224   4.362   5.499 +0.00 +0.02    +0.152 A 
DOCKED: ATOM      8  C   UNL     1       2.809   5.347   4.585 +0.00 +0.02    +0.136 A 
DOCKED: ATOM      9  C   UNL     1       1.594   5.062   3.937 +0.00 +0.00    +0.041 A 
DOCKED: ENDROOT
DOCKED: BRANCH   4  10
DOCKED: ATOM     10  N   UNL     1       0.462   1.736   5.295 +0.00 -0.04    -0.386 N 
DOCKED: ATOM     11  H   UNL     1      -0.404   1.837   5.811 +0.00 +0.02    +0.159 HD
DOCKED: BRANCH  10  12
DOCKED: ATOM     12  C   UNL     1       0.846   0.415   4.808 +0.00 +0.02    +0.150 C 
DOCKED: BRANCH  12  13
DOCKED: ATOM     13  C   UNL     1       1.290   0.502   3.351 +0.00 +0.03    +0.292 C 
DOCKED: BRANCH  13  14
DOCKED: ATOM     14  N   UNL     1       2.748   0.466   3.266 +0.00 +0.01    +0.094 N 
DOCKED: ATOM     15  C   UNL     1       3.277   1.760   2.812 +0.00 +0.03    +0.298 C 
DOCKED: ATOM     16  C   UNL     1       4.800   1.701   2.744 +0.00 +0.02    +0.198 C 
DOCKED: ATOM     17  O   UNL     1       5.343   1.362   4.020 +0.00 -0.04    -0.388 OA
DOCKED: ATOM     18  C   UNL     1       4.859   0.090   4.454 +0.00 +0.02    +0.198 C 
DOCKED: ATOM     19  C   UNL     1       3.337   0.109   4.563 +0.00 +0.03    +0.298 C 
DOCKED: ENDBRANCH  13  14
DOCKED: ENDBRANCH  12  13
DOCKED: ENDBRANCH  10  12
DOCKED: ENDBRANCH   4  10
DOCKED: BRANCH   8  20
DOCKED: ATOM     20  N   UNL     1       3.564   6.517   4.348 +0.00 -0.01    -0.113 N 
DOCKED: ATOM     21  O   UNL     1       3.349   7.541   5.048 +0.00 -0.06    -0.532 OA
DOCKED: ATOM     22  O   UNL     1       4.438   6.514   3.442 +0.00 -0.06    -0.532 OA
DOCKED: ENDBRANCH   8  20
DOCKED: TORSDOF 5
DOCKED: TER
DOCKED: ENDMDL
________________________________________________________________________________


	BEGINNING GENETIC ALGORITHM DOCKING
Run:	2 / 100
Date:	Fri Jun 23 14:52:46 2017
Beginning LAMARCKIAN GENETIC ALGORITHM (LGA), with a maximum of 20000000 energy evaluations.

Final-Value: -1.406
Real= 2m 32.18s,  CPU= 2m 32.24s,  System= 0.00s


	FINAL GENETIC ALGORITHM ALGORITHM DOCKED STATE
	_______________________________________________


Detailed state:  trans -2.279 2.452 6.285 quatxyzw -0.337027 0.174908 -0.866502 -0.324027 center 0.028 0.086 -0.001 ntor 5 -94.7460 71.5206 -77.3317 129.5637 108.6195
State:	 -2.279   2.452   6.285  -0.356  0.185 -0.916 -142.187    -94.75   71.52  -77.33  129.56  108.62

DOCKED: MODEL        2
DOCKED: USER    Run = 2
DOCKED: USER    DPF = ligand_receptor.dpf
DOCKED: USER  
DOCKED: USER    Estimated Free Energy of Binding    =   +1.48 kcal/mol  [=(1)+(2)+(3)-(4)]
DOCKED: USER    
DOCKED: USER    (1) Final Intermolecular Energy     =   -0.01 kcal/mol
DOCKED: USER        vdW + Hbond + desolv Energy     =   +0.00 kcal/mol
DOCKED: USER        Electrostatic Energy            =   -0.01 kcal/mol
DOCKED: USER    (2) Final Total Internal Energy     =   -1.40 kcal/mol
DOCKED: USER    (3) Torsional Free Energy           =   +1.49 kcal/mol
DOCKED: USER    (4) Unbound System's Energy  [=(2)] =   -1.40 kcal/mol
DOCKED: USER    
DOCKED: USER    
DOCKED: USER    NEWDPF move ligand.pdbqt
DOCKED: USER    NEWDPF about 0.027700 0.086100 -0.001100
DOCKED: USER    NEWDPF tran0 -2.279181 2.452332 6.285394
DOCKED: USER    NEWDPF quaternion0 -0.337027 0.174908 -0.866502 -0.324027
DOCKED: USER    NEWDPF axisangle0 -0.356247 0.184883 -0.915918 -142.186729
DOCKED: USER    NEWDPF quat0 -0.356247 0.184883 -0.915918 -142.186729
DOCKED: USER    NEWDPF dihe0 -94.75 71.52 -77.33 129.56 108.62 
DOCKED: USER  keepresnum = 1 
DOCKED: USER  
DOCKED: REMARK  5 active torsions:
DOCKED: REMARK  status: ('A' for Active; 'I' for Inactive)
DOCKED: REMARK    1  A    between atoms: N_5  and  C_12 
DOCKED: REMARK    2  A    between atoms: N_6  and  C_15 
DOCKED: REMARK    3  A    between atoms: N_6  and  C_16 
DOCKED: REMARK    4  A    between atoms: N_9  and  C_20 
DOCKED: REMARK    5  A    between atoms: C_12  and  C_15 
DOCKED: USER                              x       y       z     vdW  Elec       q    Type
DOCKED: USER                           _______ _______ _______ _____ _____    ______ ____
DOCKED: ROOT
DOCKED: ATOM      1  O   UNL     1       1.037   2.920   3.529 +0.00 -0.01    -0.106 OA
DOCKED: ATOM      2  N   UNL     1       0.096   2.168   4.209 +0.00 -0.01    -0.101 NA
DOCKED: ATOM      3  N   UNL     1       0.867   4.277   3.747 +0.00 -0.01    -0.100 NA
DOCKED: ATOM      4  C   UNL     1      -1.790   2.795   5.705 +0.00 +0.01    +0.062 A 
DOCKED: ATOM      5  C   UNL     1      -0.676   3.047   4.861 +0.00 +0.02    +0.146 A 
DOCKED: ATOM      6  C   UNL     1      -2.365   3.985   6.224 +0.00 +0.00    +0.034 A 
DOCKED: ATOM      7  C   UNL     1      -0.185   4.388   4.566 +0.00 +0.02    +0.152 A 
DOCKED: ATOM      8  C   UNL     1      -0.785   5.543   5.102 +0.00 +0.02    +0.136 A 
DOCKED: ATOM      9  C   UNL     1      -1.887   5.290   5.937 +0.00 +0.00    +0.041 A 
DOCKED: ENDROOT
DOCKED: BRANCH   4  10
DOCKED: ATOM     10  N   UNL     1      -2.284   1.545   6.010 +0.00 -0.04    -0.386 N 
DOCKED: ATOM     11  H   UNL     1      -2.135   1.194   6.948 +0.00 +0.02    +0.159 HD
DOCKED: BRANCH  10  12
DOCKED: ATOM     12  C   UNL     1      -3.002   0.715   5.048 +0.00 +0.02    +0.150 C 
DOCKED: BRANCH  12  13
DOCKED: ATOM     13  C   UNL     1      -4.093   1.531   4.361 +0.00 +0.03    +0.292 C 
DOCKED: BRANCH  13  14
DOCKED: ATOM     14  N   UNL     1      -3.658   1.929   3.024 +0.00 +0.01    +0.094 N 
DOCKED: ATOM     15  C   UNL     1      -3.454   3.383   2.953 +0.00 +0.03    +0.298 C 
DOCKED: ATOM     16  C   UNL     1      -2.988   3.772   1.553 +0.00 +0.02    +0.198 C 
DOCKED: ATOM     17  O   UNL     1      -1.782   3.083   1.220 +0.00 -0.04    -0.388 OA
DOCKED: ATOM     18  C   UNL     1      -1.980   1.669   1.256 +0.00 +0.02    +0.198 C 
DOCKED: ATOM     19  C   UNL     1      -2.422   1.228   2.649 +0.00 +0.03    +0.298 C 
DOCKED: ENDBRANCH  13  14
DOCKED: ENDBRANCH  12  13
DOCKED: ENDBRANCH  10  12
DOCKED: ENDBRANCH   4  10
DOCKED: BRANCH   8  20
DOCKED: ATOM     20  N   UNL     1      -0.307   6.839   4.811 +0.00 -0.01    -0.113 N 
DOCKED: ATOM     21  O   UNL     1      -0.700   7.421   3.767 +0.00 -0.06    -0.532 OA
DOCKED: ATOM     22  O   UNL     1       0.505   7.389   5.602 +0.00 -0.06    -0.532 OA
DOCKED: ENDBRANCH   8  20
DOCKED: TORSDOF 5
DOCKED: TER
DOCKED: ENDMDL
________________________________________________________________________________


	BEGINNING GENETIC ALGORITHM DOCKING
Run:	3 / 100
Date:	Fri Jun 23 14:55:19 2017
Beginning LAMARCKIAN GENETIC ALGORITHM (LGA), with a maximum of 20000000 energy evaluations.

Final-Value: -1.407
Real= 2m 32.06s,  CPU= 2m 32.12s,  System= 0.01s


	FINAL GENETIC ALGORITHM ALGORITHM DOCKED STATE
	_______________________________________________


Detailed state:  trans -1.716 2.837 5.126 quatxyzw -0.046174 -0.009978 0.944912 0.323897 center 0.028 0.086 -0.001 ntor 5 -92.7198 73.0446 -76.9412 127.0256 111.2946
State:	 -1.716   2.837   5.126  -0.049 -0.011  0.999 142.203    -92.72   73.04  -76.94  127.03  111.29

DOCKED: MODEL        3
DOCKED: USER    Run = 3
DOCKED: USER    DPF = ligand_receptor.dpf
DOCKED: USER  
DOCKED: USER    Estimated Free Energy of Binding    =   +1.48 kcal/mol  [=(1)+(2)+(3)-(4)]
DOCKED: USER    
DOCKED: USER    (1) Final Intermolecular Energy     =   -0.01 kcal/mol
DOCKED: USER        vdW + Hbond + desolv Energy     =   +0.00 kcal/mol
DOCKED: USER        Electrostatic Energy            =   -0.01 kcal/mol
DOCKED: USER    (2) Final Total Internal Energy     =   -1.40 kcal/mol
DOCKED: USER    (3) Torsional Free Energy           =   +1.49 kcal/mol
DOCKED: USER    (4) Unbound System's Energy  [=(2)] =   -1.40 kcal/mol
DOCKED: USER    
DOCKED: USER    
DOCKED: USER    NEWDPF move ligand.pdbqt
DOCKED: USER    NEWDPF about 0.027700 0.086100 -0.001100
DOCKED: USER    NEWDPF tran0 -1.716324 2.836967 5.126315
DOCKED: USER    NEWDPF quaternion0 -0.046174 -0.009978 0.944912 0.323897
DOCKED: USER    NEWDPF axisangle0 -0.048805 -0.010547 0.998753 142.202529
DOCKED: USER    NEWDPF quat0 -0.048805 -0.010547 0.998753 142.202529
DOCKED: USER    NEWDPF dihe0 -92.72 73.04 -76.94 127.03 111.29 
DOCKED: USER  keepresnum = 1 
DOCKED: USER  
DOCKED: REMARK  5 active torsions:
DOCKED: REMARK  status: ('A' for Active; 'I' for Inactive)
DOCKED: REMARK    1  A    between atoms: N_5  and  C_12 
DOCKED: REMARK    2  A    between atoms: N_6  and  C_15 
DOCKED: REMARK    3  A    between atoms: N_6  and  C_16 
DOCKED: REMARK    4  A    between atoms: N_9  and  C_20 
DOCKED: REMARK    5  A    between atoms: C_12  and  C_15 
DOCKED: USER                              x       y       z     vdW  Elec       q    Type
DOCKED: USER                           _______ _______ _______ _____ _____    ______ ____
DOCKED: ROOT
DOCKED: ATOM      1  O   UNL     1       2.569   2.921   5.792 +0.00 -0.01    -0.106 OA
DOCKED: ATOM      2  N   UNL     1       1.371   2.272   5.553 +0.00 -0.01    -0.101 NA
DOCKED: ATOM      3  N   UNL     1       2.422   4.298   5.768 +0.00 -0.01    -0.100 NA
DOCKED: ATOM      4  C   UNL     1      -0.929   3.106   5.102 +0.00 +0.01    +0.062 A 
DOCKED: ATOM      5  C   UNL     1       0.459   3.236   5.377 +0.00 +0.02    +0.146 A 
DOCKED: ATOM      6  C   UNL     1      -1.583   4.360   4.978 +0.00 +0.00    +0.034 A 
DOCKED: ATOM      7  C   UNL     1       1.128   4.524   5.513 +0.00 +0.02    +0.152 A 
DOCKED: ATOM      8  C   UNL     1       0.442   5.746   5.382 +0.00 +0.02    +0.136 A 
DOCKED: ATOM      9  C   UNL     1      -0.932   5.614   5.110 +0.00 +0.00    +0.041 A 
DOCKED: ENDROOT
DOCKED: BRANCH   4  10
DOCKED: ATOM     10  N   UNL     1      -1.599   1.910   4.967 +0.00 -0.04    -0.386 N 
DOCKED: ATOM     11  H   UNL     1      -2.266   1.657   5.687 +0.00 +0.02    +0.159 HD
DOCKED: BRANCH  10  12
DOCKED: ATOM     12  C   UNL     1      -1.389   1.000   3.846 +0.00 +0.02    +0.150 C 
DOCKED: BRANCH  12  13
DOCKED: ATOM     13  C   UNL     1      -1.523   1.753   2.526 +0.00 +0.03    +0.292 C 
DOCKED: BRANCH  13  14
DOCKED: ATOM     14  N   UNL     1      -0.201   2.028   1.967 +0.00 +0.01    +0.094 N 
DOCKED: ATOM     15  C   UNL     1       0.103   3.464   2.026 +0.00 +0.03    +0.298 C 
DOCKED: ATOM     16  C   UNL     1       1.492   3.723   1.449 +0.00 +0.02    +0.198 C 
DOCKED: ATOM     17  O   UNL     1       2.476   2.977   2.165 +0.00 -0.04    -0.388 OA
DOCKED: ATOM     18  C   UNL     1       2.206   1.576   2.085 +0.00 +0.02    +0.198 C 
DOCKED: ATOM     19  C   UNL     1       0.834   1.264   2.677 +0.00 +0.03    +0.298 C 
DOCKED: ENDBRANCH  13  14
DOCKED: ENDBRANCH  12  13
DOCKED: ENDBRANCH  10  12
DOCKED: ENDBRANCH   4  10
DOCKED: BRANCH   8  20
DOCKED: ATOM     20  N   UNL     1       1.096   6.990   5.513 +0.00 -0.01    -0.113 N 
DOCKED: ATOM     21  O   UNL     1       1.638   7.511   4.503 +0.00 -0.06    -0.532 OA
DOCKED: ATOM     22  O   UNL     1       1.124   7.557   6.637 +0.00 -0.06    -0.532 OA
DOCKED: ENDBRANCH   8  20
DOCKED: TORSDOF 5
DOCKED: TER
DOCKED: ENDMDL
________________________________________________________________________________


	BEGINNING GENETIC ALGORITHM DOCKING
Run:	4 / 100
Date:	Fri Jun 23 14:57:51 2017
Beginning LAMARCKIAN GENETIC ALGORITHM (LGA), with a maximum of 20000000 energy evaluations.

Final-Value: -1.407
Real= 2m 32.34s,  CPU= 2m 32.41s,  System= 0.00s


	FINAL GENETIC ALGORITHM ALGORITHM DOCKED STATE
	_______________________________________________


Detailed state:  trans 2.941 1.839 3.743 quatxyzw -0.011660 0.416442 -0.800902 -0.430112 center 0.028 0.086 -0.001 ntor 5 94.5270 173.8916 78.3422 -134.8578 -106.8984
State:	  2.941   1.839   3.743  -0.013  0.461 -0.887 -129.051     94.53  173.89   78.34 -134.86 -106.90

DOCKED: MODEL        4
DOCKED: USER    Run = 4
DOCKED: USER    DPF = ligand_receptor.dpf
DOCKED: USER  
DOCKED: USER    Estimated Free Energy of Binding    =   +1.48 kcal/mol  [=(1)+(2)+(3)-(4)]
DOCKED: USER    
DOCKED: USER    (1) Final Intermolecular Energy     =   -0.01 kcal/mol
DOCKED: USER        vdW + Hbond + desolv Energy     =   +0.00 kcal/mol
DOCKED: USER        Electrostatic Energy            =   -0.01 kcal/mol
DOCKED: USER    (2) Final Total Internal Energy     =   -1.40 kcal/mol
DOCKED: USER    (3) Torsional Free Energy           =   +1.49 kcal/mol
DOCKED: USER    (4) Unbound System's Energy  [=(2)] =   -1.40 kcal/mol
DOCKED: USER    
DOCKED: USER    
DOCKED: USER    NEWDPF move ligand.pdbqt
DOCKED: USER    NEWDPF about 0.027700 0.086100 -0.001100
DOCKED: USER    NEWDPF tran0 2.941307 1.838884 3.743127
DOCKED: USER    NEWDPF quaternion0 -0.011660 0.416442 -0.800902 -0.430112
DOCKED: USER    NEWDPF axisangle0 -0.012916 0.461291 -0.887155 -129.050688
DOCKED: USER    NEWDPF quat0 -0.012916 0.461291 -0.887155 -129.050688
DOCKED: USER    NEWDPF dihe0 94.53 173.89 78.34 -134.86 -106.90 
DOCKED: USER  keepresnum = 1 
DOCKED: USER  
DOCKED: REMARK  5 active torsions:
DOCKED: REMARK  status: ('A' for Active; 'I' for Inactive)
DOCKED: REMARK    1  A    between atoms: N_5  and  C_12 
DOCKED: REMARK    2  A    between atoms: N_6  and  C_15 
DOCKED: REMARK    3  A    between atoms: N_6  and  C_16 
DOCKED: REMARK    4  A    between atoms: N_9  and  C_20 
DOCKED: REMARK    5  A    between atoms: C_12  and  C_15 
DOCKED: USER                              x       y       z     vdW  Elec       q    Type
DOCKED: USER                           _______ _______ _______ _____ _____    ______ ____
DOCKED: ROOT
DOCKED: ATOM      1  O   UNL     1       6.996   3.339   3.390 +0.00 -0.01    -0.106 OA
DOCKED: ATOM      2  N   UNL     1       5.945   2.523   3.009 +0.00 -0.01    -0.101 NA
DOCKED: ATOM      3  N   UNL     1       6.622   4.231   4.382 +0.00 -0.01    -0.100 NA
DOCKED: ATOM      4  C   UNL     1       3.578   2.374   3.760 +0.00 +0.01    +0.062 A 
DOCKED: ATOM      5  C   UNL     1       4.900   2.895   3.758 +0.00 +0.02    +0.146 A 
DOCKED: ATOM      6  C   UNL     1       2.734   3.024   4.698 +0.00 +0.00    +0.034 A 
DOCKED: ATOM      7  C   UNL     1       5.331   3.981   4.631 +0.00 +0.02    +0.152 A 
DOCKED: ATOM      8  C   UNL     1       4.460   4.599   5.549 +0.00 +0.02    +0.136 A 
DOCKED: ATOM      9  C   UNL     1       3.153   4.081   5.548 +0.00 +0.00    +0.041 A 
DOCKED: ENDROOT
DOCKED: BRANCH   4  10
DOCKED: ATOM     10  N   UNL     1       3.132   1.350   2.953 +0.00 -0.04    -0.386 N 
DOCKED: ATOM     11  H   UNL     1       2.515   1.588   2.186 +0.00 +0.02    +0.159 HD
DOCKED: BRANCH  10  12
DOCKED: ATOM     12  C   UNL     1       3.505  -0.046   3.156 +0.00 +0.02    +0.150 C 
DOCKED: BRANCH  12  13
DOCKED: ATOM     13  C   UNL     1       3.357  -0.420   4.627 +0.00 +0.03    +0.292 C 
DOCKED: BRANCH  13  14
DOCKED: ATOM     14  N   UNL     1       4.668  -0.447   5.274 +0.00 +0.01    +0.094 N 
DOCKED: ATOM     15  C   UNL     1       5.743  -0.334   4.279 +0.00 +0.03    +0.298 C 
DOCKED: ATOM     16  C   UNL     1       7.099  -0.351   4.978 +0.00 +0.02    +0.198 C 
DOCKED: ATOM     17  O   UNL     1       7.184   0.714   5.926 +0.00 -0.04    -0.388 OA
DOCKED: ATOM     18  C   UNL     1       6.161   0.594   6.916 +0.00 +0.02    +0.198 C 
DOCKED: ATOM     19  C   UNL     1       4.782   0.633   6.264 +0.00 +0.03    +0.298 C 
DOCKED: ENDBRANCH  13  14
DOCKED: ENDBRANCH  12  13
DOCKED: ENDBRANCH  10  12
DOCKED: ENDBRANCH   4  10
DOCKED: BRANCH   8  20
DOCKED: ATOM     20  N   UNL     1       4.883   5.651   6.390 +0.00 -0.01    -0.113 N 
DOCKED: ATOM     21  O   UNL     1       5.434   5.379   7.488 +0.00 -0.06    -0.532 OA
DOCKED: ATOM     22  O   UNL     1       4.700   6.843   6.026 +0.00 -0.06    -0.532 OA
DOCKED: ENDBRANCH   8  20
DOCKED: TORSDOF 5
DOCKED: TER
DOCKED: ENDMDL
________________________________________________________________________________


	BEGINNING GENETIC ALGORITHM DOCKING
Run:	5 / 100
Date:	Fri Jun 23 15:00:23 2017
Beginning LAMARCKIAN GENETIC ALGORITHM (LGA), with a maximum of 20000000 energy evaluations.

Final-Value: -1.407
Real= 2m 31.64s,  CPU= 2m 31.70s,  System= 0.00s


	FINAL GENETIC ALGORITHM ALGORITHM DOCKED STATE
	_______________________________________________


Detailed state:  trans 5.093 2.662 1.279 quatxyzw -0.657561 0.696104 0.206327 -0.201202 center 0.028 0.086 -0.001 ntor 5 86.2260 72.0262 -77.0348 128.8263 109.7547
State:	  5.093   2.662   1.279  -0.671  0.711  0.211 -156.785     86.23   72.03  -77.03  128.83  109.75

DOCKED: MODEL        5
DOCKED: USER    Run = 5
DOCKED: USER    DPF = ligand_receptor.dpf
DOCKED: USER  
DOCKED: USER    Estimated Free Energy of Binding    =   +1.48 kcal/mol  [=(1)+(2)+(3)-(4)]
DOCKED: USER    
DOCKED: USER    (1) Final Intermolecular Energy     =   -0.01 kcal/mol
DOCKED: USER        vdW + Hbond + desolv Energy     =   +0.00 kcal/mol
DOCKED: USER        Electrostatic Energy            =   -0.01 kcal/mol
DOCKED: USER    (2) Final Total Internal Energy     =   -1.40 kcal/mol
DOCKED: USER    (3) Torsional Free Energy           =   +1.49 kcal/mol
DOCKED: USER    (4) Unbound System's Energy  [=(2)] =   -1.40 kcal/mol
DOCKED: USER    
DOCKED: USER    
DOCKED: USER    NEWDPF move ligand.pdbqt
DOCKED: USER    NEWDPF about 0.027700 0.086100 -0.001100
DOCKED: USER    NEWDPF tran0 5.092945 2.662019 1.279168
DOCKED: USER    NEWDPF quaternion0 -0.657561 0.696104 0.206327 -0.201202
DOCKED: USER    NEWDPF axisangle0 -0.671289 0.710637 0.210634 -156.785487
DOCKED: USER    NEWDPF quat0 -0.671289 0.710637 0.210634 -156.785487
DOCKED: USER    NEWDPF dihe0 86.23 72.03 -77.03 128.83 109.75 
DOCKED: USER  keepresnum = 1 
DOCKED: USER  
DOCKED: REMARK  5 active torsions:
DOCKED: REMARK  status: ('A' for Active; 'I' for Inactive)
DOCKED: REMARK    1  A    between atoms: N_5  and  C_12 
DOCKED: REMARK    2  A    between atoms: N_6  and  C_15 
DOCKED: REMARK    3  A    between atoms: N_6  and  C_16 
DOCKED: REMARK    4  A    between atoms: N_9  and  C_20 
DOCKED: REMARK    5  A    between atoms: C_12  and  C_15 
DOCKED: USER                              x       y       z     vdW  Elec       q    Type
DOCKED: USER                           _______ _______ _______ _____ _____    ______ ____
DOCKED: ROOT
DOCKED: ATOM      1  O   UNL     1       2.721   5.861   2.997 +0.00 -0.01    -0.106 OA
DOCKED: ATOM      2  N   UNL     1       2.869   4.657   2.332 +0.00 -0.01    -0.101 NA
DOCKED: ATOM      3  N   UNL     1       3.935   6.361   3.436 +0.00 -0.01    -0.100 NA
DOCKED: ATOM      4  C   UNL     1       4.865   3.270   1.800 +0.00 +0.01    +0.062 A 
DOCKED: ATOM      5  C   UNL     1       4.181   4.388   2.347 +0.00 +0.02    +0.146 A 
DOCKED: ATOM      6  C   UNL     1       6.268   3.328   2.011 +0.00 +0.00    +0.034 A 
DOCKED: ATOM      7  C   UNL     1       4.859   5.472   3.049 +0.00 +0.02    +0.152 A 
DOCKED: ATOM      8  C   UNL     1       6.253   5.491   3.238 +0.00 +0.02    +0.136 A 
DOCKED: ATOM      9  C   UNL     1       6.927   4.383   2.695 +0.00 +0.00    +0.041 A 
DOCKED: ENDROOT
DOCKED: BRANCH   4  10
DOCKED: ATOM     10  N   UNL     1       4.264   2.227   1.130 +0.00 -0.04    -0.386 N 
DOCKED: ATOM     11  H   UNL     1       4.420   2.154   0.132 +0.00 +0.02    +0.159 HD
DOCKED: BRANCH  10  12
DOCKED: ATOM     12  C   UNL     1       3.420   1.236   1.789 +0.00 +0.02    +0.150 C 
DOCKED: BRANCH  12  13
DOCKED: ATOM     13  C   UNL     1       4.126   0.682   3.023 +0.00 +0.03    +0.292 C 
DOCKED: BRANCH  13  14
DOCKED: ATOM     14  N   UNL     1       3.579   1.294   4.233 +0.00 +0.01    +0.094 N 
DOCKED: ATOM     15  C   UNL     1       4.572   2.173   4.867 +0.00 +0.03    +0.298 C 
DOCKED: ATOM     16  C   UNL     1       3.975   2.809   6.118 +0.00 +0.02    +0.198 C 
DOCKED: ATOM     17  O   UNL     1       2.796   3.545   5.790 +0.00 -0.04    -0.388 OA
DOCKED: ATOM     18  C   UNL     1       1.813   2.691   5.202 +0.00 +0.02    +0.198 C 
DOCKED: ATOM     19  C   UNL     1       2.358   2.051   3.927 +0.00 +0.03    +0.298 C 
DOCKED: ENDBRANCH  13  14
DOCKED: ENDBRANCH  12  13
DOCKED: ENDBRANCH  10  12
DOCKED: ENDBRANCH   4  10
DOCKED: BRANCH   8  20
DOCKED: ATOM     20  N   UNL     1       6.903   6.542   3.920 +0.00 -0.01    -0.113 N 
DOCKED: ATOM     21  O   UNL     1       7.373   7.507   3.262 +0.00 -0.06    -0.532 OA
DOCKED: ATOM     22  O   UNL     1       7.001   6.496   5.175 +0.00 -0.06    -0.532 OA
DOCKED: ENDBRANCH   8  20
DOCKED: TORSDOF 5
DOCKED: TER
DOCKED: ENDMDL
________________________________________________________________________________


	BEGINNING GENETIC ALGORITHM DOCKING
Run:	6 / 100
Date:	Fri Jun 23 15:02:55 2017
Beginning LAMARCKIAN GENETIC ALGORITHM (LGA), with a maximum of 20000000 energy evaluations.

Final-Value: -1.407
Real= 2m 28.80s,  CPU= 2m 28.87s,  System= 0.01s


	FINAL GENETIC ALGORITHM ALGORITHM DOCKED STATE
	_______________________________________________


Detailed state:  trans -2.582 1.740 -0.729 quatxyzw -0.438768 0.522817 -0.489152 -0.543025 center 0.028 0.086 -0.001 ntor 5 -92.0835 71.9524 -76.9347 129.5031 108.6738
State:	 -2.582   1.740  -0.729  -0.523  0.623 -0.583 -114.220    -92.08   71.95  -76.93  129.50  108.67

DOCKED: MODEL        6
DOCKED: USER    Run = 6
DOCKED: USER    DPF = ligand_receptor.dpf
DOCKED: USER  
DOCKED: USER    Estimated Free Energy of Binding    =   +1.48 kcal/mol  [=(1)+(2)+(3)-(4)]
DOCKED: USER    
DOCKED: USER    (1) Final Intermolecular Energy     =   -0.01 kcal/mol
DOCKED: USER        vdW + Hbond + desolv Energy     =   +0.00 kcal/mol
DOCKED: USER        Electrostatic Energy            =   -0.01 kcal/mol
DOCKED: USER    (2) Final Total Internal Energy     =   -1.40 kcal/mol
DOCKED: USER    (3) Torsional Free Energy           =   +1.49 kcal/mol
DOCKED: USER    (4) Unbound System's Energy  [=(2)] =   -1.40 kcal/mol
DOCKED: USER    
DOCKED: USER    
DOCKED: USER    NEWDPF move ligand.pdbqt
DOCKED: USER    NEWDPF about 0.027700 0.086100 -0.001100
DOCKED: USER    NEWDPF tran0 -2.582226 1.739841 -0.729243
DOCKED: USER    NEWDPF quaternion0 -0.438768 0.522817 -0.489152 -0.543025
DOCKED: USER    NEWDPF axisangle0 -0.522519 0.622611 -0.582520 -114.220409
DOCKED: USER    NEWDPF quat0 -0.522519 0.622611 -0.582520 -114.220409
DOCKED: USER    NEWDPF dihe0 -92.08 71.95 -76.93 129.50 108.67 
DOCKED: USER  keepresnum = 1 
DOCKED: USER  
DOCKED: REMARK  5 active torsions:
DOCKED: REMARK  status: ('A' for Active; 'I' for Inactive)
DOCKED: REMARK    1  A    between atoms: N_5  and  C_12 
DOCKED: REMARK    2  A    between atoms: N_6  and  C_15 
DOCKED: REMARK    3  A    between atoms: N_6  and  C_16 
DOCKED: REMARK    4  A    between atoms: N_9  and  C_20 
DOCKED: REMARK    5  A    between atoms: C_12  and  C_15 
DOCKED: USER                              x       y       z     vdW  Elec       q    Type
DOCKED: USER                           _______ _______ _______ _____ _____    ______ ____
DOCKED: ROOT
DOCKED: ATOM      1  O   UNL     1      -1.997   5.526  -2.763 +0.00 -0.01    -0.106 OA
DOCKED: ATOM      2  N   UNL     1      -2.156   4.152  -2.737 +0.00 -0.01    -0.101 NA
DOCKED: ATOM      3  N   UNL     1      -2.143   6.085  -1.504 +0.00 -0.01    -0.100 NA
DOCKED: ATOM      4  C   UNL     1      -2.644   2.553  -0.895 +0.00 +0.01    +0.062 A 
DOCKED: ATOM      5  C   UNL     1      -2.404   3.834  -1.460 +0.00 +0.02    +0.146 A 
DOCKED: ATOM      6  C   UNL     1      -2.870   2.606   0.506 +0.00 +0.00    +0.034 A 
DOCKED: ATOM      7  C   UNL     1      -2.396   5.064  -0.677 +0.00 +0.02    +0.152 A 
DOCKED: ATOM      8  C   UNL     1      -2.626   5.072   0.712 +0.00 +0.01    +0.136 A 
DOCKED: ATOM      9  C   UNL     1      -2.862   3.803   1.269 +0.00 +0.00    +0.041 A 
DOCKED: ENDROOT
DOCKED: BRANCH   4  10
DOCKED: ATOM     10  N   UNL     1      -2.659   1.369  -1.599 +0.00 -0.04    -0.386 N 
DOCKED: ATOM     11  H   UNL     1      -1.887   0.727  -1.461 +0.00 +0.02    +0.159 HD
DOCKED: BRANCH  10  12
DOCKED: ATOM     12  C   UNL     1      -3.726   1.005  -2.525 +0.00 +0.02    +0.150 C 
DOCKED: BRANCH  12  13
DOCKED: ATOM     13  C   UNL     1      -5.087   1.214  -1.868 +0.00 +0.03    +0.292 C 
DOCKED: BRANCH  13  14
DOCKED: ATOM     14  N   UNL     1      -5.698   2.448  -2.355 +0.00 +0.01    +0.094 N 
DOCKED: ATOM     15  C   UNL     1      -5.762   3.456  -1.287 +0.00 +0.03    +0.298 C 
DOCKED: ATOM     16  C   UNL     1      -6.391   4.738  -1.823 +0.00 +0.02    +0.198 C 
DOCKED: ATOM     17  O   UNL     1      -5.641   5.235  -2.933 +0.00 -0.04    -0.388 OA
DOCKED: ATOM     18  C   UNL     1      -5.601   4.274  -3.989 +0.00 +0.02    +0.198 C 
DOCKED: ATOM     19  C   UNL     1      -4.953   2.980  -3.505 +0.00 +0.03    +0.298 C 
DOCKED: ENDBRANCH  13  14
DOCKED: ENDBRANCH  12  13
DOCKED: ENDBRANCH  10  12
DOCKED: ENDBRANCH   4  10
DOCKED: BRANCH   8  20
DOCKED: ATOM     20  N   UNL     1      -2.619   6.267   1.465 +0.00 -0.01    -0.113 N 
DOCKED: ATOM     21  O   UNL     1      -3.683   6.929   1.580 +0.00 -0.06    -0.532 OA
DOCKED: ATOM     22  O   UNL     1      -1.548   6.647   2.008 +0.00 -0.06    -0.532 OA
DOCKED: ENDBRANCH   8  20
DOCKED: TORSDOF 5
DOCKED: TER
DOCKED: ENDMDL
________________________________________________________________________________


	BEGINNING GENETIC ALGORITHM DOCKING
Run:	7 / 100
Date:	Fri Jun 23 15:05:23 2017
Beginning LAMARCKIAN GENETIC ALGORITHM (LGA), with a maximum of 20000000 energy evaluations.

Final-Value: -1.408
Real= 2m 29.46s,  CPU= 2m 29.51s,  System= 0.00s


	FINAL GENETIC ALGORITHM ALGORITHM DOCKED STATE
	_______________________________________________


Detailed state:  trans 2.135 2.567 5.198 quatxyzw 0.240689 -0.628773 0.673192 0.305822 center 0.028 0.086 -0.001 ntor 5 91.8405 173.4320 78.3762 -134.0199 -107.4899
State:	  2.135   2.567   5.198   0.253 -0.660  0.707 144.385     91.84  173.43   78.38 -134.02 -107.49

DOCKED: MODEL        7
DOCKED: USER    Run = 7
DOCKED: USER    DPF = ligand_receptor.dpf
DOCKED: USER  
DOCKED: USER    Estimated Free Energy of Binding    =   +1.48 kcal/mol  [=(1)+(2)+(3)-(4)]
DOCKED: USER    
DOCKED: USER    (1) Final Intermolecular Energy     =   -0.01 kcal/mol
DOCKED: USER        vdW + Hbond + desolv Energy     =   +0.00 kcal/mol
DOCKED: USER        Electrostatic Energy            =   -0.01 kcal/mol
DOCKED: USER    (2) Final Total Internal Energy     =   -1.40 kcal/mol
DOCKED: USER    (3) Torsional Free Energy           =   +1.49 kcal/mol
DOCKED: USER    (4) Unbound System's Energy  [=(2)] =   -1.40 kcal/mol
DOCKED: USER    
DOCKED: USER    
DOCKED: USER    NEWDPF move ligand.pdbqt
DOCKED: USER    NEWDPF about 0.027700 0.086100 -0.001100
DOCKED: USER    NEWDPF tran0 2.135454 2.566819 5.198430
DOCKED: USER    NEWDPF quaternion0 0.240689 -0.628773 0.673192 0.305822
DOCKED: USER    NEWDPF axisangle0 0.252801 -0.660414 0.707068 144.384731
DOCKED: USER    NEWDPF quat0 0.252801 -0.660414 0.707068 144.384731
DOCKED: USER    NEWDPF dihe0 91.84 173.43 78.38 -134.02 -107.49 
DOCKED: USER  keepresnum = 1 
DOCKED: USER  
DOCKED: REMARK  5 active torsions:
DOCKED: REMARK  status: ('A' for Active; 'I' for Inactive)
DOCKED: REMARK    1  A    between atoms: N_5  and  C_12 
DOCKED: REMARK    2  A    between atoms: N_6  and  C_15 
DOCKED: REMARK    3  A    between atoms: N_6  and  C_16 
DOCKED: REMARK    4  A    between atoms: N_9  and  C_20 
DOCKED: REMARK    5  A    between atoms: C_12  and  C_15 
DOCKED: USER                              x       y       z     vdW  Elec       q    Type
DOCKED: USER                           _______ _______ _______ _____ _____    ______ ____
DOCKED: ROOT
DOCKED: ATOM      1  O   UNL     1       5.064   4.779   2.886 +0.00 -0.01    -0.106 OA
DOCKED: ATOM      2  N   UNL     1       4.013   3.888   3.016 +0.00 -0.01    -0.101 NA
DOCKED: ATOM      3  N   UNL     1       5.384   5.378   4.094 +0.00 -0.01    -0.100 NA
DOCKED: ATOM      4  C   UNL     1       2.638   3.189   4.968 +0.00 +0.01    +0.062 A 
DOCKED: ATOM      5  C   UNL     1       3.663   3.918   4.309 +0.00 +0.02    +0.146 A 
DOCKED: ATOM      6  C   UNL     1       2.560   3.485   6.355 +0.00 +0.00    +0.034 A 
DOCKED: ATOM      7  C   UNL     1       4.535   4.866   4.993 +0.00 +0.02    +0.152 A 
DOCKED: ATOM      8  C   UNL     1       4.424   5.131   6.370 +0.00 +0.02    +0.136 A 
DOCKED: ATOM      9  C   UNL     1       3.408   4.407   7.021 +0.00 +0.00    +0.041 A 
DOCKED: ENDROOT
DOCKED: BRANCH   4  10
DOCKED: ATOM     10  N   UNL     1       1.795   2.285   4.359 +0.00 -0.04    -0.386 N 
DOCKED: ATOM     11  H   UNL     1       0.829   2.558   4.223 +0.00 +0.02    +0.159 HD
DOCKED: BRANCH  10  12
DOCKED: ATOM     12  C   UNL     1       2.229   0.967   3.910 +0.00 +0.02    +0.150 C 
DOCKED: BRANCH  12  13
DOCKED: ATOM     13  C   UNL     1       3.031   0.275   5.009 +0.00 +0.03    +0.292 C 
DOCKED: BRANCH  13  14
DOCKED: ATOM     14  N   UNL     1       4.460   0.350   4.712 +0.00 +0.01    +0.094 N 
DOCKED: ATOM     15  C   UNL     1       4.684   0.846   3.347 +0.00 +0.03    +0.298 C 
DOCKED: ATOM     16  C   UNL     1       6.181   0.926   3.066 +0.00 +0.02    +0.198 C 
DOCKED: ATOM     17  O   UNL     1       6.821   1.778   4.016 +0.00 -0.04    -0.388 OA
DOCKED: ATOM     18  C   UNL     1       6.636   1.286   5.344 +0.00 +0.02    +0.198 C 
DOCKED: ATOM     19  C   UNL     1       5.149   1.213   5.681 +0.00 +0.03    +0.298 C 
DOCKED: ENDBRANCH  13  14
DOCKED: ENDBRANCH  12  13
DOCKED: ENDBRANCH  10  12
DOCKED: ENDBRANCH   4  10
DOCKED: BRANCH   8  20
DOCKED: ATOM     20  N   UNL     1       5.270   6.051   7.027 +0.00 -0.01    -0.113 N 
DOCKED: ATOM     21  O   UNL     1       6.367   5.653   7.498 +0.00 -0.06    -0.532 OA
DOCKED: ATOM     22  O   UNL     1       4.910   7.254   7.130 +0.00 -0.06    -0.532 OA
DOCKED: ENDBRANCH   8  20
DOCKED: TORSDOF 5
DOCKED: TER
DOCKED: ENDMDL
________________________________________________________________________________


	BEGINNING GENETIC ALGORITHM DOCKING
Run:	8 / 100
Date:	Fri Jun 23 15:07:53 2017
Beginning LAMARCKIAN GENETIC ALGORITHM (LGA), with a maximum of 20000000 energy evaluations.

Final-Value: -1.407
Real= 2m 29.57s,  CPU= 2m 29.64s,  System= 0.00s


	FINAL GENETIC ALGORITHM ALGORITHM DOCKED STATE
	_______________________________________________


Detailed state:  trans 1.222 2.967 3.902 quatxyzw 0.446324 -0.773943 0.449072 0.011865 center 0.028 0.086 -0.001 ntor 5 -87.6191 172.9773 78.4613 -133.6264 -107.9646
State:	  1.222   2.967   3.902   0.446 -0.774  0.449 178.640    -87.62  172.98   78.46 -133.63 -107.96

DOCKED: MODEL        8
DOCKED: USER    Run = 8
DOCKED: USER    DPF = ligand_receptor.dpf
DOCKED: USER  
DOCKED: USER    Estimated Free Energy of Binding    =   +1.48 kcal/mol  [=(1)+(2)+(3)-(4)]
DOCKED: USER    
DOCKED: USER    (1) Final Intermolecular Energy     =   -0.01 kcal/mol
DOCKED: USER        vdW + Hbond + desolv Energy     =   +0.00 kcal/mol
DOCKED: USER        Electrostatic Energy            =   -0.01 kcal/mol
DOCKED: USER    (2) Final Total Internal Energy     =   -1.40 kcal/mol
DOCKED: USER    (3) Torsional Free Energy           =   +1.49 kcal/mol
DOCKED: USER    (4) Unbound System's Energy  [=(2)] =   -1.40 kcal/mol
DOCKED: USER    
DOCKED: USER    
DOCKED: USER    NEWDPF move ligand.pdbqt
DOCKED: USER    NEWDPF about 0.027700 0.086100 -0.001100
DOCKED: USER    NEWDPF tran0 1.221934 2.966912 3.901847
DOCKED: USER    NEWDPF quaternion0 0.446324 -0.773943 0.449072 0.011865
DOCKED: USER    NEWDPF axisangle0 0.446355 -0.773998 0.449104 178.640377
DOCKED: USER    NEWDPF quat0 0.446355 -0.773998 0.449104 178.640377
DOCKED: USER    NEWDPF dihe0 -87.62 172.98 78.46 -133.63 -107.96 
DOCKED: USER  keepresnum = 1 
DOCKED: USER  
DOCKED: REMARK  5 active torsions:
DOCKED: REMARK  status: ('A' for Active; 'I' for Inactive)
DOCKED: REMARK    1  A    between atoms: N_5  and  C_12 
DOCKED: REMARK    2  A    between atoms: N_6  and  C_15 
DOCKED: REMARK    3  A    between atoms: N_6  and  C_16 
DOCKED: REMARK    4  A    between atoms: N_9  and  C_20 
DOCKED: REMARK    5  A    between atoms: C_12  and  C_15 
DOCKED: USER                              x       y       z     vdW  Elec       q    Type
DOCKED: USER                           _______ _______ _______ _____ _____    ______ ____
DOCKED: ROOT
DOCKED: ATOM      1  O   UNL     1       1.700   5.705   0.572 +0.00 -0.01    -0.106 OA
DOCKED: ATOM      2  N   UNL     1       0.988   4.780   1.315 +0.00 -0.01    -0.101 NA
DOCKED: ATOM      3  N   UNL     1       2.903   6.033   1.173 +0.00 -0.01    -0.100 NA
DOCKED: ATOM      4  C   UNL     1       1.465   3.637   3.473 +0.00 +0.01    +0.062 A 
DOCKED: ATOM      5  C   UNL     1       1.739   4.519   2.393 +0.00 +0.02    +0.146 A 
DOCKED: ATOM      6  C   UNL     1       2.503   3.620   4.443 +0.00 +0.00    +0.034 A 
DOCKED: ATOM      7  C   UNL     1       2.956   5.316   2.302 +0.00 +0.02    +0.152 A 
DOCKED: ATOM      8  C   UNL     1       3.960   5.270   3.287 +0.00 +0.02    +0.136 A 
DOCKED: ATOM      9  C   UNL     1       3.688   4.397   4.354 +0.00 +0.00    +0.041 A 
DOCKED: ENDROOT
DOCKED: BRANCH   4  10
DOCKED: ATOM     10  N   UNL     1       0.330   2.867   3.596 +0.00 -0.04    -0.386 N 
DOCKED: ATOM     11  H   UNL     1      -0.348   3.134   4.299 +0.00 +0.02    +0.159 HD
DOCKED: BRANCH  10  12
DOCKED: ATOM     12  C   UNL     1       0.067   1.695   2.767 +0.00 +0.02    +0.150 C 
DOCKED: BRANCH  12  13
DOCKED: ATOM     13  C   UNL     1       1.298   0.796   2.722 +0.00 +0.03    +0.292 C 
DOCKED: BRANCH  13  14
DOCKED: ATOM     14  N   UNL     1       2.007   0.975   1.457 +0.00 +0.01    +0.094 N 
DOCKED: ATOM     15  C   UNL     1       1.201   1.764   0.514 +0.00 +0.03    +0.298 C 
DOCKED: ATOM     16  C   UNL     1       1.966   1.948  -0.793 +0.00 +0.02    +0.198 C 
DOCKED: ATOM     17  O   UNL     1       3.219   2.590  -0.551 +0.00 -0.04    -0.388 OA
DOCKED: ATOM     18  C   UNL     1       4.022   1.814   0.340 +0.00 +0.02    +0.198 C 
DOCKED: ATOM     19  C   UNL     1       3.306   1.626   1.675 +0.00 +0.03    +0.298 C 
DOCKED: ENDBRANCH  13  14
DOCKED: ENDBRANCH  12  13
DOCKED: ENDBRANCH  10  12
DOCKED: ENDBRANCH   4  10
DOCKED: BRANCH   8  20
DOCKED: ATOM     20  N   UNL     1       5.137   6.046   3.195 +0.00 -0.01    -0.113 N 
DOCKED: ATOM     21  O   UNL     1       5.169   7.183   3.734 +0.00 -0.06    -0.532 OA
DOCKED: ATOM     22  O   UNL     1       6.131   5.587   2.574 +0.00 -0.06    -0.532 OA
DOCKED: ENDBRANCH   8  20
DOCKED: TORSDOF 5
DOCKED: TER
DOCKED: ENDMDL
________________________________________________________________________________


	BEGINNING GENETIC ALGORITHM DOCKING
Run:	9 / 100
Date:	Fri Jun 23 15:10:23 2017
Beginning LAMARCKIAN GENETIC ALGORITHM (LGA), with a maximum of 20000000 energy evaluations.

