          AutoDock 4.2 Release 4.2.5.1 
         (C) 1989-2012 The Scripps Research Institute
        AutoDock comes with ABSOLUTELY NO WARRANTY.
        AutoDock is free software, and you are welcome
        to redistribute it under certain conditions;
        for details type 'autodock4 -C'

                     main.cc  $Revision: 1.194 $

                   Compiled on Dec 13 2012 at 13:29:56


This file was created at:			4:09 26" p.m., 06/25/2017
                   using:			"compute-0-7.local"

      ________________________________________________________________

                   SETTING UP DEFAULT PARAMETER LIBRARY
      ________________________________________________________________


Sizeof FourByteLong = 8, not 4.
Random number generator was seeded with values 60747, 1498399766.
Docking parameter file (DPF) used for this docking:		ligand_receptor.dpf
DPF> autodock_parameter_version 4.2       # used by autodock to validate parameter set

	Autodock parameter version 4.2.
DPF> outlev 1                             # diagnostic output level

Output Level = 1  ADT-COMPATIBLE OUTPUT DURING DOCKING.
DPF> intelec                              # calculate internal electrostatics

Electrostatic energies will be calculated for all non-bonds between moving atoms.
DPF> ligand_types A C N                   # atoms types in ligand

DPF> fld receptor.maps.fld                # grid_data_file

Opening Grid Map Dimensions file:		receptor.maps.fld
Grid Point Spacing =				0.375 Angstroms

Even Number of User-specified Grid Points =	40 x-points
						40 y-points
						40 z-points

Coordinates of Central Grid Point of Maps =	(0.000, 0.000, 0.000)
Macromolecule file used to create Grid Maps =	receptor.pdbqt
Grid Parameter file used to create Grid Maps =	receptor.gpf
Minimum coordinates in grid = (-7.500, -7.500, -7.500)
Maximum coordinates in grid = (7.500, 7.500, 7.500)

DPF> map receptor.A.map                   # atom-specific affinity map

DPF> map receptor.C.map                   # atom-specific affinity map

DPF> map receptor.N.map                   # atom-specific affinity map

DPF> elecmap receptor.e.map               # electrostatics map

DPF> desolvmap receptor.d.map             # desolvation map

DPF> move ligand.pdbqt                    # small molecule

1,4-interactions will be _ignored_ in the non-bonded internal energy calculation.

Ligand PDBQT file = "ligand.pdbqt"

INPUT LIGAND PDBQT FILE:
________________________

INPUT-LIGAND-PDBQT: REMARK  3 active torsions:
INPUT-LIGAND-PDBQT: REMARK  status: ('A' for Active; 'I' for Inactive)
INPUT-LIGAND-PDBQT: REMARK    1  A    between atoms: N_1  and  C_2 
INPUT-LIGAND-PDBQT: REMARK    2  A    between atoms: C_2  and  C_3 
INPUT-LIGAND-PDBQT: REMARK    3  A    between atoms: C_3  and  C_5 
INPUT-LIGAND-PDBQT: ROOT
INPUT-LIGAND-PDBQT: HETATM    1  C   UNL     1       0.903   0.221  -0.375  1.00  0.00    -0.056 A 
INPUT-LIGAND-PDBQT: HETATM    2  C   UNL     1       1.509   1.231   0.355  1.00  0.00     0.007 A 
INPUT-LIGAND-PDBQT: HETATM    3  C   UNL     1       1.597  -0.922  -0.737  1.00  0.00     0.007 A 
INPUT-LIGAND-PDBQT: HETATM    4  C   UNL     1       2.844   1.094   0.734  1.00  0.00     0.001 A 
INPUT-LIGAND-PDBQT: HETATM    5  C   UNL     1       2.933  -1.060  -0.357  1.00  0.00     0.001 A 
INPUT-LIGAND-PDBQT: HETATM    6  C   UNL     1       3.556  -0.052   0.378  1.00  0.00     0.000 A 
INPUT-LIGAND-PDBQT: ENDROOT
INPUT-LIGAND-PDBQT: BRANCH   1   7
INPUT-LIGAND-PDBQT: HETATM    7  C   UNL     1      -0.543   0.370  -0.786  1.00  0.00     0.074 C 
INPUT-LIGAND-PDBQT: BRANCH   7   8
INPUT-LIGAND-PDBQT: HETATM    8  C   UNL     1      -1.537  -0.194   0.245  1.00  0.00     0.222 C 
INPUT-LIGAND-PDBQT: HETATM    9  C   UNL     1      -1.351  -1.693   0.481  1.00  0.00     0.043 C 
INPUT-LIGAND-PDBQT: BRANCH   8  10
INPUT-LIGAND-PDBQT: HETATM   10  N   UNL     1      -2.908   0.033  -0.223  1.00  0.00     0.084 N 
INPUT-LIGAND-PDBQT: HETATM   11  C   UNL     1      -3.134   1.456  -0.463  1.00  0.00     0.309 C 
INPUT-LIGAND-PDBQT: HETATM   12  C   UNL     1      -3.869  -0.483   0.749  1.00  0.00     0.309 C 
INPUT-LIGAND-PDBQT: ENDBRANCH   8  10
INPUT-LIGAND-PDBQT: ENDBRANCH   7   8
INPUT-LIGAND-PDBQT: ENDBRANCH   1   7
INPUT-LIGAND-PDBQT: TORSDOF 3
________________________________________________________________________________

Total charge on ligand                               =	+1.001 e
REMARK  3 active torsions:
REMARK  status: ('A' for Active; 'I' for Inactive)
REMARK    1  A    between atoms: N_1  and  C_2 
REMARK    2  A    between atoms: C_2  and  C_3 
REMARK    3  A    between atoms: C_3  and  C_5 


Number of Rotatable Bonds in Small Molecule =	3 torsions
Number of atoms in ligand:  12

Number of non-hydrogen atoms in ligand:  12

Number of vibrational degrees of freedom of ligand:  30


Number of torsional degrees of freedom = 3
Estimated loss of torsional free energy upon binding = +0.8949 kcal/mol


DPF> about 0.0 0.0001 0.0001              # small molecule center

Small molecule center of rotation =	(+0.000, +0.000, +0.000)

DPF> # ADDED BY TOXIM

DPF> 

DPF> ga_pop_size 250                      # number of individuals in population

A population of 250 individuals will be used
DPF> ga_num_evals 20000000                # maximum number of energy evaluations

There will be at most 20000000 function evaluations used.
DPF> ga_num_generations 2000000000        # maximum number of generations

The GA will run for at most 2000000000 generations.
DPF> ga_elitism 1                         # number of top individuals to survive to next generation

The 1 best will be preserved each GA generation.
DPF> ga_mutation_rate 0.02                # rate of gene mutation

The mutation rate is 0.020000.
DPF> ga_crossover_rate 0.8                # rate of crossover

The crossover rate is 0.800000.
DPF> ga_window_size 10                    # 

The GA's selection window is 10 generations.
DPF> ga_cauchy_alpha 0.0                  # Alpha parameter of Cauchy distribution

The alpha parameter (for the Cauchy distribution) is being set to 0.000000.
DPF> ga_cauchy_beta 1.0                   # Beta parameter Cauchy distribution

The beta parameter (for the Cauchy distribution) is being set to 1.000000.
DPF> set_ga                               # set the above parameters for GA or LGA

DPF> sw_max_its 300                       # iterations of Solis & Wets local search

Solis & Wets algorithms will perform at most 300 iterations.
DPF> sw_max_succ 4                        # consecutive successes before changing rho

Solis & Wets algorithms expand rho every 4 in a row successes.
DPF> sw_max_fail 4                        # consecutive failures before changing rho

Solis & Wets algorithms contract rho every 4 in a row failures.
DPF> sw_rho 1.0                           # size of local search space to sample

rho is set to 1.000000.
DPF> sw_lb_rho 0.01                       # lower bound on rho

rho will never get smaller than 0.010000.
DPF> ls_search_freq 0.06                  # probability of performing local search on individual

Local search will be performed with frequency 0.060000.
DPF> set_psw1                             # set the above pseudo-Solis & Wets parameters

Creating a new Local Search object using the pseudo-Solis-Wets algorithm (pSW1) with the current settings.

DPF> unbound_model bound                  # state of unbound ligand

DPF> ga_run 100                           # do this many hybrid GA-LS runs

centering ligand on specified point: 0.000 0.000 0.000
Furthest true ligand atom from "about" center is 3.970 Angstroms (maxrad).
Setting 'tran0' value to same as 'about' value: 0.000 0.000 0.000
Number of requested GA dockings = 100 runs
Unbound model to be used is 'same as bound' [AutoDock 4.2 default].

	BEGINNING GENETIC ALGORITHM DOCKING
Run:	1 / 100
Date:	Sun Jun 25 16:09:26 2017
Beginning LAMARCKIAN GENETIC ALGORITHM (LGA), with a maximum of 20000000 energy evaluations.

Final-Value: -0.434
Real= 1m 28.99s,  CPU= 1m 28.98s,  System= 0.01s


	FINAL GENETIC ALGORITHM ALGORITHM DOCKED STATE
	_______________________________________________


Detailed state:  trans -4.628 -5.910 5.327 quatxyzw 0.519895 0.464847 -0.404245 0.591787 center 0.000 0.000 0.000 ntor 3 -52.9490 160.4775 10.9984
State:	 -4.628  -5.910   5.327   0.645  0.577 -0.501 107.432    -52.95  160.48   11.00

DOCKED: MODEL        1
DOCKED: USER    Run = 1
DOCKED: USER    DPF = ligand_receptor.dpf
DOCKED: USER  
DOCKED: USER    Estimated Free Energy of Binding    =   +0.93 kcal/mol  [=(1)+(2)+(3)-(4)]
DOCKED: USER    
DOCKED: USER    (1) Final Intermolecular Energy     =   +0.03 kcal/mol
DOCKED: USER        vdW + Hbond + desolv Energy     =   +0.00 kcal/mol
DOCKED: USER        Electrostatic Energy            =   +0.03 kcal/mol
DOCKED: USER    (2) Final Total Internal Energy     =   -0.47 kcal/mol
DOCKED: USER    (3) Torsional Free Energy           =   +0.89 kcal/mol
DOCKED: USER    (4) Unbound System's Energy  [=(2)] =   -0.47 kcal/mol
DOCKED: USER    
DOCKED: USER    
DOCKED: USER    NEWDPF move ligand.pdbqt
DOCKED: USER    NEWDPF about 0.000000 0.000100 0.000100
DOCKED: USER    NEWDPF tran0 -4.628247 -5.910154 5.327172
DOCKED: USER    NEWDPF quaternion0 0.519895 0.464847 -0.404245 0.591787
DOCKED: USER    NEWDPF axisangle0 0.644956 0.576665 -0.501486 107.432085
DOCKED: USER    NEWDPF quat0 0.644956 0.576665 -0.501486 107.432085
DOCKED: USER    NEWDPF dihe0 -52.95 160.48 11.00 
DOCKED: USER  keepresnum = 1 
DOCKED: USER  
DOCKED: REMARK  3 active torsions:
DOCKED: REMARK  status: ('A' for Active; 'I' for Inactive)
DOCKED: REMARK    1  A    between atoms: N_1  and  C_2 
DOCKED: REMARK    2  A    between atoms: C_2  and  C_3 
DOCKED: REMARK    3  A    between atoms: C_3  and  C_5 
DOCKED: USER                              x       y       z     vdW  Elec       q    Type
DOCKED: USER                           _______ _______ _______ _____ _____    ______ ____
DOCKED: ROOT
DOCKED: ATOM      1  C   UNL     1      -4.045  -5.102   5.215 +0.00 -0.00    -0.056 A 
DOCKED: ATOM      2  C   UNL     1      -4.603  -4.211   4.313 +0.00 +0.00    +0.007 A 
DOCKED: ATOM      3  C   UNL     1      -3.533  -4.673   6.428 +0.00 +0.00    +0.007 A 
DOCKED: ATOM      4  C   UNL     1      -4.650  -2.854   4.632 +0.00 +0.00    +0.001 A 
DOCKED: ATOM      5  C   UNL     1      -3.580  -3.315   6.749 +0.00 +0.00    +0.001 A 
DOCKED: ATOM      6  C   UNL     1      -4.138  -2.406   5.851 +0.00 +0.00    +0.000 A 
DOCKED: ENDROOT
DOCKED: BRANCH   1   7
DOCKED: ATOM      7  C   UNL     1      -3.994  -6.572   4.869 +0.00 +0.00    +0.074 C 
DOCKED: BRANCH   7   8
DOCKED: ATOM      8  C   UNL     1      -5.333  -7.301   5.080 +0.00 +0.01    +0.222 C 
DOCKED: ATOM      9  C   UNL     1      -6.117  -7.479   3.779 +0.00 +0.00    +0.043 C 
DOCKED: BRANCH   8  10
DOCKED: ATOM     10  N   UNL     1      -6.163  -6.537   6.018 +0.00 +0.00    +0.084 N 
DOCKED: ATOM     11  C   UNL     1      -6.274  -7.245   7.290 +0.00 +0.01    +0.309 C 
DOCKED: ATOM     12  C   UNL     1      -7.486  -6.296   5.446 +0.00 +0.01    +0.309 C 
DOCKED: ENDBRANCH   8  10
DOCKED: ENDBRANCH   7   8
DOCKED: ENDBRANCH   1   7
DOCKED: TORSDOF 3
DOCKED: TER
DOCKED: ENDMDL
________________________________________________________________________________


	BEGINNING GENETIC ALGORITHM DOCKING
Run:	2 / 100
Date:	Sun Jun 25 16:10:55 2017
Beginning LAMARCKIAN GENETIC ALGORITHM (LGA), with a maximum of 20000000 energy evaluations.

Final-Value: -0.435
Real= 1m 28.85s,  CPU= 1m 28.83s,  System= 0.01s


	FINAL GENETIC ALGORITHM ALGORITHM DOCKED STATE
	_______________________________________________


Detailed state:  trans -3.558 -6.208 4.509 quatxyzw -0.581374 -0.444784 -0.594652 0.332506 center 0.000 0.000 0.000 ntor 3 -53.3721 160.5681 -168.9018
State:	 -3.558  -6.208   4.509  -0.616 -0.472 -0.631 141.158    -53.37  160.57 -168.90

DOCKED: MODEL        2
DOCKED: USER    Run = 2
DOCKED: USER    DPF = ligand_receptor.dpf
DOCKED: USER  
DOCKED: USER    Estimated Free Energy of Binding    =   +0.93 kcal/mol  [=(1)+(2)+(3)-(4)]
DOCKED: USER    
DOCKED: USER    (1) Final Intermolecular Energy     =   +0.03 kcal/mol
DOCKED: USER        vdW + Hbond + desolv Energy     =   +0.00 kcal/mol
DOCKED: USER        Electrostatic Energy            =   +0.03 kcal/mol
DOCKED: USER    (2) Final Total Internal Energy     =   -0.47 kcal/mol
DOCKED: USER    (3) Torsional Free Energy           =   +0.89 kcal/mol
DOCKED: USER    (4) Unbound System's Energy  [=(2)] =   -0.47 kcal/mol
DOCKED: USER    
DOCKED: USER    
DOCKED: USER    NEWDPF move ligand.pdbqt
DOCKED: USER    NEWDPF about 0.000000 0.000100 0.000100
DOCKED: USER    NEWDPF tran0 -3.558047 -6.207589 4.508501
DOCKED: USER    NEWDPF quaternion0 -0.581374 -0.444784 -0.594652 0.332506
DOCKED: USER    NEWDPF axisangle0 -0.616449 -0.471618 -0.630529 141.158063
DOCKED: USER    NEWDPF quat0 -0.616449 -0.471618 -0.630529 141.158063
DOCKED: USER    NEWDPF dihe0 -53.37 160.57 -168.90 
DOCKED: USER  keepresnum = 1 
DOCKED: USER  
DOCKED: REMARK  3 active torsions:
DOCKED: REMARK  status: ('A' for Active; 'I' for Inactive)
DOCKED: REMARK    1  A    between atoms: N_1  and  C_2 
DOCKED: REMARK    2  A    between atoms: C_2  and  C_3 
DOCKED: REMARK    3  A    between atoms: C_3  and  C_5 
DOCKED: USER                              x       y       z     vdW  Elec       q    Type
DOCKED: USER                           _______ _______ _______ _____ _____    ______ ____
DOCKED: ROOT
DOCKED: ATOM      1  C   UNL     1      -3.994  -5.522   5.095 +0.00 -0.00    -0.056 A 
DOCKED: ATOM      2  C   UNL     1      -3.213  -5.252   6.207 +0.00 +0.00    +0.007 A 
DOCKED: ATOM      3  C   UNL     1      -4.562  -4.502   4.349 +0.00 +0.00    +0.007 A 
DOCKED: ATOM      4  C   UNL     1      -2.993  -3.927   6.583 +0.00 +0.00    +0.001 A 
DOCKED: ATOM      5  C   UNL     1      -4.341  -3.175   4.724 +0.00 +0.00    +0.001 A 
DOCKED: ATOM      6  C   UNL     1      -3.557  -2.889   5.841 +0.00 +0.00    +0.000 A 
DOCKED: ENDROOT
DOCKED: BRANCH   1   7
DOCKED: ATOM      7  C   UNL     1      -4.233  -6.957   4.689 +0.00 +0.00    +0.074 C 
DOCKED: BRANCH   7   8
DOCKED: ATOM      8  C   UNL     1      -5.609  -7.497   5.117 +0.00 +0.01    +0.222 C 
DOCKED: ATOM      9  C   UNL     1      -6.629  -7.475   3.978 +0.00 +0.00    +0.043 C 
DOCKED: BRANCH   8  10
DOCKED: ATOM     10  N   UNL     1      -6.132  -6.683   6.220 +0.00 +0.00    +0.084 N 
DOCKED: ATOM     11  C   UNL     1      -6.133  -7.452   7.462 +0.00 +0.01    +0.309 C 
DOCKED: ATOM     12  C   UNL     1      -7.478  -6.209   5.908 +0.00 +0.01    +0.309 C 
DOCKED: ENDBRANCH   8  10
DOCKED: ENDBRANCH   7   8
DOCKED: ENDBRANCH   1   7
DOCKED: TORSDOF 3
DOCKED: TER
DOCKED: ENDMDL
________________________________________________________________________________


	BEGINNING GENETIC ALGORITHM DOCKING
Run:	3 / 100
Date:	Sun Jun 25 16:12:24 2017
Beginning LAMARCKIAN GENETIC ALGORITHM (LGA), with a maximum of 20000000 energy evaluations.

Final-Value: -0.434
Real= 1m 28.58s,  CPU= 1m 28.58s,  System= 0.01s


	FINAL GENETIC ALGORITHM ALGORITHM DOCKED STATE
	_______________________________________________


Detailed state:  trans -6.668 -4.870 5.282 quatxyzw -0.544482 -0.407998 -0.123678 0.722344 center 0.000 0.000 0.000 ntor 3 -53.8674 160.4618 11.3411
State:	 -6.668  -4.870   5.282  -0.787 -0.590 -0.179 87.503    -53.87  160.46   11.34

DOCKED: MODEL        3
DOCKED: USER    Run = 3
DOCKED: USER    DPF = ligand_receptor.dpf
DOCKED: USER  
DOCKED: USER    Estimated Free Energy of Binding    =   +0.93 kcal/mol  [=(1)+(2)+(3)-(4)]
DOCKED: USER    
DOCKED: USER    (1) Final Intermolecular Energy     =   +0.03 kcal/mol
DOCKED: USER        vdW + Hbond + desolv Energy     =   +0.00 kcal/mol
DOCKED: USER        Electrostatic Energy            =   +0.03 kcal/mol
DOCKED: USER    (2) Final Total Internal Energy     =   -0.47 kcal/mol
DOCKED: USER    (3) Torsional Free Energy           =   +0.89 kcal/mol
DOCKED: USER    (4) Unbound System's Energy  [=(2)] =   -0.47 kcal/mol
DOCKED: USER    
DOCKED: USER    
DOCKED: USER    NEWDPF move ligand.pdbqt
DOCKED: USER    NEWDPF about 0.000000 0.000100 0.000100
DOCKED: USER    NEWDPF tran0 -6.668477 -4.869870 5.281747
DOCKED: USER    NEWDPF quaternion0 -0.544482 -0.407998 -0.123678 0.722344
DOCKED: USER    NEWDPF axisangle0 -0.787354 -0.589990 -0.178846 87.503382
DOCKED: USER    NEWDPF quat0 -0.787354 -0.589990 -0.178846 87.503382
DOCKED: USER    NEWDPF dihe0 -53.87 160.46 11.34 
DOCKED: USER  keepresnum = 1 
DOCKED: USER  
DOCKED: REMARK  3 active torsions:
DOCKED: REMARK  status: ('A' for Active; 'I' for Inactive)
DOCKED: REMARK    1  A    between atoms: N_1  and  C_2 
DOCKED: REMARK    2  A    between atoms: C_2  and  C_3 
DOCKED: REMARK    3  A    between atoms: C_3  and  C_5 
DOCKED: USER                              x       y       z     vdW  Elec       q    Type
DOCKED: USER                           _______ _______ _______ _____ _____    ______ ____
DOCKED: ROOT
DOCKED: ATOM      1  C   UNL     1      -6.307  -3.967   5.039 +0.00 -0.00    -0.056 A 
DOCKED: ATOM      2  C   UNL     1      -5.124  -3.710   5.714 +0.00 +0.00    +0.007 A 
DOCKED: ATOM      3  C   UNL     1      -6.431  -3.717   3.682 +0.00 +0.00    +0.007 A 
DOCKED: ATOM      4  C   UNL     1      -4.036  -3.190   5.014 +0.00 +0.00    +0.001 A 
DOCKED: ATOM      5  C   UNL     1      -5.342  -3.197   2.981 +0.00 +0.00    +0.001 A 
DOCKED: ATOM      6  C   UNL     1      -4.145  -2.933   3.646 +0.00 +0.00    +0.000 A 
DOCKED: ENDROOT
DOCKED: BRANCH   1   7
DOCKED: ATOM      7  C   UNL     1      -7.485  -4.530   5.799 +0.00 +0.00    +0.074 C 
DOCKED: BRANCH   7   8
DOCKED: ATOM      8  C   UNL     1      -7.380  -6.042   6.065 +0.00 +0.01    +0.222 C 
DOCKED: ATOM      9  C   UNL     1      -6.889  -6.356   7.479 +0.00 +0.00    +0.043 C 
DOCKED: BRANCH   8  10
DOCKED: ATOM     10  N   UNL     1      -6.446  -6.643   5.108 +0.00 +0.00    +0.084 N 
DOCKED: ATOM     11  C   UNL     1      -7.163  -7.497   4.166 +0.00 +0.01    +0.309 C 
DOCKED: ATOM     12  C   UNL     1      -5.417  -7.406   5.812 +0.00 +0.01    +0.309 C 
DOCKED: ENDBRANCH   8  10
DOCKED: ENDBRANCH   7   8
DOCKED: ENDBRANCH   1   7
DOCKED: TORSDOF 3
DOCKED: TER
DOCKED: ENDMDL
________________________________________________________________________________


	BEGINNING GENETIC ALGORITHM DOCKING
Run:	4 / 100
Date:	Sun Jun 25 16:13:52 2017
Beginning LAMARCKIAN GENETIC ALGORITHM (LGA), with a maximum of 20000000 energy evaluations.

Final-Value: -0.435
Real= 1m 28.66s,  CPU= 1m 28.65s,  System= 0.02s


	FINAL GENETIC ALGORITHM ALGORITHM DOCKED STATE
	_______________________________________________


Detailed state:  trans -7.344 -4.239 6.239 quatxyzw -0.742052 -0.041246 0.336426 -0.578338 center 0.000 0.000 0.000 ntor 3 -53.5634 160.5911 -168.8797
State:	 -7.344  -4.239   6.239  -0.910 -0.051  0.412 -109.333    -53.56  160.59 -168.88

DOCKED: MODEL        4
DOCKED: USER    Run = 4
DOCKED: USER    DPF = ligand_receptor.dpf
DOCKED: USER  
DOCKED: USER    Estimated Free Energy of Binding    =   +0.93 kcal/mol  [=(1)+(2)+(3)-(4)]
DOCKED: USER    
DOCKED: USER    (1) Final Intermolecular Energy     =   +0.03 kcal/mol
DOCKED: USER        vdW + Hbond + desolv Energy     =   +0.00 kcal/mol
DOCKED: USER        Electrostatic Energy            =   +0.03 kcal/mol
DOCKED: USER    (2) Final Total Internal Energy     =   -0.47 kcal/mol
DOCKED: USER    (3) Torsional Free Energy           =   +0.89 kcal/mol
DOCKED: USER    (4) Unbound System's Energy  [=(2)] =   -0.47 kcal/mol
DOCKED: USER    
DOCKED: USER    
DOCKED: USER    NEWDPF move ligand.pdbqt
DOCKED: USER    NEWDPF about 0.000000 0.000100 0.000100
DOCKED: USER    NEWDPF tran0 -7.344384 -4.238504 6.238679
DOCKED: USER    NEWDPF quaternion0 -0.742052 -0.041246 0.336426 -0.578338
DOCKED: USER    NEWDPF axisangle0 -0.909604 -0.050560 0.412389 -109.332546
DOCKED: USER    NEWDPF quat0 -0.909604 -0.050560 0.412389 -109.332546
DOCKED: USER    NEWDPF dihe0 -53.56 160.59 -168.88 
DOCKED: USER  keepresnum = 1 
DOCKED: USER  
DOCKED: REMARK  3 active torsions:
DOCKED: REMARK  status: ('A' for Active; 'I' for Inactive)
DOCKED: REMARK    1  A    between atoms: N_1  and  C_2 
DOCKED: REMARK    2  A    between atoms: C_2  and  C_3 
DOCKED: REMARK    3  A    between atoms: C_3  and  C_5 
DOCKED: USER                              x       y       z     vdW  Elec       q    Type
DOCKED: USER                           _______ _______ _______ _____ _____    ______ ____
DOCKED: ROOT
DOCKED: ATOM      1  C   UNL     1      -6.516  -4.216   5.674 +0.00 -0.00    -0.056 A 
DOCKED: ATOM      2  C   UNL     1      -6.780  -3.667   4.429 +0.00 +0.00    +0.007 A 
DOCKED: ATOM      3  C   UNL     1      -5.409  -3.829   6.412 +0.00 +0.00    +0.007 A 
DOCKED: ATOM      4  C   UNL     1      -5.914  -2.707   3.908 +0.00 +0.00    +0.001 A 
DOCKED: ATOM      5  C   UNL     1      -4.542  -2.867   5.891 +0.00 +0.00    +0.001 A 
DOCKED: ATOM      6  C   UNL     1      -4.795  -2.306   4.639 +0.00 +0.00    +0.000 A 
DOCKED: ENDROOT
DOCKED: BRANCH   1   7
DOCKED: ATOM      7  C   UNL     1      -7.454  -5.257   6.238 +0.00 +0.00    +0.074 C 
DOCKED: BRANCH   7   8
DOCKED: ATOM      8  C   UNL     1      -6.933  -6.698   6.092 +0.00 +0.01    +0.222 C 
DOCKED: ATOM      9  C   UNL     1      -6.295  -7.226   7.377 +0.00 +0.00    +0.043 C 
DOCKED: BRANCH   8  10
DOCKED: ATOM     10  N   UNL     1      -5.929  -6.749   5.024 +0.00 +0.00    +0.084 N 
DOCKED: ATOM     11  C   UNL     1      -6.449  -7.482   3.873 +0.00 +0.01    +0.309 C 
DOCKED: ATOM     12  C   UNL     1      -4.698  -7.365   5.513 +0.00 +0.01    +0.309 C 
DOCKED: ENDBRANCH   8  10
DOCKED: ENDBRANCH   7   8
DOCKED: ENDBRANCH   1   7
DOCKED: TORSDOF 3
DOCKED: TER
DOCKED: ENDMDL
________________________________________________________________________________


	BEGINNING GENETIC ALGORITHM DOCKING
Run:	5 / 100
Date:	Sun Jun 25 16:15:21 2017
Beginning LAMARCKIAN GENETIC ALGORITHM (LGA), with a maximum of 20000000 energy evaluations.

Final-Value: -0.434
Real= 1m 28.57s,  CPU= 1m 28.56s,  System= 0.01s


	FINAL GENETIC ALGORITHM ALGORITHM DOCKED STATE
	_______________________________________________


Detailed state:  trans -5.329 -5.052 5.582 quatxyzw -0.138483 -0.371913 0.470904 -0.787879 center 0.000 0.000 0.000 ntor 3 -52.4308 161.7765 11.0574
State:	 -5.329  -5.052   5.582  -0.225 -0.604  0.765 -76.025    -52.43  161.78   11.06

DOCKED: MODEL        5
DOCKED: USER    Run = 5
DOCKED: USER    DPF = ligand_receptor.dpf
DOCKED: USER  
DOCKED: USER    Estimated Free Energy of Binding    =   +0.93 kcal/mol  [=(1)+(2)+(3)-(4)]
DOCKED: USER    
DOCKED: USER    (1) Final Intermolecular Energy     =   +0.03 kcal/mol
DOCKED: USER        vdW + Hbond + desolv Energy     =   +0.00 kcal/mol
DOCKED: USER        Electrostatic Energy            =   +0.03 kcal/mol
DOCKED: USER    (2) Final Total Internal Energy     =   -0.47 kcal/mol
DOCKED: USER    (3) Torsional Free Energy           =   +0.89 kcal/mol
DOCKED: USER    (4) Unbound System's Energy  [=(2)] =   -0.47 kcal/mol
DOCKED: USER    
DOCKED: USER    
DOCKED: USER    NEWDPF move ligand.pdbqt
DOCKED: USER    NEWDPF about 0.000000 0.000100 0.000100
DOCKED: USER    NEWDPF tran0 -5.329384 -5.052459 5.582163
DOCKED: USER    NEWDPF quaternion0 -0.138483 -0.371913 0.470904 -0.787879
DOCKED: USER    NEWDPF axisangle0 -0.224872 -0.603921 0.764664 -76.024558
DOCKED: USER    NEWDPF quat0 -0.224872 -0.603921 0.764664 -76.024558
DOCKED: USER    NEWDPF dihe0 -52.43 161.78 11.06 
DOCKED: USER  keepresnum = 1 
DOCKED: USER  
DOCKED: REMARK  3 active torsions:
DOCKED: REMARK  status: ('A' for Active; 'I' for Inactive)
DOCKED: REMARK    1  A    between atoms: N_1  and  C_2 
DOCKED: REMARK    2  A    between atoms: C_2  and  C_3 
DOCKED: REMARK    3  A    between atoms: C_3  and  C_5 
DOCKED: USER                              x       y       z     vdW  Elec       q    Type
DOCKED: USER                           _______ _______ _______ _____ _____    ______ ____
DOCKED: ROOT
DOCKED: ATOM      1  C   UNL     1      -4.949  -4.125   5.611 +0.00 -0.00    -0.056 A 
DOCKED: ATOM      2  C   UNL     1      -5.948  -3.186   5.813 +0.00 +0.00    +0.007 A 
DOCKED: ATOM      3  C   UNL     1      -3.765  -4.083   6.329 +0.00 +0.00    +0.007 A 
DOCKED: ATOM      4  C   UNL     1      -5.758  -2.179   6.759 +0.00 +0.00    +0.001 A 
DOCKED: ATOM      5  C   UNL     1      -3.575  -3.076   7.277 +0.00 +0.00    +0.001 A 
DOCKED: ATOM      6  C   UNL     1      -4.572  -2.124   7.491 +0.00 +0.00    +0.000 A 
DOCKED: ENDROOT
DOCKED: BRANCH   1   7
DOCKED: ATOM      7  C   UNL     1      -5.155  -5.216   4.586 +0.00 +0.00    +0.074 C 
DOCKED: BRANCH   7   8
DOCKED: ATOM      8  C   UNL     1      -6.045  -6.368   5.084 +0.00 +0.01    +0.222 C 
DOCKED: ATOM      9  C   UNL     1      -7.480  -6.268   4.566 +0.00 +0.00    +0.043 C 
DOCKED: BRANCH   8  10
DOCKED: ATOM     10  N   UNL     1      -6.082  -6.360   6.550 +0.00 +0.00    +0.084 N 
DOCKED: ATOM     11  C   UNL     1      -5.339  -7.499   7.083 +0.00 +0.01    +0.309 C 
DOCKED: ATOM     12  C   UNL     1      -7.463  -6.379   7.024 +0.00 +0.01    +0.309 C 
DOCKED: ENDBRANCH   8  10
DOCKED: ENDBRANCH   7   8
DOCKED: ENDBRANCH   1   7
DOCKED: TORSDOF 3
DOCKED: TER
DOCKED: ENDMDL
________________________________________________________________________________


	BEGINNING GENETIC ALGORITHM DOCKING
Run:	6 / 100
Date:	Sun Jun 25 16:16:49 2017
Beginning LAMARCKIAN GENETIC ALGORITHM (LGA), with a maximum of 20000000 energy evaluations.

Final-Value: -0.434
Real= 1m 28.59s,  CPU= 1m 28.58s,  System= 0.01s


	FINAL GENETIC ALGORITHM ALGORITHM DOCKED STATE
	_______________________________________________


Detailed state:  trans -3.678 -5.850 4.257 quatxyzw 0.583130 0.495064 0.579567 -0.281020 center 0.000 0.000 0.000 ntor 3 -53.5023 162.0541 -169.2567
State:	 -3.678  -5.850   4.257   0.608  0.516  0.604 -147.358    -53.50  162.05 -169.26

DOCKED: MODEL        6
DOCKED: USER    Run = 6
DOCKED: USER    DPF = ligand_receptor.dpf
DOCKED: USER  
DOCKED: USER    Estimated Free Energy of Binding    =   +0.93 kcal/mol  [=(1)+(2)+(3)-(4)]
DOCKED: USER    
DOCKED: USER    (1) Final Intermolecular Energy     =   +0.03 kcal/mol
DOCKED: USER        vdW + Hbond + desolv Energy     =   +0.00 kcal/mol
DOCKED: USER        Electrostatic Energy            =   +0.03 kcal/mol
DOCKED: USER    (2) Final Total Internal Energy     =   -0.47 kcal/mol
DOCKED: USER    (3) Torsional Free Energy           =   +0.89 kcal/mol
DOCKED: USER    (4) Unbound System's Energy  [=(2)] =   -0.47 kcal/mol
DOCKED: USER    
DOCKED: USER    
DOCKED: USER    NEWDPF move ligand.pdbqt
DOCKED: USER    NEWDPF about 0.000000 0.000100 0.000100
DOCKED: USER    NEWDPF tran0 -3.678299 -5.850019 4.257044
DOCKED: USER    NEWDPF quaternion0 0.583130 0.495064 0.579567 -0.281020
DOCKED: USER    NEWDPF axisangle0 0.607616 0.515852 0.603904 -147.357825
DOCKED: USER    NEWDPF quat0 0.607616 0.515852 0.603904 -147.357825
DOCKED: USER    NEWDPF dihe0 -53.50 162.05 -169.26 
DOCKED: USER  keepresnum = 1 
DOCKED: USER  
DOCKED: REMARK  3 active torsions:
DOCKED: REMARK  status: ('A' for Active; 'I' for Inactive)
DOCKED: REMARK    1  A    between atoms: N_1  and  C_2 
DOCKED: REMARK    2  A    between atoms: C_2  and  C_3 
DOCKED: REMARK    3  A    between atoms: C_3  and  C_5 
DOCKED: USER                              x       y       z     vdW  Elec       q    Type
DOCKED: USER                           _______ _______ _______ _____ _____    ______ ____
DOCKED: ROOT
DOCKED: ATOM      1  C   UNL     1      -4.127  -5.205   4.879 +0.00 -0.00    -0.056 A 
DOCKED: ATOM      2  C   UNL     1      -3.274  -4.833   5.906 +0.00 +0.00    +0.007 A 
DOCKED: ATOM      3  C   UNL     1      -4.872  -4.265   4.186 +0.00 +0.00    +0.007 A 
DOCKED: ATOM      4  C   UNL     1      -3.163  -3.486   6.249 +0.00 +0.00    +0.001 A 
DOCKED: ATOM      5  C   UNL     1      -4.761  -2.916   4.528 +0.00 +0.00    +0.001 A 
DOCKED: ATOM      6  C   UNL     1      -3.907  -2.527   5.560 +0.00 +0.00    +0.000 A 
DOCKED: ENDROOT
DOCKED: BRANCH   1   7
DOCKED: ATOM      7  C   UNL     1      -4.247  -6.664   4.508 +0.00 +0.00    +0.074 C 
DOCKED: BRANCH   7   8
DOCKED: ATOM      8  C   UNL     1      -5.504  -7.343   5.082 +0.00 +0.01    +0.222 C 
DOCKED: ATOM      9  C   UNL     1      -6.620  -7.485   4.047 +0.00 +0.00    +0.043 C 
DOCKED: BRANCH   8  10
DOCKED: ATOM     10  N   UNL     1      -6.016  -6.553   6.207 +0.00 +0.00    +0.084 N 
DOCKED: ATOM     11  C   UNL     1      -5.813  -7.269   7.464 +0.00 +0.01    +0.309 C 
DOCKED: ATOM     12  C   UNL     1      -7.431  -6.249   6.012 +0.00 +0.01    +0.309 C 
DOCKED: ENDBRANCH   8  10
DOCKED: ENDBRANCH   7   8
DOCKED: ENDBRANCH   1   7
DOCKED: TORSDOF 3
DOCKED: TER
DOCKED: ENDMDL
________________________________________________________________________________


	BEGINNING GENETIC ALGORITHM DOCKING
Run:	7 / 100
Date:	Sun Jun 25 16:18:18 2017
Beginning LAMARCKIAN GENETIC ALGORITHM (LGA), with a maximum of 20000000 energy evaluations.

Final-Value: -0.434
Real= 1m 28.62s,  CPU= 1m 28.60s,  System= 0.01s


	FINAL GENETIC ALGORITHM ALGORITHM DOCKED STATE
	_______________________________________________


Detailed state:  trans -5.698 -3.395 5.048 quatxyzw -0.821996 0.225521 -0.002313 -0.522932 center 0.000 0.000 0.000 ntor 3 -53.1873 162.0630 -169.2370
State:	 -5.698  -3.395   5.048  -0.964  0.265 -0.003 -116.942    -53.19  162.06 -169.24

DOCKED: MODEL        7
DOCKED: USER    Run = 7
DOCKED: USER    DPF = ligand_receptor.dpf
DOCKED: USER  
DOCKED: USER    Estimated Free Energy of Binding    =   +0.93 kcal/mol  [=(1)+(2)+(3)-(4)]
DOCKED: USER    
DOCKED: USER    (1) Final Intermolecular Energy     =   +0.03 kcal/mol
DOCKED: USER        vdW + Hbond + desolv Energy     =   +0.00 kcal/mol
DOCKED: USER        Electrostatic Energy            =   +0.03 kcal/mol
DOCKED: USER    (2) Final Total Internal Energy     =   -0.47 kcal/mol
DOCKED: USER    (3) Torsional Free Energy           =   +0.89 kcal/mol
DOCKED: USER    (4) Unbound System's Energy  [=(2)] =   -0.47 kcal/mol
DOCKED: USER    
DOCKED: USER    
DOCKED: USER    NEWDPF move ligand.pdbqt
DOCKED: USER    NEWDPF about 0.000000 0.000100 0.000100
DOCKED: USER    NEWDPF tran0 -5.698214 -3.394681 5.048361
DOCKED: USER    NEWDPF quaternion0 -0.821996 0.225521 -0.002313 -0.522932
DOCKED: USER    NEWDPF axisangle0 -0.964360 0.264580 -0.002714 -116.941753
DOCKED: USER    NEWDPF quat0 -0.964360 0.264580 -0.002714 -116.941753
DOCKED: USER    NEWDPF dihe0 -53.19 162.06 -169.24 
DOCKED: USER  keepresnum = 1 
DOCKED: USER  
DOCKED: REMARK  3 active torsions:
DOCKED: REMARK  status: ('A' for Active; 'I' for Inactive)
DOCKED: REMARK    1  A    between atoms: N_1  and  C_2 
DOCKED: REMARK    2  A    between atoms: C_2  and  C_3 
DOCKED: REMARK    3  A    between atoms: C_3  and  C_5 
DOCKED: USER                              x       y       z     vdW  Elec       q    Type
DOCKED: USER                           _______ _______ _______ _____ _____    ______ ____
DOCKED: ROOT
DOCKED: ATOM      1  C   UNL     1      -5.058  -4.131   4.819 +0.00 -0.00    -0.056 A 
DOCKED: ATOM      2  C   UNL     1      -4.711  -4.086   3.478 +0.00 +0.00    +0.007 A 
DOCKED: ATOM      3  C   UNL     1      -4.101  -4.300   5.805 +0.00 +0.00    +0.007 A 
DOCKED: ATOM      4  C   UNL     1      -3.371  -4.210   3.114 +0.00 +0.00    +0.001 A 
DOCKED: ATOM      5  C   UNL     1      -2.759  -4.423   5.442 +0.00 +0.00    +0.001 A 
DOCKED: ATOM      6  C   UNL     1      -2.394  -4.379   4.097 +0.00 +0.00    +0.000 A 
DOCKED: ENDROOT
DOCKED: BRANCH   1   7
DOCKED: ATOM      7  C   UNL     1      -6.511  -3.997   5.212 +0.00 +0.00    +0.074 C 
DOCKED: BRANCH   7   8
DOCKED: ATOM      8  C   UNL     1      -7.186  -5.341   5.539 +0.00 +0.01    +0.222 C 
DOCKED: ATOM      9  C   UNL     1      -7.302  -5.589   7.043 +0.00 +0.00    +0.043 C 
DOCKED: BRANCH   8  10
DOCKED: ATOM     10  N   UNL     1      -6.409  -6.435   4.948 +0.00 +0.00    +0.084 N 
DOCKED: ATOM     11  C   UNL     1      -7.143  -7.038   3.838 +0.00 +0.01    +0.309 C 
DOCKED: ATOM     12  C   UNL     1      -6.095  -7.440   5.961 +0.00 +0.01    +0.309 C 
DOCKED: ENDBRANCH   8  10
DOCKED: ENDBRANCH   7   8
DOCKED: ENDBRANCH   1   7
DOCKED: TORSDOF 3
DOCKED: TER
DOCKED: ENDMDL
________________________________________________________________________________


	BEGINNING GENETIC ALGORITHM DOCKING
Run:	8 / 100
Date:	Sun Jun 25 16:19:47 2017
Beginning LAMARCKIAN GENETIC ALGORITHM (LGA), with a maximum of 20000000 energy evaluations.

Final-Value: -0.434
Real= 1m 28.63s,  CPU= 1m 28.61s,  System= 0.02s


	FINAL GENETIC ALGORITHM ALGORITHM DOCKED STATE
	_______________________________________________


Detailed state:  trans -4.777 -6.439 5.512 quatxyzw 0.687909 0.317070 -0.252006 0.602279 center 0.000 0.000 0.000 ntor 3 -53.8650 160.4628 11.3363
State:	 -4.777  -6.439   5.512   0.862  0.397 -0.316 105.933    -53.86  160.46   11.34

DOCKED: MODEL        8
DOCKED: USER    Run = 8
DOCKED: USER    DPF = ligand_receptor.dpf
DOCKED: USER  
DOCKED: USER    Estimated Free Energy of Binding    =   +0.93 kcal/mol  [=(1)+(2)+(3)-(4)]
DOCKED: USER    
DOCKED: USER    (1) Final Intermolecular Energy     =   +0.03 kcal/mol
DOCKED: USER        vdW + Hbond + desolv Energy     =   +0.00 kcal/mol
DOCKED: USER        Electrostatic Energy            =   +0.03 kcal/mol
DOCKED: USER    (2) Final Total Internal Energy     =   -0.47 kcal/mol
DOCKED: USER    (3) Torsional Free Energy           =   +0.89 kcal/mol
DOCKED: USER    (4) Unbound System's Energy  [=(2)] =   -0.47 kcal/mol
DOCKED: USER    
DOCKED: USER    
DOCKED: USER    NEWDPF move ligand.pdbqt
DOCKED: USER    NEWDPF about 0.000000 0.000100 0.000100
DOCKED: USER    NEWDPF tran0 -4.776807 -6.439141 5.512404
DOCKED: USER    NEWDPF quaternion0 0.687909 0.317070 -0.252006 0.602279
DOCKED: USER    NEWDPF axisangle0 0.861733 0.397189 -0.315684 105.933348
DOCKED: USER    NEWDPF quat0 0.861733 0.397189 -0.315684 105.933348
DOCKED: USER    NEWDPF dihe0 -53.86 160.46 11.34 
DOCKED: USER  keepresnum = 1 
DOCKED: USER  
DOCKED: REMARK  3 active torsions:
DOCKED: REMARK  status: ('A' for Active; 'I' for Inactive)
DOCKED: REMARK    1  A    between atoms: N_1  and  C_2 
DOCKED: REMARK    2  A    between atoms: C_2  and  C_3 
DOCKED: REMARK    3  A    between atoms: C_3  and  C_5 
DOCKED: USER                              x       y       z     vdW  Elec       q    Type
DOCKED: USER                           _______ _______ _______ _____ _____    ______ ____
DOCKED: ROOT
DOCKED: ATOM      1  C   UNL     1      -3.867  -6.038   5.381 +0.00 -0.00    -0.056 A 
DOCKED: ATOM      2  C   UNL     1      -3.858  -5.176   4.297 +0.00 +0.00    +0.007 A 
DOCKED: ATOM      3  C   UNL     1      -3.289  -5.683   6.589 +0.00 +0.00    +0.007 A 
DOCKED: ATOM      4  C   UNL     1      -3.255  -3.925   4.423 +0.00 +0.00    +0.001 A 
DOCKED: ATOM      5  C   UNL     1      -2.687  -4.430   6.716 +0.00 +0.00    +0.001 A 
DOCKED: ATOM      6  C   UNL     1      -2.670  -3.552   5.633 +0.00 +0.00    +0.000 A 
DOCKED: ENDROOT
DOCKED: BRANCH   1   7
DOCKED: ATOM      7  C   UNL     1      -4.520  -7.394   5.244 +0.00 +0.00    +0.074 C 
DOCKED: BRANCH   7   8
DOCKED: ATOM      8  C   UNL     1      -6.055  -7.351   5.343 +0.00 +0.01    +0.222 C 
DOCKED: ATOM      9  C   UNL     1      -6.733  -7.381   3.973 +0.00 +0.00    +0.043 C 
DOCKED: BRANCH   8  10
DOCKED: ATOM     10  N   UNL     1      -6.466  -6.124   6.034 +0.00 +0.00    +0.084 N 
DOCKED: ATOM     11  C   UNL     1      -7.018  -6.443   7.348 +0.00 +0.01    +0.309 C 
DOCKED: ATOM     12  C   UNL     1      -7.441  -5.391   5.231 +0.00 +0.01    +0.309 C 
DOCKED: ENDBRANCH   8  10
DOCKED: ENDBRANCH   7   8
DOCKED: ENDBRANCH   1   7
DOCKED: TORSDOF 3
DOCKED: TER
DOCKED: ENDMDL
________________________________________________________________________________


	BEGINNING GENETIC ALGORITHM DOCKING
Run:	9 / 100
Date:	Sun Jun 25 16:21:15 2017
Beginning LAMARCKIAN GENETIC ALGORITHM (LGA), with a maximum of 20000000 energy evaluations.

Final-Value: -0.435
Real= 1m 28.70s,  CPU= 1m 28.69s,  System= 0.01s


	FINAL GENETIC ALGORITHM ALGORITHM DOCKED STATE
	_______________________________________________


Detailed state:  trans -3.887 -6.948 4.745 quatxyzw 0.693617 0.231577 0.546323 -0.408411 center 0.000 0.000 0.000 ntor 3 -53.5036 162.0570 -169.2518
State:	 -3.887  -6.948   4.745   0.760  0.254  0.599 -131.790    -53.50  162.06 -169.25

DOCKED: MODEL        9
DOCKED: USER    Run = 9
DOCKED: USER    DPF = ligand_receptor.dpf
DOCKED: USER  
DOCKED: USER    Estimated Free Energy of Binding    =   +0.93 kcal/mol  [=(1)+(2)+(3)-(4)]
DOCKED: USER    
DOCKED: USER    (1) Final Intermolecular Energy     =   +0.03 kcal/mol
DOCKED: USER        vdW + Hbond + desolv Energy     =   +0.00 kcal/mol
DOCKED: USER        Electrostatic Energy            =   +0.03 kcal/mol
DOCKED: USER    (2) Final Total Internal Energy     =   -0.47 kcal/mol
DOCKED: USER    (3) Torsional Free Energy           =   +0.89 kcal/mol
DOCKED: USER    (4) Unbound System's Energy  [=(2)] =   -0.47 kcal/mol
DOCKED: USER    
DOCKED: USER    
DOCKED: USER    NEWDPF move ligand.pdbqt
DOCKED: USER    NEWDPF about 0.000000 0.000100 0.000100
DOCKED: USER    NEWDPF tran0 -3.886790 -6.947551 4.744729
DOCKED: USER    NEWDPF quaternion0 0.693617 0.231577 0.546323 -0.408411
DOCKED: USER    NEWDPF axisangle0 0.759879 0.253700 0.598514 -131.789869
DOCKED: USER    NEWDPF quat0 0.759879 0.253700 0.598514 -131.789869
DOCKED: USER    NEWDPF dihe0 -53.50 162.06 -169.25 
DOCKED: USER  keepresnum = 1 
DOCKED: USER  
DOCKED: REMARK  3 active torsions:
DOCKED: REMARK  status: ('A' for Active; 'I' for Inactive)
DOCKED: REMARK    1  A    between atoms: N_1  and  C_2 
DOCKED: REMARK    2  A    between atoms: C_2  and  C_3 
DOCKED: REMARK    3  A    between atoms: C_3  and  C_5 
DOCKED: USER                              x       y       z     vdW  Elec       q    Type
DOCKED: USER                           _______ _______ _______ _____ _____    ______ ____
DOCKED: ROOT
DOCKED: ATOM      1  C   UNL     1      -4.003  -6.260   5.465 +0.00 -0.00    -0.056 A 
DOCKED: ATOM      2  C   UNL     1      -3.258  -6.589   6.587 +0.00 +0.00    +0.007 A 
DOCKED: ATOM      3  C   UNL     1      -3.997  -4.975   4.948 +0.00 +0.00    +0.007 A 
DOCKED: ATOM      4  C   UNL     1      -2.487  -5.607   7.208 +0.00 +0.00    +0.001 A 
DOCKED: ATOM      5  C   UNL     1      -3.225  -3.992   5.569 +0.00 +0.00    +0.001 A 
DOCKED: ATOM      6  C   UNL     1      -2.471  -4.308   6.698 +0.00 +0.00    +0.000 A 
DOCKED: ENDROOT
DOCKED: BRANCH   1   7
DOCKED: ATOM      7  C   UNL     1      -4.838  -7.325   4.794 +0.00 +0.00    +0.074 C 
DOCKED: BRANCH   7   8
DOCKED: ATOM      8  C   UNL     1      -6.333  -7.251   5.153 +0.00 +0.01    +0.222 C 
DOCKED: ATOM      9  C   UNL     1      -7.168  -6.586   4.058 +0.00 +0.00    +0.043 C 
DOCKED: BRANCH   8  10
DOCKED: ATOM     10  N   UNL     1      -6.501  -6.484   6.391 +0.00 +0.00    +0.084 N 
DOCKED: ATOM     11  C   UNL     1      -6.920  -7.363   7.480 +0.00 +0.01    +0.309 C 
DOCKED: ATOM     12  C   UNL     1      -7.471  -5.409   6.196 +0.00 +0.01    +0.309 C 
DOCKED: ENDBRANCH   8  10
DOCKED: ENDBRANCH   7   8
DOCKED: ENDBRANCH   1   7
DOCKED: TORSDOF 3
DOCKED: TER
DOCKED: ENDMDL
________________________________________________________________________________


	BEGINNING GENETIC ALGORITHM DOCKING
Run:	10 / 100
Date:	Sun Jun 25 16:22:44 2017
Beginning LAMARCKIAN GENETIC ALGORITHM (LGA), with a maximum of 20000000 energy evaluations.

Final-Value: -0.434
Real= 1m 28.61s,  CPU= 1m 28.59s,  System= 0.01s


	FINAL GENETIC ALGORITHM ALGORITHM DOCKED STATE
	_______________________________________________


Detailed state:  trans -4.568 -4.815 4.412 quatxyzw -0.528476 -0.569135 -0.626404 0.066459 center 0.000 0.000 0.000 ntor 3 -53.5516 159.8245 -168.8234
State:	 -4.568  -4.815   4.412  -0.530 -0.570 -0.628 172.379    -53.55  159.82 -168.82

DOCKED: MODEL       10
DOCKED: USER    Run = 10
DOCKED: USER    DPF = ligand_receptor.dpf
DOCKED: USER  
DOCKED: USER    Estimated Free Energy of Binding    =   +0.93 kcal/mol  [=(1)+(2)+(3)-(4)]
DOCKED: USER    
DOCKED: USER    (1) Final Intermolecular Energy     =   +0.03 kcal/mol
DOCKED: USER        vdW + Hbond + desolv Energy     =   +0.00 kcal/mol
DOCKED: USER        Electrostatic Energy            =   +0.03 kcal/mol
DOCKED: USER    (2) Final Total Internal Energy     =   -0.47 kcal/mol
DOCKED: USER    (3) Torsional Free Energy           =   +0.89 kcal/mol
DOCKED: USER    (4) Unbound System's Energy  [=(2)] =   -0.47 kcal/mol
DOCKED: USER    
DOCKED: USER    
DOCKED: USER    NEWDPF move ligand.pdbqt
DOCKED: USER    NEWDPF about 0.000000 0.000100 0.000100
DOCKED: USER    NEWDPF tran0 -4.567997 -4.815236 4.412249
DOCKED: USER    NEWDPF quaternion0 -0.528476 -0.569135 -0.626404 0.066459
DOCKED: USER    NEWDPF axisangle0 -0.529647 -0.570396 -0.627792 172.378753
DOCKED: USER    NEWDPF quat0 -0.529647 -0.570396 -0.627792 172.378753
DOCKED: USER    NEWDPF dihe0 -53.55 159.82 -168.82 
DOCKED: USER  keepresnum = 1 
DOCKED: USER  
DOCKED: REMARK  3 active torsions:
DOCKED: REMARK  status: ('A' for Active; 'I' for Inactive)
DOCKED: REMARK    1  A    between atoms: N_1  and  C_2 
DOCKED: REMARK    2  A    between atoms: C_2  and  C_3 
DOCKED: REMARK    3  A    between atoms: C_3  and  C_5 
DOCKED: USER                              x       y       z     vdW  Elec       q    Type
DOCKED: USER                           _______ _______ _______ _____ _____    ______ ____
DOCKED: ROOT
DOCKED: ATOM      1  C   UNL     1      -5.121  -4.514   5.192 +0.00 -0.00    -0.056 A 
DOCKED: ATOM      2  C   UNL     1      -4.321  -3.976   6.188 +0.00 +0.00    +0.007 A 
DOCKED: ATOM      3  C   UNL     1      -6.281  -3.879   4.779 +0.00 +0.00    +0.007 A 
DOCKED: ATOM      4  C   UNL     1      -4.690  -2.771   6.785 +0.00 +0.00    +0.001 A 
DOCKED: ATOM      5  C   UNL     1      -6.650  -2.672   5.376 +0.00 +0.00    +0.001 A 
DOCKED: ATOM      6  C   UNL     1      -5.855  -2.119   6.379 +0.00 +0.00    +0.000 A 
DOCKED: ENDROOT
DOCKED: BRANCH   1   7
DOCKED: ATOM      7  C   UNL     1      -4.721  -5.819   4.546 +0.00 +0.00    +0.074 C 
DOCKED: BRANCH   7   8
DOCKED: ATOM      8  C   UNL     1      -5.502  -7.034   5.079 +0.00 +0.01    +0.222 C 
DOCKED: ATOM      9  C   UNL     1      -6.661  -7.434   4.165 +0.00 +0.00    +0.043 C 
DOCKED: BRANCH   8  10
DOCKED: ATOM     10  N   UNL     1      -6.046  -6.722   6.404 +0.00 +0.00    +0.084 N 
DOCKED: ATOM     11  C   UNL     1      -5.358  -7.499   7.432 +0.00 +0.01    +0.309 C 
DOCKED: ATOM     12  C   UNL     1      -7.483  -6.984   6.439 +0.00 +0.01    +0.309 C 
DOCKED: ENDBRANCH   8  10
DOCKED: ENDBRANCH   7   8
DOCKED: ENDBRANCH   1   7
DOCKED: TORSDOF 3
DOCKED: TER
DOCKED: ENDMDL
________________________________________________________________________________


	BEGINNING GENETIC ALGORITHM DOCKING
Run:	11 / 100
Date:	Sun Jun 25 16:24:13 2017
Beginning LAMARCKIAN GENETIC ALGORITHM (LGA), with a maximum of 20000000 energy evaluations.

Final-Value: -0.434
Real= 1m 28.58s,  CPU= 1m 28.56s,  System= 0.01s


	FINAL GENETIC ALGORITHM ALGORITHM DOCKED STATE
	_______________________________________________


Detailed state:  trans -5.049 -5.060 6.621 quatxyzw -0.685968 -0.677952 0.260556 -0.044057 center 0.000 0.000 0.000 ntor 3 -52.9563 160.4917 11.0088
State:	 -5.049  -5.060   6.621  -0.687 -0.679  0.261 -174.950    -52.96  160.49   11.01

DOCKED: MODEL       11
DOCKED: USER    Run = 11
DOCKED: USER    DPF = ligand_receptor.dpf
DOCKED: USER  
DOCKED: USER    Estimated Free Energy of Binding    =   +0.93 kcal/mol  [=(1)+(2)+(3)-(4)]
DOCKED: USER    
DOCKED: USER    (1) Final Intermolecular Energy     =   +0.03 kcal/mol
DOCKED: USER        vdW + Hbond + desolv Energy     =   +0.00 kcal/mol
DOCKED: USER        Electrostatic Energy            =   +0.03 kcal/mol
DOCKED: USER    (2) Final Total Internal Energy     =   -0.47 kcal/mol
DOCKED: USER    (3) Torsional Free Energy           =   +0.89 kcal/mol
DOCKED: USER    (4) Unbound System's Energy  [=(2)] =   -0.47 kcal/mol
DOCKED: USER    
DOCKED: USER    
DOCKED: USER    NEWDPF move ligand.pdbqt
DOCKED: USER    NEWDPF about 0.000000 0.000100 0.000100
DOCKED: USER    NEWDPF tran0 -5.048973 -5.060081 6.620911
DOCKED: USER    NEWDPF quaternion0 -0.685968 -0.677952 0.260556 -0.044057
DOCKED: USER    NEWDPF axisangle0 -0.686634 -0.678610 0.260809 -174.949788
DOCKED: USER    NEWDPF quat0 -0.686634 -0.678610 0.260809 -174.949788
DOCKED: USER    NEWDPF dihe0 -52.96 160.49 11.01 
DOCKED: USER  keepresnum = 1 
DOCKED: USER  
DOCKED: REMARK  3 active torsions:
DOCKED: REMARK  status: ('A' for Active; 'I' for Inactive)
DOCKED: REMARK    1  A    between atoms: N_1  and  C_2 
DOCKED: REMARK    2  A    between atoms: C_2  and  C_3 
DOCKED: REMARK    3  A    between atoms: C_3  and  C_5 
DOCKED: USER                              x       y       z     vdW  Elec       q    Type
DOCKED: USER                           _______ _______ _______ _____ _____    ______ ____
DOCKED: ROOT
DOCKED: ATOM      1  C   UNL     1      -4.742  -4.107   6.583 +0.00 -0.00    -0.056 A 
DOCKED: ATOM      2  C   UNL     1      -4.163  -3.820   5.357 +0.00 +0.00    +0.007 A 
DOCKED: ATOM      3  C   UNL     1      -5.666  -3.251   7.161 +0.00 +0.00    +0.007 A 
DOCKED: ATOM      4  C   UNL     1      -4.519  -2.649   4.690 +0.00 +0.00    +0.001 A 
DOCKED: ATOM      5  C   UNL     1      -6.023  -2.079   6.493 +0.00 +0.00    +0.001 A 
DOCKED: ATOM      6  C   UNL     1      -5.450  -1.778   5.259 +0.00 +0.00    +0.000 A 
DOCKED: ENDROOT
DOCKED: BRANCH   1   7
DOCKED: ATOM      7  C   UNL     1      -4.356  -5.376   7.306 +0.00 +0.00    +0.074 C 
DOCKED: BRANCH   7   8
DOCKED: ATOM      8  C   UNL     1      -5.056  -6.633   6.759 +0.00 +0.01    +0.222 C 
DOCKED: ATOM      9  C   UNL     1      -4.166  -7.434   5.808 +0.00 +0.00    +0.043 C 
DOCKED: BRANCH   8  10
DOCKED: ATOM     10  N   UNL     1      -6.269  -6.240   6.036 +0.00 +0.00    +0.084 N 
DOCKED: ATOM     11  C   UNL     1      -7.459  -6.645   6.781 +0.00 +0.01    +0.309 C 
DOCKED: ATOM     12  C   UNL     1      -6.276  -6.827   4.698 +0.00 +0.01    +0.309 C 
DOCKED: ENDBRANCH   8  10
DOCKED: ENDBRANCH   7   8
DOCKED: ENDBRANCH   1   7
DOCKED: TORSDOF 3
DOCKED: TER
DOCKED: ENDMDL
________________________________________________________________________________


	BEGINNING GENETIC ALGORITHM DOCKING
Run:	12 / 100
Date:	Sun Jun 25 16:25:41 2017
Beginning LAMARCKIAN GENETIC ALGORITHM (LGA), with a maximum of 20000000 energy evaluations.

