          AutoDock 4.2 Release 4.2.5.1 
         (C) 1989-2012 The Scripps Research Institute
        AutoDock comes with ABSOLUTELY NO WARRANTY.
        AutoDock is free software, and you are welcome
        to redistribute it under certain conditions;
        for details type 'autodock4 -C'

                     main.cc  $Revision: 1.194 $

                   Compiled on Dec 13 2012 at 13:29:56


This file was created at:			4:44 42" p.m., 06/25/2017
                   using:			"compute-0-7.local"

      ________________________________________________________________

                   SETTING UP DEFAULT PARAMETER LIBRARY
      ________________________________________________________________


Sizeof FourByteLong = 8, not 4.
Random number generator was seeded with values 61676, 1498401882.
Docking parameter file (DPF) used for this docking:		ligand_receptor.dpf
DPF> autodock_parameter_version 4.2       # used by autodock to validate parameter set

	Autodock parameter version 4.2.
DPF> outlev 1                             # diagnostic output level

Output Level = 1  ADT-COMPATIBLE OUTPUT DURING DOCKING.
DPF> intelec                              # calculate internal electrostatics

Electrostatic energies will be calculated for all non-bonds between moving atoms.
DPF> ligand_types A C HD OA               # atoms types in ligand

DPF> fld receptor.maps.fld                # grid_data_file

Opening Grid Map Dimensions file:		receptor.maps.fld
Grid Point Spacing =				0.375 Angstroms

Even Number of User-specified Grid Points =	50 x-points
						40 y-points
						40 z-points

Coordinates of Central Grid Point of Maps =	(0.111, 0.043, 0.075)
Macromolecule file used to create Grid Maps =	receptor.pdbqt
Grid Parameter file used to create Grid Maps =	receptor.gpf
Minimum coordinates in grid = (-9.264, -7.457, -7.425)
Maximum coordinates in grid = (9.486, 7.543, 7.575)

DPF> map receptor.A.map                   # atom-specific affinity map

DPF> map receptor.C.map                   # atom-specific affinity map

DPF> map receptor.HD.map                  # atom-specific affinity map

DPF> map receptor.OA.map                  # atom-specific affinity map

DPF> elecmap receptor.e.map               # electrostatics map

DPF> desolvmap receptor.d.map             # desolvation map

DPF> move ligand.pdbqt                    # small molecule

1,4-interactions will be _ignored_ in the non-bonded internal energy calculation.

Ligand PDBQT file = "ligand.pdbqt"

INPUT LIGAND PDBQT FILE:
________________________

INPUT-LIGAND-PDBQT: REMARK  5 active torsions:
INPUT-LIGAND-PDBQT: REMARK  status: ('A' for Active; 'I' for Inactive)
INPUT-LIGAND-PDBQT: REMARK    1  A    between atoms: O_1  and  C_9 
INPUT-LIGAND-PDBQT: REMARK    2  A    between atoms: O_2  and  C_28 
INPUT-LIGAND-PDBQT: REMARK    3  A    between atoms: O_2  and  C_31 
INPUT-LIGAND-PDBQT: REMARK    4  A    between atoms: O_8  and  C_36 
INPUT-LIGAND-PDBQT: REMARK    5  A    between atoms: C_14  and  C_25 
INPUT-LIGAND-PDBQT: ROOT
INPUT-LIGAND-PDBQT: HETATM    1  C   UNL     1      -3.581   0.410   0.089  1.00  0.00     0.070 C 
INPUT-LIGAND-PDBQT: HETATM    2  C   UNL     1      -4.330  -0.718  -0.672  1.00  0.00    -0.005 C 
INPUT-LIGAND-PDBQT: HETATM    3  C   UNL     1      -2.136   0.032   0.516  1.00  0.00     0.026 C 
INPUT-LIGAND-PDBQT: HETATM    4  C   UNL     1      -1.286  -0.567  -0.638  1.00  0.00     0.005 C 
INPUT-LIGAND-PDBQT: HETATM    5  C   UNL     1       0.179  -0.957  -0.194  1.00  0.00    -0.017 C 
INPUT-LIGAND-PDBQT: HETATM    6  C   UNL     1      -5.533   0.035  -1.322  1.00  0.00     0.032 C 
INPUT-LIGAND-PDBQT: HETATM    7  C   UNL     1      -3.429  -1.292  -1.800  1.00  0.00     0.013 C 
INPUT-LIGAND-PDBQT: HETATM    8  C   UNL     1      -2.046  -1.723  -1.315  1.00  0.00     0.007 C 
INPUT-LIGAND-PDBQT: HETATM    9  C   UNL     1      -3.677   1.612  -0.868  1.00  0.00     0.040 C 
INPUT-LIGAND-PDBQT: HETATM   10  C   UNL     1      -1.403   1.225   1.160  1.00  0.00     0.012 C 
INPUT-LIGAND-PDBQT: HETATM   11  C   UNL     1      -4.969   1.424  -1.676  1.00  0.00     0.013 C 
INPUT-LIGAND-PDBQT: HETATM   12  C   UNL     1       0.808   0.220   0.561  1.00  0.00    -0.072 C 
INPUT-LIGAND-PDBQT: HETATM   13  C   UNL     1      -4.782  -1.879   0.238  1.00  0.00     0.019 C 
INPUT-LIGAND-PDBQT: HETATM   14  C   UNL     1      -0.019   0.833   1.662  1.00  0.00     0.035 C 
INPUT-LIGAND-PDBQT: HETATM   15  C   UNL     1       1.011  -1.298  -1.471  1.00  0.00     0.017 C 
INPUT-LIGAND-PDBQT: HETATM   16  C   UNL     1       0.195  -2.190   0.741  1.00  0.00     0.020 C 
INPUT-LIGAND-PDBQT: HETATM   17  C   UNL     1       2.515  -1.250  -1.230  1.00  0.00     0.037 C 
INPUT-LIGAND-PDBQT: HETATM   18  C   UNL     1       2.033   0.704   0.281  1.00  0.00     0.008 C 
INPUT-LIGAND-PDBQT: HETATM   19  C   UNL     1       2.945   0.137  -0.762  1.00  0.00     0.147 C 
INPUT-LIGAND-PDBQT: ENDROOT
INPUT-LIGAND-PDBQT: BRANCH  19  20
INPUT-LIGAND-PDBQT: HETATM   20  O   UNL     1       4.261   0.057  -0.223  1.00  0.00    -0.349 OA
INPUT-LIGAND-PDBQT: BRANCH  20  21
INPUT-LIGAND-PDBQT: HETATM   21  C   UNL     1       5.248   0.260  -1.228  1.00  0.00     0.292 C 
INPUT-LIGAND-PDBQT: HETATM   22  O   UNL     1       5.527   1.651  -1.397  1.00  0.00    -0.351 OA
INPUT-LIGAND-PDBQT: HETATM   23  C   UNL     1       6.107   2.243  -0.228  1.00  0.00     0.152 C 
INPUT-LIGAND-PDBQT: HETATM   24  C   UNL     1       7.485   1.631   0.020  1.00  0.00     0.178 C 
INPUT-LIGAND-PDBQT: HETATM   25  C   UNL     1       6.195   3.747  -0.471  1.00  0.00     0.042 C 
INPUT-LIGAND-PDBQT: HETATM   26  C   UNL     1       7.439   0.111   0.101  1.00  0.00     0.190 C 
INPUT-LIGAND-PDBQT: HETATM   27  O   UNL     1       6.896  -0.389   1.326  1.00  0.00    -0.345 OA
INPUT-LIGAND-PDBQT: HETATM   28  C   UNL     1       6.538  -0.526  -0.939  1.00  0.00     0.211 C 
INPUT-LIGAND-PDBQT: HETATM   29  C   UNL     1       6.535  -1.744   1.001  1.00  0.00     0.158 C 
INPUT-LIGAND-PDBQT: HETATM   30  O   UNL     1       6.232  -1.822  -0.405  1.00  0.00    -0.343 OA
INPUT-LIGAND-PDBQT: HETATM   31  C   UNL     1       7.706  -2.685   1.296  1.00  0.00     0.078 C 
INPUT-LIGAND-PDBQT: HETATM   32  C   UNL     1       5.326  -2.159   1.831  1.00  0.00     0.078 C 
INPUT-LIGAND-PDBQT: BRANCH  24  33
INPUT-LIGAND-PDBQT: HETATM   33  O   UNL     1       8.080   2.161   1.196  1.00  0.00    -0.390 OA
INPUT-LIGAND-PDBQT: HETATM   34  H   UNL     1       8.954   1.747   1.296  1.00  0.00     0.210 HD
INPUT-LIGAND-PDBQT: ENDBRANCH  24  33
INPUT-LIGAND-PDBQT: ENDBRANCH  20  21
INPUT-LIGAND-PDBQT: ENDBRANCH  19  20
INPUT-LIGAND-PDBQT: BRANCH   1  35
INPUT-LIGAND-PDBQT: HETATM   35  O   UNL     1      -4.311   0.782   1.268  1.00  0.00    -0.389 OA
INPUT-LIGAND-PDBQT: HETATM   36  H   UNL     1      -4.194   0.084   1.933  1.00  0.00     0.210 HD
INPUT-LIGAND-PDBQT: ENDBRANCH   1  35
INPUT-LIGAND-PDBQT: BRANCH   6  37
INPUT-LIGAND-PDBQT: HETATM   37  C   UNL     1      -6.762   0.176  -0.470  1.00  0.00    -0.030 A 
INPUT-LIGAND-PDBQT: HETATM   38  C   UNL     1      -7.795  -0.820  -0.584  1.00  0.00     0.015 A 
INPUT-LIGAND-PDBQT: HETATM   39  C   UNL     1      -8.909  -0.741   0.151  1.00  0.00     0.083 A 
INPUT-LIGAND-PDBQT: HETATM   40  C   UNL     1      -9.105   0.375   1.099  1.00  0.00     0.287 A 
INPUT-LIGAND-PDBQT: HETATM   41  O   UNL     1      -8.105   1.308   1.188  1.00  0.00    -0.287 OA
INPUT-LIGAND-PDBQT: HETATM   42  O   UNL     1     -10.127   0.450   1.774  1.00  0.00    -0.260 OA
INPUT-LIGAND-PDBQT: HETATM   43  C   UNL     1      -6.957   1.177   0.394  1.00  0.00     0.153 A 
INPUT-LIGAND-PDBQT: ENDBRANCH   6  37
INPUT-LIGAND-PDBQT: TORSDOF 5
________________________________________________________________________________

Total charge on ligand                               =	-0.000 e
REMARK  5 active torsions:
REMARK  status: ('A' for Active; 'I' for Inactive)
REMARK    1  A    between atoms: O_1  and  C_9 
REMARK    2  A    between atoms: O_2  and  C_28 
REMARK    3  A    between atoms: O_2  and  C_31 
REMARK    4  A    between atoms: O_8  and  C_36 
REMARK    5  A    between atoms: C_14  and  C_25 


Number of Rotatable Bonds in Small Molecule =	5 torsions
Number of atoms in ligand:  43

Number of non-hydrogen atoms in ligand:  41

Number of vibrational degrees of freedom of ligand:  123


Number of torsional degrees of freedom = 5
Estimated loss of torsional free energy upon binding = +1.4915 kcal/mol


DPF> about 0.1107 0.0426 0.0751           # small molecule center

Small molecule center of rotation =	(+0.111, +0.043, +0.075)

DPF> # ADDED BY TOXIM

DPF> 

DPF> ga_pop_size 250                      # number of individuals in population

A population of 250 individuals will be used
DPF> ga_num_evals 20000000                # maximum number of energy evaluations

There will be at most 20000000 function evaluations used.
DPF> ga_num_generations 2000000000        # maximum number of generations

The GA will run for at most 2000000000 generations.
DPF> ga_elitism 1                         # number of top individuals to survive to next generation

The 1 best will be preserved each GA generation.
DPF> ga_mutation_rate 0.02                # rate of gene mutation

The mutation rate is 0.020000.
DPF> ga_crossover_rate 0.8                # rate of crossover

The crossover rate is 0.800000.
DPF> ga_window_size 10                    # 

The GA's selection window is 10 generations.
DPF> ga_cauchy_alpha 0.0                  # Alpha parameter of Cauchy distribution

The alpha parameter (for the Cauchy distribution) is being set to 0.000000.
DPF> ga_cauchy_beta 1.0                   # Beta parameter Cauchy distribution

The beta parameter (for the Cauchy distribution) is being set to 1.000000.
DPF> set_ga                               # set the above parameters for GA or LGA

DPF> sw_max_its 300                       # iterations of Solis & Wets local search

Solis & Wets algorithms will perform at most 300 iterations.
DPF> sw_max_succ 4                        # consecutive successes before changing rho

Solis & Wets algorithms expand rho every 4 in a row successes.
DPF> sw_max_fail 4                        # consecutive failures before changing rho

Solis & Wets algorithms contract rho every 4 in a row failures.
DPF> sw_rho 1.0                           # size of local search space to sample

rho is set to 1.000000.
DPF> sw_lb_rho 0.01                       # lower bound on rho

rho will never get smaller than 0.010000.
DPF> ls_search_freq 0.06                  # probability of performing local search on individual

Local search will be performed with frequency 0.060000.
DPF> set_psw1                             # set the above pseudo-Solis & Wets parameters

Creating a new Local Search object using the pseudo-Solis-Wets algorithm (pSW1) with the current settings.

DPF> unbound_model bound                  # state of unbound ligand

DPF> ga_run 100                           # do this many hybrid GA-LS runs

centering ligand on specified point: 0.111 0.043 0.075
Furthest true ligand atom from "about" center is 10.386 Angstroms (maxrad).
Setting 'tran0' value to same as 'about' value: 0.111 0.043 0.075
Number of requested GA dockings = 100 runs
Unbound model to be used is 'same as bound' [AutoDock 4.2 default].

	BEGINNING GENETIC ALGORITHM DOCKING
Run:	1 / 100
Date:	Sun Jun 25 16:44:42 2017
Beginning LAMARCKIAN GENETIC ALGORITHM (LGA), with a maximum of 20000000 energy evaluations.

Final-Value: -2.267
Real= 5m 10.08s,  CPU= 5m 10.22s,  System= 0.00s


	FINAL GENETIC ALGORITHM ALGORITHM DOCKED STATE
	_______________________________________________


Detailed state:  trans 1.823 0.571 2.492 quatxyzw -0.079829 0.659000 0.681813 0.307372 center 0.111 0.043 0.075 ntor 5 -85.2160 153.3255 -167.5263 34.9861 -66.6237
State:	  1.823   0.571   2.492  -0.084  0.693  0.716 144.198    -85.22  153.33 -167.53   34.99  -66.62

DOCKED: MODEL        1
DOCKED: USER    Run = 1
DOCKED: USER    DPF = ligand_receptor.dpf
DOCKED: USER  
DOCKED: USER    Estimated Free Energy of Binding    =   +1.49 kcal/mol  [=(1)+(2)+(3)-(4)]
DOCKED: USER    
DOCKED: USER    (1) Final Intermolecular Energy     =   -0.00 kcal/mol
DOCKED: USER        vdW + Hbond + desolv Energy     =   +0.00 kcal/mol
DOCKED: USER        Electrostatic Energy            =   -0.00 kcal/mol
DOCKED: USER    (2) Final Total Internal Energy     =   -2.27 kcal/mol
DOCKED: USER    (3) Torsional Free Energy           =   +1.49 kcal/mol
DOCKED: USER    (4) Unbound System's Energy  [=(2)] =   -2.27 kcal/mol
DOCKED: USER    
DOCKED: USER    
DOCKED: USER    NEWDPF move ligand.pdbqt
DOCKED: USER    NEWDPF about 0.110700 0.042600 0.075100
DOCKED: USER    NEWDPF tran0 1.823026 0.571159 2.492027
DOCKED: USER    NEWDPF quaternion0 -0.079829 0.659000 0.681813 0.307372
DOCKED: USER    NEWDPF axisangle0 -0.083891 0.692526 0.716499 144.198190
DOCKED: USER    NEWDPF quat0 -0.083891 0.692526 0.716499 144.198190
DOCKED: USER    NEWDPF dihe0 -85.22 153.33 -167.53 34.99 -66.62 
DOCKED: USER  keepresnum = 1 
DOCKED: USER  
DOCKED: REMARK  5 active torsions:
DOCKED: REMARK  status: ('A' for Active; 'I' for Inactive)
DOCKED: REMARK    1  A    between atoms: O_1  and  C_9 
DOCKED: REMARK    2  A    between atoms: O_2  and  C_28 
DOCKED: REMARK    3  A    between atoms: O_2  and  C_31 
DOCKED: REMARK    4  A    between atoms: O_8  and  C_36 
DOCKED: REMARK    5  A    between atoms: C_14  and  C_25 
DOCKED: USER                              x       y       z     vdW  Elec       q    Type
DOCKED: USER                           _______ _______ _______ _____ _____    ______ ____
DOCKED: ROOT
DOCKED: ATOM      1  C   UNL     1       4.878   2.540   1.748 +0.00 +0.01    +0.070 C 
DOCKED: ATOM      2  C   UNL     1       5.513   2.221   0.367 +0.00 -0.00    -0.005 C 
DOCKED: ATOM      3  C   UNL     1       3.387   2.123   1.869 +0.00 +0.00    +0.026 C 
DOCKED: ATOM      4  C   UNL     1       3.113   0.663   1.416 +0.00 +0.00    +0.005 C 
DOCKED: ATOM      5  C   UNL     1       1.593   0.249   1.533 +0.00 -0.00    -0.017 C 
DOCKED: ATOM      6  C   UNL     1       7.044   2.343   0.647 +0.00 +0.00    +0.032 C 
DOCKED: ATOM      7  C   UNL     1       5.194   0.757  -0.044 +0.00 +0.00    +0.013 C 
DOCKED: ATOM      8  C   UNL     1       3.705   0.420   0.015 +0.00 +0.00    +0.007 C 
DOCKED: ATOM      9  C   UNL     1       5.824   1.846   2.745 +0.00 +0.00    +0.040 C 
DOCKED: ATOM     10  C   UNL     1       2.845   2.355   3.293 +0.00 +0.00    +0.012 C 
DOCKED: ATOM     11  C   UNL     1       7.212   1.827   2.088 +0.00 +0.00    +0.013 C 
DOCKED: ATOM     12  C   UNL     1       1.072   0.629   2.924 +0.00 -0.01    -0.072 C 
DOCKED: ATOM     13  C   UNL     1       5.042   3.165  -0.759 +0.00 +0.00    +0.019 C 
DOCKED: ATOM     14  C   UNL     1       1.359   2.033   3.391 +0.00 +0.00    +0.035 C 
DOCKED: ATOM     15  C   UNL     1       1.478  -1.292   1.305 +0.00 +0.00    +0.017 C 
DOCKED: ATOM     16  C   UNL     1       0.713   0.964   0.480 +0.00 +0.00    +0.020 C 
DOCKED: ATOM     17  C   UNL     1       0.169  -1.873   1.824 +0.00 +0.00    +0.037 C 
DOCKED: ATOM     18  C   UNL     1       0.390  -0.224   3.713 +0.00 +0.00    +0.008 C 
DOCKED: ATOM     19  C   UNL     1       0.020  -1.621   3.322 +0.00 +0.02    +0.147 C 
DOCKED: ENDROOT
DOCKED: BRANCH  19  20
DOCKED: ATOM     20  O   UNL     1      -1.332  -1.857   3.700 +0.00 -0.04    -0.349 OA
DOCKED: BRANCH  20  21
DOCKED: ATOM     21  C   UNL     1      -1.988  -2.717   2.775 +0.00 +0.03    +0.292 C 
DOCKED: ATOM     22  O   UNL     1      -2.485  -3.887   3.427 +0.00 -0.04    -0.351 OA
DOCKED: ATOM     23  C   UNL     1      -3.501  -3.590   4.393 +0.00 +0.02    +0.152 C 
DOCKED: ATOM     24  C   UNL     1      -4.731  -3.031   3.679 +0.00 +0.02    +0.178 C 
DOCKED: ATOM     25  C   UNL     1      -3.821  -4.885   5.135 +0.00 +0.00    +0.042 C 
DOCKED: ATOM     26  C   UNL     1      -4.398  -1.833   2.800 +0.00 +0.02    +0.190 C 
DOCKED: ATOM     27  O   UNL     1      -4.160  -0.626   3.530 +0.00 -0.04    -0.345 OA
DOCKED: ATOM     28  C   UNL     1      -3.113  -1.996   2.012 +0.00 +0.02    +0.211 C 
DOCKED: ATOM     29  C   UNL     1      -3.445   0.196   2.589 +0.00 +0.02    +0.158 C 
DOCKED: ATOM     30  O   UNL     1      -2.721  -0.656   1.681 +0.00 -0.04    -0.343 OA
DOCKED: ATOM     31  C   UNL     1      -4.429   1.043   1.777 +0.00 +0.01    +0.078 C 
DOCKED: ATOM     32  C   UNL     1      -2.486   1.110   3.341 +0.00 +0.01    +0.078 C 
DOCKED: BRANCH  24  33
DOCKED: ATOM     33  O   UNL     1      -5.751  -2.684   4.605 +0.00 -0.04    -0.390 OA
DOCKED: ATOM     34  H   UNL     1      -5.665  -1.734   4.795 +0.00 +0.02    +0.210 HD
DOCKED: ENDBRANCH  24  33
DOCKED: ENDBRANCH  20  21
DOCKED: ENDBRANCH  19  20
DOCKED: BRANCH   1  35
DOCKED: ATOM     35  O   UNL     1       4.972   3.946   2.024 +0.00 -0.04    -0.389 OA
DOCKED: ATOM     36  H   UNL     1       5.313   4.058   2.927 +0.00 +0.02    +0.210 HD
DOCKED: ENDBRANCH   1  35
DOCKED: BRANCH   6  37
DOCKED: ATOM     37  C   UNL     1       7.632   3.719   0.518 +0.00 -0.00    -0.030 A 
DOCKED: ATOM     38  C   UNL     1       7.848   4.489   1.715 +0.00 +0.00    +0.015 A 
DOCKED: ATOM     39  C   UNL     1       8.368   5.720   1.655 +0.00 +0.01    +0.083 A 
DOCKED: ATOM     40  C   UNL     1       8.731   6.319   0.354 +0.00 +0.03    +0.287 A 
DOCKED: ATOM     41  O   UNL     1       8.515   5.563  -0.769 +0.00 -0.03    -0.287 OA
DOCKED: ATOM     42  O   UNL     1       9.207   7.448   0.297 +0.00 -0.03    -0.260 OA
DOCKED: ATOM     43  C   UNL     1       7.968   4.278  -0.649 +0.00 +0.02    +0.153 A 
DOCKED: ENDBRANCH   6  37
DOCKED: TORSDOF 5
DOCKED: TER
DOCKED: ENDMDL
________________________________________________________________________________


	BEGINNING GENETIC ALGORITHM DOCKING
Run:	2 / 100
Date:	Sun Jun 25 16:49:52 2017
Beginning LAMARCKIAN GENETIC ALGORITHM (LGA), with a maximum of 20000000 energy evaluations.

Final-Value: -2.267
Real= 5m 10.08s,  CPU= 5m 10.21s,  System= 0.01s


	FINAL GENETIC ALGORITHM ALGORITHM DOCKED STATE
	_______________________________________________


Detailed state:  trans 0.446 1.233 0.244 quatxyzw 0.221940 -0.283104 -0.932473 -0.032986 center 0.111 0.043 0.075 ntor 5 -85.2220 152.1266 -167.5274 35.1712 -66.2582
State:	  0.446   1.233   0.244   0.222 -0.283 -0.933 -176.219    -85.22  152.13 -167.53   35.17  -66.26

DOCKED: MODEL        2
DOCKED: USER    Run = 2
DOCKED: USER    DPF = ligand_receptor.dpf
DOCKED: USER  
DOCKED: USER    Estimated Free Energy of Binding    =   +1.49 kcal/mol  [=(1)+(2)+(3)-(4)]
DOCKED: USER    
DOCKED: USER    (1) Final Intermolecular Energy     =   -0.00 kcal/mol
DOCKED: USER        vdW + Hbond + desolv Energy     =   +0.00 kcal/mol
DOCKED: USER        Electrostatic Energy            =   -0.00 kcal/mol
DOCKED: USER    (2) Final Total Internal Energy     =   -2.27 kcal/mol
DOCKED: USER    (3) Torsional Free Energy           =   +1.49 kcal/mol
DOCKED: USER    (4) Unbound System's Energy  [=(2)] =   -2.27 kcal/mol
DOCKED: USER    
DOCKED: USER    
DOCKED: USER    NEWDPF move ligand.pdbqt
DOCKED: USER    NEWDPF about 0.110700 0.042600 0.075100
DOCKED: USER    NEWDPF tran0 0.446005 1.232695 0.244317
DOCKED: USER    NEWDPF quaternion0 0.221940 -0.283104 -0.932473 -0.032986
DOCKED: USER    NEWDPF axisangle0 0.222061 -0.283258 -0.932981 -176.219366
DOCKED: USER    NEWDPF quat0 0.222061 -0.283258 -0.932981 -176.219366
DOCKED: USER    NEWDPF dihe0 -85.22 152.13 -167.53 35.17 -66.26 
DOCKED: USER  keepresnum = 1 
DOCKED: USER  
DOCKED: REMARK  5 active torsions:
DOCKED: REMARK  status: ('A' for Active; 'I' for Inactive)
DOCKED: REMARK    1  A    between atoms: O_1  and  C_9 
DOCKED: REMARK    2  A    between atoms: O_2  and  C_28 
DOCKED: REMARK    3  A    between atoms: O_2  and  C_31 
DOCKED: REMARK    4  A    between atoms: O_8  and  C_36 
DOCKED: REMARK    5  A    between atoms: C_14  and  C_25 
DOCKED: USER                              x       y       z     vdW  Elec       q    Type
DOCKED: USER                           _______ _______ _______ _____ _____    ______ ____
DOCKED: ROOT
DOCKED: ATOM      1  C   UNL     1       3.736   1.623   1.913 +0.00 +0.01    +0.070 C 
DOCKED: ATOM      2  C   UNL     1       4.812   2.317   1.033 +0.00 -0.00    -0.005 C 
DOCKED: ATOM      3  C   UNL     1       2.276   1.888   1.453 +0.00 +0.00    +0.026 C 
DOCKED: ATOM      4  C   UNL     1       2.050   1.639  -0.063 +0.00 +0.00    +0.005 C 
DOCKED: ATOM      5  C   UNL     1       0.565   1.919  -0.525 +0.00 -0.00    -0.017 C 
DOCKED: ATOM      6  C   UNL     1       6.126   1.578   1.435 +0.00 +0.00    +0.032 C 
DOCKED: ATOM      7  C   UNL     1       4.526   2.050  -0.471 +0.00 +0.00    +0.013 C 
DOCKED: ATOM      8  C   UNL     1       3.100   2.402  -0.892 +0.00 +0.00    +0.007 C 
DOCKED: ATOM      9  C   UNL     1       4.160   0.143   1.894 +0.00 +0.00    +0.040 C 
DOCKED: ATOM     10  C   UNL     1       1.262   1.083   2.288 +0.00 +0.00    +0.012 C 
DOCKED: ATOM     11  C   UNL     1       5.683   0.128   1.704 +0.00 +0.00    +0.013 C 
DOCKED: ATOM     12  C   UNL     1      -0.403   1.203   0.425 +0.00 -0.01    -0.072 C 
DOCKED: ATOM     13  C   UNL     1       4.899   3.842   1.256 +0.00 +0.00    +0.019 C 
DOCKED: ATOM     14  C   UNL     1      -0.175   1.410   1.901 +0.00 +0.00    +0.035 C 
DOCKED: ATOM     15  C   UNL     1       0.391   1.393  -1.985 +0.00 +0.00    +0.017 C 
DOCKED: ATOM     16  C   UNL     1       0.225   3.429  -0.507 +0.00 +0.00    +0.020 C 
DOCKED: ATOM     17  C   UNL     1      -1.069   1.195  -2.375 +0.00 +0.00    +0.037 C 
DOCKED: ATOM     18  C   UNL     1      -1.414   0.425  -0.004 +0.00 +0.00    +0.008 C 
DOCKED: ATOM     19  C   UNL     1      -1.747   0.193  -1.445 +0.00 +0.02    +0.147 C 
DOCKED: ENDROOT
DOCKED: BRANCH  19  20
DOCKED: ATOM     20  O   UNL     1      -3.158   0.291  -1.609 +0.00 -0.04    -0.349 OA
DOCKED: BRANCH  20  21
DOCKED: ATOM     21  C   UNL     1      -3.498   0.842  -2.876 +0.00 +0.03    +0.292 C 
DOCKED: ATOM     22  O   UNL     1      -4.324  -0.056  -3.620 +0.00 -0.04    -0.351 OA
DOCKED: ATOM     23  C   UNL     1      -5.595  -0.280  -2.996 +0.00 +0.02    +0.152 C 
DOCKED: ATOM     24  C   UNL     1      -6.395   1.021  -2.994 +0.00 +0.02    +0.178 C 
DOCKED: ATOM     25  C   UNL     1      -6.305  -1.377  -3.785 +0.00 +0.00    +0.042 C 
DOCKED: ATOM     26  C   UNL     1      -5.631   2.172  -2.355 +0.00 +0.02    +0.190 C 
DOCKED: ATOM     27  O   UNL     1      -5.565   2.104  -0.928 +0.00 -0.04    -0.345 OA
DOCKED: ATOM     28  C   UNL     1      -4.167   2.221  -2.747 +0.00 +0.02    +0.211 C 
DOCKED: ATOM     29  C   UNL     1      -4.464   2.974  -0.604 +0.00 +0.02    +0.158 C 
DOCKED: ATOM     30  O   UNL     1      -3.542   2.991  -1.710 +0.00 -0.04    -0.343 OA
DOCKED: ATOM     31  C   UNL     1      -4.971   4.400  -0.375 +0.00 +0.01    +0.078 C 
DOCKED: ATOM     32  C   UNL     1      -3.774   2.469   0.658 +0.00 +0.01    +0.078 C 
DOCKED: BRANCH  24  33
DOCKED: ATOM     33  O   UNL     1      -7.649   0.854  -2.347 +0.00 -0.04    -0.390 OA
DOCKED: ATOM     34  H   UNL     1      -7.544   1.140  -1.424 +0.00 +0.02    +0.210 HD
DOCKED: ENDBRANCH  24  33
DOCKED: ENDBRANCH  20  21
DOCKED: ENDBRANCH  19  20
DOCKED: BRANCH   1  35
DOCKED: ATOM     35  O   UNL     1       3.859   2.053   3.277 +0.00 -0.04    -0.389 OA
DOCKED: ATOM     36  H   UNL     1       3.824   1.270   3.849 +0.00 +0.02    +0.210 HD
DOCKED: ENDBRANCH   1  35
DOCKED: BRANCH   6  37
DOCKED: ATOM     37  C   UNL     1       6.854   2.128   2.629 +0.00 -0.00    -0.030 A 
DOCKED: ATOM     38  C   UNL     1       6.678   1.476   3.901 +0.00 +0.00    +0.015 A 
DOCKED: ATOM     39  C   UNL     1       7.302   1.926   4.994 +0.00 +0.01    +0.083 A 
DOCKED: ATOM     40  C   UNL     1       8.189   3.105   4.921 +0.00 +0.03    +0.287 A 
DOCKED: ATOM     41  O   UNL     1       8.339   3.704   3.698 +0.00 -0.03    -0.287 OA
DOCKED: ATOM     42  O   UNL     1       8.762   3.519   5.924 +0.00 -0.03    -0.260 OA
DOCKED: ATOM     43  C   UNL     1       7.661   3.192   2.583 +0.00 +0.02    +0.153 A 
DOCKED: ENDBRANCH   6  37
DOCKED: TORSDOF 5
DOCKED: TER
DOCKED: ENDMDL
________________________________________________________________________________


	BEGINNING GENETIC ALGORITHM DOCKING
Run:	3 / 100
Date:	Sun Jun 25 16:55:03 2017
Beginning LAMARCKIAN GENETIC ALGORITHM (LGA), with a maximum of 20000000 energy evaluations.

