          AutoDock 4.2 Release 4.2.5.1 
         (C) 1989-2012 The Scripps Research Institute
        AutoDock comes with ABSOLUTELY NO WARRANTY.
        AutoDock is free software, and you are welcome
        to redistribute it under certain conditions;
        for details type 'autodock4 -C'

                     main.cc  $Revision: 1.194 $

                   Compiled on Dec 13 2012 at 13:29:56


This file was created at:			4:44 42" p.m., 06/25/2017
                   using:			"compute-0-7.local"

      ________________________________________________________________

                   SETTING UP DEFAULT PARAMETER LIBRARY
      ________________________________________________________________


Sizeof FourByteLong = 8, not 4.
Random number generator was seeded with values 61796, 1498401882.
Docking parameter file (DPF) used for this docking:		ligand_receptor.dpf
DPF> autodock_parameter_version 4.2       # used by autodock to validate parameter set

	Autodock parameter version 4.2.
DPF> outlev 1                             # diagnostic output level

Output Level = 1  ADT-COMPATIBLE OUTPUT DURING DOCKING.
DPF> intelec                              # calculate internal electrostatics

Electrostatic energies will be calculated for all non-bonds between moving atoms.
DPF> ligand_types A C HD N NA OA          # atoms types in ligand

DPF> fld receptor.maps.fld                # grid_data_file

Opening Grid Map Dimensions file:		receptor.maps.fld
Grid Point Spacing =				0.375 Angstroms

Even Number of User-specified Grid Points =	40 x-points
						40 y-points
						40 z-points

Coordinates of Central Grid Point of Maps =	(0.028, 0.086, -0.001)
Macromolecule file used to create Grid Maps =	receptor.pdbqt
Grid Parameter file used to create Grid Maps =	receptor.gpf
Minimum coordinates in grid = (-7.472, -7.414, -7.501)
Maximum coordinates in grid = (7.528, 7.586, 7.499)

DPF> map receptor.A.map                   # atom-specific affinity map

DPF> map receptor.C.map                   # atom-specific affinity map

DPF> map receptor.HD.map                  # atom-specific affinity map

DPF> map receptor.N.map                   # atom-specific affinity map

DPF> map receptor.NA.map                  # atom-specific affinity map

DPF> map receptor.OA.map                  # atom-specific affinity map

DPF> elecmap receptor.e.map               # electrostatics map

DPF> desolvmap receptor.d.map             # desolvation map

DPF> move ligand.pdbqt                    # small molecule

1,4-interactions will be _ignored_ in the non-bonded internal energy calculation.

Ligand PDBQT file = "ligand.pdbqt"

INPUT LIGAND PDBQT FILE:
________________________

INPUT-LIGAND-PDBQT: REMARK  5 active torsions:
INPUT-LIGAND-PDBQT: REMARK  status: ('A' for Active; 'I' for Inactive)
INPUT-LIGAND-PDBQT: REMARK    1  A    between atoms: N_5  and  C_12 
INPUT-LIGAND-PDBQT: REMARK    2  A    between atoms: N_6  and  C_15 
INPUT-LIGAND-PDBQT: REMARK    3  A    between atoms: N_6  and  C_16 
INPUT-LIGAND-PDBQT: REMARK    4  A    between atoms: N_9  and  C_20 
INPUT-LIGAND-PDBQT: REMARK    5  A    between atoms: C_12  and  C_15 
INPUT-LIGAND-PDBQT: ROOT
INPUT-LIGAND-PDBQT: HETATM    1  O   UNL     1      -3.454   2.654   0.311  1.00  0.00    -0.106 OA
INPUT-LIGAND-PDBQT: HETATM    2  N   UNL     1      -2.093   2.430   0.202  1.00  0.00    -0.101 NA
INPUT-LIGAND-PDBQT: HETATM    3  N   UNL     1      -4.178   1.476   0.232  1.00  0.00    -0.100 NA
INPUT-LIGAND-PDBQT: HETATM    4  C   UNL     1      -0.753   0.356  -0.102  1.00  0.00     0.062 A 
INPUT-LIGAND-PDBQT: HETATM    5  C   UNL     1      -1.949   1.107   0.053  1.00  0.00     0.146 A 
INPUT-LIGAND-PDBQT: HETATM    6  C   UNL     1      -0.994  -1.037  -0.234  1.00  0.00     0.034 A 
INPUT-LIGAND-PDBQT: HETATM    7  C   UNL     1      -3.275   0.501   0.072  1.00  0.00     0.152 A 
INPUT-LIGAND-PDBQT: HETATM    8  C   UNL     1      -3.470  -0.886  -0.063  1.00  0.00     0.136 A 
INPUT-LIGAND-PDBQT: HETATM    9  C   UNL     1      -2.285  -1.627  -0.216  1.00  0.00     0.041 A 
INPUT-LIGAND-PDBQT: ENDROOT
INPUT-LIGAND-PDBQT: BRANCH   4  10
INPUT-LIGAND-PDBQT: HETATM   10  N   UNL     1       0.517   0.889  -0.124  1.00  0.00    -0.386 N 
INPUT-LIGAND-PDBQT: HETATM   11  H   UNL     1       0.610   1.893  -0.025  1.00  0.00     0.159 HD
INPUT-LIGAND-PDBQT: BRANCH  10  12
INPUT-LIGAND-PDBQT: HETATM   12  C   UNL     1       1.720   0.079  -0.284  1.00  0.00     0.150 C 
INPUT-LIGAND-PDBQT: BRANCH  12  13
INPUT-LIGAND-PDBQT: HETATM   13  C   UNL     1       2.961   0.965  -0.228  1.00  0.00     0.292 C 
INPUT-LIGAND-PDBQT: BRANCH  13  14
INPUT-LIGAND-PDBQT: HETATM   14  N   UNL     1       4.167   0.152  -0.371  1.00  0.00     0.094 N 
INPUT-LIGAND-PDBQT: HETATM   15  C   UNL     1       5.367   1.000  -0.404  1.00  0.00     0.298 C 
INPUT-LIGAND-PDBQT: HETATM   16  C   UNL     1       6.612   0.129  -0.541  1.00  0.00     0.198 C 
INPUT-LIGAND-PDBQT: HETATM   17  O   UNL     1       6.690  -0.802   0.539  1.00  0.00    -0.388 OA
INPUT-LIGAND-PDBQT: HETATM   18  C   UNL     1       5.542  -1.652   0.559  1.00  0.00     0.198 C 
INPUT-LIGAND-PDBQT: HETATM   19  C   UNL     1       4.270  -0.824   0.722  1.00  0.00     0.298 C 
INPUT-LIGAND-PDBQT: ENDBRANCH  13  14
INPUT-LIGAND-PDBQT: ENDBRANCH  12  13
INPUT-LIGAND-PDBQT: ENDBRANCH  10  12
INPUT-LIGAND-PDBQT: ENDBRANCH   4  10
INPUT-LIGAND-PDBQT: BRANCH   8  20
INPUT-LIGAND-PDBQT: HETATM   20  N   UNL     1      -4.757  -1.467  -0.046  1.00  0.00    -0.113 N 
INPUT-LIGAND-PDBQT: HETATM   21  O   UNL     1      -4.872  -2.714  -0.173  1.00  0.00    -0.532 OA
INPUT-LIGAND-PDBQT: HETATM   22  O   UNL     1      -5.766  -0.727   0.096  1.00  0.00    -0.532 OA
INPUT-LIGAND-PDBQT: ENDBRANCH   8  20
INPUT-LIGAND-PDBQT: TORSDOF 5
________________________________________________________________________________

Total charge on ligand                               =	-0.000 e
REMARK  5 active torsions:
REMARK  status: ('A' for Active; 'I' for Inactive)
REMARK    1  A    between atoms: N_5  and  C_12 
REMARK    2  A    between atoms: N_6  and  C_15 
REMARK    3  A    between atoms: N_6  and  C_16 
REMARK    4  A    between atoms: N_9  and  C_20 
REMARK    5  A    between atoms: C_12  and  C_15 


Number of Rotatable Bonds in Small Molecule =	5 torsions
Number of atoms in ligand:  22

Number of non-hydrogen atoms in ligand:  21

Number of vibrational degrees of freedom of ligand:  60


Number of torsional degrees of freedom = 5
Estimated loss of torsional free energy upon binding = +1.4915 kcal/mol


DPF> about 0.0277 0.0861 -0.0011          # small molecule center

Small molecule center of rotation =	(+0.028, +0.086, -0.001)

DPF> # ADDED BY TOXIM

DPF> 

DPF> ga_pop_size 250                      # number of individuals in population

A population of 250 individuals will be used
DPF> ga_num_evals 20000000                # maximum number of energy evaluations

There will be at most 20000000 function evaluations used.
DPF> ga_num_generations 2000000000        # maximum number of generations

The GA will run for at most 2000000000 generations.
DPF> ga_elitism 1                         # number of top individuals to survive to next generation

The 1 best will be preserved each GA generation.
DPF> ga_mutation_rate 0.02                # rate of gene mutation

The mutation rate is 0.020000.
DPF> ga_crossover_rate 0.8                # rate of crossover

The crossover rate is 0.800000.
DPF> ga_window_size 10                    # 

The GA's selection window is 10 generations.
DPF> ga_cauchy_alpha 0.0                  # Alpha parameter of Cauchy distribution

The alpha parameter (for the Cauchy distribution) is being set to 0.000000.
DPF> ga_cauchy_beta 1.0                   # Beta parameter Cauchy distribution

The beta parameter (for the Cauchy distribution) is being set to 1.000000.
DPF> set_ga                               # set the above parameters for GA or LGA

DPF> sw_max_its 300                       # iterations of Solis & Wets local search

Solis & Wets algorithms will perform at most 300 iterations.
DPF> sw_max_succ 4                        # consecutive successes before changing rho

Solis & Wets algorithms expand rho every 4 in a row successes.
DPF> sw_max_fail 4                        # consecutive failures before changing rho

Solis & Wets algorithms contract rho every 4 in a row failures.
DPF> sw_rho 1.0                           # size of local search space to sample

rho is set to 1.000000.
DPF> sw_lb_rho 0.01                       # lower bound on rho

rho will never get smaller than 0.010000.
DPF> ls_search_freq 0.06                  # probability of performing local search on individual

Local search will be performed with frequency 0.060000.
DPF> set_psw1                             # set the above pseudo-Solis & Wets parameters

Creating a new Local Search object using the pseudo-Solis-Wets algorithm (pSW1) with the current settings.

DPF> unbound_model bound                  # state of unbound ligand

DPF> ga_run 100                           # do this many hybrid GA-LS runs

centering ligand on specified point: 0.028 0.086 -0.001
Furthest true ligand atom from "about" center is 6.743 Angstroms (maxrad).
Setting 'tran0' value to same as 'about' value: 0.028 0.086 -0.001
Number of requested GA dockings = 100 runs
Unbound model to be used is 'same as bound' [AutoDock 4.2 default].

	BEGINNING GENETIC ALGORITHM DOCKING
Run:	1 / 100
Date:	Sun Jun 25 16:44:42 2017
Beginning LAMARCKIAN GENETIC ALGORITHM (LGA), with a maximum of 20000000 energy evaluations.

Final-Value: -1.401
Real= 2m 33.42s,  CPU= 2m 33.33s,  System= 0.00s


	FINAL GENETIC ALGORITHM ALGORITHM DOCKED STATE
	_______________________________________________


Detailed state:  trans 0.045 -0.068 3.398 quatxyzw -0.365963 0.650796 0.597955 0.291525 center 0.028 0.086 -0.001 ntor 5 94.4500 173.0474 78.6409 -134.4387 -107.4364
State:	  0.045  -0.068   3.398  -0.383  0.680  0.625 146.102     94.45  173.05   78.64 -134.44 -107.44

DOCKED: MODEL        1
DOCKED: USER    Run = 1
DOCKED: USER    DPF = ligand_receptor.dpf
DOCKED: USER  
DOCKED: USER    Estimated Free Energy of Binding    =   +1.49 kcal/mol  [=(1)+(2)+(3)-(4)]
DOCKED: USER    
DOCKED: USER    (1) Final Intermolecular Energy     =   -0.00 kcal/mol
DOCKED: USER        vdW + Hbond + desolv Energy     =   +0.00 kcal/mol
DOCKED: USER        Electrostatic Energy            =   -0.00 kcal/mol
DOCKED: USER    (2) Final Total Internal Energy     =   -1.40 kcal/mol
DOCKED: USER    (3) Torsional Free Energy           =   +1.49 kcal/mol
DOCKED: USER    (4) Unbound System's Energy  [=(2)] =   -1.40 kcal/mol
DOCKED: USER    
DOCKED: USER    
DOCKED: USER    NEWDPF move ligand.pdbqt
DOCKED: USER    NEWDPF about 0.027700 0.086100 -0.001100
DOCKED: USER    NEWDPF tran0 0.045212 -0.067569 3.398248
DOCKED: USER    NEWDPF quaternion0 -0.365963 0.650796 0.597955 0.291525
DOCKED: USER    NEWDPF axisangle0 -0.382581 0.680348 0.625107 146.101497
DOCKED: USER    NEWDPF quat0 -0.382581 0.680348 0.625107 146.101497
DOCKED: USER    NEWDPF dihe0 94.45 173.05 78.64 -134.44 -107.44 
DOCKED: USER  keepresnum = 1 
DOCKED: USER  
DOCKED: REMARK  5 active torsions:
DOCKED: REMARK  status: ('A' for Active; 'I' for Inactive)
DOCKED: REMARK    1  A    between atoms: N_5  and  C_12 
DOCKED: REMARK    2  A    between atoms: N_6  and  C_15 
DOCKED: REMARK    3  A    between atoms: N_6  and  C_16 
DOCKED: REMARK    4  A    between atoms: N_9  and  C_20 
DOCKED: REMARK    5  A    between atoms: C_12  and  C_15 
DOCKED: USER                              x       y       z     vdW  Elec       q    Type
DOCKED: USER                           _______ _______ _______ _____ _____    ______ ____
DOCKED: ROOT
DOCKED: ATOM      1  O   UNL     1       1.420   3.025   6.112 +0.00 -0.01    -0.106 OA
DOCKED: ATOM      2  N   UNL     1       0.772   1.837   5.823 +0.00 -0.01    -0.101 NA
DOCKED: ATOM      3  N   UNL     1       2.042   3.557   4.995 +0.00 -0.01    -0.100 NA
DOCKED: ATOM      4  C   UNL     1       0.532   0.524   3.723 +0.00 +0.00    +0.062 A 
DOCKED: ATOM      5  C   UNL     1       0.982   1.611   4.519 +0.00 +0.01    +0.146 A 
DOCKED: ATOM      6  C   UNL     1       0.953   0.625   2.371 +0.00 +0.00    +0.034 A 
DOCKED: ATOM      7  C   UNL     1       1.789   2.705   3.994 +0.00 +0.01    +0.152 A 
DOCKED: ATOM      8  C   UNL     1       2.186   2.766   2.645 +0.00 +0.01    +0.136 A 
DOCKED: ATOM      9  C   UNL     1       1.740   1.690   1.859 +0.00 +0.00    +0.041 A 
DOCKED: ENDROOT
DOCKED: BRANCH   4  10
DOCKED: ATOM     10  N   UNL     1      -0.232  -0.527   4.180 +0.00 -0.02    -0.386 N 
DOCKED: ATOM     11  H   UNL     1       0.217  -1.430   4.279 +0.00 +0.01    +0.159 HD
DOCKED: BRANCH  10  12
DOCKED: ATOM     12  C   UNL     1      -1.644  -0.398   4.522 +0.00 +0.01    +0.150 C 
DOCKED: BRANCH  12  13
DOCKED: ATOM     13  C   UNL     1      -2.385   0.355   3.420 +0.00 +0.02    +0.292 C 
DOCKED: BRANCH  13  14
DOCKED: ATOM     14  N   UNL     1      -2.618   1.739   3.825 +0.00 +0.01    +0.094 N 
DOCKED: ATOM     15  C   UNL     1      -2.301   1.928   5.247 +0.00 +0.02    +0.298 C 
DOCKED: ATOM     16  C   UNL     1      -2.539   3.382   5.642 +0.00 +0.01    +0.198 C 
DOCKED: ATOM     17  O   UNL     1      -1.746   4.254   4.836 +0.00 -0.02    -0.388 OA
DOCKED: ATOM     18  C   UNL     1      -2.071   4.100   3.453 +0.00 +0.01    +0.198 C 
DOCKED: ATOM     19  C   UNL     1      -1.822   2.663   3.005 +0.00 +0.02    +0.298 C 
DOCKED: ENDBRANCH  13  14
DOCKED: ENDBRANCH  12  13
DOCKED: ENDBRANCH  10  12
DOCKED: ENDBRANCH   4  10
DOCKED: BRANCH   8  20
DOCKED: ATOM     20  N   UNL     1       2.970   3.828   2.142 +0.00 -0.01    -0.113 N 
DOCKED: ATOM     21  O   UNL     1       2.403   4.883   1.755 +0.00 -0.03    -0.532 OA
DOCKED: ATOM     22  O   UNL     1       4.222   3.699   2.089 +0.00 -0.03    -0.532 OA
DOCKED: ENDBRANCH   8  20
DOCKED: TORSDOF 5
DOCKED: TER
DOCKED: ENDMDL
________________________________________________________________________________


	BEGINNING GENETIC ALGORITHM DOCKING
Run:	2 / 100
Date:	Sun Jun 25 16:47:16 2017
Beginning LAMARCKIAN GENETIC ALGORITHM (LGA), with a maximum of 20000000 energy evaluations.

Final-Value: -1.401
Real= 2m 33.34s,  CPU= 2m 33.25s,  System= 0.01s


	FINAL GENETIC ALGORITHM ALGORITHM DOCKED STATE
	_______________________________________________


Detailed state:  trans 2.093 -4.334 2.371 quatxyzw -0.357286 0.602908 0.603963 0.379575 center 0.028 0.086 -0.001 ntor 5 -88.7414 172.6054 78.7908 -132.2151 -109.5803
State:	  2.093  -4.334   2.371  -0.386  0.652  0.653 135.385    -88.74  172.61   78.79 -132.22 -109.58

DOCKED: MODEL        2
DOCKED: USER    Run = 2
DOCKED: USER    DPF = ligand_receptor.dpf
DOCKED: USER  
DOCKED: USER    Estimated Free Energy of Binding    =   +1.49 kcal/mol  [=(1)+(2)+(3)-(4)]
DOCKED: USER    
DOCKED: USER    (1) Final Intermolecular Energy     =   -0.00 kcal/mol
DOCKED: USER        vdW + Hbond + desolv Energy     =   +0.00 kcal/mol
DOCKED: USER        Electrostatic Energy            =   -0.00 kcal/mol
DOCKED: USER    (2) Final Total Internal Energy     =   -1.40 kcal/mol
DOCKED: USER    (3) Torsional Free Energy           =   +1.49 kcal/mol
DOCKED: USER    (4) Unbound System's Energy  [=(2)] =   -1.40 kcal/mol
DOCKED: USER    
DOCKED: USER    
DOCKED: USER    NEWDPF move ligand.pdbqt
DOCKED: USER    NEWDPF about 0.027700 0.086100 -0.001100
DOCKED: USER    NEWDPF tran0 2.093294 -4.333929 2.371039
DOCKED: USER    NEWDPF quaternion0 -0.357286 0.602908 0.603963 0.379575
DOCKED: USER    NEWDPF axisangle0 -0.386188 0.651679 0.652819 135.385285
DOCKED: USER    NEWDPF quat0 -0.386188 0.651679 0.652819 135.385285
DOCKED: USER    NEWDPF dihe0 -88.74 172.61 78.79 -132.22 -109.58 
DOCKED: USER  keepresnum = 1 
DOCKED: USER  
DOCKED: REMARK  5 active torsions:
DOCKED: REMARK  status: ('A' for Active; 'I' for Inactive)
DOCKED: REMARK    1  A    between atoms: N_5  and  C_12 
DOCKED: REMARK    2  A    between atoms: N_6  and  C_15 
DOCKED: REMARK    3  A    between atoms: N_6  and  C_16 
DOCKED: REMARK    4  A    between atoms: N_9  and  C_20 
DOCKED: REMARK    5  A    between atoms: C_12  and  C_15 
DOCKED: USER                              x       y       z     vdW  Elec       q    Type
DOCKED: USER                           _______ _______ _______ _____ _____    ______ ____
DOCKED: ROOT
DOCKED: ATOM      1  O   UNL     1       3.476  -1.056   4.852 +0.00 -0.01    -0.106 OA
DOCKED: ATOM      2  N   UNL     1       2.946  -2.320   4.662 +0.00 -0.01    -0.101 NA
DOCKED: ATOM      3  N   UNL     1       3.845  -0.466   3.655 +0.00 -0.01    -0.100 NA
DOCKED: ATOM      4  C   UNL     1       2.547  -3.682   2.619 +0.00 +0.00    +0.062 A 
DOCKED: ATOM      5  C   UNL     1       2.976  -2.536   3.341 +0.00 +0.01    +0.146 A 
DOCKED: ATOM      6  C   UNL     1       2.736  -3.549   1.218 +0.00 +0.00    +0.034 A 
DOCKED: ATOM      7  C   UNL     1       3.548  -1.357   2.701 +0.00 +0.01    +0.152 A 
DOCKED: ATOM      8  C   UNL     1       3.718  -1.266   1.307 +0.00 +0.01    +0.136 A 
DOCKED: ATOM      9  C   UNL     1       3.293  -2.401   0.595 +0.00 +0.00    +0.041 A 
DOCKED: ENDROOT
DOCKED: BRANCH   4  10
DOCKED: ATOM     10  N   UNL     1       2.001  -4.813   3.184 +0.00 -0.02    -0.386 N 
DOCKED: ATOM     11  H   UNL     1       2.557  -5.660   3.177 +0.00 +0.01    +0.159 HD
DOCKED: BRANCH  10  12
DOCKED: ATOM     12  C   UNL     1       0.672  -4.844   3.785 +0.00 +0.01    +0.150 C 
DOCKED: BRANCH  12  13
DOCKED: ATOM     13  C   UNL     1      -0.348  -4.226   2.833 +0.00 +0.02    +0.292 C 
DOCKED: BRANCH  13  14
DOCKED: ATOM     14  N   UNL     1      -0.671  -2.865   3.257 +0.00 +0.01    +0.094 N 
DOCKED: ATOM     15  C   UNL     1      -0.129  -2.592   4.595 +0.00 +0.02    +0.298 C 
DOCKED: ATOM     16  C   UNL     1      -0.468  -1.163   5.009 +0.00 +0.01    +0.198 C 
DOCKED: ATOM     17  O   UNL     1       0.056  -0.233   4.061 +0.00 -0.02    -0.388 OA
DOCKED: ATOM     18  C   UNL     1      -0.491  -0.470   2.763 +0.00 +0.01    +0.198 C 
DOCKED: ATOM     19  C   UNL     1      -0.153  -1.883   2.294 +0.00 +0.02    +0.298 C 
DOCKED: ENDBRANCH  13  14
DOCKED: ENDBRANCH  12  13
DOCKED: ENDBRANCH  10  12
DOCKED: ENDBRANCH   4  10
DOCKED: BRANCH   8  20
DOCKED: ATOM     20  N   UNL     1       4.275  -0.123   0.693 +0.00 -0.01    -0.113 N 
DOCKED: ATOM     21  O   UNL     1       5.517  -0.070   0.499 +0.00 -0.03    -0.532 OA
DOCKED: ATOM     22  O   UNL     1       3.517   0.823   0.350 +0.00 -0.03    -0.532 OA
DOCKED: ENDBRANCH   8  20
DOCKED: TORSDOF 5
DOCKED: TER
DOCKED: ENDMDL
________________________________________________________________________________


	BEGINNING GENETIC ALGORITHM DOCKING
Run:	3 / 100
Date:	Sun Jun 25 16:49:49 2017
Beginning LAMARCKIAN GENETIC ALGORITHM (LGA), with a maximum of 20000000 energy evaluations.

Final-Value: -1.401
Real= 2m 32.97s,  CPU= 2m 32.89s,  System= 0.00s


	FINAL GENETIC ALGORITHM ALGORITHM DOCKED STATE
	_______________________________________________


Detailed state:  trans -1.927 2.098 0.038 quatxyzw -0.249803 -0.251158 -0.934263 -0.040869 center 0.028 0.086 -0.001 ntor 5 -92.2779 71.6964 -77.0958 130.7081 107.8723
State:	 -1.927   2.098   0.038  -0.250 -0.251 -0.935 -175.315    -92.28   71.70  -77.10  130.71  107.87

DOCKED: MODEL        3
DOCKED: USER    Run = 3
DOCKED: USER    DPF = ligand_receptor.dpf
DOCKED: USER  
DOCKED: USER    Estimated Free Energy of Binding    =   +1.49 kcal/mol  [=(1)+(2)+(3)-(4)]
DOCKED: USER    
DOCKED: USER    (1) Final Intermolecular Energy     =   -0.00 kcal/mol
DOCKED: USER        vdW + Hbond + desolv Energy     =   +0.00 kcal/mol
DOCKED: USER        Electrostatic Energy            =   -0.00 kcal/mol
DOCKED: USER    (2) Final Total Internal Energy     =   -1.40 kcal/mol
DOCKED: USER    (3) Torsional Free Energy           =   +1.49 kcal/mol
DOCKED: USER    (4) Unbound System's Energy  [=(2)] =   -1.40 kcal/mol
DOCKED: USER    
DOCKED: USER    
DOCKED: USER    NEWDPF move ligand.pdbqt
DOCKED: USER    NEWDPF about 0.027700 0.086100 -0.001100
DOCKED: USER    NEWDPF tran0 -1.927028 2.097594 0.038486
DOCKED: USER    NEWDPF quaternion0 -0.249803 -0.251158 -0.934263 -0.040869
DOCKED: USER    NEWDPF axisangle0 -0.250012 -0.251368 -0.935044 -175.315458
DOCKED: USER    NEWDPF quat0 -0.250012 -0.251368 -0.935044 -175.315458
DOCKED: USER    NEWDPF dihe0 -92.28 71.70 -77.10 130.71 107.87 
DOCKED: USER  keepresnum = 1 
DOCKED: USER  
DOCKED: REMARK  5 active torsions:
DOCKED: REMARK  status: ('A' for Active; 'I' for Inactive)
DOCKED: REMARK    1  A    between atoms: N_5  and  C_12 
DOCKED: REMARK    2  A    between atoms: N_6  and  C_15 
DOCKED: REMARK    3  A    between atoms: N_6  and  C_16 
DOCKED: REMARK    4  A    between atoms: N_9  and  C_20 
DOCKED: REMARK    5  A    between atoms: C_12  and  C_15 
DOCKED: USER                              x       y       z     vdW  Elec       q    Type
DOCKED: USER                           _______ _______ _______ _____ _____    ______ ____
DOCKED: ROOT
DOCKED: ATOM      1  O   UNL     1       1.766  -0.156  -0.272 +0.00 -0.01    -0.106 OA
DOCKED: ATOM      2  N   UNL     1       0.486   0.053   0.209 +0.00 -0.01    -0.101 NA
DOCKED: ATOM      3  N   UNL     1       2.124   0.795  -1.212 +0.00 -0.01    -0.100 NA
DOCKED: ATOM      4  C   UNL     1      -1.237   1.775  -0.296 +0.00 +0.00    +0.062 A 
DOCKED: ATOM      5  C   UNL     1       0.027   1.138  -0.426 +0.00 +0.01    +0.146 A 
DOCKED: ATOM      6  C   UNL     1      -1.367   2.911  -1.138 +0.00 +0.00    +0.034 A 
DOCKED: ATOM      7  C   UNL     1       1.069   1.610  -1.330 +0.00 +0.01    +0.152 A 
DOCKED: ATOM      8  C   UNL     1       0.899   2.742  -2.149 +0.00 +0.01    +0.136 A 
DOCKED: ATOM      9  C   UNL     1      -0.352   3.370  -2.018 +0.00 +0.00    +0.041 A 
DOCKED: ENDROOT
DOCKED: BRANCH   4  10
DOCKED: ATOM     10  N   UNL     1      -2.246   1.363   0.545 +0.00 -0.02    -0.386 N 
DOCKED: ATOM     11  H   UNL     1      -2.435   1.924   1.368 +0.00 +0.01    +0.159 HD
DOCKED: BRANCH  10  12
DOCKED: ATOM     12  C   UNL     1      -3.045   0.165   0.307 +0.00 +0.01    +0.150 C 
DOCKED: BRANCH  12  13
DOCKED: ATOM     13  C   UNL     1      -3.531   0.137  -1.139 +0.00 +0.02    +0.292 C 
DOCKED: BRANCH  13  14
DOCKED: ATOM     14  N   UNL     1      -2.720  -0.790  -1.925 +0.00 +0.01    +0.094 N 
DOCKED: ATOM     15  C   UNL     1      -1.905  -0.064  -2.910 +0.00 +0.02    +0.298 C 
DOCKED: ATOM     16  C   UNL     1      -1.058  -1.051  -3.708 +0.00 +0.01    +0.198 C 
DOCKED: ATOM     17  O   UNL     1      -0.223  -1.812  -2.835 +0.00 -0.02    -0.388 OA
DOCKED: ATOM     18  C   UNL     1      -1.009  -2.546  -1.895 +0.00 +0.01    +0.198 C 
DOCKED: ATOM     19  C   UNL     1      -1.856  -1.596  -1.052 +0.00 +0.02    +0.298 C 
DOCKED: ENDBRANCH  13  14
DOCKED: ENDBRANCH  12  13
DOCKED: ENDBRANCH  10  12
DOCKED: ENDBRANCH   4  10
DOCKED: BRANCH   8  20
DOCKED: ATOM     20  N   UNL     1       1.911   3.193  -3.024 +0.00 -0.01    -0.113 N 
DOCKED: ATOM     21  O   UNL     1       1.975   2.719  -4.188 +0.00 -0.03    -0.532 OA
DOCKED: ATOM     22  O   UNL     1       2.731   4.061  -2.624 +0.00 -0.03    -0.532 OA
DOCKED: ENDBRANCH   8  20
DOCKED: TORSDOF 5
DOCKED: TER
DOCKED: ENDMDL
________________________________________________________________________________


	BEGINNING GENETIC ALGORITHM DOCKING
Run:	4 / 100
Date:	Sun Jun 25 16:52:22 2017
Beginning LAMARCKIAN GENETIC ALGORITHM (LGA), with a maximum of 20000000 energy evaluations.

Final-Value: -1.401
Real= 2m 32.87s,  CPU= 2m 32.78s,  System= 0.00s


	FINAL GENETIC ALGORITHM ALGORITHM DOCKED STATE
	_______________________________________________


Detailed state:  trans -4.963 -0.517 -0.803 quatxyzw 0.418475 -0.114982 0.893811 0.112954 center 0.028 0.086 -0.001 ntor 5 -92.0001 71.2373 -76.7866 130.7278 107.8866
State:	 -4.963  -0.517  -0.803   0.421 -0.116  0.900 167.029    -92.00   71.24  -76.79  130.73  107.89

DOCKED: MODEL        4
DOCKED: USER    Run = 4
DOCKED: USER    DPF = ligand_receptor.dpf
DOCKED: USER  
DOCKED: USER    Estimated Free Energy of Binding    =   +1.49 kcal/mol  [=(1)+(2)+(3)-(4)]
DOCKED: USER    
DOCKED: USER    (1) Final Intermolecular Energy     =   -0.00 kcal/mol
DOCKED: USER        vdW + Hbond + desolv Energy     =   +0.00 kcal/mol
DOCKED: USER        Electrostatic Energy            =   -0.00 kcal/mol
DOCKED: USER    (2) Final Total Internal Energy     =   -1.40 kcal/mol
DOCKED: USER    (3) Torsional Free Energy           =   +1.49 kcal/mol
DOCKED: USER    (4) Unbound System's Energy  [=(2)] =   -1.40 kcal/mol
DOCKED: USER    
DOCKED: USER    
DOCKED: USER    NEWDPF move ligand.pdbqt
DOCKED: USER    NEWDPF about 0.027700 0.086100 -0.001100
DOCKED: USER    NEWDPF tran0 -4.963196 -0.517480 -0.803477
DOCKED: USER    NEWDPF quaternion0 0.418475 -0.114982 0.893811 0.112954
DOCKED: USER    NEWDPF axisangle0 0.421171 -0.115723 0.899569 167.028743
DOCKED: USER    NEWDPF quat0 0.421171 -0.115723 0.899569 167.028743
DOCKED: USER    NEWDPF dihe0 -92.00 71.24 -76.79 130.73 107.89 
DOCKED: USER  keepresnum = 1 
DOCKED: USER  
DOCKED: REMARK  5 active torsions:
DOCKED: REMARK  status: ('A' for Active; 'I' for Inactive)
DOCKED: REMARK    1  A    between atoms: N_5  and  C_12 
DOCKED: REMARK    2  A    between atoms: N_6  and  C_15 
DOCKED: REMARK    3  A    between atoms: N_6  and  C_16 
DOCKED: REMARK    4  A    between atoms: N_9  and  C_20 
DOCKED: REMARK    5  A    between atoms: C_12  and  C_15 
DOCKED: USER                              x       y       z     vdW  Elec       q    Type
DOCKED: USER                           _______ _______ _______ _____ _____    ______ ____
DOCKED: ROOT
DOCKED: ATOM      1  O   UNL     1      -2.277  -1.949  -3.894 +0.00 -0.01    -0.106 OA
DOCKED: ATOM      2  N   UNL     1      -3.234  -2.130  -2.912 +0.00 -0.01    -0.101 NA
DOCKED: ATOM      3  N   UNL     1      -2.011  -0.607  -4.112 +0.00 -0.01    -0.100 NA
DOCKED: ATOM      4  C   UNL     1      -4.525  -0.529  -1.511 +0.00 +0.00    +0.062 A 
DOCKED: ATOM      5  C   UNL     1      -3.579  -0.902  -2.503 +0.00 +0.01    +0.146 A 
DOCKED: ATOM      6  C   UNL     1      -4.624   0.878  -1.349 +0.00 +0.00    +0.034 A 
DOCKED: ATOM      7  C   UNL     1      -2.801   0.066  -3.267 +0.00 +0.01    +0.152 A 
DOCKED: ATOM      8  C   UNL     1      -2.930   1.454  -3.076 +0.00 +0.01    +0.136 A 
DOCKED: ATOM      9  C   UNL     1      -3.867   1.820  -2.093 +0.00 +0.00    +0.041 A 
DOCKED: ENDROOT
DOCKED: BRANCH   4  10
DOCKED: ATOM     10  N   UNL     1      -5.279  -1.411  -0.768 +0.00 -0.02    -0.386 N 
DOCKED: ATOM     11  H   UNL     1      -5.041  -1.528   0.210 +0.00 +0.01    +0.159 HD
DOCKED: BRANCH  10  12
DOCKED: ATOM     12  C   UNL     1      -6.390  -2.176  -1.323 +0.00 +0.01    +0.150 C 
DOCKED: BRANCH  12  13
DOCKED: ATOM     13  C   UNL     1      -7.307  -1.261  -2.129 +0.00 +0.02    +0.292 C 
DOCKED: BRANCH  13  14
DOCKED: ATOM     14  N   UNL     1      -7.064  -1.439  -3.559 +0.00 +0.01    +0.094 N 
DOCKED: ATOM     15  C   UNL     1      -6.462  -0.230  -4.140 +0.00 +0.02    +0.298 C 
DOCKED: ATOM     16  C   UNL     1      -6.207  -0.444  -5.629 +0.00 +0.01    +0.198 C 
DOCKED: ATOM     17  O   UNL     1      -5.354  -1.572  -5.831 +0.00 -0.02    -0.388 OA
DOCKED: ATOM     18  C   UNL     1      -5.946  -2.757  -5.298 +0.00 +0.01    +0.198 C 
DOCKED: ATOM     19  C   UNL     1      -6.197  -2.599  -3.800 +0.00 +0.02    +0.298 C 
DOCKED: ENDBRANCH  13  14
DOCKED: ENDBRANCH  12  13
DOCKED: ENDBRANCH  10  12
DOCKED: ENDBRANCH   4  10
DOCKED: BRANCH   8  20
DOCKED: ATOM     20  N   UNL     1      -2.175   2.386  -3.820 +0.00 -0.01    -0.113 N 
DOCKED: ATOM     21  O   UNL     1      -2.617   2.795  -4.926 +0.00 -0.03    -0.532 OA
DOCKED: ATOM     22  O   UNL     1      -1.074   2.793  -3.364 +0.00 -0.03    -0.532 OA
DOCKED: ENDBRANCH   8  20
DOCKED: TORSDOF 5
DOCKED: TER
DOCKED: ENDMDL
________________________________________________________________________________


	BEGINNING GENETIC ALGORITHM DOCKING
Run:	5 / 100
Date:	Sun Jun 25 16:54:55 2017
Beginning LAMARCKIAN GENETIC ALGORITHM (LGA), with a maximum of 20000000 energy evaluations.

