          AutoDock 4.2 Release 4.2.5.1 
         (C) 1989-2012 The Scripps Research Institute
        AutoDock comes with ABSOLUTELY NO WARRANTY.
        AutoDock is free software, and you are welcome
        to redistribute it under certain conditions;
        for details type 'autodock4 -C'

                     main.cc  $Revision: 1.194 $

                   Compiled on Dec 13 2012 at 13:29:56


This file was created at:			4:09 26" p.m., 06/25/2017
                   using:			"compute-0-7.local"

      ________________________________________________________________

                   SETTING UP DEFAULT PARAMETER LIBRARY
      ________________________________________________________________


Sizeof FourByteLong = 8, not 4.
Random number generator was seeded with values 61022, 1498399766.
Docking parameter file (DPF) used for this docking:		ligand_receptor.dpf
DPF> autodock_parameter_version 4.2       # used by autodock to validate parameter set

	Autodock parameter version 4.2.
DPF> outlev 1                             # diagnostic output level

Output Level = 1  ADT-COMPATIBLE OUTPUT DURING DOCKING.
DPF> intelec                              # calculate internal electrostatics

Electrostatic energies will be calculated for all non-bonds between moving atoms.
DPF> ligand_types A C HD OA               # atoms types in ligand

DPF> fld receptor.maps.fld                # grid_data_file

Opening Grid Map Dimensions file:		receptor.maps.fld
Grid Point Spacing =				0.375 Angstroms

Even Number of User-specified Grid Points =	50 x-points
						40 y-points
						40 z-points

Coordinates of Central Grid Point of Maps =	(0.111, 0.043, 0.075)
Macromolecule file used to create Grid Maps =	receptor.pdbqt
Grid Parameter file used to create Grid Maps =	receptor.gpf
Minimum coordinates in grid = (-9.264, -7.457, -7.425)
Maximum coordinates in grid = (9.486, 7.543, 7.575)

DPF> map receptor.A.map                   # atom-specific affinity map

DPF> map receptor.C.map                   # atom-specific affinity map

DPF> map receptor.HD.map                  # atom-specific affinity map

DPF> map receptor.OA.map                  # atom-specific affinity map

DPF> elecmap receptor.e.map               # electrostatics map

DPF> desolvmap receptor.d.map             # desolvation map

DPF> move ligand.pdbqt                    # small molecule

1,4-interactions will be _ignored_ in the non-bonded internal energy calculation.

Ligand PDBQT file = "ligand.pdbqt"

INPUT LIGAND PDBQT FILE:
________________________

INPUT-LIGAND-PDBQT: REMARK  5 active torsions:
INPUT-LIGAND-PDBQT: REMARK  status: ('A' for Active; 'I' for Inactive)
INPUT-LIGAND-PDBQT: REMARK    1  A    between atoms: O_1  and  C_9 
INPUT-LIGAND-PDBQT: REMARK    2  A    between atoms: O_2  and  C_28 
INPUT-LIGAND-PDBQT: REMARK    3  A    between atoms: O_2  and  C_31 
INPUT-LIGAND-PDBQT: REMARK    4  A    between atoms: O_8  and  C_36 
INPUT-LIGAND-PDBQT: REMARK    5  A    between atoms: C_14  and  C_25 
INPUT-LIGAND-PDBQT: ROOT
INPUT-LIGAND-PDBQT: HETATM    1  C   UNL     1      -3.581   0.410   0.089  1.00  0.00     0.070 C 
INPUT-LIGAND-PDBQT: HETATM    2  C   UNL     1      -4.330  -0.718  -0.672  1.00  0.00    -0.005 C 
INPUT-LIGAND-PDBQT: HETATM    3  C   UNL     1      -2.136   0.032   0.516  1.00  0.00     0.026 C 
INPUT-LIGAND-PDBQT: HETATM    4  C   UNL     1      -1.286  -0.567  -0.638  1.00  0.00     0.005 C 
INPUT-LIGAND-PDBQT: HETATM    5  C   UNL     1       0.179  -0.957  -0.194  1.00  0.00    -0.017 C 
INPUT-LIGAND-PDBQT: HETATM    6  C   UNL     1      -5.533   0.035  -1.322  1.00  0.00     0.032 C 
INPUT-LIGAND-PDBQT: HETATM    7  C   UNL     1      -3.429  -1.292  -1.800  1.00  0.00     0.013 C 
INPUT-LIGAND-PDBQT: HETATM    8  C   UNL     1      -2.046  -1.723  -1.315  1.00  0.00     0.007 C 
INPUT-LIGAND-PDBQT: HETATM    9  C   UNL     1      -3.677   1.612  -0.868  1.00  0.00     0.040 C 
INPUT-LIGAND-PDBQT: HETATM   10  C   UNL     1      -1.403   1.225   1.160  1.00  0.00     0.012 C 
INPUT-LIGAND-PDBQT: HETATM   11  C   UNL     1      -4.969   1.424  -1.676  1.00  0.00     0.013 C 
INPUT-LIGAND-PDBQT: HETATM   12  C   UNL     1       0.808   0.220   0.561  1.00  0.00    -0.072 C 
INPUT-LIGAND-PDBQT: HETATM   13  C   UNL     1      -4.782  -1.879   0.238  1.00  0.00     0.019 C 
INPUT-LIGAND-PDBQT: HETATM   14  C   UNL     1      -0.019   0.833   1.662  1.00  0.00     0.035 C 
INPUT-LIGAND-PDBQT: HETATM   15  C   UNL     1       1.011  -1.298  -1.471  1.00  0.00     0.017 C 
INPUT-LIGAND-PDBQT: HETATM   16  C   UNL     1       0.195  -2.190   0.741  1.00  0.00     0.020 C 
INPUT-LIGAND-PDBQT: HETATM   17  C   UNL     1       2.515  -1.250  -1.230  1.00  0.00     0.037 C 
INPUT-LIGAND-PDBQT: HETATM   18  C   UNL     1       2.033   0.704   0.281  1.00  0.00     0.008 C 
INPUT-LIGAND-PDBQT: HETATM   19  C   UNL     1       2.945   0.137  -0.762  1.00  0.00     0.147 C 
INPUT-LIGAND-PDBQT: ENDROOT
INPUT-LIGAND-PDBQT: BRANCH  19  20
INPUT-LIGAND-PDBQT: HETATM   20  O   UNL     1       4.261   0.057  -0.223  1.00  0.00    -0.349 OA
INPUT-LIGAND-PDBQT: BRANCH  20  21
INPUT-LIGAND-PDBQT: HETATM   21  C   UNL     1       5.248   0.260  -1.228  1.00  0.00     0.292 C 
INPUT-LIGAND-PDBQT: HETATM   22  O   UNL     1       5.527   1.651  -1.397  1.00  0.00    -0.351 OA
INPUT-LIGAND-PDBQT: HETATM   23  C   UNL     1       6.107   2.243  -0.228  1.00  0.00     0.152 C 
INPUT-LIGAND-PDBQT: HETATM   24  C   UNL     1       7.485   1.631   0.020  1.00  0.00     0.178 C 
INPUT-LIGAND-PDBQT: HETATM   25  C   UNL     1       6.195   3.747  -0.471  1.00  0.00     0.042 C 
INPUT-LIGAND-PDBQT: HETATM   26  C   UNL     1       7.439   0.111   0.101  1.00  0.00     0.190 C 
INPUT-LIGAND-PDBQT: HETATM   27  O   UNL     1       6.896  -0.389   1.326  1.00  0.00    -0.345 OA
INPUT-LIGAND-PDBQT: HETATM   28  C   UNL     1       6.538  -0.526  -0.939  1.00  0.00     0.211 C 
INPUT-LIGAND-PDBQT: HETATM   29  C   UNL     1       6.535  -1.744   1.001  1.00  0.00     0.158 C 
INPUT-LIGAND-PDBQT: HETATM   30  O   UNL     1       6.232  -1.822  -0.405  1.00  0.00    -0.343 OA
INPUT-LIGAND-PDBQT: HETATM   31  C   UNL     1       7.706  -2.685   1.296  1.00  0.00     0.078 C 
INPUT-LIGAND-PDBQT: HETATM   32  C   UNL     1       5.326  -2.159   1.831  1.00  0.00     0.078 C 
INPUT-LIGAND-PDBQT: BRANCH  24  33
INPUT-LIGAND-PDBQT: HETATM   33  O   UNL     1       8.080   2.161   1.196  1.00  0.00    -0.390 OA
INPUT-LIGAND-PDBQT: HETATM   34  H   UNL     1       8.954   1.747   1.296  1.00  0.00     0.210 HD
INPUT-LIGAND-PDBQT: ENDBRANCH  24  33
INPUT-LIGAND-PDBQT: ENDBRANCH  20  21
INPUT-LIGAND-PDBQT: ENDBRANCH  19  20
INPUT-LIGAND-PDBQT: BRANCH   1  35
INPUT-LIGAND-PDBQT: HETATM   35  O   UNL     1      -4.311   0.782   1.268  1.00  0.00    -0.389 OA
INPUT-LIGAND-PDBQT: HETATM   36  H   UNL     1      -4.194   0.084   1.933  1.00  0.00     0.210 HD
INPUT-LIGAND-PDBQT: ENDBRANCH   1  35
INPUT-LIGAND-PDBQT: BRANCH   6  37
INPUT-LIGAND-PDBQT: HETATM   37  C   UNL     1      -6.762   0.176  -0.470  1.00  0.00    -0.030 A 
INPUT-LIGAND-PDBQT: HETATM   38  C   UNL     1      -7.795  -0.820  -0.584  1.00  0.00     0.015 A 
INPUT-LIGAND-PDBQT: HETATM   39  C   UNL     1      -8.909  -0.741   0.151  1.00  0.00     0.083 A 
INPUT-LIGAND-PDBQT: HETATM   40  C   UNL     1      -9.105   0.375   1.099  1.00  0.00     0.287 A 
INPUT-LIGAND-PDBQT: HETATM   41  O   UNL     1      -8.105   1.308   1.188  1.00  0.00    -0.287 OA
INPUT-LIGAND-PDBQT: HETATM   42  O   UNL     1     -10.127   0.450   1.774  1.00  0.00    -0.260 OA
INPUT-LIGAND-PDBQT: HETATM   43  C   UNL     1      -6.957   1.177   0.394  1.00  0.00     0.153 A 
INPUT-LIGAND-PDBQT: ENDBRANCH   6  37
INPUT-LIGAND-PDBQT: TORSDOF 5
________________________________________________________________________________

Total charge on ligand                               =	-0.000 e
REMARK  5 active torsions:
REMARK  status: ('A' for Active; 'I' for Inactive)
REMARK    1  A    between atoms: O_1  and  C_9 
REMARK    2  A    between atoms: O_2  and  C_28 
REMARK    3  A    between atoms: O_2  and  C_31 
REMARK    4  A    between atoms: O_8  and  C_36 
REMARK    5  A    between atoms: C_14  and  C_25 


Number of Rotatable Bonds in Small Molecule =	5 torsions
Number of atoms in ligand:  43

Number of non-hydrogen atoms in ligand:  41

Number of vibrational degrees of freedom of ligand:  123


Number of torsional degrees of freedom = 5
Estimated loss of torsional free energy upon binding = +1.4915 kcal/mol


DPF> about 0.1107 0.0426 0.0751           # small molecule center

Small molecule center of rotation =	(+0.111, +0.043, +0.075)

DPF> # ADDED BY TOXIM

DPF> 

DPF> ga_pop_size 250                      # number of individuals in population

A population of 250 individuals will be used
DPF> ga_num_evals 20000000                # maximum number of energy evaluations

There will be at most 20000000 function evaluations used.
DPF> ga_num_generations 2000000000        # maximum number of generations

The GA will run for at most 2000000000 generations.
DPF> ga_elitism 1                         # number of top individuals to survive to next generation

The 1 best will be preserved each GA generation.
DPF> ga_mutation_rate 0.02                # rate of gene mutation

The mutation rate is 0.020000.
DPF> ga_crossover_rate 0.8                # rate of crossover

The crossover rate is 0.800000.
DPF> ga_window_size 10                    # 

The GA's selection window is 10 generations.
DPF> ga_cauchy_alpha 0.0                  # Alpha parameter of Cauchy distribution

The alpha parameter (for the Cauchy distribution) is being set to 0.000000.
DPF> ga_cauchy_beta 1.0                   # Beta parameter Cauchy distribution

The beta parameter (for the Cauchy distribution) is being set to 1.000000.
DPF> set_ga                               # set the above parameters for GA or LGA

DPF> sw_max_its 300                       # iterations of Solis & Wets local search

Solis & Wets algorithms will perform at most 300 iterations.
DPF> sw_max_succ 4                        # consecutive successes before changing rho

Solis & Wets algorithms expand rho every 4 in a row successes.
DPF> sw_max_fail 4                        # consecutive failures before changing rho

Solis & Wets algorithms contract rho every 4 in a row failures.
DPF> sw_rho 1.0                           # size of local search space to sample

rho is set to 1.000000.
DPF> sw_lb_rho 0.01                       # lower bound on rho

rho will never get smaller than 0.010000.
DPF> ls_search_freq 0.06                  # probability of performing local search on individual

Local search will be performed with frequency 0.060000.
DPF> set_psw1                             # set the above pseudo-Solis & Wets parameters

Creating a new Local Search object using the pseudo-Solis-Wets algorithm (pSW1) with the current settings.

DPF> unbound_model bound                  # state of unbound ligand

DPF> ga_run 100                           # do this many hybrid GA-LS runs

centering ligand on specified point: 0.111 0.043 0.075
Furthest true ligand atom from "about" center is 10.386 Angstroms (maxrad).
Setting 'tran0' value to same as 'about' value: 0.111 0.043 0.075
Number of requested GA dockings = 100 runs
Unbound model to be used is 'same as bound' [AutoDock 4.2 default].

	BEGINNING GENETIC ALGORITHM DOCKING
Run:	1 / 100
Date:	Sun Jun 25 16:09:26 2017
Beginning LAMARCKIAN GENETIC ALGORITHM (LGA), with a maximum of 20000000 energy evaluations.

Final-Value: -2.267
Real= 5m 12.41s,  CPU= 5m 12.53s,  System= 0.01s


	FINAL GENETIC ALGORITHM ALGORITHM DOCKED STATE
	_______________________________________________


Detailed state:  trans -0.189 2.013 -1.506 quatxyzw 0.270688 -0.567120 -0.766517 0.132494 center 0.111 0.043 0.075 ntor 5 -85.1541 151.9276 -167.5689 35.1715 -66.2616
State:	 -0.189   2.013  -1.506   0.273 -0.572 -0.773 164.773    -85.15  151.93 -167.57   35.17  -66.26

DOCKED: MODEL        1
DOCKED: USER    Run = 1
DOCKED: USER    DPF = ligand_receptor.dpf
DOCKED: USER  
DOCKED: USER    Estimated Free Energy of Binding    =   +1.49 kcal/mol  [=(1)+(2)+(3)-(4)]
DOCKED: USER    
DOCKED: USER    (1) Final Intermolecular Energy     =   -0.00 kcal/mol
DOCKED: USER        vdW + Hbond + desolv Energy     =   +0.00 kcal/mol
DOCKED: USER        Electrostatic Energy            =   -0.00 kcal/mol
DOCKED: USER    (2) Final Total Internal Energy     =   -2.27 kcal/mol
DOCKED: USER    (3) Torsional Free Energy           =   +1.49 kcal/mol
DOCKED: USER    (4) Unbound System's Energy  [=(2)] =   -2.27 kcal/mol
DOCKED: USER    
DOCKED: USER    
DOCKED: USER    NEWDPF move ligand.pdbqt
DOCKED: USER    NEWDPF about 0.110700 0.042600 0.075100
DOCKED: USER    NEWDPF tran0 -0.189293 2.013494 -1.505585
DOCKED: USER    NEWDPF quaternion0 0.270688 -0.567120 -0.766517 0.132494
DOCKED: USER    NEWDPF axisangle0 0.273096 -0.572164 -0.773335 164.772565
DOCKED: USER    NEWDPF quat0 0.273096 -0.572164 -0.773335 164.772565
DOCKED: USER    NEWDPF dihe0 -85.15 151.93 -167.57 35.17 -66.26 
DOCKED: USER  keepresnum = 1 
DOCKED: USER  
DOCKED: REMARK  5 active torsions:
DOCKED: REMARK  status: ('A' for Active; 'I' for Inactive)
DOCKED: REMARK    1  A    between atoms: O_1  and  C_9 
DOCKED: REMARK    2  A    between atoms: O_2  and  C_28 
DOCKED: REMARK    3  A    between atoms: O_2  and  C_31 
DOCKED: REMARK    4  A    between atoms: O_8  and  C_36 
DOCKED: REMARK    5  A    between atoms: C_14  and  C_25 
DOCKED: USER                              x       y       z     vdW  Elec       q    Type
DOCKED: USER                           _______ _______ _______ _____ _____    ______ ____
DOCKED: ROOT
DOCKED: ATOM      1  C   UNL     1       2.641   2.292   0.877 +0.00 +0.00    +0.070 C 
DOCKED: ATOM      2  C   UNL     1       4.031   2.016   0.241 +0.00 -0.00    -0.005 C 
DOCKED: ATOM      3  C   UNL     1       1.538   2.665  -0.151 +0.00 +0.00    +0.026 C 
DOCKED: ATOM      4  C   UNL     1       1.453   1.684  -1.352 +0.00 +0.00    +0.005 C 
DOCKED: ATOM      5  C   UNL     1       0.336   2.075  -2.398 +0.00 -0.00    -0.017 C 
DOCKED: ATOM      6  C   UNL     1       4.803   1.287   1.385 +0.00 +0.00    +0.032 C 
DOCKED: ATOM      7  C   UNL     1       3.885   1.046  -0.964 +0.00 +0.00    +0.013 C 
DOCKED: ATOM      8  C   UNL     1       2.844   1.497  -1.987 +0.00 +0.00    +0.007 C 
DOCKED: ATOM      9  C   UNL     1       2.359   1.015   1.689 +0.00 +0.00    +0.040 C 
DOCKED: ATOM     10  C   UNL     1       0.159   2.812   0.521 +0.00 +0.00    +0.012 C 
DOCKED: ATOM     11  C   UNL     1       3.726   0.449   2.100 +0.00 +0.00    +0.013 C 
DOCKED: ATOM     12  C   UNL     1      -0.979   2.341  -1.656 +0.00 -0.00    -0.072 C 
DOCKED: ATOM     13  C   UNL     1       4.752   3.293  -0.239 +0.00 +0.00    +0.019 C 
DOCKED: ATOM     14  C   UNL     1      -0.906   3.266  -0.468 +0.00 +0.00    +0.035 C 
DOCKED: ATOM     15  C   UNL     1       0.167   0.896  -3.409 +0.00 +0.00    +0.017 C 
DOCKED: ATOM     16  C   UNL     1       0.704   3.350  -3.194 +0.00 +0.00    +0.020 C 
DOCKED: ATOM     17  C   UNL     1      -1.152   0.951  -4.170 +0.00 +0.00    +0.037 C 
DOCKED: ATOM     18  C   UNL     1      -2.154   1.795  -2.021 +0.00 +0.00    +0.008 C 
DOCKED: ATOM     19  C   UNL     1      -2.335   0.901  -3.208 +0.00 +0.01    +0.147 C 
DOCKED: ENDROOT
DOCKED: BRANCH  19  20
DOCKED: ATOM     20  O   UNL     1      -3.514   1.297  -3.903 +0.00 -0.02    -0.349 OA
DOCKED: BRANCH  20  21
DOCKED: ATOM     21  C   UNL     1      -3.379   1.107  -5.307 +0.00 +0.02    +0.292 C 
DOCKED: ATOM     22  O   UNL     1      -4.397   0.237  -5.805 +0.00 -0.02    -0.351 OA
DOCKED: ATOM     23  C   UNL     1      -5.712   0.788  -5.662 +0.00 +0.01    +0.152 C 
DOCKED: ATOM     24  C   UNL     1      -5.841   2.028  -6.545 +0.00 +0.01    +0.178 C 
DOCKED: ATOM     25  C   UNL     1      -6.709  -0.295  -6.065 +0.00 +0.00    +0.042 C 
DOCKED: ATOM     26  C   UNL     1      -4.749   3.053  -6.269 +0.00 +0.01    +0.190 C 
DOCKED: ATOM     27  O   UNL     1      -4.935   3.786  -5.055 +0.00 -0.02    -0.345 OA
DOCKED: ATOM     28  C   UNL     1      -3.376   2.441  -6.073 +0.00 +0.01    +0.211 C 
DOCKED: ATOM     29  C   UNL     1      -3.625   4.318  -4.784 +0.00 +0.01    +0.158 C 
DOCKED: ATOM     30  O   UNL     1      -2.637   3.437  -5.352 +0.00 -0.02    -0.343 OA
DOCKED: ATOM     31  C   UNL     1      -3.473   5.696  -5.432 +0.00 +0.00    +0.078 C 
DOCKED: ATOM     32  C   UNL     1      -3.429   4.438  -3.277 +0.00 +0.00    +0.078 C 
DOCKED: BRANCH  24  33
DOCKED: ATOM     33  O   UNL     1      -7.119   2.631  -6.402 +0.00 -0.02    -0.390 OA
DOCKED: ATOM     34  H   UNL     1      -7.037   3.343  -5.745 +0.00 +0.01    +0.210 HD
DOCKED: ENDBRANCH  24  33
DOCKED: ENDBRANCH  20  21
DOCKED: ENDBRANCH  19  20
DOCKED: BRANCH   1  35
DOCKED: ATOM     35  O   UNL     1       2.736   3.358   1.834 +0.00 -0.02    -0.389 OA
DOCKED: ATOM     36  H   UNL     1       2.268   3.087   2.641 +0.00 +0.01    +0.210 HD
DOCKED: ENDBRANCH   1  35
DOCKED: BRANCH   6  37
DOCKED: ATOM     37  C   UNL     1       5.511   2.172   2.371 +0.00 -0.00    -0.030 A 
DOCKED: ATOM     38  C   UNL     1       4.875   2.439   3.635 +0.00 +0.00    +0.015 A 
DOCKED: ATOM     39  C   UNL     1       5.463   3.220   4.547 +0.00 +0.01    +0.083 A 
DOCKED: ATOM     40  C   UNL     1       6.781   3.828   4.277 +0.00 +0.02    +0.287 A 
DOCKED: ATOM     41  O   UNL     1       7.364   3.556   3.067 +0.00 -0.02    -0.287 OA
DOCKED: ATOM     42  O   UNL     1       7.322   4.546   5.113 +0.00 -0.02    -0.260 OA
DOCKED: ATOM     43  C   UNL     1       6.705   2.730   2.146 +0.00 +0.01    +0.153 A 
DOCKED: ENDBRANCH   6  37
DOCKED: TORSDOF 5
DOCKED: TER
DOCKED: ENDMDL
________________________________________________________________________________


	BEGINNING GENETIC ALGORITHM DOCKING
Run:	2 / 100
Date:	Sun Jun 25 16:14:38 2017
Beginning LAMARCKIAN GENETIC ALGORITHM (LGA), with a maximum of 20000000 energy evaluations.

Final-Value: -2.267
Real= 5m 12.41s,  CPU= 5m 12.54s,  System= 0.00s


	FINAL GENETIC ALGORITHM ALGORITHM DOCKED STATE
	_______________________________________________


Detailed state:  trans -1.260 -0.418 -1.432 quatxyzw 0.382933 -0.450240 0.764397 0.257573 center 0.111 0.043 0.075 ntor 5 -85.1826 153.1050 -167.5273 35.5797 -65.4629
State:	 -1.260  -0.418  -1.432   0.396 -0.466  0.791 150.148    -85.18  153.11 -167.53   35.58  -65.46

DOCKED: MODEL        2
DOCKED: USER    Run = 2
DOCKED: USER    DPF = ligand_receptor.dpf
DOCKED: USER  
DOCKED: USER    Estimated Free Energy of Binding    =   +1.49 kcal/mol  [=(1)+(2)+(3)-(4)]
DOCKED: USER    
DOCKED: USER    (1) Final Intermolecular Energy     =   -0.00 kcal/mol
DOCKED: USER        vdW + Hbond + desolv Energy     =   +0.00 kcal/mol
DOCKED: USER        Electrostatic Energy            =   -0.00 kcal/mol
DOCKED: USER    (2) Final Total Internal Energy     =   -2.27 kcal/mol
DOCKED: USER    (3) Torsional Free Energy           =   +1.49 kcal/mol
DOCKED: USER    (4) Unbound System's Energy  [=(2)] =   -2.27 kcal/mol
DOCKED: USER    
DOCKED: USER    
DOCKED: USER    NEWDPF move ligand.pdbqt
DOCKED: USER    NEWDPF about 0.110700 0.042600 0.075100
DOCKED: USER    NEWDPF tran0 -1.260380 -0.417716 -1.431616
DOCKED: USER    NEWDPF quaternion0 0.382933 -0.450240 0.764397 0.257573
DOCKED: USER    NEWDPF axisangle0 0.396305 -0.465962 0.791089 150.147741
DOCKED: USER    NEWDPF quat0 0.396305 -0.465962 0.791089 150.147741
DOCKED: USER    NEWDPF dihe0 -85.18 153.11 -167.53 35.58 -65.46 
DOCKED: USER  keepresnum = 1 
DOCKED: USER  
DOCKED: REMARK  5 active torsions:
DOCKED: REMARK  status: ('A' for Active; 'I' for Inactive)
DOCKED: REMARK    1  A    between atoms: O_1  and  C_9 
DOCKED: REMARK    2  A    between atoms: O_2  and  C_28 
DOCKED: REMARK    3  A    between atoms: O_2  and  C_31 
DOCKED: REMARK    4  A    between atoms: O_8  and  C_36 
DOCKED: REMARK    5  A    between atoms: C_14  and  C_25 
DOCKED: USER                              x       y       z     vdW  Elec       q    Type
DOCKED: USER                           _______ _______ _______ _____ _____    ______ ____
DOCKED: ROOT
DOCKED: ATOM      1  C   UNL     1       0.888   2.132  -3.058 +0.00 +0.00    +0.070 C 
DOCKED: ATOM      2  C   UNL     1       0.641   3.580  -2.553 +0.00 -0.00    -0.005 C 
DOCKED: ATOM      3  C   UNL     1       0.389   1.030  -2.084 +0.00 +0.00    +0.026 C 
DOCKED: ATOM      4  C   UNL     1      -1.071   1.246  -1.600 +0.00 +0.00    +0.005 C 
DOCKED: ATOM      5  C   UNL     1      -1.568   0.126  -0.603 +0.00 -0.00    -0.017 C 
DOCKED: ATOM      6  C   UNL     1       0.837   4.440  -3.841 +0.00 +0.00    +0.032 C 
DOCKED: ATOM      7  C   UNL     1      -0.826   3.734  -2.066 +0.00 +0.00    +0.013 C 
DOCKED: ATOM      8  C   UNL     1      -1.245   2.673  -1.049 +0.00 +0.00    +0.007 C 
DOCKED: ATOM      9  C   UNL     1       0.220   2.118  -4.445 +0.00 +0.00    +0.040 C 
DOCKED: ATOM     10  C   UNL     1       0.553  -0.379  -2.687 +0.00 +0.00    +0.012 C 
DOCKED: ATOM     11  C   UNL     1       0.292   3.556  -4.978 +0.00 +0.00    +0.013 C 
DOCKED: ATOM     12  C   UNL     1      -1.255  -1.253  -1.196 +0.00 -0.00    -0.072 C 
DOCKED: ATOM     13  C   UNL     1       1.587   4.004  -1.410 +0.00 +0.00    +0.019 C 
DOCKED: ATOM     14  C   UNL     1       0.150  -1.466  -1.699 +0.00 +0.00    +0.035 C 
DOCKED: ATOM     15  C   UNL     1      -3.107   0.296  -0.392 +0.00 +0.00    +0.017 C 
DOCKED: ATOM     16  C   UNL     1      -0.874   0.224   0.776 +0.00 +0.00    +0.020 C 
DOCKED: ATOM     17  C   UNL     1      -3.771  -0.956   0.170 +0.00 +0.00    +0.037 C 
DOCKED: ATOM     18  C   UNL     1      -2.163  -2.244  -1.276 +0.00 +0.00    +0.008 C 
DOCKED: ATOM     19  C   UNL     1      -3.567  -2.144  -0.766 +0.00 +0.01    +0.147 C 
DOCKED: ENDROOT
DOCKED: BRANCH  19  20
DOCKED: ATOM     20  O   UNL     1      -3.886  -3.343  -0.067 +0.00 -0.02    -0.349 OA
DOCKED: BRANCH  20  21
DOCKED: ATOM     21  C   UNL     1      -4.775  -3.094   1.015 +0.00 +0.02    +0.292 C 
DOCKED: ATOM     22  O   UNL     1      -5.972  -3.864   0.881 +0.00 -0.02    -0.351 OA
DOCKED: ATOM     23  C   UNL     1      -5.731  -5.275   0.958 +0.00 +0.01    +0.152 C 
DOCKED: ATOM     24  C   UNL     1      -5.235  -5.629   2.359 +0.00 +0.01    +0.178 C 
DOCKED: ATOM     25  C   UNL     1      -7.043  -5.982   0.631 +0.00 +0.00    +0.042 C 
DOCKED: ATOM     26  C   UNL     1      -4.018  -4.810   2.768 +0.00 +0.01    +0.190 C 
DOCKED: ATOM     27  O   UNL     1      -2.803  -5.219   2.135 +0.00 -0.02    -0.345 OA
DOCKED: ATOM     28  C   UNL     1      -4.112  -3.347   2.380 +0.00 +0.01    +0.211 C 
DOCKED: ATOM     29  C   UNL     1      -1.942  -4.077   2.298 +0.00 +0.01    +0.158 C 
DOCKED: ATOM     30  O   UNL     1      -2.752  -2.889   2.374 +0.00 -0.02    -0.343 OA
DOCKED: ATOM     31  C   UNL     1      -1.145  -4.201   3.600 +0.00 +0.00    +0.078 C 
DOCKED: ATOM     32  C   UNL     1      -0.981  -3.994   1.118 +0.00 +0.00    +0.078 C 
DOCKED: BRANCH  24  33
DOCKED: ATOM     33  O   UNL     1      -4.944  -7.015   2.467 +0.00 -0.02    -0.390 OA
DOCKED: ATOM     34  H   UNL     1      -3.991  -7.130   2.309 +0.00 +0.01    +0.210 HD
DOCKED: ENDBRANCH  24  33
DOCKED: ENDBRANCH  20  21
DOCKED: ENDBRANCH  19  20
DOCKED: BRANCH   1  35
DOCKED: ATOM     35  O   UNL     1       2.289   1.921  -3.290 +0.00 -0.02    -0.389 OA
DOCKED: ATOM     36  H   UNL     1       2.395   1.504  -4.161 +0.00 +0.01    +0.210 HD
DOCKED: ENDBRANCH   1  35
DOCKED: BRANCH   6  37
DOCKED: ATOM     37  C   UNL     1       2.246   4.865  -4.143 +0.00 -0.00    -0.030 A 
DOCKED: ATOM     38  C   UNL     1       2.994   4.117  -5.120 +0.00 +0.00    +0.015 A 
DOCKED: ATOM     39  C   UNL     1       4.251   4.452  -5.425 +0.00 +0.01    +0.083 A 
DOCKED: ATOM     40  C   UNL     1       4.903   5.601  -4.764 +0.00 +0.02    +0.287 A 
DOCKED: ATOM     41  O   UNL     1       4.167   6.296  -3.840 +0.00 -0.02    -0.287 OA
DOCKED: ATOM     42  O   UNL     1       6.058   5.910  -5.043 +0.00 -0.02    -0.260 OA
DOCKED: ATOM     43  C   UNL     1       2.852   5.902  -3.557 +0.00 +0.01    +0.153 A 
DOCKED: ENDBRANCH   6  37
DOCKED: TORSDOF 5
DOCKED: TER
DOCKED: ENDMDL
________________________________________________________________________________


	BEGINNING GENETIC ALGORITHM DOCKING
Run:	3 / 100
Date:	Sun Jun 25 16:19:51 2017
Beginning LAMARCKIAN GENETIC ALGORITHM (LGA), with a maximum of 20000000 energy evaluations.

Final-Value: -2.267
Real= 5m 12.46s,  CPU= 5m 12.59s,  System= 0.00s


	FINAL GENETIC ALGORITHM ALGORITHM DOCKED STATE
	_______________________________________________


Detailed state:  trans 0.845 -0.661 1.351 quatxyzw -0.281687 -0.863902 -0.198384 0.367383 center 0.111 0.043 0.075 ntor 5 -85.1884 153.3832 -167.5436 35.3889 -65.8461
State:	  0.845  -0.661   1.351  -0.303 -0.929 -0.213 136.891    -85.19  153.38 -167.54   35.39  -65.85

DOCKED: MODEL        3
DOCKED: USER    Run = 3
DOCKED: USER    DPF = ligand_receptor.dpf
DOCKED: USER  
DOCKED: USER    Estimated Free Energy of Binding    =   +1.49 kcal/mol  [=(1)+(2)+(3)-(4)]
DOCKED: USER    
DOCKED: USER    (1) Final Intermolecular Energy     =   -0.00 kcal/mol
DOCKED: USER        vdW + Hbond + desolv Energy     =   +0.00 kcal/mol
DOCKED: USER        Electrostatic Energy            =   -0.00 kcal/mol
DOCKED: USER    (2) Final Total Internal Energy     =   -2.27 kcal/mol
DOCKED: USER    (3) Torsional Free Energy           =   +1.49 kcal/mol
DOCKED: USER    (4) Unbound System's Energy  [=(2)] =   -2.27 kcal/mol
DOCKED: USER    
DOCKED: USER    
DOCKED: USER    NEWDPF move ligand.pdbqt
DOCKED: USER    NEWDPF about 0.110700 0.042600 0.075100
DOCKED: USER    NEWDPF tran0 0.844998 -0.660876 1.351023
DOCKED: USER    NEWDPF quaternion0 -0.281687 -0.863902 -0.198384 0.367383
DOCKED: USER    NEWDPF axisangle0 -0.302866 -0.928857 -0.213301 136.891385
DOCKED: USER    NEWDPF quat0 -0.302866 -0.928857 -0.213301 136.891385
DOCKED: USER    NEWDPF dihe0 -85.19 153.38 -167.54 35.39 -65.85 
DOCKED: USER  keepresnum = 1 
DOCKED: USER  
DOCKED: REMARK  5 active torsions:
DOCKED: REMARK  status: ('A' for Active; 'I' for Inactive)
DOCKED: REMARK    1  A    between atoms: O_1  and  C_9 
DOCKED: REMARK    2  A    between atoms: O_2  and  C_28 
DOCKED: REMARK    3  A    between atoms: O_2  and  C_31 
DOCKED: REMARK    4  A    between atoms: O_8  and  C_36 
DOCKED: REMARK    5  A    between atoms: C_14  and  C_25 
DOCKED: USER                              x       y       z     vdW  Elec       q    Type
DOCKED: USER                           _______ _______ _______ _____ _____    ______ ____
DOCKED: ROOT
DOCKED: ATOM      1  C   UNL     1       3.090  -2.714   3.475 +0.00 +0.00    +0.070 C 
DOCKED: ATOM      2  C   UNL     1       2.565  -4.151   3.742 +0.00 -0.00    -0.005 C 
DOCKED: ATOM      3  C   UNL     1       2.454  -2.030   2.233 +0.00 +0.00    +0.026 C 
DOCKED: ATOM      4  C   UNL     1       0.903  -2.106   2.211 +0.00 +0.00    +0.005 C 
DOCKED: ATOM      5  C   UNL     1       0.264  -1.417   0.941 +0.00 -0.00    -0.017 C 
DOCKED: ATOM      6  C   UNL     1       3.024  -4.426   5.209 +0.00 +0.00    +0.032 C 
DOCKED: ATOM      7  C   UNL     1       1.013  -4.172   3.690 +0.00 +0.00    +0.013 C 
DOCKED: ATOM      8  C   UNL     1       0.438  -3.560   2.414 +0.00 +0.00    +0.007 C 
DOCKED: ATOM      9  C   UNL     1       2.840  -1.988   4.809 +0.00 +0.00    +0.040 C 
DOCKED: ATOM     10  C   UNL     1       2.923  -0.569   2.086 +0.00 +0.00    +0.012 C 
DOCKED: ATOM     11  C   UNL     1       2.911  -3.058   5.908 +0.00 +0.00    +0.013 C 
DOCKED: ATOM     12  C   UNL     1       0.870  -0.019   0.767 +0.00 -0.00    -0.072 C 
DOCKED: ATOM     13  C   UNL     1       3.107  -5.199   2.747 +0.00 +0.00    +0.019 C 
DOCKED: ATOM     14  C   UNL     1       2.373   0.075   0.820 +0.00 +0.00    +0.035 C 
DOCKED: ATOM     15  C   UNL     1      -1.281  -1.324   1.150 +0.00 +0.00    +0.017 C 
DOCKED: ATOM     16  C   UNL     1       0.533  -2.220  -0.354 +0.00 +0.00    +0.020 C 
DOCKED: ATOM     17  C   UNL     1      -1.944  -0.303   0.233 +0.00 +0.00    +0.037 C 
DOCKED: ATOM     18  C   UNL     1       0.126   1.087   0.575 +0.00 +0.00    +0.008 C 
DOCKED: ATOM     19  C   UNL     1      -1.367   1.090   0.466 +0.00 +0.01    +0.147 C 
DOCKED: ENDROOT
DOCKED: BRANCH  19  20
DOCKED: ATOM     20  O   UNL     1      -1.744   1.935  -0.618 +0.00 -0.02    -0.349 OA
DOCKED: BRANCH  20  21
DOCKED: ATOM     21  C   UNL     1      -2.916   1.455  -1.267 +0.00 +0.02    +0.292 C 
DOCKED: ATOM     22  O   UNL     1      -3.949   2.442  -1.252 +0.00 -0.02    -0.351 OA
DOCKED: ATOM     23  C   UNL     1      -3.602   3.615  -2.000 +0.00 +0.01    +0.152 C 
DOCKED: ATOM     24  C   UNL     1      -3.476   3.254  -3.479 +0.00 +0.01    +0.178 C 
DOCKED: ATOM     25  C   UNL     1      -4.699   4.650  -1.764 +0.00 +0.00    +0.042 C 
DOCKED: ATOM     26  C   UNL     1      -2.504   2.106  -3.716 +0.00 +0.01    +0.190 C 
DOCKED: ATOM     27  O   UNL     1      -1.128   2.477  -3.595 +0.00 -0.02    -0.345 OA
DOCKED: ATOM     28  C   UNL     1      -2.630   0.985  -2.703 +0.00 +0.01    +0.211 C 
DOCKED: ATOM     29  C   UNL     1      -0.460   1.216  -3.401 +0.00 +0.01    +0.158 C 
DOCKED: ATOM     30  O   UNL     1      -1.372   0.297  -2.769 +0.00 -0.02    -0.343 OA
DOCKED: ATOM     31  C   UNL     1      -0.041   0.630  -4.752 +0.00 +0.00    +0.078 C 
DOCKED: ATOM     32  C   UNL     1       0.774   1.426  -2.532 +0.00 +0.00    +0.078 C 
DOCKED: BRANCH  24  33
DOCKED: ATOM     33  O   UNL     1      -3.092   4.382  -4.253 +0.00 -0.02    -0.390 OA
DOCKED: ATOM     34  H   UNL     1      -2.126   4.350  -4.360 +0.00 +0.01    +0.210 HD
DOCKED: ENDBRANCH  24  33
DOCKED: ENDBRANCH  20  21
DOCKED: ENDBRANCH  19  20
DOCKED: BRANCH   1  35
DOCKED: ATOM     35  O   UNL     1       4.514  -2.732   3.293 +0.00 -0.02    -0.389 OA
DOCKED: ATOM     36  H   UNL     1       4.901  -2.030   3.842 +0.00 +0.01    +0.210 HD
DOCKED: ENDBRANCH   1  35
DOCKED: BRANCH   6  37
DOCKED: ATOM     37  C   UNL     1       4.410  -4.980   5.374 +0.00 -0.00    -0.030 A 
DOCKED: ATOM     38  C   UNL     1       5.473  -4.077   5.729 +0.00 +0.00    +0.015 A 
DOCKED: ATOM     39  C   UNL     1       6.725  -4.518   5.888 +0.00 +0.01    +0.083 A 
DOCKED: ATOM     40  C   UNL     1       7.046  -5.948   5.700 +0.00 +0.02    +0.287 A 
DOCKED: ATOM     41  O   UNL     1       6.015  -6.786   5.364 +0.00 -0.02    -0.287 OA
DOCKED: ATOM     42  O   UNL     1       8.194  -6.356   5.845 +0.00 -0.02    -0.260 OA
DOCKED: ATOM     43  C   UNL     1       4.720  -6.270   5.210 +0.00 +0.01    +0.153 A 
DOCKED: ENDBRANCH   6  37
DOCKED: TORSDOF 5
DOCKED: TER
DOCKED: ENDMDL
________________________________________________________________________________


	BEGINNING GENETIC ALGORITHM DOCKING
Run:	4 / 100
Date:	Sun Jun 25 16:25:03 2017
Beginning LAMARCKIAN GENETIC ALGORITHM (LGA), with a maximum of 20000000 energy evaluations.

