          AutoDock 4.2 Release 4.2.5.1 
         (C) 1989-2012 The Scripps Research Institute
        AutoDock comes with ABSOLUTELY NO WARRANTY.
        AutoDock is free software, and you are welcome
        to redistribute it under certain conditions;
        for details type 'autodock4 -C'

                     main.cc  $Revision: 1.194 $

                   Compiled on Dec 13 2012 at 13:29:56


This file was created at:			4:44 42" p.m., 06/25/2017
                   using:			"compute-0-7.local"

      ________________________________________________________________

                   SETTING UP DEFAULT PARAMETER LIBRARY
      ________________________________________________________________


Sizeof FourByteLong = 8, not 4.
Random number generator was seeded with values 61508, 1498401882.
Docking parameter file (DPF) used for this docking:		ligand_receptor.dpf
DPF> autodock_parameter_version 4.2       # used by autodock to validate parameter set

	Autodock parameter version 4.2.
DPF> outlev 1                             # diagnostic output level

Output Level = 1  ADT-COMPATIBLE OUTPUT DURING DOCKING.
DPF> intelec                              # calculate internal electrostatics

Electrostatic energies will be calculated for all non-bonds between moving atoms.
DPF> ligand_types A C HD OA               # atoms types in ligand

DPF> fld receptor.maps.fld                # grid_data_file

Opening Grid Map Dimensions file:		receptor.maps.fld
Grid Point Spacing =				0.375 Angstroms

Even Number of User-specified Grid Points =	50 x-points
						40 y-points
						40 z-points

Coordinates of Central Grid Point of Maps =	(0.111, 0.043, 0.075)
Macromolecule file used to create Grid Maps =	receptor.pdbqt
Grid Parameter file used to create Grid Maps =	receptor.gpf
Minimum coordinates in grid = (-9.264, -7.457, -7.425)
Maximum coordinates in grid = (9.486, 7.543, 7.575)

DPF> map receptor.A.map                   # atom-specific affinity map

DPF> map receptor.C.map                   # atom-specific affinity map

DPF> map receptor.HD.map                  # atom-specific affinity map

DPF> map receptor.OA.map                  # atom-specific affinity map

DPF> elecmap receptor.e.map               # electrostatics map

DPF> desolvmap receptor.d.map             # desolvation map

DPF> move ligand.pdbqt                    # small molecule

1,4-interactions will be _ignored_ in the non-bonded internal energy calculation.

Ligand PDBQT file = "ligand.pdbqt"

INPUT LIGAND PDBQT FILE:
________________________

INPUT-LIGAND-PDBQT: REMARK  5 active torsions:
INPUT-LIGAND-PDBQT: REMARK  status: ('A' for Active; 'I' for Inactive)
INPUT-LIGAND-PDBQT: REMARK    1  A    between atoms: O_1  and  C_9 
INPUT-LIGAND-PDBQT: REMARK    2  A    between atoms: O_2  and  C_28 
INPUT-LIGAND-PDBQT: REMARK    3  A    between atoms: O_2  and  C_31 
INPUT-LIGAND-PDBQT: REMARK    4  A    between atoms: O_8  and  C_36 
INPUT-LIGAND-PDBQT: REMARK    5  A    between atoms: C_14  and  C_25 
INPUT-LIGAND-PDBQT: ROOT
INPUT-LIGAND-PDBQT: HETATM    1  C   UNL     1      -3.581   0.410   0.089  1.00  0.00     0.070 C 
INPUT-LIGAND-PDBQT: HETATM    2  C   UNL     1      -4.330  -0.718  -0.672  1.00  0.00    -0.005 C 
INPUT-LIGAND-PDBQT: HETATM    3  C   UNL     1      -2.136   0.032   0.516  1.00  0.00     0.026 C 
INPUT-LIGAND-PDBQT: HETATM    4  C   UNL     1      -1.286  -0.567  -0.638  1.00  0.00     0.005 C 
INPUT-LIGAND-PDBQT: HETATM    5  C   UNL     1       0.179  -0.957  -0.194  1.00  0.00    -0.017 C 
INPUT-LIGAND-PDBQT: HETATM    6  C   UNL     1      -5.533   0.035  -1.322  1.00  0.00     0.032 C 
INPUT-LIGAND-PDBQT: HETATM    7  C   UNL     1      -3.429  -1.292  -1.800  1.00  0.00     0.013 C 
INPUT-LIGAND-PDBQT: HETATM    8  C   UNL     1      -2.046  -1.723  -1.315  1.00  0.00     0.007 C 
INPUT-LIGAND-PDBQT: HETATM    9  C   UNL     1      -3.677   1.612  -0.868  1.00  0.00     0.040 C 
INPUT-LIGAND-PDBQT: HETATM   10  C   UNL     1      -1.403   1.225   1.160  1.00  0.00     0.012 C 
INPUT-LIGAND-PDBQT: HETATM   11  C   UNL     1      -4.969   1.424  -1.676  1.00  0.00     0.013 C 
INPUT-LIGAND-PDBQT: HETATM   12  C   UNL     1       0.808   0.220   0.561  1.00  0.00    -0.072 C 
INPUT-LIGAND-PDBQT: HETATM   13  C   UNL     1      -4.782  -1.879   0.238  1.00  0.00     0.019 C 
INPUT-LIGAND-PDBQT: HETATM   14  C   UNL     1      -0.019   0.833   1.662  1.00  0.00     0.035 C 
INPUT-LIGAND-PDBQT: HETATM   15  C   UNL     1       1.011  -1.298  -1.471  1.00  0.00     0.017 C 
INPUT-LIGAND-PDBQT: HETATM   16  C   UNL     1       0.195  -2.190   0.741  1.00  0.00     0.020 C 
INPUT-LIGAND-PDBQT: HETATM   17  C   UNL     1       2.515  -1.250  -1.230  1.00  0.00     0.037 C 
INPUT-LIGAND-PDBQT: HETATM   18  C   UNL     1       2.033   0.704   0.281  1.00  0.00     0.008 C 
INPUT-LIGAND-PDBQT: HETATM   19  C   UNL     1       2.945   0.137  -0.762  1.00  0.00     0.147 C 
INPUT-LIGAND-PDBQT: ENDROOT
INPUT-LIGAND-PDBQT: BRANCH  19  20
INPUT-LIGAND-PDBQT: HETATM   20  O   UNL     1       4.261   0.057  -0.223  1.00  0.00    -0.349 OA
INPUT-LIGAND-PDBQT: BRANCH  20  21
INPUT-LIGAND-PDBQT: HETATM   21  C   UNL     1       5.248   0.260  -1.228  1.00  0.00     0.292 C 
INPUT-LIGAND-PDBQT: HETATM   22  O   UNL     1       5.527   1.651  -1.397  1.00  0.00    -0.351 OA
INPUT-LIGAND-PDBQT: HETATM   23  C   UNL     1       6.107   2.243  -0.228  1.00  0.00     0.152 C 
INPUT-LIGAND-PDBQT: HETATM   24  C   UNL     1       7.485   1.631   0.020  1.00  0.00     0.178 C 
INPUT-LIGAND-PDBQT: HETATM   25  C   UNL     1       6.195   3.747  -0.471  1.00  0.00     0.042 C 
INPUT-LIGAND-PDBQT: HETATM   26  C   UNL     1       7.439   0.111   0.101  1.00  0.00     0.190 C 
INPUT-LIGAND-PDBQT: HETATM   27  O   UNL     1       6.896  -0.389   1.326  1.00  0.00    -0.345 OA
INPUT-LIGAND-PDBQT: HETATM   28  C   UNL     1       6.538  -0.526  -0.939  1.00  0.00     0.211 C 
INPUT-LIGAND-PDBQT: HETATM   29  C   UNL     1       6.535  -1.744   1.001  1.00  0.00     0.158 C 
INPUT-LIGAND-PDBQT: HETATM   30  O   UNL     1       6.232  -1.822  -0.405  1.00  0.00    -0.343 OA
INPUT-LIGAND-PDBQT: HETATM   31  C   UNL     1       7.706  -2.685   1.296  1.00  0.00     0.078 C 
INPUT-LIGAND-PDBQT: HETATM   32  C   UNL     1       5.326  -2.159   1.831  1.00  0.00     0.078 C 
INPUT-LIGAND-PDBQT: BRANCH  24  33
INPUT-LIGAND-PDBQT: HETATM   33  O   UNL     1       8.080   2.161   1.196  1.00  0.00    -0.390 OA
INPUT-LIGAND-PDBQT: HETATM   34  H   UNL     1       8.954   1.747   1.296  1.00  0.00     0.210 HD
INPUT-LIGAND-PDBQT: ENDBRANCH  24  33
INPUT-LIGAND-PDBQT: ENDBRANCH  20  21
INPUT-LIGAND-PDBQT: ENDBRANCH  19  20
INPUT-LIGAND-PDBQT: BRANCH   1  35
INPUT-LIGAND-PDBQT: HETATM   35  O   UNL     1      -4.311   0.782   1.268  1.00  0.00    -0.389 OA
INPUT-LIGAND-PDBQT: HETATM   36  H   UNL     1      -4.194   0.084   1.933  1.00  0.00     0.210 HD
INPUT-LIGAND-PDBQT: ENDBRANCH   1  35
INPUT-LIGAND-PDBQT: BRANCH   6  37
INPUT-LIGAND-PDBQT: HETATM   37  C   UNL     1      -6.762   0.176  -0.470  1.00  0.00    -0.030 A 
INPUT-LIGAND-PDBQT: HETATM   38  C   UNL     1      -7.795  -0.820  -0.584  1.00  0.00     0.015 A 
INPUT-LIGAND-PDBQT: HETATM   39  C   UNL     1      -8.909  -0.741   0.151  1.00  0.00     0.083 A 
INPUT-LIGAND-PDBQT: HETATM   40  C   UNL     1      -9.105   0.375   1.099  1.00  0.00     0.287 A 
INPUT-LIGAND-PDBQT: HETATM   41  O   UNL     1      -8.105   1.308   1.188  1.00  0.00    -0.287 OA
INPUT-LIGAND-PDBQT: HETATM   42  O   UNL     1     -10.127   0.450   1.774  1.00  0.00    -0.260 OA
INPUT-LIGAND-PDBQT: HETATM   43  C   UNL     1      -6.957   1.177   0.394  1.00  0.00     0.153 A 
INPUT-LIGAND-PDBQT: ENDBRANCH   6  37
INPUT-LIGAND-PDBQT: TORSDOF 5
________________________________________________________________________________

Total charge on ligand                               =	-0.000 e
REMARK  5 active torsions:
REMARK  status: ('A' for Active; 'I' for Inactive)
REMARK    1  A    between atoms: O_1  and  C_9 
REMARK    2  A    between atoms: O_2  and  C_28 
REMARK    3  A    between atoms: O_2  and  C_31 
REMARK    4  A    between atoms: O_8  and  C_36 
REMARK    5  A    between atoms: C_14  and  C_25 


Number of Rotatable Bonds in Small Molecule =	5 torsions
Number of atoms in ligand:  43

Number of non-hydrogen atoms in ligand:  41

Number of vibrational degrees of freedom of ligand:  123


Number of torsional degrees of freedom = 5
Estimated loss of torsional free energy upon binding = +1.4915 kcal/mol


DPF> about 0.1107 0.0426 0.0751           # small molecule center

Small molecule center of rotation =	(+0.111, +0.043, +0.075)

DPF> # ADDED BY TOXIM

DPF> 

DPF> ga_pop_size 250                      # number of individuals in population

A population of 250 individuals will be used
DPF> ga_num_evals 20000000                # maximum number of energy evaluations

There will be at most 20000000 function evaluations used.
DPF> ga_num_generations 2000000000        # maximum number of generations

The GA will run for at most 2000000000 generations.
DPF> ga_elitism 1                         # number of top individuals to survive to next generation

The 1 best will be preserved each GA generation.
DPF> ga_mutation_rate 0.02                # rate of gene mutation

The mutation rate is 0.020000.
DPF> ga_crossover_rate 0.8                # rate of crossover

The crossover rate is 0.800000.
DPF> ga_window_size 10                    # 

The GA's selection window is 10 generations.
DPF> ga_cauchy_alpha 0.0                  # Alpha parameter of Cauchy distribution

The alpha parameter (for the Cauchy distribution) is being set to 0.000000.
DPF> ga_cauchy_beta 1.0                   # Beta parameter Cauchy distribution

The beta parameter (for the Cauchy distribution) is being set to 1.000000.
DPF> set_ga                               # set the above parameters for GA or LGA

DPF> sw_max_its 300                       # iterations of Solis & Wets local search

Solis & Wets algorithms will perform at most 300 iterations.
DPF> sw_max_succ 4                        # consecutive successes before changing rho

Solis & Wets algorithms expand rho every 4 in a row successes.
DPF> sw_max_fail 4                        # consecutive failures before changing rho

Solis & Wets algorithms contract rho every 4 in a row failures.
DPF> sw_rho 1.0                           # size of local search space to sample

rho is set to 1.000000.
DPF> sw_lb_rho 0.01                       # lower bound on rho

rho will never get smaller than 0.010000.
DPF> ls_search_freq 0.06                  # probability of performing local search on individual

Local search will be performed with frequency 0.060000.
DPF> set_psw1                             # set the above pseudo-Solis & Wets parameters

Creating a new Local Search object using the pseudo-Solis-Wets algorithm (pSW1) with the current settings.

DPF> unbound_model bound                  # state of unbound ligand

DPF> ga_run 100                           # do this many hybrid GA-LS runs

centering ligand on specified point: 0.111 0.043 0.075
Furthest true ligand atom from "about" center is 10.386 Angstroms (maxrad).
Setting 'tran0' value to same as 'about' value: 0.111 0.043 0.075
Number of requested GA dockings = 100 runs
Unbound model to be used is 'same as bound' [AutoDock 4.2 default].

	BEGINNING GENETIC ALGORITHM DOCKING
Run:	1 / 100
Date:	Sun Jun 25 16:44:42 2017
Beginning LAMARCKIAN GENETIC ALGORITHM (LGA), with a maximum of 20000000 energy evaluations.

Final-Value: -2.267
Real= 5m 07.90s,  CPU= 5m 08.04s,  System= 0.00s


	FINAL GENETIC ALGORITHM ALGORITHM DOCKED STATE
	_______________________________________________


Detailed state:  trans -0.420 -2.360 1.673 quatxyzw 0.127490 0.650868 0.683697 0.304426 center 0.111 0.043 0.075 ntor 5 -85.1965 153.5755 -167.5263 35.1646 -66.2724
State:	 -0.420  -2.360   1.673   0.134  0.683  0.718 144.553    -85.20  153.58 -167.53   35.16  -66.27

DOCKED: MODEL        1
DOCKED: USER    Run = 1
DOCKED: USER    DPF = ligand_receptor.dpf
DOCKED: USER  
DOCKED: USER    Estimated Free Energy of Binding    =   +1.49 kcal/mol  [=(1)+(2)+(3)-(4)]
DOCKED: USER    
DOCKED: USER    (1) Final Intermolecular Energy     =   -0.00 kcal/mol
DOCKED: USER        vdW + Hbond + desolv Energy     =   +0.00 kcal/mol
DOCKED: USER        Electrostatic Energy            =   -0.00 kcal/mol
DOCKED: USER    (2) Final Total Internal Energy     =   -2.27 kcal/mol
DOCKED: USER    (3) Torsional Free Energy           =   +1.49 kcal/mol
DOCKED: USER    (4) Unbound System's Energy  [=(2)] =   -2.27 kcal/mol
DOCKED: USER    
DOCKED: USER    
DOCKED: USER    NEWDPF move ligand.pdbqt
DOCKED: USER    NEWDPF about 0.110700 0.042600 0.075100
DOCKED: USER    NEWDPF tran0 -0.419951 -2.359561 1.673094
DOCKED: USER    NEWDPF quaternion0 0.127490 0.650868 0.683697 0.304426
DOCKED: USER    NEWDPF axisangle0 0.133843 0.683300 0.717765 144.552775
DOCKED: USER    NEWDPF quat0 0.133843 0.683300 0.717765 144.552775
DOCKED: USER    NEWDPF dihe0 -85.20 153.58 -167.53 35.16 -66.27 
DOCKED: USER  keepresnum = 1 
DOCKED: USER  
DOCKED: REMARK  5 active torsions:
DOCKED: REMARK  status: ('A' for Active; 'I' for Inactive)
DOCKED: REMARK    1  A    between atoms: O_1  and  C_9 
DOCKED: REMARK    2  A    between atoms: O_2  and  C_28 
DOCKED: REMARK    3  A    between atoms: O_2  and  C_31 
DOCKED: REMARK    4  A    between atoms: O_8  and  C_36 
DOCKED: REMARK    5  A    between atoms: C_14  and  C_25 
DOCKED: USER                              x       y       z     vdW  Elec       q    Type
DOCKED: USER                           _______ _______ _______ _____ _____    ______ ____
DOCKED: ROOT
DOCKED: ATOM      1  C   UNL     1       2.678  -1.410  -0.133 +0.00 +0.00    +0.070 C 
DOCKED: ATOM      2  C   UNL     1       2.776  -1.996  -1.569 +0.00 -0.00    -0.005 C 
DOCKED: ATOM      3  C   UNL     1       1.233  -1.371   0.436 +0.00 +0.00    +0.026 C 
DOCKED: ATOM      4  C   UNL     1       0.476  -2.720   0.295 +0.00 +0.00    +0.005 C 
DOCKED: ATOM      5  C   UNL     1      -0.996  -2.670   0.868 +0.00 -0.00    -0.017 C 
DOCKED: ATOM      6  C   UNL     1       4.300  -2.299  -1.721 +0.00 +0.00    +0.032 C 
DOCKED: ATOM      7  C   UNL     1       1.988  -3.331  -1.656 +0.00 +0.00    +0.013 C 
DOCKED: ATOM      8  C   UNL     1       0.547  -3.222  -1.159 +0.00 +0.00    +0.007 C 
DOCKED: ATOM      9  C   UNL     1       3.666  -2.273   0.673 +0.00 +0.00    +0.040 C 
DOCKED: ATOM     10  C   UNL     1       1.212  -0.892   1.900 +0.00 +0.00    +0.012 C 
DOCKED: ATOM     11  C   UNL     1       4.746  -2.737  -0.314 +0.00 +0.00    +0.013 C 
DOCKED: ATOM     12  C   UNL     1      -0.970  -2.058   2.274 +0.00 -0.00    -0.072 C 
DOCKED: ATOM     13  C   UNL     1       2.252  -1.040  -2.660 +0.00 +0.00    +0.019 C 
DOCKED: ATOM     14  C   UNL     1      -0.211  -0.766   2.432 +0.00 +0.00    +0.035 C 
DOCKED: ATOM     15  C   UNL     1      -1.561  -4.125   0.912 +0.00 +0.00    +0.017 C 
DOCKED: ATOM     16  C   UNL     1      -1.934  -1.809  -0.012 +0.00 +0.00    +0.020 C 
DOCKED: ATOM     17  C   UNL     1      -2.763  -4.266   1.838 +0.00 +0.00    +0.037 C 
DOCKED: ATOM     18  C   UNL     1      -1.584  -2.620   3.332 +0.00 +0.00    +0.008 C 
DOCKED: ATOM     19  C   UNL     1      -2.396  -3.876   3.266 +0.00 +0.00    +0.147 C 
DOCKED: ENDROOT
DOCKED: BRANCH  19  20
DOCKED: ATOM     20  O   UNL     1      -3.592  -3.686   4.017 +0.00 -0.01    -0.349 OA
DOCKED: BRANCH  20  21
DOCKED: ATOM     21  C   UNL     1      -4.685  -4.392   3.441 +0.00 +0.01    +0.292 C 
DOCKED: ATOM     22  O   UNL     1      -5.248  -5.314   4.376 +0.00 -0.01    -0.351 OA
DOCKED: ATOM     23  C   UNL     1      -5.827  -4.662   5.513 +0.00 +0.00    +0.152 C 
DOCKED: ATOM     24  C   UNL     1      -7.029  -3.831   5.064 +0.00 +0.01    +0.178 C 
DOCKED: ATOM     25  C   UNL     1      -6.233  -5.747   6.507 +0.00 +0.00    +0.042 C 
DOCKED: ATOM     26  C   UNL     1      -6.675  -2.853   3.952 +0.00 +0.01    +0.190 C 
DOCKED: ATOM     27  O   UNL     1      -5.937  -1.712   4.395 +0.00 -0.01    -0.345 OA
DOCKED: ATOM     28  C   UNL     1      -5.763  -3.441   2.893 +0.00 +0.01    +0.211 C 
DOCKED: ATOM     29  C   UNL     1      -5.345  -1.208   3.184 +0.00 +0.01    +0.158 C 
DOCKED: ATOM     30  O   UNL     1      -5.159  -2.301   2.264 +0.00 -0.01    -0.343 OA
DOCKED: ATOM     31  C   UNL     1      -6.275  -0.181   2.532 +0.00 +0.00    +0.078 C 
DOCKED: ATOM     32  C   UNL     1      -4.008  -0.551   3.508 +0.00 +0.00    +0.078 C 
DOCKED: BRANCH  24  33
DOCKED: ATOM     33  O   UNL     1      -7.609  -3.133   6.156 +0.00 -0.01    -0.390 OA
DOCKED: ATOM     34  H   UNL     1      -7.235  -2.236   6.165 +0.00 +0.01    +0.210 HD
DOCKED: ENDBRANCH  24  33
DOCKED: ENDBRANCH  20  21
DOCKED: ENDBRANCH  19  20
DOCKED: BRANCH   1  35
DOCKED: ATOM     35  O   UNL     1       3.204  -0.074  -0.106 +0.00 -0.01    -0.389 OA
DOCKED: ATOM     36  H   UNL     1       3.815  -0.002   0.645 +0.00 +0.01    +0.210 HD
DOCKED: ENDBRANCH   1  35
DOCKED: BRANCH   6  37
DOCKED: ATOM     37  C   UNL     1       5.154  -1.162  -2.206 +0.00 -0.00    -0.030 A 
DOCKED: ATOM     38  C   UNL     1       5.902  -0.404  -1.237 +0.00 +0.00    +0.015 A 
DOCKED: ATOM     39  C   UNL     1       6.677   0.618  -1.616 +0.00 +0.00    +0.083 A 
DOCKED: ATOM     40  C   UNL     1       6.782   0.993  -3.041 +0.00 +0.01    +0.287 A 
DOCKED: ATOM     41  O   UNL     1       6.061   0.252  -3.941 +0.00 -0.01    -0.287 OA
DOCKED: ATOM     42  O   UNL     1       7.492   1.931  -3.390 +0.00 -0.01    -0.260 OA
DOCKED: ATOM     43  C   UNL     1       5.264  -0.809  -3.490 +0.00 +0.01    +0.153 A 
DOCKED: ENDBRANCH   6  37
DOCKED: TORSDOF 5
DOCKED: TER
DOCKED: ENDMDL
________________________________________________________________________________


	BEGINNING GENETIC ALGORITHM DOCKING
Run:	2 / 100
Date:	Sun Jun 25 16:49:50 2017
Beginning LAMARCKIAN GENETIC ALGORITHM (LGA), with a maximum of 20000000 energy evaluations.

Final-Value: -2.266
Real= 5m 04.91s,  CPU= 5m 05.04s,  System= 0.01s


	FINAL GENETIC ALGORITHM ALGORITHM DOCKED STATE
	_______________________________________________


Detailed state:  trans -0.767 -0.490 -1.304 quatxyzw -0.071344 -0.314900 -0.845807 -0.424686 center 0.111 0.043 0.075 ntor 5 -85.2537 153.2684 -167.6142 35.7427 -65.1708
State:	 -0.767  -0.490  -1.304  -0.079 -0.348 -0.934 -129.738    -85.25  153.27 -167.61   35.74  -65.17

DOCKED: MODEL        2
DOCKED: USER    Run = 2
DOCKED: USER    DPF = ligand_receptor.dpf
DOCKED: USER  
DOCKED: USER    Estimated Free Energy of Binding    =   +1.49 kcal/mol  [=(1)+(2)+(3)-(4)]
DOCKED: USER    
DOCKED: USER    (1) Final Intermolecular Energy     =   -0.00 kcal/mol
DOCKED: USER        vdW + Hbond + desolv Energy     =   +0.00 kcal/mol
DOCKED: USER        Electrostatic Energy            =   -0.00 kcal/mol
DOCKED: USER    (2) Final Total Internal Energy     =   -2.27 kcal/mol
DOCKED: USER    (3) Torsional Free Energy           =   +1.49 kcal/mol
DOCKED: USER    (4) Unbound System's Energy  [=(2)] =   -2.27 kcal/mol
DOCKED: USER    
DOCKED: USER    
DOCKED: USER    NEWDPF move ligand.pdbqt
DOCKED: USER    NEWDPF about 0.110700 0.042600 0.075100
DOCKED: USER    NEWDPF tran0 -0.766798 -0.489515 -1.303667
DOCKED: USER    NEWDPF quaternion0 -0.071344 -0.314900 -0.845807 -0.424686
DOCKED: USER    NEWDPF axisangle0 -0.078803 -0.347825 -0.934242 -129.738465
DOCKED: USER    NEWDPF quat0 -0.078803 -0.347825 -0.934242 -129.738465
DOCKED: USER    NEWDPF dihe0 -85.25 153.27 -167.61 35.74 -65.17 
DOCKED: USER  keepresnum = 1 
DOCKED: USER  
DOCKED: REMARK  5 active torsions:
DOCKED: REMARK  status: ('A' for Active; 'I' for Inactive)
DOCKED: REMARK    1  A    between atoms: O_1  and  C_9 
DOCKED: REMARK    2  A    between atoms: O_2  and  C_28 
DOCKED: REMARK    3  A    between atoms: O_2  and  C_31 
DOCKED: REMARK    4  A    between atoms: O_8  and  C_36 
DOCKED: REMARK    5  A    between atoms: C_14  and  C_25 
DOCKED: USER                              x       y       z     vdW  Elec       q    Type
DOCKED: USER                           _______ _______ _______ _____ _____    ______ ____
DOCKED: ROOT
DOCKED: ATOM      1  C   UNL     1       1.834   1.843  -2.552 +0.00 +0.00    +0.070 C 
DOCKED: ATOM      2  C   UNL     1       1.556   2.393  -3.978 +0.00 -0.00    -0.005 C 
DOCKED: ATOM      3  C   UNL     1       0.574   1.290  -1.832 +0.00 +0.00    +0.026 C 
DOCKED: ATOM      4  C   UNL     1      -0.249   0.297  -2.698 +0.00 +0.00    +0.005 C 
DOCKED: ATOM      5  C   UNL     1      -1.533  -0.254  -1.962 +0.00 -0.00    -0.017 C 
DOCKED: ATOM      6  C   UNL     1       2.983   2.486  -4.604 +0.00 +0.00    +0.032 C 
DOCKED: ATOM      7  C   UNL     1       0.717   1.370  -4.792 +0.00 +0.00    +0.013 C 
DOCKED: ATOM      8  C   UNL     1      -0.554   0.917  -4.075 +0.00 +0.00    +0.007 C 
DOCKED: ATOM      9  C   UNL     1       2.952   0.810  -2.779 +0.00 +0.00    +0.040 C 
DOCKED: ATOM     10  C   UNL     1       0.929   0.652  -0.474 +0.00 +0.00    +0.012 C 
DOCKED: ATOM     11  C   UNL     1       3.740   1.283  -4.009 +0.00 +0.00    +0.013 C 
DOCKED: ATOM     12  C   UNL     1      -1.141  -0.749  -0.565 +0.00 -0.00    -0.072 C 
DOCKED: ATOM     13  C   UNL     1       0.820   3.750  -3.981 +0.00 +0.00    +0.019 C 
DOCKED: ATOM     14  C   UNL     1      -0.315   0.191   0.275 +0.00 +0.00    +0.035 C 
DOCKED: ATOM     15  C   UNL     1      -2.130  -1.422  -2.811 +0.00 +0.00    +0.017 C 
DOCKED: ATOM     16  C   UNL     1      -2.622   0.833  -1.798 +0.00 +0.00    +0.020 C 
DOCKED: ATOM     17  C   UNL     1      -3.074  -2.313  -2.014 +0.00 +0.00    +0.037 C 
DOCKED: ATOM     18  C   UNL     1      -1.501  -1.954  -0.082 +0.00 +0.00    +0.008 C 
DOCKED: ATOM     19  C   UNL     1      -2.355  -2.937  -0.822 +0.00 +0.00    +0.147 C 
DOCKED: ENDROOT
DOCKED: BRANCH  19  20
DOCKED: ATOM     20  O   UNL     1      -3.323  -3.468   0.078 +0.00 -0.01    -0.349 OA
DOCKED: BRANCH  20  21
DOCKED: ATOM     21  C   UNL     1      -4.543  -3.770  -0.589 +0.00 +0.01    +0.292 C 
DOCKED: ATOM     22  O   UNL     1      -4.890  -5.146  -0.424 +0.00 -0.01    -0.351 OA
DOCKED: ATOM     23  C   UNL     1      -5.157  -5.487   0.942 +0.00 +0.00    +0.152 C 
DOCKED: ATOM     24  C   UNL     1      -6.408  -4.745   1.414 +0.00 +0.01    +0.178 C 
DOCKED: ATOM     25  C   UNL     1      -5.342  -7.000   1.010 +0.00 +0.00    +0.042 C 
DOCKED: ATOM     26  C   UNL     1      -6.306  -3.241   1.200 +0.00 +0.01    +0.190 C 
DOCKED: ATOM     27  O   UNL     1      -5.450  -2.578   2.134 +0.00 -0.01    -0.345 OA
DOCKED: ATOM     28  C   UNL     1      -5.694  -2.857  -0.133 +0.00 +0.01    +0.211 C 
DOCKED: ATOM     29  C   UNL     1      -5.154  -1.328   1.485 +0.00 +0.01    +0.158 C 
DOCKED: ATOM     30  O   UNL     1      -5.228  -1.513   0.059 +0.00 -0.01    -0.343 OA
DOCKED: ATOM     31  C   UNL     1      -6.184  -0.270   1.889 +0.00 +0.00    +0.078 C 
DOCKED: ATOM     32  C   UNL     1      -3.761  -0.863   1.892 +0.00 +0.00    +0.078 C 
DOCKED: BRANCH  24  33
DOCKED: ATOM     33  O   UNL     1      -6.687  -5.023   2.779 +0.00 -0.01    -0.390 OA
DOCKED: ATOM     34  H   UNL     1      -6.295  -4.309   3.310 +0.00 +0.01    +0.210 HD
DOCKED: ENDBRANCH  24  33
DOCKED: ENDBRANCH  20  21
DOCKED: ENDBRANCH  19  20
DOCKED: BRANCH   1  35
DOCKED: ATOM     35  O   UNL     1       2.404   2.870  -1.727 +0.00 -0.01    -0.389 OA
DOCKED: ATOM     36  H   UNL     1       3.180   2.502  -1.272 +0.00 +0.01    +0.210 HD
DOCKED: ENDBRANCH   1  35
DOCKED: BRANCH   6  37
DOCKED: ATOM     37  C   UNL     1       3.739   3.757  -4.340 +0.00 -0.00    -0.030 A 
DOCKED: ATOM     38  C   UNL     1       4.728   3.763  -3.294 +0.00 +0.00    +0.015 A 
DOCKED: ATOM     39  C   UNL     1       5.428   4.869  -3.018 +0.00 +0.00    +0.083 A 
DOCKED: ATOM     40  C   UNL     1       5.200   6.112  -3.783 +0.00 +0.01    +0.287 A 
DOCKED: ATOM     41  O   UNL     1       4.253   6.077  -4.773 +0.00 -0.01    -0.287 OA
DOCKED: ATOM     42  O   UNL     1       5.840   7.128  -3.531 +0.00 -0.01    -0.260 OA
DOCKED: ATOM     43  C   UNL     1       3.547   4.891  -5.021 +0.00 +0.01    +0.153 A 
DOCKED: ENDBRANCH   6  37
DOCKED: TORSDOF 5
DOCKED: TER
DOCKED: ENDMDL
________________________________________________________________________________


	BEGINNING GENETIC ALGORITHM DOCKING
Run:	3 / 100
Date:	Sun Jun 25 16:54:55 2017
Beginning LAMARCKIAN GENETIC ALGORITHM (LGA), with a maximum of 20000000 energy evaluations.

