          AutoDock 4.2 Release 4.2.5.1 
         (C) 1989-2012 The Scripps Research Institute
        AutoDock comes with ABSOLUTELY NO WARRANTY.
        AutoDock is free software, and you are welcome
        to redistribute it under certain conditions;
        for details type 'autodock4 -C'

                     main.cc  $Revision: 1.194 $

                   Compiled on Dec 13 2012 at 13:29:56


This file was created at:			4:44 42" p.m., 06/25/2017
                   using:			"compute-0-7.local"

      ________________________________________________________________

                   SETTING UP DEFAULT PARAMETER LIBRARY
      ________________________________________________________________


Sizeof FourByteLong = 8, not 4.
Random number generator was seeded with values 61886, 1498401882.
Docking parameter file (DPF) used for this docking:		ligand_receptor.dpf
DPF> autodock_parameter_version 4.2       # used by autodock to validate parameter set

	Autodock parameter version 4.2.
DPF> outlev 1                             # diagnostic output level

Output Level = 1  ADT-COMPATIBLE OUTPUT DURING DOCKING.
DPF> intelec                              # calculate internal electrostatics

Electrostatic energies will be calculated for all non-bonds between moving atoms.
DPF> ligand_types A C HD I N OA           # atoms types in ligand

DPF> fld receptor.maps.fld                # grid_data_file

Opening Grid Map Dimensions file:		receptor.maps.fld
Grid Point Spacing =				0.375 Angstroms

Even Number of User-specified Grid Points =	40 x-points
						40 y-points
						40 z-points

Coordinates of Central Grid Point of Maps =	(0.029, -0.041, 0.038)
Macromolecule file used to create Grid Maps =	receptor.pdbqt
Grid Parameter file used to create Grid Maps =	receptor.gpf
Minimum coordinates in grid = (-7.471, -7.541, -7.462)
Maximum coordinates in grid = (7.529, 7.459, 7.538)

DPF> map receptor.A.map                   # atom-specific affinity map

DPF> map receptor.C.map                   # atom-specific affinity map

DPF> map receptor.HD.map                  # atom-specific affinity map

DPF> map receptor.I.map                   # atom-specific affinity map

DPF> map receptor.N.map                   # atom-specific affinity map

DPF> map receptor.OA.map                  # atom-specific affinity map

DPF> elecmap receptor.e.map               # electrostatics map

DPF> desolvmap receptor.d.map             # desolvation map

DPF> move ligand.pdbqt                    # small molecule

1,4-interactions will be _ignored_ in the non-bonded internal energy calculation.

Ligand PDBQT file = "ligand.pdbqt"

INPUT LIGAND PDBQT FILE:
________________________

INPUT-LIGAND-PDBQT: REMARK  6 active torsions:
INPUT-LIGAND-PDBQT: REMARK  status: ('A' for Active; 'I' for Inactive)
INPUT-LIGAND-PDBQT: REMARK    1  A    between atoms: O_4  and  C_12 
INPUT-LIGAND-PDBQT: REMARK    2  A    between atoms: N_7  and  C_16 
INPUT-LIGAND-PDBQT: REMARK       I    between atoms: N_7  and  C_19 
INPUT-LIGAND-PDBQT: REMARK    3  A    between atoms: C_8  and  C_9 
INPUT-LIGAND-PDBQT: REMARK    4  A    between atoms: C_8  and  C_10 
INPUT-LIGAND-PDBQT: REMARK    5  A    between atoms: C_8  and  C_12 
INPUT-LIGAND-PDBQT: REMARK    6  A    between atoms: C_9  and  C_11 
INPUT-LIGAND-PDBQT: ROOT
INPUT-LIGAND-PDBQT: HETATM    1  I   UNL     1       0.670   2.420  -1.359  1.00  0.00    -0.042 I 
INPUT-LIGAND-PDBQT: HETATM    2  I   UNL     1      -2.104  -2.947  -0.427  1.00  0.00    -0.044 I 
INPUT-LIGAND-PDBQT: HETATM    3  I   UNL     1       3.772  -2.539   0.456  1.00  0.00    -0.042 I 
INPUT-LIGAND-PDBQT: HETATM    4  C   UNL     1      -0.423  -0.395  -0.810  1.00  0.00    -0.022 A 
INPUT-LIGAND-PDBQT: HETATM    5  C   UNL     1       0.739   0.368  -0.813  1.00  0.00     0.042 A 
INPUT-LIGAND-PDBQT: HETATM    6  C   UNL     1      -0.391  -1.738  -0.455  1.00  0.00     0.015 A 
INPUT-LIGAND-PDBQT: HETATM    7  C   UNL     1       1.951  -0.222  -0.455  1.00  0.00     0.068 A 
INPUT-LIGAND-PDBQT: HETATM    8  C   UNL     1       0.822  -2.328  -0.097  1.00  0.00     0.039 A 
INPUT-LIGAND-PDBQT: HETATM    9  C   UNL     1       1.993  -1.569  -0.097  1.00  0.00     0.035 A 
INPUT-LIGAND-PDBQT: ENDROOT
INPUT-LIGAND-PDBQT: BRANCH   4  10
INPUT-LIGAND-PDBQT: HETATM   10  C   UNL     1      -1.741   0.234  -1.197  1.00  0.00     0.056 C 
INPUT-LIGAND-PDBQT: BRANCH  10  11
INPUT-LIGAND-PDBQT: HETATM   11  C   UNL     1      -2.499   0.838  -0.001  1.00  0.00     0.087 C 
INPUT-LIGAND-PDBQT: BRANCH  11  12
INPUT-LIGAND-PDBQT: HETATM   12  C   UNL     1      -3.509   1.894  -0.487  1.00  0.00     0.011 C 
INPUT-LIGAND-PDBQT: HETATM   13  C   UNL     1      -4.237   2.584   0.661  1.00  0.00     0.006 C 
INPUT-LIGAND-PDBQT: ENDBRANCH  11  12
INPUT-LIGAND-PDBQT: BRANCH  11  14
INPUT-LIGAND-PDBQT: HETATM   14  C   UNL     1      -3.224  -0.269   0.753  1.00  0.00     0.144 C 
INPUT-LIGAND-PDBQT: HETATM   15  O   UNL     1      -4.363  -0.645   0.505  1.00  0.00    -0.650 OA
INPUT-LIGAND-PDBQT: BRANCH  14  16
INPUT-LIGAND-PDBQT: HETATM   16  O   UNL     1      -2.462  -0.824   1.729  1.00  0.00    -0.776 OA
INPUT-LIGAND-PDBQT: HETATM   17  H   UNL     1      -2.934  -1.544   2.198  1.00  0.00     0.167 HD
INPUT-LIGAND-PDBQT: ENDBRANCH  14  16
INPUT-LIGAND-PDBQT: ENDBRANCH  11  14
INPUT-LIGAND-PDBQT: ENDBRANCH  10  11
INPUT-LIGAND-PDBQT: ENDBRANCH   4  10
INPUT-LIGAND-PDBQT: BRANCH   7  18
INPUT-LIGAND-PDBQT: HETATM   18  N   UNL     1       3.133   0.533  -0.451  1.00  0.00    -0.325 N 
INPUT-LIGAND-PDBQT: HETATM   19  C   UNL     1       3.678   1.269   0.604  1.00  0.00     0.218 C 
INPUT-LIGAND-PDBQT: HETATM   20  O   UNL     1       3.230   1.397   1.738  1.00  0.00    -0.274 OA
INPUT-LIGAND-PDBQT: HETATM   21  C   UNL     1       4.966   1.942   0.202  1.00  0.00     0.117 C 
INPUT-LIGAND-PDBQT: HETATM   22  H   UNL     1       3.571   0.632  -1.364  1.00  0.00     0.169 HD
INPUT-LIGAND-PDBQT: ENDBRANCH   7  18
INPUT-LIGAND-PDBQT: TORSDOF 6
________________________________________________________________________________

Total charge on ligand                               =	-1.001 e
REMARK  6 active torsions:
REMARK  status: ('A' for Active; 'I' for Inactive)
REMARK    1  A    between atoms: O_4  and  C_12 
REMARK    2  A    between atoms: N_7  and  C_16 
REMARK       I    between atoms: N_7  and  C_19 
REMARK    3  A    between atoms: C_8  and  C_9 
REMARK    4  A    between atoms: C_8  and  C_10 
REMARK    5  A    between atoms: C_8  and  C_12 
REMARK    6  A    between atoms: C_9  and  C_11 


Number of Rotatable Bonds in Small Molecule =	6 torsions
Number of atoms in ligand:  22

Number of non-hydrogen atoms in ligand:  20

Number of vibrational degrees of freedom of ligand:  60


Number of torsional degrees of freedom = 6
Estimated loss of torsional free energy upon binding = +1.7898 kcal/mol


DPF> about 0.029 -0.0413 0.0379           # small molecule center

Small molecule center of rotation =	(+0.029, -0.041, +0.038)

DPF> # ADDED BY TOXIM

DPF> 

DPF> ga_pop_size 250                      # number of individuals in population

A population of 250 individuals will be used
DPF> ga_num_evals 20000000                # maximum number of energy evaluations

There will be at most 20000000 function evaluations used.
DPF> ga_num_generations 2000000000        # maximum number of generations

The GA will run for at most 2000000000 generations.
DPF> ga_elitism 1                         # number of top individuals to survive to next generation

The 1 best will be preserved each GA generation.
DPF> ga_mutation_rate 0.02                # rate of gene mutation

The mutation rate is 0.020000.
DPF> ga_crossover_rate 0.8                # rate of crossover

The crossover rate is 0.800000.
DPF> ga_window_size 10                    # 

The GA's selection window is 10 generations.
DPF> ga_cauchy_alpha 0.0                  # Alpha parameter of Cauchy distribution

The alpha parameter (for the Cauchy distribution) is being set to 0.000000.
DPF> ga_cauchy_beta 1.0                   # Beta parameter Cauchy distribution

The beta parameter (for the Cauchy distribution) is being set to 1.000000.
DPF> set_ga                               # set the above parameters for GA or LGA

DPF> sw_max_its 300                       # iterations of Solis & Wets local search

Solis & Wets algorithms will perform at most 300 iterations.
DPF> sw_max_succ 4                        # consecutive successes before changing rho

Solis & Wets algorithms expand rho every 4 in a row successes.
DPF> sw_max_fail 4                        # consecutive failures before changing rho

Solis & Wets algorithms contract rho every 4 in a row failures.
DPF> sw_rho 1.0                           # size of local search space to sample

rho is set to 1.000000.
DPF> sw_lb_rho 0.01                       # lower bound on rho

rho will never get smaller than 0.010000.
DPF> ls_search_freq 0.06                  # probability of performing local search on individual

Local search will be performed with frequency 0.060000.
DPF> set_psw1                             # set the above pseudo-Solis & Wets parameters

Creating a new Local Search object using the pseudo-Solis-Wets algorithm (pSW1) with the current settings.

DPF> unbound_model bound                  # state of unbound ligand

DPF> ga_run 100                           # do this many hybrid GA-LS runs

centering ligand on specified point: 0.029 -0.041 0.038
Furthest true ligand atom from "about" center is 5.323 Angstroms (maxrad).
Setting 'tran0' value to same as 'about' value: 0.029 -0.041 0.038
Number of requested GA dockings = 100 runs
Unbound model to be used is 'same as bound' [AutoDock 4.2 default].

	BEGINNING GENETIC ALGORITHM DOCKING
Run:	1 / 100
Date:	Sun Jun 25 16:44:43 2017
Beginning LAMARCKIAN GENETIC ALGORITHM (LGA), with a maximum of 20000000 energy evaluations.

Final-Value: -6.026
Real= 2m 29.75s,  CPU= 2m 29.72s,  System= 0.01s


	FINAL GENETIC ALGORITHM ALGORITHM DOCKED STATE
	_______________________________________________


Detailed state:  trans 0.777 -1.180 4.313 quatxyzw 0.484928 -0.222581 -0.373080 -0.759022 center 0.029 -0.041 0.038 ntor 6 -146.2926 69.7726 -2.8280 176.3250 29.2346 16.2745
State:	  0.777  -1.180   4.313   0.745 -0.342 -0.573 -81.244   -146.29   69.77   -2.83  176.33   29.23   16.27

DOCKED: MODEL        1
DOCKED: USER    Run = 1
DOCKED: USER    DPF = ligand_receptor.dpf
DOCKED: USER  
DOCKED: USER    Estimated Free Energy of Binding    =   -2.99 kcal/mol  [=(1)+(2)+(3)-(4)]
DOCKED: USER    Estimated Inhibition Constant, Ki   =    6.38 mM (millimolar)  [Temperature = 298.15 K]
DOCKED: USER    
DOCKED: USER    (1) Final Intermolecular Energy     =   -4.78 kcal/mol
DOCKED: USER        vdW + Hbond + desolv Energy     =   -3.96 kcal/mol
DOCKED: USER        Electrostatic Energy            =   -0.83 kcal/mol
DOCKED: USER    (2) Final Total Internal Energy     =   -1.24 kcal/mol
DOCKED: USER    (3) Torsional Free Energy           =   +1.79 kcal/mol
DOCKED: USER    (4) Unbound System's Energy  [=(2)] =   -1.24 kcal/mol
DOCKED: USER    
DOCKED: USER    
DOCKED: USER    NEWDPF move ligand.pdbqt
DOCKED: USER    NEWDPF about 0.029000 -0.041300 0.037900
DOCKED: USER    NEWDPF tran0 0.776566 -1.179969 4.312512
DOCKED: USER    NEWDPF quaternion0 0.484928 -0.222581 -0.373080 -0.759022
DOCKED: USER    NEWDPF axisangle0 0.744823 -0.341871 -0.573030 -81.243986
DOCKED: USER    NEWDPF quat0 0.744823 -0.341871 -0.573030 -81.243986
DOCKED: USER    NEWDPF dihe0 -146.29 69.77 -2.83 176.33 29.23 16.27 
DOCKED: USER  keepresnum = 1 
DOCKED: USER  
DOCKED: REMARK  6 active torsions:
DOCKED: REMARK  status: ('A' for Active; 'I' for Inactive)
DOCKED: REMARK    1  A    between atoms: O_4  and  C_12 
DOCKED: REMARK    2  A    between atoms: N_7  and  C_16 
DOCKED: REMARK       I    between atoms: N_7  and  C_19 
DOCKED: REMARK    3  A    between atoms: C_8  and  C_9 
DOCKED: REMARK    4  A    between atoms: C_8  and  C_10 
DOCKED: REMARK    5  A    between atoms: C_8  and  C_12 
DOCKED: REMARK    6  A    between atoms: C_9  and  C_11 
DOCKED: USER                              x       y       z     vdW  Elec       q    Type
DOCKED: USER                           _______ _______ _______ _____ _____    ______ ____
DOCKED: ROOT
DOCKED: ATOM      1  I   UNL     1       3.016  -0.267   5.916 -0.24 -0.03    -0.042 I 
DOCKED: ATOM      2  I   UNL     1      -1.244   0.023   1.542 -0.23 -0.03    -0.044 I 
DOCKED: ATOM      3  I   UNL     1       1.939  -4.974   2.149 -0.43 -0.03    -0.042 I 
DOCKED: ATOM      4  C   UNL     1       0.965  -0.432   3.639 -0.16 -0.02    -0.022 A 
DOCKED: ATOM      5  C   UNL     1       1.957  -1.147   4.298 -0.16 +0.03    +0.042 A 
DOCKED: ATOM      6  C   UNL     1       0.265  -0.997   2.580 -0.18 +0.01    +0.015 A 
DOCKED: ATOM      7  C   UNL     1       2.255  -2.448   3.891 -0.13 +0.05    +0.068 A 
DOCKED: ATOM      8  C   UNL     1       0.563  -2.298   2.172 -0.17 +0.03    +0.039 A 
DOCKED: ATOM      9  C   UNL     1       1.558  -3.023   2.829 -0.20 +0.03    +0.035 A 
DOCKED: ENDROOT
DOCKED: BRANCH   4  10
DOCKED: ATOM     10  C   UNL     1       0.635   0.978   4.072 -0.09 +0.04    +0.056 C 
DOCKED: BRANCH  10  11
DOCKED: ATOM     11  C   UNL     1      -0.146   1.039   5.396 -0.15 +0.06    +0.087 C 
DOCKED: BRANCH  11  12
DOCKED: ATOM     12  C   UNL     1      -0.612   2.480   5.676 -0.13 +0.01    +0.011 C 
DOCKED: ATOM     13  C   UNL     1      -1.025   3.221   4.409 -0.10 +0.00    +0.006 C 
DOCKED: ENDBRANCH  11  12
DOCKED: BRANCH  11  14
DOCKED: ATOM     14  C   UNL     1      -1.349   0.107   5.321 -0.26 +0.11    +0.144 C 
DOCKED: ATOM     15  O   UNL     1      -2.467   0.449   4.956 -0.03 -0.49    -0.650 OA
DOCKED: BRANCH  14  16
DOCKED: ATOM     16  O   UNL     1      -1.049  -1.166   5.681 -0.03 -0.67    -0.776 OA
DOCKED: ATOM     17  H   UNL     1      -1.059  -1.776   4.913 -0.50 +0.14    +0.167 HD
DOCKED: ENDBRANCH  14  16
DOCKED: ENDBRANCH  11  14
DOCKED: ENDBRANCH  10  11
DOCKED: ENDBRANCH   4  10
DOCKED: BRANCH   7  18
DOCKED: ATOM     18  N   UNL     1       3.252  -3.185   4.546 -0.10 -0.24    -0.325 N 
DOCKED: ATOM     19  C   UNL     1       4.601  -3.300   4.200 -0.08 +0.14    +0.218 C 
DOCKED: ATOM     20  O   UNL     1       5.180  -2.775   3.255 -0.02 -0.17    -0.274 OA
DOCKED: ATOM     21  C   UNL     1       5.345  -4.190   5.163 -0.08 +0.07    +0.117 C 
DOCKED: ATOM     22  H   UNL     1       2.909  -3.785   5.292 -0.52 +0.12    +0.169 HD
DOCKED: ENDBRANCH   7  18
DOCKED: TORSDOF 6
DOCKED: TER
DOCKED: ENDMDL
________________________________________________________________________________


	BEGINNING GENETIC ALGORITHM DOCKING
Run:	2 / 100
Date:	Sun Jun 25 16:47:12 2017
Beginning LAMARCKIAN GENETIC ALGORITHM (LGA), with a maximum of 20000000 energy evaluations.

Final-Value: -6.215
Real= 2m 29.47s,  CPU= 2m 29.45s,  System= 0.00s


	FINAL GENETIC ALGORITHM ALGORITHM DOCKED STATE
	_______________________________________________


Detailed state:  trans -1.785 0.195 4.074 quatxyzw 0.289277 0.781205 -0.549153 -0.066845 center 0.029 -0.041 0.038 ntor 6 62.2308 63.4397 100.5393 3.2016 -66.3382 -14.5170
State:	 -1.785   0.195   4.074   0.290  0.783 -0.550 -172.334     62.23   63.44  100.54    3.20  -66.34  -14.52

DOCKED: MODEL        2
DOCKED: USER    Run = 2
DOCKED: USER    DPF = ligand_receptor.dpf
DOCKED: USER  
DOCKED: USER    Estimated Free Energy of Binding    =   -3.28 kcal/mol  [=(1)+(2)+(3)-(4)]
DOCKED: USER    Estimated Inhibition Constant, Ki   =    3.97 mM (millimolar)  [Temperature = 298.15 K]
DOCKED: USER    
DOCKED: USER    (1) Final Intermolecular Energy     =   -5.07 kcal/mol
DOCKED: USER        vdW + Hbond + desolv Energy     =   -4.30 kcal/mol
DOCKED: USER        Electrostatic Energy            =   -0.76 kcal/mol
DOCKED: USER    (2) Final Total Internal Energy     =   -1.15 kcal/mol
DOCKED: USER    (3) Torsional Free Energy           =   +1.79 kcal/mol
DOCKED: USER    (4) Unbound System's Energy  [=(2)] =   -1.15 kcal/mol
DOCKED: USER    
DOCKED: USER    
DOCKED: USER    NEWDPF move ligand.pdbqt
DOCKED: USER    NEWDPF about 0.029000 -0.041300 0.037900
DOCKED: USER    NEWDPF tran0 -1.784753 0.194817 4.074360
DOCKED: USER    NEWDPF quaternion0 0.289277 0.781205 -0.549153 -0.066845
DOCKED: USER    NEWDPF axisangle0 0.289925 0.782956 -0.550384 -172.334379
DOCKED: USER    NEWDPF quat0 0.289925 0.782956 -0.550384 -172.334379
DOCKED: USER    NEWDPF dihe0 62.23 63.44 100.54 3.20 -66.34 -14.52 
DOCKED: USER  keepresnum = 1 
DOCKED: USER  
DOCKED: REMARK  6 active torsions:
DOCKED: REMARK  status: ('A' for Active; 'I' for Inactive)
DOCKED: REMARK    1  A    between atoms: O_4  and  C_12 
DOCKED: REMARK    2  A    between atoms: N_7  and  C_16 
DOCKED: REMARK       I    between atoms: N_7  and  C_19 
DOCKED: REMARK    3  A    between atoms: C_8  and  C_9 
DOCKED: REMARK    4  A    between atoms: C_8  and  C_10 
DOCKED: REMARK    5  A    between atoms: C_8  and  C_12 
DOCKED: REMARK    6  A    between atoms: C_9  and  C_11 
DOCKED: USER                              x       y       z     vdW  Elec       q    Type
DOCKED: USER                           _______ _______ _______ _____ _____    ______ ____
DOCKED: ROOT
DOCKED: ATOM      1  I   UNL     1      -0.722   2.255   2.329 -0.12 -0.03    -0.042 I 
DOCKED: ATOM      2  I   UNL     1      -1.455  -0.863   7.536 -1.04 -0.04    -0.044 I 
DOCKED: ATOM      3  I   UNL     1      -6.269   0.664   4.378 -0.49 -0.02    -0.042 I 
DOCKED: ATOM      4  C   UNL     1      -1.417   0.703   4.884 -0.22 -0.02    -0.022 A 
DOCKED: ATOM      5  C   UNL     1      -1.973   1.321   3.769 -0.13 +0.03    +0.042 A 
DOCKED: ATOM      6  C   UNL     1      -2.225   0.088   5.833 -0.34 +0.01    +0.015 A 
DOCKED: ATOM      7  C   UNL     1      -3.358   1.323   3.602 -0.13 +0.05    +0.068 A 
DOCKED: ATOM      8  C   UNL     1      -3.611   0.091   5.665 -0.25 +0.03    +0.039 A 
DOCKED: ATOM      9  C   UNL     1      -4.176   0.709   4.549 -0.19 +0.02    +0.035 A 
DOCKED: ENDROOT
DOCKED: BRANCH   4  10
DOCKED: ATOM     10  C   UNL     1       0.081   0.695   5.075 -0.16 +0.04    +0.056 C 
DOCKED: BRANCH  10  11
DOCKED: ATOM     11  C   UNL     1       0.726  -0.667   4.762 -0.20 +0.07    +0.087 C 
DOCKED: BRANCH  11  12
DOCKED: ATOM     12  C   UNL     1       1.175  -0.720   3.290 -0.17 +0.01    +0.011 C 
DOCKED: ATOM     13  C   UNL     1       0.400  -1.749   2.475 -0.21 +0.00    +0.006 C 
DOCKED: ENDBRANCH  11  12
DOCKED: BRANCH  11  14
DOCKED: ATOM     14  C   UNL     1       1.921  -0.888   5.680 -0.10 +0.12    +0.144 C 
DOCKED: ATOM     15  O   UNL     1       2.183  -0.194   6.655 -0.01 -0.48    -0.650 OA
DOCKED: BRANCH  14  16
DOCKED: ATOM     16  O   UNL     1       2.667  -1.962   5.319 +0.01 -0.63    -0.776 OA
DOCKED: ATOM     17  H   UNL     1       2.656  -2.663   6.004 -0.41 +0.14    +0.167 HD
DOCKED: ENDBRANCH  14  16
DOCKED: ENDBRANCH  11  14
DOCKED: ENDBRANCH  10  11
DOCKED: ENDBRANCH   4  10
DOCKED: BRANCH   7  18
DOCKED: ATOM     18  N   UNL     1      -3.936   1.940   2.483 -0.03 -0.21    -0.325 N 
DOCKED: ATOM     19  C   UNL     1      -4.279   1.355   1.262 -0.05 +0.14    +0.218 C 
DOCKED: ATOM     20  O   UNL     1      -4.145   0.183   0.929 -0.08 -0.17    -0.274 OA
DOCKED: ATOM     21  C   UNL     1      -4.879   2.363   0.314 -0.02 +0.07    +0.117 C 
DOCKED: ATOM     22  H   UNL     1      -4.003   2.953   2.550 +0.02 +0.11    +0.169 HD
DOCKED: ENDBRANCH   7  18
DOCKED: TORSDOF 6
DOCKED: TER
DOCKED: ENDMDL
________________________________________________________________________________


	BEGINNING GENETIC ALGORITHM DOCKING
Run:	3 / 100
Date:	Sun Jun 25 16:49:42 2017
Beginning LAMARCKIAN GENETIC ALGORITHM (LGA), with a maximum of 20000000 energy evaluations.

Final-Value: -6.338
Real= 2m 29.81s,  CPU= 2m 29.77s,  System= 0.00s


	FINAL GENETIC ALGORITHM ALGORITHM DOCKED STATE
	_______________________________________________


Detailed state:  trans -1.394 1.811 6.118 quatxyzw 0.131185 -0.413574 -0.896000 0.094505 center 0.029 -0.041 0.038 ntor 6 23.8946 88.5160 63.7582 164.2610 -130.9066 175.2026
State:	 -1.394   1.811   6.118   0.132 -0.415 -0.900 169.154     23.89   88.52   63.76  164.26 -130.91  175.20

DOCKED: MODEL        3
DOCKED: USER    Run = 3
DOCKED: USER    DPF = ligand_receptor.dpf
DOCKED: USER  
DOCKED: USER    Estimated Free Energy of Binding    =   -3.40 kcal/mol  [=(1)+(2)+(3)-(4)]
DOCKED: USER    Estimated Inhibition Constant, Ki   =    3.21 mM (millimolar)  [Temperature = 298.15 K]
DOCKED: USER    
DOCKED: USER    (1) Final Intermolecular Energy     =   -5.19 kcal/mol
DOCKED: USER        vdW + Hbond + desolv Energy     =   -4.43 kcal/mol
DOCKED: USER        Electrostatic Energy            =   -0.76 kcal/mol
DOCKED: USER    (2) Final Total Internal Energy     =   -1.15 kcal/mol
DOCKED: USER    (3) Torsional Free Energy           =   +1.79 kcal/mol
DOCKED: USER    (4) Unbound System's Energy  [=(2)] =   -1.15 kcal/mol
DOCKED: USER    
DOCKED: USER    
DOCKED: USER    NEWDPF move ligand.pdbqt
DOCKED: USER    NEWDPF about 0.029000 -0.041300 0.037900
DOCKED: USER    NEWDPF tran0 -1.393930 1.811105 6.118162
DOCKED: USER    NEWDPF quaternion0 0.131185 -0.413574 -0.896000 0.094505
DOCKED: USER    NEWDPF axisangle0 0.131775 -0.415433 -0.900028 169.154317
DOCKED: USER    NEWDPF quat0 0.131775 -0.415433 -0.900028 169.154317
DOCKED: USER    NEWDPF dihe0 23.89 88.52 63.76 164.26 -130.91 175.20 
DOCKED: USER  keepresnum = 1 
DOCKED: USER  
DOCKED: REMARK  6 active torsions:
DOCKED: REMARK  status: ('A' for Active; 'I' for Inactive)
DOCKED: REMARK    1  A    between atoms: O_4  and  C_12 
DOCKED: REMARK    2  A    between atoms: N_7  and  C_16 
DOCKED: REMARK       I    between atoms: N_7  and  C_19 
DOCKED: REMARK    3  A    between atoms: C_8  and  C_9 
DOCKED: REMARK    4  A    between atoms: C_8  and  C_10 
DOCKED: REMARK    5  A    between atoms: C_8  and  C_12 
DOCKED: REMARK    6  A    between atoms: C_9  and  C_11 
DOCKED: USER                              x       y       z     vdW  Elec       q    Type
DOCKED: USER                           _______ _______ _______ _____ _____    ______ ____
DOCKED: ROOT
DOCKED: ATOM      1  I   UNL     1      -2.466  -0.795   6.810 -0.98 -0.03    -0.042 I 
DOCKED: ATOM      2  I   UNL     1       1.508   3.185   4.415 -0.06 -0.03    -0.044 I 
DOCKED: ATOM      3  I   UNL     1      -4.313   3.958   3.417 -0.18 -0.03    -0.042 I 
DOCKED: ATOM      4  C   UNL     1      -0.734   1.361   5.478 -0.16 -0.02    -0.022 A 
DOCKED: ATOM      5  C   UNL     1      -2.047   0.941   5.658 -0.18 +0.03    +0.042 A 
DOCKED: ATOM      6  C   UNL     1      -0.447   2.494   4.727 -0.09 +0.01    +0.015 A 
DOCKED: ATOM      7  C   UNL     1      -3.088   1.666   5.079 -0.16 +0.05    +0.068 A 
DOCKED: ATOM      8  C   UNL     1      -1.489   3.220   4.148 -0.08 +0.03    +0.039 A 
DOCKED: ATOM      9  C   UNL     1      -2.810   2.805   4.324 -0.13 +0.02    +0.035 A 
DOCKED: ENDROOT
DOCKED: BRANCH   4  10
DOCKED: ATOM     10  C   UNL     1       0.401   0.581   6.100 -0.17 +0.04    +0.056 C 
DOCKED: BRANCH  10  11
DOCKED: ATOM     11  C   UNL     1       0.871  -0.601   5.234 -0.18 +0.07    +0.087 C 
DOCKED: BRANCH  11  12
DOCKED: ATOM     12  C   UNL     1       0.596  -0.316   3.746 -0.19 +0.01    +0.011 C 
DOCKED: ATOM     13  C   UNL     1       0.404  -1.588   2.928 -0.21 +0.00    +0.006 C 
DOCKED: ENDBRANCH  11  12
DOCKED: BRANCH  11  14
DOCKED: ATOM     14  C   UNL     1       2.360  -0.832   5.454 -0.13 +0.11    +0.144 C 
DOCKED: ATOM     15  O   UNL     1       3.149   0.031   5.818 +0.01 -0.45    -0.650 OA
DOCKED: BRANCH  14  16
DOCKED: ATOM     16  O   UNL     1       2.730  -2.117   5.225 +0.02 -0.63    -0.776 OA
DOCKED: ATOM     17  H   UNL     1       2.679  -2.664   6.038 -0.42 +0.14    +0.167 HD
DOCKED: ENDBRANCH  14  16
DOCKED: ENDBRANCH  11  14
DOCKED: ENDBRANCH  10  11
DOCKED: ENDBRANCH   4  10
DOCKED: BRANCH   7  18
DOCKED: ATOM     18  N   UNL     1      -4.419   1.258   5.252 -0.16 -0.21    -0.325 N 
DOCKED: ATOM     19  C   UNL     1      -5.256   0.643   4.319 -0.17 +0.14    +0.218 C 
DOCKED: ATOM     20  O   UNL     1      -4.990   0.335   3.162 -0.08 -0.18    -0.274 OA
DOCKED: ATOM     21  C   UNL     1      -6.620   0.363   4.898 -0.21 +0.06    +0.117 C 
DOCKED: ATOM     22  H   UNL     1      -4.837   1.553   6.132 -0.49 +0.10    +0.169 HD
DOCKED: ENDBRANCH   7  18
DOCKED: TORSDOF 6
DOCKED: TER
DOCKED: ENDMDL
________________________________________________________________________________


	BEGINNING GENETIC ALGORITHM DOCKING
Run:	4 / 100
Date:	Sun Jun 25 16:52:12 2017
Beginning LAMARCKIAN GENETIC ALGORITHM (LGA), with a maximum of 20000000 energy evaluations.

Final-Value: -6.268
Real= 2m 29.76s,  CPU= 2m 29.74s,  System= 0.01s


	FINAL GENETIC ALGORITHM ALGORITHM DOCKED STATE
	_______________________________________________


Detailed state:  trans -2.007 0.864 4.443 quatxyzw -0.212916 -0.874026 0.423228 0.107809 center 0.029 -0.041 0.038 ntor 6 -175.4880 42.3080 -4.6499 178.7119 7.5867 15.1565
State:	 -2.007   0.864   4.443  -0.214 -0.879  0.426 167.622   -175.49   42.31   -4.65  178.71    7.59   15.16

DOCKED: MODEL        4
DOCKED: USER    Run = 4
DOCKED: USER    DPF = ligand_receptor.dpf
DOCKED: USER  
DOCKED: USER    Estimated Free Energy of Binding    =   -3.30 kcal/mol  [=(1)+(2)+(3)-(4)]
DOCKED: USER    Estimated Inhibition Constant, Ki   =    3.84 mM (millimolar)  [Temperature = 298.15 K]
DOCKED: USER    
DOCKED: USER    (1) Final Intermolecular Energy     =   -5.09 kcal/mol
DOCKED: USER        vdW + Hbond + desolv Energy     =   -4.21 kcal/mol
DOCKED: USER        Electrostatic Energy            =   -0.87 kcal/mol
DOCKED: USER    (2) Final Total Internal Energy     =   -1.18 kcal/mol
DOCKED: USER    (3) Torsional Free Energy           =   +1.79 kcal/mol
DOCKED: USER    (4) Unbound System's Energy  [=(2)] =   -1.18 kcal/mol
DOCKED: USER    
DOCKED: USER    
DOCKED: USER    NEWDPF move ligand.pdbqt
DOCKED: USER    NEWDPF about 0.029000 -0.041300 0.037900
DOCKED: USER    NEWDPF tran0 -2.007487 0.863619 4.443174
DOCKED: USER    NEWDPF quaternion0 -0.212916 -0.874026 0.423228 0.107809
DOCKED: USER    NEWDPF axisangle0 -0.214164 -0.879150 0.425709 167.621934
DOCKED: USER    NEWDPF quat0 -0.214164 -0.879150 0.425709 167.621934
DOCKED: USER    NEWDPF dihe0 -175.49 42.31 -4.65 178.71 7.59 15.16 
DOCKED: USER  keepresnum = 1 
DOCKED: USER  
DOCKED: REMARK  6 active torsions:
DOCKED: REMARK  status: ('A' for Active; 'I' for Inactive)
DOCKED: REMARK    1  A    between atoms: O_4  and  C_12 
DOCKED: REMARK    2  A    between atoms: N_7  and  C_16 
DOCKED: REMARK       I    between atoms: N_7  and  C_19 
DOCKED: REMARK    3  A    between atoms: C_8  and  C_9 
DOCKED: REMARK    4  A    between atoms: C_8  and  C_10 
DOCKED: REMARK    5  A    between atoms: C_8  and  C_12 
DOCKED: REMARK    6  A    between atoms: C_9  and  C_11 
DOCKED: USER                              x       y       z     vdW  Elec       q    Type
DOCKED: USER                           _______ _______ _______ _____ _____    ______ ____
DOCKED: ROOT
DOCKED: ATOM      1  I   UNL     1      -1.446   3.498   3.363 -0.14 -0.03    -0.042 I 
DOCKED: ATOM      2  I   UNL     1      -1.468  -0.972   7.533 -1.02 -0.04    -0.044 I 
DOCKED: ATOM      3  I   UNL     1      -6.478   0.210   4.538 -0.54 -0.02    -0.042 I 
DOCKED: ATOM      4  C   UNL     1      -1.778   1.208   5.380 -0.19 -0.02    -0.022 A 
DOCKED: ATOM      5  C   UNL     1      -2.454   1.957   4.424 -0.16 +0.03    +0.042 A 
DOCKED: ATOM      6  C   UNL     1      -2.426   0.198   6.080 -0.30 +0.01    +0.015 A 
DOCKED: ATOM      7  C   UNL     1      -3.798   1.691   4.165 -0.17 +0.05    +0.068 A 
DOCKED: ATOM      8  C   UNL     1      -3.771  -0.068   5.821 -0.19 +0.03    +0.039 A 
DOCKED: ATOM      9  C   UNL     1      -4.457   0.679   4.863 -0.24 +0.02    +0.035 A 
DOCKED: ENDROOT
DOCKED: BRANCH   4  10
DOCKED: ATOM     10  C   UNL     1      -0.322   1.488   5.669 -0.15 +0.04    +0.056 C 
DOCKED: BRANCH  10  11
DOCKED: ATOM     11  C   UNL     1       0.625   0.971   4.570 -0.10 +0.06    +0.087 C 
DOCKED: BRANCH  11  12
DOCKED: ATOM     12  C   UNL     1       2.028   1.581   4.743 -0.04 +0.01    +0.011 C 
DOCKED: ATOM     13  C   UNL     1       2.169   2.374   6.038 -0.04 +0.00    +0.006 C 
DOCKED: ENDBRANCH  11  12
DOCKED: BRANCH  11  14
DOCKED: ATOM     14  C   UNL     1       0.705  -0.549   4.643 -0.18 +0.11    +0.144 C 
DOCKED: ATOM     15  O   UNL     1       1.563  -1.169   5.258 -0.04 -0.55    -0.650 OA
DOCKED: BRANCH  14  16
DOCKED: ATOM     16  O   UNL     1      -0.301  -1.159   3.966 -0.02 -0.64    -0.776 OA
DOCKED: ATOM     17  H   UNL     1      -0.679  -1.910   4.470 -0.55 +0.14    +0.167 HD
DOCKED: ENDBRANCH  14  16
DOCKED: ENDBRANCH  11  14
DOCKED: ENDBRANCH  10  11
DOCKED: ENDBRANCH   4  10
DOCKED: BRANCH   7  18
DOCKED: ATOM     18  N   UNL     1      -4.496   2.436   3.203 -0.03 -0.21    -0.325 N 
DOCKED: ATOM     19  C   UNL     1      -5.237   3.605   3.393 -0.05 +0.14    +0.218 C 
DOCKED: ATOM     20  O   UNL     1      -5.421   4.213   4.442 -0.07 -0.18    -0.274 OA
DOCKED: ATOM     21  C   UNL     1      -5.835   4.098   2.100 -0.02 +0.07    +0.117 C 
DOCKED: ATOM     22  H   UNL     1      -4.546   1.997   2.286 +0.02 +0.11    +0.169 HD
DOCKED: ENDBRANCH   7  18
DOCKED: TORSDOF 6
DOCKED: TER
DOCKED: ENDMDL
________________________________________________________________________________


	BEGINNING GENETIC ALGORITHM DOCKING
Run:	5 / 100
Date:	Sun Jun 25 16:54:42 2017
Beginning LAMARCKIAN GENETIC ALGORITHM (LGA), with a maximum of 20000000 energy evaluations.

