          AutoDock 4.2 Release 4.2.5.1 
         (C) 1989-2012 The Scripps Research Institute
        AutoDock comes with ABSOLUTELY NO WARRANTY.
        AutoDock is free software, and you are welcome
        to redistribute it under certain conditions;
        for details type 'autodock4 -C'

                     main.cc  $Revision: 1.194 $

                   Compiled on Dec 13 2012 at 13:29:56


This file was created at:			2:50 14" p.m., 06/23/2017
                   using:			"compute-0-7.local"

      ________________________________________________________________

                   SETTING UP DEFAULT PARAMETER LIBRARY
      ________________________________________________________________


Sizeof FourByteLong = 8, not 4.
Random number generator was seeded with values 39647, 1498222214.
Docking parameter file (DPF) used for this docking:		ligand_receptor.dpf
DPF> autodock_parameter_version 4.2       # used by autodock to validate parameter set

	Autodock parameter version 4.2.
DPF> outlev 1                             # diagnostic output level

Output Level = 1  ADT-COMPATIBLE OUTPUT DURING DOCKING.
DPF> intelec                              # calculate internal electrostatics

Electrostatic energies will be calculated for all non-bonds between moving atoms.
DPF> ligand_types A C HD I N OA           # atoms types in ligand

DPF> fld receptor.maps.fld                # grid_data_file

Opening Grid Map Dimensions file:		receptor.maps.fld
Grid Point Spacing =				0.375 Angstroms

Even Number of User-specified Grid Points =	40 x-points
						40 y-points
						40 z-points

Coordinates of Central Grid Point of Maps =	(0.029, -0.041, 0.038)
Macromolecule file used to create Grid Maps =	receptor.pdbqt
Grid Parameter file used to create Grid Maps =	receptor.gpf
Minimum coordinates in grid = (-7.471, -7.541, -7.462)
Maximum coordinates in grid = (7.529, 7.459, 7.538)

DPF> map receptor.A.map                   # atom-specific affinity map

DPF> map receptor.C.map                   # atom-specific affinity map

DPF> map receptor.HD.map                  # atom-specific affinity map

DPF> map receptor.I.map                   # atom-specific affinity map

DPF> map receptor.N.map                   # atom-specific affinity map

DPF> map receptor.OA.map                  # atom-specific affinity map

DPF> elecmap receptor.e.map               # electrostatics map

DPF> desolvmap receptor.d.map             # desolvation map

DPF> move ligand.pdbqt                    # small molecule

1,4-interactions will be _ignored_ in the non-bonded internal energy calculation.

Ligand PDBQT file = "ligand.pdbqt"

INPUT LIGAND PDBQT FILE:
________________________

INPUT-LIGAND-PDBQT: REMARK  6 active torsions:
INPUT-LIGAND-PDBQT: REMARK  status: ('A' for Active; 'I' for Inactive)
INPUT-LIGAND-PDBQT: REMARK    1  A    between atoms: O_4  and  C_12 
INPUT-LIGAND-PDBQT: REMARK    2  A    between atoms: N_7  and  C_16 
INPUT-LIGAND-PDBQT: REMARK       I    between atoms: N_7  and  C_19 
INPUT-LIGAND-PDBQT: REMARK    3  A    between atoms: C_8  and  C_9 
INPUT-LIGAND-PDBQT: REMARK    4  A    between atoms: C_8  and  C_10 
INPUT-LIGAND-PDBQT: REMARK    5  A    between atoms: C_8  and  C_12 
INPUT-LIGAND-PDBQT: REMARK    6  A    between atoms: C_9  and  C_11 
INPUT-LIGAND-PDBQT: ROOT
INPUT-LIGAND-PDBQT: HETATM    1  I   UNL     1       0.670   2.420  -1.359  1.00  0.00    -0.042 I 
INPUT-LIGAND-PDBQT: HETATM    2  I   UNL     1      -2.104  -2.947  -0.427  1.00  0.00    -0.044 I 
INPUT-LIGAND-PDBQT: HETATM    3  I   UNL     1       3.772  -2.539   0.456  1.00  0.00    -0.042 I 
INPUT-LIGAND-PDBQT: HETATM    4  C   UNL     1      -0.423  -0.395  -0.810  1.00  0.00    -0.022 A 
INPUT-LIGAND-PDBQT: HETATM    5  C   UNL     1       0.739   0.368  -0.813  1.00  0.00     0.042 A 
INPUT-LIGAND-PDBQT: HETATM    6  C   UNL     1      -0.391  -1.738  -0.455  1.00  0.00     0.015 A 
INPUT-LIGAND-PDBQT: HETATM    7  C   UNL     1       1.951  -0.222  -0.455  1.00  0.00     0.068 A 
INPUT-LIGAND-PDBQT: HETATM    8  C   UNL     1       0.822  -2.328  -0.097  1.00  0.00     0.039 A 
INPUT-LIGAND-PDBQT: HETATM    9  C   UNL     1       1.993  -1.569  -0.097  1.00  0.00     0.035 A 
INPUT-LIGAND-PDBQT: ENDROOT
INPUT-LIGAND-PDBQT: BRANCH   4  10
INPUT-LIGAND-PDBQT: HETATM   10  C   UNL     1      -1.741   0.234  -1.197  1.00  0.00     0.056 C 
INPUT-LIGAND-PDBQT: BRANCH  10  11
INPUT-LIGAND-PDBQT: HETATM   11  C   UNL     1      -2.499   0.838  -0.001  1.00  0.00     0.087 C 
INPUT-LIGAND-PDBQT: BRANCH  11  12
INPUT-LIGAND-PDBQT: HETATM   12  C   UNL     1      -3.509   1.894  -0.487  1.00  0.00     0.011 C 
INPUT-LIGAND-PDBQT: HETATM   13  C   UNL     1      -4.237   2.584   0.661  1.00  0.00     0.006 C 
INPUT-LIGAND-PDBQT: ENDBRANCH  11  12
INPUT-LIGAND-PDBQT: BRANCH  11  14
INPUT-LIGAND-PDBQT: HETATM   14  C   UNL     1      -3.224  -0.269   0.753  1.00  0.00     0.144 C 
INPUT-LIGAND-PDBQT: HETATM   15  O   UNL     1      -4.363  -0.645   0.505  1.00  0.00    -0.650 OA
INPUT-LIGAND-PDBQT: BRANCH  14  16
INPUT-LIGAND-PDBQT: HETATM   16  O   UNL     1      -2.462  -0.824   1.729  1.00  0.00    -0.776 OA
INPUT-LIGAND-PDBQT: HETATM   17  H   UNL     1      -2.934  -1.544   2.198  1.00  0.00     0.167 HD
INPUT-LIGAND-PDBQT: ENDBRANCH  14  16
INPUT-LIGAND-PDBQT: ENDBRANCH  11  14
INPUT-LIGAND-PDBQT: ENDBRANCH  10  11
INPUT-LIGAND-PDBQT: ENDBRANCH   4  10
INPUT-LIGAND-PDBQT: BRANCH   7  18
INPUT-LIGAND-PDBQT: HETATM   18  N   UNL     1       3.133   0.533  -0.451  1.00  0.00    -0.325 N 
INPUT-LIGAND-PDBQT: HETATM   19  C   UNL     1       3.678   1.269   0.604  1.00  0.00     0.218 C 
INPUT-LIGAND-PDBQT: HETATM   20  O   UNL     1       3.230   1.397   1.738  1.00  0.00    -0.274 OA
INPUT-LIGAND-PDBQT: HETATM   21  C   UNL     1       4.966   1.942   0.202  1.00  0.00     0.117 C 
INPUT-LIGAND-PDBQT: HETATM   22  H   UNL     1       3.571   0.632  -1.364  1.00  0.00     0.169 HD
INPUT-LIGAND-PDBQT: ENDBRANCH   7  18
INPUT-LIGAND-PDBQT: TORSDOF 6
________________________________________________________________________________

Total charge on ligand                               =	-1.001 e
REMARK  6 active torsions:
REMARK  status: ('A' for Active; 'I' for Inactive)
REMARK    1  A    between atoms: O_4  and  C_12 
REMARK    2  A    between atoms: N_7  and  C_16 
REMARK       I    between atoms: N_7  and  C_19 
REMARK    3  A    between atoms: C_8  and  C_9 
REMARK    4  A    between atoms: C_8  and  C_10 
REMARK    5  A    between atoms: C_8  and  C_12 
REMARK    6  A    between atoms: C_9  and  C_11 


Number of Rotatable Bonds in Small Molecule =	6 torsions
Number of atoms in ligand:  22

Number of non-hydrogen atoms in ligand:  20

Number of vibrational degrees of freedom of ligand:  60


Number of torsional degrees of freedom = 6
Estimated loss of torsional free energy upon binding = +1.7898 kcal/mol


DPF> about 0.029 -0.0413 0.0379           # small molecule center

Small molecule center of rotation =	(+0.029, -0.041, +0.038)

DPF> # ADDED BY TOXIM

DPF> 

DPF> ga_pop_size 250                      # number of individuals in population

A population of 250 individuals will be used
DPF> ga_num_evals 20000000                # maximum number of energy evaluations

There will be at most 20000000 function evaluations used.
DPF> ga_num_generations 2000000000        # maximum number of generations

The GA will run for at most 2000000000 generations.
DPF> ga_elitism 1                         # number of top individuals to survive to next generation

The 1 best will be preserved each GA generation.
DPF> ga_mutation_rate 0.02                # rate of gene mutation

The mutation rate is 0.020000.
DPF> ga_crossover_rate 0.8                # rate of crossover

The crossover rate is 0.800000.
DPF> ga_window_size 10                    # 

The GA's selection window is 10 generations.
DPF> ga_cauchy_alpha 0.0                  # Alpha parameter of Cauchy distribution

The alpha parameter (for the Cauchy distribution) is being set to 0.000000.
DPF> ga_cauchy_beta 1.0                   # Beta parameter Cauchy distribution

The beta parameter (for the Cauchy distribution) is being set to 1.000000.
DPF> set_ga                               # set the above parameters for GA or LGA

DPF> sw_max_its 300                       # iterations of Solis & Wets local search

Solis & Wets algorithms will perform at most 300 iterations.
DPF> sw_max_succ 4                        # consecutive successes before changing rho

Solis & Wets algorithms expand rho every 4 in a row successes.
DPF> sw_max_fail 4                        # consecutive failures before changing rho

Solis & Wets algorithms contract rho every 4 in a row failures.
DPF> sw_rho 1.0                           # size of local search space to sample

rho is set to 1.000000.
DPF> sw_lb_rho 0.01                       # lower bound on rho

rho will never get smaller than 0.010000.
DPF> ls_search_freq 0.06                  # probability of performing local search on individual

Local search will be performed with frequency 0.060000.
DPF> set_psw1                             # set the above pseudo-Solis & Wets parameters

Creating a new Local Search object using the pseudo-Solis-Wets algorithm (pSW1) with the current settings.

DPF> unbound_model bound                  # state of unbound ligand

DPF> ga_run 100                           # do this many hybrid GA-LS runs

centering ligand on specified point: 0.029 -0.041 0.038
Furthest true ligand atom from "about" center is 5.323 Angstroms (maxrad).
Setting 'tran0' value to same as 'about' value: 0.029 -0.041 0.038
Number of requested GA dockings = 100 runs
Unbound model to be used is 'same as bound' [AutoDock 4.2 default].

	BEGINNING GENETIC ALGORITHM DOCKING
Run:	1 / 100
Date:	Fri Jun 23 14:50:14 2017
Beginning LAMARCKIAN GENETIC ALGORITHM (LGA), with a maximum of 20000000 energy evaluations.

Final-Value: -1.451
Real= 2m 34.99s,  CPU= 2m 35.05s,  System= 0.01s


	FINAL GENETIC ALGORITHM ALGORITHM DOCKED STATE
	_______________________________________________


Detailed state:  trans 3.395 4.069 2.823 quatxyzw -0.711030 0.445097 0.511013 0.187594 center 0.029 -0.041 0.038 ntor 6 63.4659 -82.3013 135.1335 -179.3834 -143.0338 175.2124
State:	  3.395   4.069   2.823  -0.724  0.453  0.520 158.375     63.47  -82.30  135.13 -179.38 -143.03  175.21

DOCKED: MODEL        1
DOCKED: USER    Run = 1
DOCKED: USER    DPF = ligand_receptor.dpf
DOCKED: USER  
DOCKED: USER    Estimated Free Energy of Binding    =   +1.67 kcal/mol  [=(1)+(2)+(3)-(4)]
DOCKED: USER    
DOCKED: USER    (1) Final Intermolecular Energy     =   -0.12 kcal/mol
DOCKED: USER        vdW + Hbond + desolv Energy     =   +0.00 kcal/mol
DOCKED: USER        Electrostatic Energy            =   -0.12 kcal/mol
DOCKED: USER    (2) Final Total Internal Energy     =   -1.33 kcal/mol
DOCKED: USER    (3) Torsional Free Energy           =   +1.79 kcal/mol
DOCKED: USER    (4) Unbound System's Energy  [=(2)] =   -1.33 kcal/mol
DOCKED: USER    
DOCKED: USER    
DOCKED: USER    NEWDPF move ligand.pdbqt
DOCKED: USER    NEWDPF about 0.029000 -0.041300 0.037900
DOCKED: USER    NEWDPF tran0 3.394835 4.069236 2.823089
DOCKED: USER    NEWDPF quaternion0 -0.711030 0.445097 0.511013 0.187594
DOCKED: USER    NEWDPF axisangle0 -0.723881 0.453142 0.520249 158.375182
DOCKED: USER    NEWDPF quat0 -0.723881 0.453142 0.520249 158.375182
DOCKED: USER    NEWDPF dihe0 63.47 -82.30 135.13 -179.38 -143.03 175.21 
DOCKED: USER  keepresnum = 1 
DOCKED: USER  
DOCKED: REMARK  6 active torsions:
DOCKED: REMARK  status: ('A' for Active; 'I' for Inactive)
DOCKED: REMARK    1  A    between atoms: O_4  and  C_12 
DOCKED: REMARK    2  A    between atoms: N_7  and  C_16 
DOCKED: REMARK       I    between atoms: N_7  and  C_19 
DOCKED: REMARK    3  A    between atoms: C_8  and  C_9 
DOCKED: REMARK    4  A    between atoms: C_8  and  C_10 
DOCKED: REMARK    5  A    between atoms: C_8  and  C_12 
DOCKED: REMARK    6  A    between atoms: C_9  and  C_11 
DOCKED: USER                              x       y       z     vdW  Elec       q    Type
DOCKED: USER                           _______ _______ _______ _____ _____    ______ ____
DOCKED: ROOT
DOCKED: ATOM      1  I   UNL     1       3.609   1.965   4.810 +0.00 -0.00    -0.042 I 
DOCKED: ATOM      2  I   UNL     1       4.919   7.291   2.109 +0.00 -0.01    -0.044 I 
DOCKED: ATOM      3  I   UNL     1       4.428   2.393  -1.245 +0.00 -0.00    -0.042 I 
DOCKED: ATOM      4  C   UNL     1       4.272   4.471   3.166 +0.00 -0.00    -0.022 A 
DOCKED: ATOM      5  C   UNL     1       4.033   3.105   3.068 +0.00 +0.00    +0.042 A 
DOCKED: ATOM      6  C   UNL     1       4.550   5.228   2.034 +0.00 +0.00    +0.015 A 
DOCKED: ATOM      7  C   UNL     1       4.072   2.488   1.818 +0.00 +0.01    +0.068 A 
DOCKED: ATOM      8  C   UNL     1       4.589   4.610   0.784 +0.00 +0.00    +0.039 A 
DOCKED: ATOM      9  C   UNL     1       4.350   3.239   0.676 +0.00 +0.00    +0.035 A 
DOCKED: ENDROOT
DOCKED: BRANCH   4  10
DOCKED: ATOM     10  C   UNL     1       4.233   5.150   4.515 +0.00 +0.01    +0.056 C 
DOCKED: BRANCH  10  11
DOCKED: ATOM     11  C   UNL     1       5.568   5.064   5.276 +0.00 +0.01    +0.087 C 
DOCKED: BRANCH  11  12
DOCKED: ATOM     12  C   UNL     1       6.702   4.650   4.320 +0.00 +0.00    +0.011 C 
DOCKED: ATOM     13  C   UNL     1       7.269   3.272   4.641 +0.00 +0.00    +0.006 C 
DOCKED: ENDBRANCH  11  12
DOCKED: BRANCH  11  14
DOCKED: ATOM     14  C   UNL     1       5.883   6.415   5.904 +0.00 +0.02    +0.144 C 
DOCKED: ATOM     15  O   UNL     1       5.075   7.097   6.523 +0.00 -0.08    -0.650 OA
DOCKED: BRANCH  14  16
DOCKED: ATOM     16  O   UNL     1       7.176   6.786   5.728 +0.00 -0.09    -0.776 OA
DOCKED: ATOM     17  H   UNL     1       7.280   7.411   4.979 +0.00 +0.02    +0.167 HD
DOCKED: ENDBRANCH  14  16
DOCKED: ENDBRANCH  11  14
DOCKED: ENDBRANCH  10  11
DOCKED: ENDBRANCH   4  10
DOCKED: BRANCH   7  18
DOCKED: ATOM     18  N   UNL     1       3.831   1.111   1.699 +0.00 -0.04    -0.325 N 
DOCKED: ATOM     19  C   UNL     1       4.759   0.069   1.770 +0.00 +0.02    +0.218 C 
DOCKED: ATOM     20  O   UNL     1       5.968   0.153   1.953 +0.00 -0.03    -0.274 OA
DOCKED: ATOM     21  C   UNL     1       4.096  -1.274   1.593 +0.00 +0.01    +0.117 C 
DOCKED: ATOM     22  H   UNL     1       2.882   0.873   1.421 +0.00 +0.02    +0.169 HD
DOCKED: ENDBRANCH   7  18
DOCKED: TORSDOF 6
DOCKED: TER
DOCKED: ENDMDL
________________________________________________________________________________


	BEGINNING GENETIC ALGORITHM DOCKING
Run:	2 / 100
Date:	Fri Jun 23 14:52:49 2017
Beginning LAMARCKIAN GENETIC ALGORITHM (LGA), with a maximum of 20000000 energy evaluations.

Final-Value: -1.451
Real= 2m 35.07s,  CPU= 2m 35.13s,  System= 0.00s


	FINAL GENETIC ALGORITHM ALGORITHM DOCKED STATE
	_______________________________________________


Detailed state:  trans 4.118 2.482 3.843 quatxyzw -0.471488 0.814944 -0.336914 0.007328 center 0.029 -0.041 0.038 ntor 6 62.3746 62.0319 -53.0177 -178.6313 -143.2689 174.9883
State:	  4.118   2.482   3.843  -0.472  0.815 -0.337 179.160     62.37   62.03  -53.02 -178.63 -143.27  174.99

DOCKED: MODEL        2
DOCKED: USER    Run = 2
DOCKED: USER    DPF = ligand_receptor.dpf
DOCKED: USER  
DOCKED: USER    Estimated Free Energy of Binding    =   +1.67 kcal/mol  [=(1)+(2)+(3)-(4)]
DOCKED: USER    
DOCKED: USER    (1) Final Intermolecular Energy     =   -0.12 kcal/mol
DOCKED: USER        vdW + Hbond + desolv Energy     =   +0.00 kcal/mol
DOCKED: USER        Electrostatic Energy            =   -0.12 kcal/mol
DOCKED: USER    (2) Final Total Internal Energy     =   -1.33 kcal/mol
DOCKED: USER    (3) Torsional Free Energy           =   +1.79 kcal/mol
DOCKED: USER    (4) Unbound System's Energy  [=(2)] =   -1.33 kcal/mol
DOCKED: USER    
DOCKED: USER    
DOCKED: USER    NEWDPF move ligand.pdbqt
DOCKED: USER    NEWDPF about 0.029000 -0.041300 0.037900
DOCKED: USER    NEWDPF tran0 4.118419 2.481568 3.842717
DOCKED: USER    NEWDPF quaternion0 -0.471488 0.814944 -0.336914 0.007328
DOCKED: USER    NEWDPF axisangle0 -0.471500 0.814966 -0.336923 179.160261
DOCKED: USER    NEWDPF quat0 -0.471500 0.814966 -0.336923 179.160261
DOCKED: USER    NEWDPF dihe0 62.37 62.03 -53.02 -178.63 -143.27 174.99 
DOCKED: USER  keepresnum = 1 
DOCKED: USER  
DOCKED: REMARK  6 active torsions:
DOCKED: REMARK  status: ('A' for Active; 'I' for Inactive)
DOCKED: REMARK    1  A    between atoms: O_4  and  C_12 
DOCKED: REMARK    2  A    between atoms: N_7  and  C_16 
DOCKED: REMARK       I    between atoms: N_7  and  C_19 
DOCKED: REMARK    3  A    between atoms: C_8  and  C_9 
DOCKED: REMARK    4  A    between atoms: C_8  and  C_10 
DOCKED: REMARK    5  A    between atoms: C_8  and  C_12 
DOCKED: REMARK    6  A    between atoms: C_9  and  C_11 
DOCKED: USER                              x       y       z     vdW  Elec       q    Type
DOCKED: USER                           _______ _______ _______ _____ _____    ______ ____
DOCKED: ROOT
DOCKED: ATOM      1  I   UNL     1       1.432   3.577   3.799 +0.00 -0.00    -0.042 I 
DOCKED: ATOM      2  I   UNL     1       7.408   3.415   5.074 +0.00 -0.00    -0.044 I 
DOCKED: ATOM      3  I   UNL     1       4.100  -1.429   6.108 +0.00 -0.00    -0.042 I 
DOCKED: ATOM      4  C   UNL     1       4.384   3.182   4.541 +0.00 -0.00    -0.022 A 
DOCKED: ATOM      5  C   UNL     1       3.147   2.547   4.512 +0.00 +0.00    +0.042 A 
DOCKED: ATOM      6  C   UNL     1       5.513   2.519   5.005 +0.00 +0.00    +0.015 A 
DOCKED: ATOM      7  C   UNL     1       3.040   1.229   4.955 +0.00 +0.01    +0.068 A 
DOCKED: ATOM      8  C   UNL     1       5.405   1.200   5.448 +0.00 +0.00    +0.039 A 
DOCKED: ATOM      9  C   UNL     1       4.168   0.555   5.423 +0.00 +0.00    +0.035 A 
DOCKED: ENDROOT
DOCKED: BRANCH   4  10
DOCKED: ATOM     10  C   UNL     1       4.511   4.610   4.064 +0.00 +0.01    +0.056 C 
DOCKED: BRANCH  10  11
DOCKED: ATOM     11  C   UNL     1       4.173   5.645   5.153 +0.00 +0.01    +0.087 C 
DOCKED: BRANCH  11  12
DOCKED: ATOM     12  C   UNL     1       4.160   4.976   6.540 +0.00 +0.00    +0.011 C 
DOCKED: ATOM     13  C   UNL     1       2.776   4.970   7.177 +0.00 +0.00    +0.006 C 
DOCKED: ENDBRANCH  11  12
DOCKED: BRANCH  11  14
DOCKED: ATOM     14  C   UNL     1       5.203   6.767   5.125 +0.00 +0.02    +0.144 C 
DOCKED: ATOM     15  O   UNL     1       5.643   7.329   6.120 +0.00 -0.08    -0.650 OA
DOCKED: BRANCH  14  16
DOCKED: ATOM     16  O   UNL     1       5.610   7.072   3.867 +0.00 -0.09    -0.776 OA
DOCKED: ATOM     17  H   UNL     1       6.567   6.902   3.740 +0.00 +0.02    +0.167 HD
DOCKED: ENDBRANCH  14  16
DOCKED: ENDBRANCH  11  14
DOCKED: ENDBRANCH  10  11
DOCKED: ENDBRANCH   4  10
DOCKED: BRANCH   7  18
DOCKED: ATOM     18  N   UNL     1       1.801   0.572   4.932 +0.00 -0.04    -0.325 N 
DOCKED: ATOM     19  C   UNL     1       0.822   0.551   5.929 +0.00 +0.02    +0.218 C 
DOCKED: ATOM     20  O   UNL     1       0.853   1.106   7.021 +0.00 -0.03    -0.274 OA
DOCKED: ATOM     21  C   UNL     1      -0.371  -0.274   5.516 +0.00 +0.01    +0.117 C 
DOCKED: ATOM     22  H   UNL     1       1.667  -0.044   4.134 +0.00 +0.02    +0.169 HD
DOCKED: ENDBRANCH   7  18
DOCKED: TORSDOF 6
DOCKED: TER
DOCKED: ENDMDL
________________________________________________________________________________


	BEGINNING GENETIC ALGORITHM DOCKING
Run:	3 / 100
Date:	Fri Jun 23 14:55:24 2017
Beginning LAMARCKIAN GENETIC ALGORITHM (LGA), with a maximum of 20000000 energy evaluations.

Final-Value: -1.449
Real= 2m 33.48s,  CPU= 2m 33.53s,  System= 0.01s


	FINAL GENETIC ALGORITHM ALGORITHM DOCKED STATE
	_______________________________________________


Detailed state:  trans 3.931 2.347 3.402 quatxyzw -0.539525 0.822161 -0.181101 -0.012906 center 0.029 -0.041 0.038 ntor 6 63.7058 -82.1170 137.0943 -178.6048 -141.1460 174.3733
State:	  3.931   2.347   3.402  -0.540  0.822 -0.181 -178.521     63.71  -82.12  137.09 -178.60 -141.15  174.37

DOCKED: MODEL        3
DOCKED: USER    Run = 3
DOCKED: USER    DPF = ligand_receptor.dpf
DOCKED: USER  
DOCKED: USER    Estimated Free Energy of Binding    =   +1.67 kcal/mol  [=(1)+(2)+(3)-(4)]
DOCKED: USER    
DOCKED: USER    (1) Final Intermolecular Energy     =   -0.12 kcal/mol
DOCKED: USER        vdW + Hbond + desolv Energy     =   +0.00 kcal/mol
DOCKED: USER        Electrostatic Energy            =   -0.12 kcal/mol
DOCKED: USER    (2) Final Total Internal Energy     =   -1.33 kcal/mol
DOCKED: USER    (3) Torsional Free Energy           =   +1.79 kcal/mol
DOCKED: USER    (4) Unbound System's Energy  [=(2)] =   -1.33 kcal/mol
DOCKED: USER    
DOCKED: USER    
DOCKED: USER    NEWDPF move ligand.pdbqt
DOCKED: USER    NEWDPF about 0.029000 -0.041300 0.037900
DOCKED: USER    NEWDPF tran0 3.931285 2.346910 3.402500
DOCKED: USER    NEWDPF quaternion0 -0.539525 0.822161 -0.181101 -0.012906
DOCKED: USER    NEWDPF axisangle0 -0.539569 0.822230 -0.181116 -178.521035
DOCKED: USER    NEWDPF quat0 -0.539569 0.822230 -0.181116 -178.521035
DOCKED: USER    NEWDPF dihe0 63.71 -82.12 137.09 -178.60 -141.15 174.37 
DOCKED: USER  keepresnum = 1 
DOCKED: USER  
DOCKED: REMARK  6 active torsions:
DOCKED: REMARK  status: ('A' for Active; 'I' for Inactive)
DOCKED: REMARK    1  A    between atoms: O_4  and  C_12 
DOCKED: REMARK    2  A    between atoms: N_7  and  C_16 
DOCKED: REMARK       I    between atoms: N_7  and  C_19 
DOCKED: REMARK    3  A    between atoms: C_8  and  C_9 
DOCKED: REMARK    4  A    between atoms: C_8  and  C_10 
DOCKED: REMARK    5  A    between atoms: C_8  and  C_12 
DOCKED: REMARK    6  A    between atoms: C_9  and  C_11 
DOCKED: USER                              x       y       z     vdW  Elec       q    Type
DOCKED: USER                           _______ _______ _______ _____ _____    ______ ____
DOCKED: ROOT
DOCKED: ATOM      1  I   UNL     1       1.189   3.039   4.052 +0.00 -0.00    -0.042 I 
DOCKED: ATOM      2  I   UNL     1       7.285   3.358   4.371 +0.00 -0.00    -0.044 I 
DOCKED: ATOM      3  I   UNL     1       4.663  -1.990   4.443 +0.00 -0.00    -0.042 I 
DOCKED: ATOM      4  C   UNL     1       4.248   2.866   4.226 +0.00 -0.00    -0.022 A 
DOCKED: ATOM      5  C   UNL     1       3.089   2.099   4.193 +0.00 +0.00    +0.042 A 
DOCKED: ATOM      6  C   UNL     1       5.497   2.264   4.319 +0.00 +0.00    +0.015 A 
DOCKED: ATOM      7  C   UNL     1       3.182   0.709   4.254 +0.00 +0.01    +0.068 A 
DOCKED: ATOM      8  C   UNL     1       5.589   0.873   4.379 +0.00 +0.00    +0.039 A 
DOCKED: ATOM      9  C   UNL     1       4.430   0.096   4.347 +0.00 +0.00    +0.035 A 
DOCKED: ENDROOT
DOCKED: BRANCH   4  10
DOCKED: ATOM     10  C   UNL     1       4.160   4.373   4.162 +0.00 +0.01    +0.056 C 
DOCKED: BRANCH  10  11
DOCKED: ATOM     11  C   UNL     1       3.908   5.025   5.534 +0.00 +0.01    +0.087 C 
DOCKED: BRANCH  11  12
DOCKED: ATOM     12  C   UNL     1       4.236   4.032   6.665 +0.00 +0.00    +0.011 C 
DOCKED: ATOM     13  C   UNL     1       3.001   3.606   7.450 +0.00 +0.00    +0.006 C 
DOCKED: ENDBRANCH  11  12
DOCKED: BRANCH  11  14
DOCKED: ATOM     14  C   UNL     1       4.770   6.273   5.669 +0.00 +0.02    +0.144 C 
DOCKED: ATOM     15  O   UNL     1       4.866   7.145   4.814 +0.00 -0.08    -0.650 OA
DOCKED: BRANCH  14  16
DOCKED: ATOM     16  O   UNL     1       5.414   6.338   6.862 +0.00 -0.09    -0.776 OA
DOCKED: ATOM     17  H   UNL     1       6.343   6.033   6.794 +0.00 +0.02    +0.167 HD
DOCKED: ENDBRANCH  14  16
DOCKED: ENDBRANCH  11  14
DOCKED: ENDBRANCH  10  11
DOCKED: ENDBRANCH   4  10
DOCKED: BRANCH   7  18
DOCKED: ATOM     18  N   UNL     1       2.023  -0.080   4.221 +0.00 -0.03    -0.325 N 
DOCKED: ATOM     19  C   UNL     1       1.237  -0.498   5.298 +0.00 +0.02    +0.218 C 
DOCKED: ATOM     20  O   UNL     1       1.406  -0.253   6.487 +0.00 -0.03    -0.274 OA
DOCKED: ATOM     21  C   UNL     1       0.071  -1.337   4.840 +0.00 +0.01    +0.117 C 
DOCKED: ATOM     22  H   UNL     1       1.809  -0.474   3.307 +0.00 +0.02    +0.169 HD
DOCKED: ENDBRANCH   7  18
DOCKED: TORSDOF 6
DOCKED: TER
DOCKED: ENDMDL
________________________________________________________________________________


	BEGINNING GENETIC ALGORITHM DOCKING
Run:	4 / 100
Date:	Fri Jun 23 14:57:58 2017
Beginning LAMARCKIAN GENETIC ALGORITHM (LGA), with a maximum of 20000000 energy evaluations.

Final-Value: -1.449
Real= 2m 31.99s,  CPU= 2m 32.06s,  System= 0.00s


	FINAL GENETIC ALGORITHM ALGORITHM DOCKED STATE
	_______________________________________________


Detailed state:  trans 1.205 5.106 4.874 quatxyzw -0.406686 0.549562 0.683237 0.256466 center 0.029 -0.041 0.038 ntor 6 64.1751 -82.5072 135.4900 -178.5975 -142.9830 175.2098
State:	  1.205   5.106   4.874  -0.421  0.569  0.707 150.279     64.18  -82.51  135.49 -178.60 -142.98  175.21

DOCKED: MODEL        4
DOCKED: USER    Run = 4
DOCKED: USER    DPF = ligand_receptor.dpf
DOCKED: USER  
DOCKED: USER    Estimated Free Energy of Binding    =   +1.67 kcal/mol  [=(1)+(2)+(3)-(4)]
DOCKED: USER    
DOCKED: USER    (1) Final Intermolecular Energy     =   -0.12 kcal/mol
DOCKED: USER        vdW + Hbond + desolv Energy     =   +0.00 kcal/mol
DOCKED: USER        Electrostatic Energy            =   -0.12 kcal/mol
DOCKED: USER    (2) Final Total Internal Energy     =   -1.33 kcal/mol
DOCKED: USER    (3) Torsional Free Energy           =   +1.79 kcal/mol
DOCKED: USER    (4) Unbound System's Energy  [=(2)] =   -1.33 kcal/mol
DOCKED: USER    
DOCKED: USER    
DOCKED: USER    NEWDPF move ligand.pdbqt
DOCKED: USER    NEWDPF about 0.029000 -0.041300 0.037900
DOCKED: USER    NEWDPF tran0 1.204698 5.105948 4.873515
DOCKED: USER    NEWDPF quaternion0 -0.406686 0.549562 0.683237 0.256466
DOCKED: USER    NEWDPF axisangle0 -0.420759 0.568579 0.706880 150.279096
DOCKED: USER    NEWDPF quat0 -0.420759 0.568579 0.706880 150.279096
DOCKED: USER    NEWDPF dihe0 64.18 -82.51 135.49 -178.60 -142.98 175.21 
DOCKED: USER  keepresnum = 1 
DOCKED: USER  
DOCKED: REMARK  6 active torsions:
DOCKED: REMARK  status: ('A' for Active; 'I' for Inactive)
DOCKED: REMARK    1  A    between atoms: O_4  and  C_12 
DOCKED: REMARK    2  A    between atoms: N_7  and  C_16 
DOCKED: REMARK       I    between atoms: N_7  and  C_19 
DOCKED: REMARK    3  A    between atoms: C_8  and  C_9 
DOCKED: REMARK    4  A    between atoms: C_8  and  C_10 
DOCKED: REMARK    5  A    between atoms: C_8  and  C_12 
DOCKED: REMARK    6  A    between atoms: C_9  and  C_11 
DOCKED: USER                              x       y       z     vdW  Elec       q    Type
DOCKED: USER                           _______ _______ _______ _____ _____    ______ ____
DOCKED: ROOT
DOCKED: ATOM      1  I   UNL     1       1.792   3.186   6.969 +0.00 -0.00    -0.042 I 
DOCKED: ATOM      2  I   UNL     1       3.021   7.323   2.639 +0.00 -0.01    -0.044 I 
DOCKED: ATOM      3  I   UNL     1      -0.917   3.008   1.479 +0.00 -0.00    -0.042 I 
DOCKED: ATOM      4  C   UNL     1       2.192   5.100   4.603 +0.00 -0.00    -0.022 A 
DOCKED: ATOM      5  C   UNL     1       1.496   3.970   5.016 +0.00 +0.00    +0.042 A 
DOCKED: ATOM      6  C   UNL     1       2.007   5.622   3.328 +0.00 +0.00    +0.015 A 
DOCKED: ATOM      7  C   UNL     1       0.602   3.354   4.142 +0.00 +0.01    +0.068 A 
DOCKED: ATOM      8  C   UNL     1       1.112   5.005   2.453 +0.00 +0.00    +0.039 A 
DOCKED: ATOM      9  C   UNL     1       0.409   3.871   2.861 +0.00 +0.00    +0.035 A 
DOCKED: ENDROOT
DOCKED: BRANCH   4  10
DOCKED: ATOM     10  C   UNL     1       3.164   5.775   5.542 +0.00 +0.01    +0.056 C 
DOCKED: BRANCH  10  11
DOCKED: ATOM     11  C   UNL     1       4.569   5.146   5.516 +0.00 +0.01    +0.087 C 
DOCKED: BRANCH  11  12
DOCKED: ATOM     12  C   UNL     1       4.729   4.250   4.273 +0.00 +0.00    +0.011 C 
DOCKED: ATOM     13  C   UNL     1       4.854   2.772   4.626 +0.00 +0.00    +0.006 C 
DOCKED: ENDBRANCH  11  12
DOCKED: BRANCH  11  14
DOCKED: ATOM     14  C   UNL     1       5.620   6.248   5.503 +0.00 +0.02    +0.144 C 
DOCKED: ATOM     15  O   UNL     1       5.603   7.229   6.236 +0.00 -0.08    -0.650 OA
DOCKED: BRANCH  14  16
DOCKED: ATOM     16  O   UNL     1       6.606   6.021   4.600 +0.00 -0.09    -0.776 OA
DOCKED: ATOM     17  H   UNL     1       6.461   6.514   3.765 +0.00 +0.02    +0.167 HD
DOCKED: ENDBRANCH  14  16
DOCKED: ENDBRANCH  11  14
DOCKED: ENDBRANCH  10  11
DOCKED: ENDBRANCH   4  10
DOCKED: BRANCH   7  18
DOCKED: ATOM     18  N   UNL     1      -0.110   2.214   4.543 +0.00 -0.04    -0.325 N 
DOCKED: ATOM     19  C   UNL     1       0.278   0.876   4.432 +0.00 +0.02    +0.218 C 
DOCKED: ATOM     20  O   UNL     1       1.322   0.436   3.964 +0.00 -0.03    -0.274 OA
DOCKED: ATOM     21  C   UNL     1      -0.774  -0.053   4.983 +0.00 +0.01    +0.117 C 
DOCKED: ATOM     22  H   UNL     1      -1.063   2.399   4.846 +0.00 +0.02    +0.169 HD
DOCKED: ENDBRANCH   7  18
DOCKED: TORSDOF 6
DOCKED: TER
DOCKED: ENDMDL
________________________________________________________________________________


	BEGINNING GENETIC ALGORITHM DOCKING
Run:	5 / 100
Date:	Fri Jun 23 15:00:30 2017
Beginning LAMARCKIAN GENETIC ALGORITHM (LGA), with a maximum of 20000000 energy evaluations.

Final-Value: -1.450
Real= 2m 31.83s,  CPU= 2m 31.88s,  System= 0.02s


	FINAL GENETIC ALGORITHM ALGORITHM DOCKED STATE
	_______________________________________________


Detailed state:  trans 5.123 4.214 2.121 quatxyzw 0.106956 0.841952 -0.393704 -0.353093 center 0.029 -0.041 0.038 ntor 6 63.3381 -84.7560 135.5327 -179.3881 -142.5951 175.0163
State:	  5.123   4.214   2.121   0.114  0.900 -0.421 -138.647     63.34  -84.76  135.53 -179.39 -142.60  175.02

DOCKED: MODEL        5
DOCKED: USER    Run = 5
DOCKED: USER    DPF = ligand_receptor.dpf
DOCKED: USER  
DOCKED: USER    Estimated Free Energy of Binding    =   +1.67 kcal/mol  [=(1)+(2)+(3)-(4)]
DOCKED: USER    
DOCKED: USER    (1) Final Intermolecular Energy     =   -0.12 kcal/mol
DOCKED: USER        vdW + Hbond + desolv Energy     =   +0.00 kcal/mol
DOCKED: USER        Electrostatic Energy            =   -0.12 kcal/mol
DOCKED: USER    (2) Final Total Internal Energy     =   -1.33 kcal/mol
DOCKED: USER    (3) Torsional Free Energy           =   +1.79 kcal/mol
DOCKED: USER    (4) Unbound System's Energy  [=(2)] =   -1.33 kcal/mol
DOCKED: USER    
DOCKED: USER    
DOCKED: USER    NEWDPF move ligand.pdbqt
DOCKED: USER    NEWDPF about 0.029000 -0.041300 0.037900
DOCKED: USER    NEWDPF tran0 5.122526 4.213552 2.120671
DOCKED: USER    NEWDPF quaternion0 0.106956 0.841952 -0.393704 -0.353093
DOCKED: USER    NEWDPF axisangle0 0.114320 0.899917 -0.420809 -138.646833
DOCKED: USER    NEWDPF quat0 0.114320 0.899917 -0.420809 -138.646833
DOCKED: USER    NEWDPF dihe0 63.34 -84.76 135.53 -179.39 -142.60 175.02 
DOCKED: USER  keepresnum = 1 
DOCKED: USER  
DOCKED: REMARK  6 active torsions:
DOCKED: REMARK  status: ('A' for Active; 'I' for Inactive)
DOCKED: REMARK    1  A    between atoms: O_4  and  C_12 
DOCKED: REMARK    2  A    between atoms: N_7  and  C_16 
DOCKED: REMARK       I    between atoms: N_7  and  C_19 
DOCKED: REMARK    3  A    between atoms: C_8  and  C_9 
DOCKED: REMARK    4  A    between atoms: C_8  and  C_10 
DOCKED: REMARK    5  A    between atoms: C_8  and  C_12 
DOCKED: REMARK    6  A    between atoms: C_9  and  C_11 
DOCKED: USER                              x       y       z     vdW  Elec       q    Type
DOCKED: USER                           _______ _______ _______ _____ _____    ______ ____
DOCKED: ROOT
DOCKED: ATOM      1  I   UNL     1       5.071   6.824   0.855 +0.00 -0.00    -0.042 I 
DOCKED: ATOM      2  I   UNL     1       5.106   2.827   5.480 +0.00 -0.00    -0.044 I 
DOCKED: ATOM      3  I   UNL     1       1.468   1.872   0.863 +0.00 -0.00    -0.042 I 
DOCKED: ATOM      4  C   UNL     1       4.857   4.648   3.009 +0.00 -0.00    -0.022 A 
DOCKED: ATOM      5  C   UNL     1       4.359   5.045   1.773 +0.00 +0.00    +0.042 A 
DOCKED: ATOM      6  C   UNL     1       4.399   3.487   3.620 +0.00 +0.00    +0.015 A 
DOCKED: ATOM      7  C   UNL     1       3.389   4.269   1.139 +0.00 +0.01    +0.068 A 
DOCKED: ATOM      8  C   UNL     1       3.429   2.710   2.985 +0.00 +0.00    +0.039 A 
DOCKED: ATOM      9  C   UNL     1       2.924   3.102   1.744 +0.00 +0.00    +0.035 A 
DOCKED: ENDROOT
DOCKED: BRANCH   4  10
DOCKED: ATOM     10  C   UNL     1       5.907   5.482   3.705 +0.00 +0.01    +0.056 C 
DOCKED: BRANCH  10  11
DOCKED: ATOM     11  C   UNL     1       5.313   6.635   4.534 +0.00 +0.01    +0.087 C 
DOCKED: BRANCH  11  12
DOCKED: ATOM     12  C   UNL     1       3.807   6.409   4.762 +0.00 +0.00    +0.011 C 
DOCKED: ATOM     13  C   UNL     1       2.943   7.447   4.055 +0.00 +0.00    +0.006 C 
DOCKED: ENDBRANCH  11  12
DOCKED: BRANCH  11  14
DOCKED: ATOM     14  C   UNL     1       6.035   6.723   5.872 +0.00 +0.02    +0.144 C 
DOCKED: ATOM     15  O   UNL     1       7.252   6.681   6.007 +0.00 -0.08    -0.650 OA
DOCKED: BRANCH  14  16
DOCKED: ATOM     16  O   UNL     1       5.185   6.879   6.918 +0.00 -0.09    -0.776 OA
DOCKED: ATOM     17  H   UNL     1       4.975   6.025   7.350 +0.00 +0.02    +0.167 HD
DOCKED: ENDBRANCH  14  16
DOCKED: ENDBRANCH  11  14
DOCKED: ENDBRANCH  10  11
DOCKED: ENDBRANCH   4  10
DOCKED: BRANCH   7  18
DOCKED: ATOM     18  N   UNL     1       2.877   4.654  -0.108 +0.00 -0.04    -0.325 N 
DOCKED: ATOM     19  C   UNL     1       1.778   5.476  -0.368 +0.00 +0.02    +0.218 C 
DOCKED: ATOM     20  O   UNL     1       1.045   6.027   0.446 +0.00 -0.03    -0.274 OA
DOCKED: ATOM     21  C   UNL     1       1.553   5.647  -1.849 +0.00 +0.01    +0.117 C 
DOCKED: ATOM     22  H   UNL     1       3.303   4.180  -0.901 +0.00 +0.02    +0.169 HD
DOCKED: ENDBRANCH   7  18
DOCKED: TORSDOF 6
DOCKED: TER
DOCKED: ENDMDL
________________________________________________________________________________


	BEGINNING GENETIC ALGORITHM DOCKING
Run:	6 / 100
Date:	Fri Jun 23 15:03:01 2017
Beginning LAMARCKIAN GENETIC ALGORITHM (LGA), with a maximum of 20000000 energy evaluations.

