          AutoDock 4.2 Release 4.2.5.1 
         (C) 1989-2012 The Scripps Research Institute
        AutoDock comes with ABSOLUTELY NO WARRANTY.
        AutoDock is free software, and you are welcome
        to redistribute it under certain conditions;
        for details type 'autodock4 -C'

                     main.cc  $Revision: 1.194 $

                   Compiled on Dec 13 2012 at 13:29:56


This file was created at:			2:50 16" p.m., 06/23/2017
                   using:			"compute-0-7.local"

      ________________________________________________________________

                   SETTING UP DEFAULT PARAMETER LIBRARY
      ________________________________________________________________


Sizeof FourByteLong = 8, not 4.
Random number generator was seeded with values 39950, 1498222216.
Docking parameter file (DPF) used for this docking:		ligand_receptor.dpf
DPF> autodock_parameter_version 4.2       # used by autodock to validate parameter set

	Autodock parameter version 4.2.
DPF> outlev 1                             # diagnostic output level

Output Level = 1  ADT-COMPATIBLE OUTPUT DURING DOCKING.
DPF> intelec                              # calculate internal electrostatics

Electrostatic energies will be calculated for all non-bonds between moving atoms.
DPF> ligand_types A C HD N NA OA          # atoms types in ligand

DPF> fld receptor.maps.fld                # grid_data_file

Opening Grid Map Dimensions file:		receptor.maps.fld
Grid Point Spacing =				0.375 Angstroms

Even Number of User-specified Grid Points =	40 x-points
						40 y-points
						40 z-points

Coordinates of Central Grid Point of Maps =	(0.028, 0.086, -0.001)
Macromolecule file used to create Grid Maps =	receptor.pdbqt
Grid Parameter file used to create Grid Maps =	receptor.gpf
Minimum coordinates in grid = (-7.472, -7.414, -7.501)
Maximum coordinates in grid = (7.528, 7.586, 7.499)

DPF> map receptor.A.map                   # atom-specific affinity map

DPF> map receptor.C.map                   # atom-specific affinity map

DPF> map receptor.HD.map                  # atom-specific affinity map

DPF> map receptor.N.map                   # atom-specific affinity map

DPF> map receptor.NA.map                  # atom-specific affinity map

DPF> map receptor.OA.map                  # atom-specific affinity map

DPF> elecmap receptor.e.map               # electrostatics map

DPF> desolvmap receptor.d.map             # desolvation map

DPF> move ligand.pdbqt                    # small molecule

1,4-interactions will be _ignored_ in the non-bonded internal energy calculation.

Ligand PDBQT file = "ligand.pdbqt"

INPUT LIGAND PDBQT FILE:
________________________

INPUT-LIGAND-PDBQT: REMARK  5 active torsions:
INPUT-LIGAND-PDBQT: REMARK  status: ('A' for Active; 'I' for Inactive)
INPUT-LIGAND-PDBQT: REMARK    1  A    between atoms: N_5  and  C_12 
INPUT-LIGAND-PDBQT: REMARK    2  A    between atoms: N_6  and  C_15 
INPUT-LIGAND-PDBQT: REMARK    3  A    between atoms: N_6  and  C_16 
INPUT-LIGAND-PDBQT: REMARK    4  A    between atoms: N_9  and  C_20 
INPUT-LIGAND-PDBQT: REMARK    5  A    between atoms: C_12  and  C_15 
INPUT-LIGAND-PDBQT: ROOT
INPUT-LIGAND-PDBQT: HETATM    1  O   UNL     1      -3.454   2.654   0.311  1.00  0.00    -0.106 OA
INPUT-LIGAND-PDBQT: HETATM    2  N   UNL     1      -2.093   2.430   0.202  1.00  0.00    -0.101 NA
INPUT-LIGAND-PDBQT: HETATM    3  N   UNL     1      -4.178   1.476   0.232  1.00  0.00    -0.100 NA
INPUT-LIGAND-PDBQT: HETATM    4  C   UNL     1      -0.753   0.356  -0.102  1.00  0.00     0.062 A 
INPUT-LIGAND-PDBQT: HETATM    5  C   UNL     1      -1.949   1.107   0.053  1.00  0.00     0.146 A 
INPUT-LIGAND-PDBQT: HETATM    6  C   UNL     1      -0.994  -1.037  -0.234  1.00  0.00     0.034 A 
INPUT-LIGAND-PDBQT: HETATM    7  C   UNL     1      -3.275   0.501   0.072  1.00  0.00     0.152 A 
INPUT-LIGAND-PDBQT: HETATM    8  C   UNL     1      -3.470  -0.886  -0.063  1.00  0.00     0.136 A 
INPUT-LIGAND-PDBQT: HETATM    9  C   UNL     1      -2.285  -1.627  -0.216  1.00  0.00     0.041 A 
INPUT-LIGAND-PDBQT: ENDROOT
INPUT-LIGAND-PDBQT: BRANCH   4  10
INPUT-LIGAND-PDBQT: HETATM   10  N   UNL     1       0.517   0.889  -0.124  1.00  0.00    -0.386 N 
INPUT-LIGAND-PDBQT: HETATM   11  H   UNL     1       0.610   1.893  -0.025  1.00  0.00     0.159 HD
INPUT-LIGAND-PDBQT: BRANCH  10  12
INPUT-LIGAND-PDBQT: HETATM   12  C   UNL     1       1.720   0.079  -0.284  1.00  0.00     0.150 C 
INPUT-LIGAND-PDBQT: BRANCH  12  13
INPUT-LIGAND-PDBQT: HETATM   13  C   UNL     1       2.961   0.965  -0.228  1.00  0.00     0.292 C 
INPUT-LIGAND-PDBQT: BRANCH  13  14
INPUT-LIGAND-PDBQT: HETATM   14  N   UNL     1       4.167   0.152  -0.371  1.00  0.00     0.094 N 
INPUT-LIGAND-PDBQT: HETATM   15  C   UNL     1       5.367   1.000  -0.404  1.00  0.00     0.298 C 
INPUT-LIGAND-PDBQT: HETATM   16  C   UNL     1       6.612   0.129  -0.541  1.00  0.00     0.198 C 
INPUT-LIGAND-PDBQT: HETATM   17  O   UNL     1       6.690  -0.802   0.539  1.00  0.00    -0.388 OA
INPUT-LIGAND-PDBQT: HETATM   18  C   UNL     1       5.542  -1.652   0.559  1.00  0.00     0.198 C 
INPUT-LIGAND-PDBQT: HETATM   19  C   UNL     1       4.270  -0.824   0.722  1.00  0.00     0.298 C 
INPUT-LIGAND-PDBQT: ENDBRANCH  13  14
INPUT-LIGAND-PDBQT: ENDBRANCH  12  13
INPUT-LIGAND-PDBQT: ENDBRANCH  10  12
INPUT-LIGAND-PDBQT: ENDBRANCH   4  10
INPUT-LIGAND-PDBQT: BRANCH   8  20
INPUT-LIGAND-PDBQT: HETATM   20  N   UNL     1      -4.757  -1.467  -0.046  1.00  0.00    -0.113 N 
INPUT-LIGAND-PDBQT: HETATM   21  O   UNL     1      -4.872  -2.714  -0.173  1.00  0.00    -0.532 OA
INPUT-LIGAND-PDBQT: HETATM   22  O   UNL     1      -5.766  -0.727   0.096  1.00  0.00    -0.532 OA
INPUT-LIGAND-PDBQT: ENDBRANCH   8  20
INPUT-LIGAND-PDBQT: TORSDOF 5
________________________________________________________________________________

Total charge on ligand                               =	-0.000 e
REMARK  5 active torsions:
REMARK  status: ('A' for Active; 'I' for Inactive)
REMARK    1  A    between atoms: N_5  and  C_12 
REMARK    2  A    between atoms: N_6  and  C_15 
REMARK    3  A    between atoms: N_6  and  C_16 
REMARK    4  A    between atoms: N_9  and  C_20 
REMARK    5  A    between atoms: C_12  and  C_15 


Number of Rotatable Bonds in Small Molecule =	5 torsions
Number of atoms in ligand:  22

Number of non-hydrogen atoms in ligand:  21

Number of vibrational degrees of freedom of ligand:  60


Number of torsional degrees of freedom = 5
Estimated loss of torsional free energy upon binding = +1.4915 kcal/mol


DPF> about 0.0277 0.0861 -0.0011          # small molecule center

Small molecule center of rotation =	(+0.028, +0.086, -0.001)

DPF> # ADDED BY TOXIM

DPF> 

DPF> ga_pop_size 250                      # number of individuals in population

A population of 250 individuals will be used
DPF> ga_num_evals 20000000                # maximum number of energy evaluations

There will be at most 20000000 function evaluations used.
DPF> ga_num_generations 2000000000        # maximum number of generations

The GA will run for at most 2000000000 generations.
DPF> ga_elitism 1                         # number of top individuals to survive to next generation

The 1 best will be preserved each GA generation.
DPF> ga_mutation_rate 0.02                # rate of gene mutation

The mutation rate is 0.020000.
DPF> ga_crossover_rate 0.8                # rate of crossover

The crossover rate is 0.800000.
DPF> ga_window_size 10                    # 

The GA's selection window is 10 generations.
DPF> ga_cauchy_alpha 0.0                  # Alpha parameter of Cauchy distribution

The alpha parameter (for the Cauchy distribution) is being set to 0.000000.
DPF> ga_cauchy_beta 1.0                   # Beta parameter Cauchy distribution

The beta parameter (for the Cauchy distribution) is being set to 1.000000.
DPF> set_ga                               # set the above parameters for GA or LGA

DPF> sw_max_its 300                       # iterations of Solis & Wets local search

Solis & Wets algorithms will perform at most 300 iterations.
DPF> sw_max_succ 4                        # consecutive successes before changing rho

Solis & Wets algorithms expand rho every 4 in a row successes.
DPF> sw_max_fail 4                        # consecutive failures before changing rho

Solis & Wets algorithms contract rho every 4 in a row failures.
DPF> sw_rho 1.0                           # size of local search space to sample

rho is set to 1.000000.
DPF> sw_lb_rho 0.01                       # lower bound on rho

rho will never get smaller than 0.010000.
DPF> ls_search_freq 0.06                  # probability of performing local search on individual

Local search will be performed with frequency 0.060000.
DPF> set_psw1                             # set the above pseudo-Solis & Wets parameters

Creating a new Local Search object using the pseudo-Solis-Wets algorithm (pSW1) with the current settings.

DPF> unbound_model bound                  # state of unbound ligand

DPF> ga_run 100                           # do this many hybrid GA-LS runs

centering ligand on specified point: 0.028 0.086 -0.001
Furthest true ligand atom from "about" center is 6.743 Angstroms (maxrad).
Setting 'tran0' value to same as 'about' value: 0.028 0.086 -0.001
Number of requested GA dockings = 100 runs
Unbound model to be used is 'same as bound' [AutoDock 4.2 default].

	BEGINNING GENETIC ALGORITHM DOCKING
Run:	1 / 100
Date:	Fri Jun 23 14:50:17 2017
Beginning LAMARCKIAN GENETIC ALGORITHM (LGA), with a maximum of 20000000 energy evaluations.

Final-Value: -5.377
Real= 2m 16.26s,  CPU= 2m 16.32s,  System= 0.00s


	FINAL GENETIC ALGORITHM ALGORITHM DOCKED STATE
	_______________________________________________


Detailed state:  trans -2.892 1.923 4.724 quatxyzw 0.064409 -0.310554 -0.848130 0.424362 center 0.028 0.086 -0.001 ntor 5 -70.9685 136.8682 50.7883 -55.2231 96.8023
State:	 -2.892   1.923   4.724   0.071 -0.343 -0.937 129.779    -70.97  136.87   50.79  -55.22   96.80

DOCKED: MODEL        1
DOCKED: USER    Run = 1
DOCKED: USER    DPF = ligand_receptor.dpf
DOCKED: USER  
DOCKED: USER    Estimated Free Energy of Binding    =   -3.11 kcal/mol  [=(1)+(2)+(3)-(4)]
DOCKED: USER    Estimated Inhibition Constant, Ki   =    5.23 mM (millimolar)  [Temperature = 298.15 K]
DOCKED: USER    
DOCKED: USER    (1) Final Intermolecular Energy     =   -4.60 kcal/mol
DOCKED: USER        vdW + Hbond + desolv Energy     =   -4.38 kcal/mol
DOCKED: USER        Electrostatic Energy            =   -0.22 kcal/mol
DOCKED: USER    (2) Final Total Internal Energy     =   -0.77 kcal/mol
DOCKED: USER    (3) Torsional Free Energy           =   +1.49 kcal/mol
DOCKED: USER    (4) Unbound System's Energy  [=(2)] =   -0.77 kcal/mol
DOCKED: USER    
DOCKED: USER    
DOCKED: USER    NEWDPF move ligand.pdbqt
DOCKED: USER    NEWDPF about 0.027700 0.086100 -0.001100
DOCKED: USER    NEWDPF tran0 -2.891785 1.922694 4.724275
DOCKED: USER    NEWDPF quaternion0 0.064409 -0.310554 -0.848130 0.424362
DOCKED: USER    NEWDPF axisangle0 0.071132 -0.342967 -0.936650 129.779474
DOCKED: USER    NEWDPF quat0 0.071132 -0.342967 -0.936650 129.779474
DOCKED: USER    NEWDPF dihe0 -70.97 136.87 50.79 -55.22 96.80 
DOCKED: USER  keepresnum = 1 
DOCKED: USER  
DOCKED: REMARK  5 active torsions:
DOCKED: REMARK  status: ('A' for Active; 'I' for Inactive)
DOCKED: REMARK    1  A    between atoms: N_5  and  C_12 
DOCKED: REMARK    2  A    between atoms: N_6  and  C_15 
DOCKED: REMARK    3  A    between atoms: N_6  and  C_16 
DOCKED: REMARK    4  A    between atoms: N_9  and  C_20 
DOCKED: REMARK    5  A    between atoms: C_12  and  C_15 
DOCKED: USER                              x       y       z     vdW  Elec       q    Type
DOCKED: USER                           _______ _______ _______ _____ _____    ______ ____
DOCKED: ROOT
DOCKED: ATOM      1  O   UNL     1      -2.596  -1.410   7.484 -0.51 -0.08    -0.106 OA
DOCKED: ATOM      2  N   UNL     1      -3.302  -0.449   6.784 -0.43 -0.07    -0.101 NA
DOCKED: ATOM      3  N   UNL     1      -1.256  -1.422   7.135 -0.38 -0.09    -0.100 NA
DOCKED: ATOM      4  C   UNL     1      -2.619   1.213   5.062 -0.21 +0.05    +0.062 A 
DOCKED: ATOM      5  C   UNL     1      -2.411   0.154   5.986 -0.27 +0.11    +0.146 A 
DOCKED: ATOM      6  C   UNL     1      -1.429   1.595   4.389 -0.14 +0.02    +0.034 A 
DOCKED: ATOM      7  C   UNL     1      -1.110  -0.465   6.210 -0.29 +0.12    +0.152 A 
DOCKED: ATOM      8  C   UNL     1       0.046  -0.057   5.520 -0.18 +0.10    +0.136 A 
DOCKED: ATOM      9  C   UNL     1      -0.163   0.991   4.606 -0.13 +0.03    +0.041 A 
DOCKED: ENDROOT
DOCKED: BRANCH   4  10
DOCKED: ATOM     10  N   UNL     1      -3.830   1.825   4.823 -0.12 -0.27    -0.386 N 
DOCKED: ATOM     11  H   UNL     1      -4.027   2.690   5.312 +0.02 +0.12    +0.159 HD
DOCKED: BRANCH  10  12
DOCKED: ATOM     12  C   UNL     1      -4.830   1.286   3.907 -0.16 +0.10    +0.150 C 
DOCKED: BRANCH  12  13
DOCKED: ATOM     13  C   UNL     1      -6.174   1.151   4.618 -0.14 +0.17    +0.292 C 
DOCKED: BRANCH  13  14
DOCKED: ATOM     14  N   UNL     1      -6.721  -0.188   4.410 -0.20 +0.06    +0.094 N 
DOCKED: ATOM     15  C   UNL     1      -6.630  -0.575   2.996 -0.09 +0.19    +0.298 C 
DOCKED: ATOM     16  C   UNL     1      -7.195  -1.980   2.807 -0.16 +0.12    +0.198 C 
DOCKED: ATOM     17  O   UNL     1      -6.491  -2.914   3.625 -0.18 -0.27    -0.388 OA
DOCKED: ATOM     18  C   UNL     1      -6.602  -2.563   5.006 -0.31 +0.14    +0.198 C 
DOCKED: ATOM     19  C   UNL     1      -6.023  -1.172   5.248 -0.23 +0.18    +0.298 C 
DOCKED: ENDBRANCH  13  14
DOCKED: ENDBRANCH  12  13
DOCKED: ENDBRANCH  10  12
DOCKED: ENDBRANCH   4  10
DOCKED: BRANCH   8  20
DOCKED: ATOM     20  N   UNL     1       1.303  -0.662   5.739 -0.16 -0.09    -0.113 N 
DOCKED: ATOM     21  O   UNL     1       1.796  -1.399   4.846 -0.08 -0.44    -0.532 OA
DOCKED: ATOM     22  O   UNL     1       1.908  -0.453   6.824 -0.05 -0.41    -0.532 OA
DOCKED: ENDBRANCH   8  20
DOCKED: TORSDOF 5
DOCKED: TER
DOCKED: ENDMDL
________________________________________________________________________________


	BEGINNING GENETIC ALGORITHM DOCKING
Run:	2 / 100
Date:	Fri Jun 23 14:52:33 2017
Beginning LAMARCKIAN GENETIC ALGORITHM (LGA), with a maximum of 20000000 energy evaluations.

Final-Value: -4.954
Real= 2m 16.47s,  CPU= 2m 16.53s,  System= 0.01s


	FINAL GENETIC ALGORITHM ALGORITHM DOCKED STATE
	_______________________________________________


Detailed state:  trans -0.162 -0.708 3.898 quatxyzw -0.829060 0.030026 0.310063 0.464347 center 0.028 0.086 -0.001 ntor 5 -70.6559 170.1253 84.6582 -106.3210 69.2190
State:	 -0.162  -0.708   3.898  -0.936  0.034  0.350 124.664    -70.66  170.13   84.66 -106.32   69.22

DOCKED: MODEL        2
DOCKED: USER    Run = 2
DOCKED: USER    DPF = ligand_receptor.dpf
DOCKED: USER  
DOCKED: USER    Estimated Free Energy of Binding    =   -2.20 kcal/mol  [=(1)+(2)+(3)-(4)]
DOCKED: USER    Estimated Inhibition Constant, Ki   =   24.40 mM (millimolar)  [Temperature = 298.15 K]
DOCKED: USER    
DOCKED: USER    (1) Final Intermolecular Energy     =   -3.69 kcal/mol
DOCKED: USER        vdW + Hbond + desolv Energy     =   -3.72 kcal/mol
DOCKED: USER        Electrostatic Energy            =   +0.03 kcal/mol
DOCKED: USER    (2) Final Total Internal Energy     =   -1.26 kcal/mol
DOCKED: USER    (3) Torsional Free Energy           =   +1.49 kcal/mol
DOCKED: USER    (4) Unbound System's Energy  [=(2)] =   -1.26 kcal/mol
DOCKED: USER    
DOCKED: USER    
DOCKED: USER    NEWDPF move ligand.pdbqt
DOCKED: USER    NEWDPF about 0.027700 0.086100 -0.001100
DOCKED: USER    NEWDPF tran0 -0.162282 -0.708222 3.898369
DOCKED: USER    NEWDPF quaternion0 -0.829060 0.030026 0.310063 0.464347
DOCKED: USER    NEWDPF axisangle0 -0.936100 0.033902 0.350096 124.664074
DOCKED: USER    NEWDPF quat0 -0.936100 0.033902 0.350096 124.664074
DOCKED: USER    NEWDPF dihe0 -70.66 170.13 84.66 -106.32 69.22 
DOCKED: USER  keepresnum = 1 
DOCKED: USER  
DOCKED: REMARK  5 active torsions:
DOCKED: REMARK  status: ('A' for Active; 'I' for Inactive)
DOCKED: REMARK    1  A    between atoms: N_5  and  C_12 
DOCKED: REMARK    2  A    between atoms: N_6  and  C_15 
DOCKED: REMARK    3  A    between atoms: N_6  and  C_16 
DOCKED: REMARK    4  A    between atoms: N_9  and  C_20 
DOCKED: REMARK    5  A    between atoms: C_12  and  C_15 
DOCKED: USER                              x       y       z     vdW  Elec       q    Type
DOCKED: USER                           _______ _______ _______ _____ _____    ______ ____
DOCKED: ROOT
DOCKED: ATOM      1  O   UNL     1      -2.526  -1.223   7.499 -0.53 -0.08    -0.106 OA
DOCKED: ATOM      2  N   UNL     1      -1.423  -1.473   6.701 -0.35 -0.09    -0.101 NA
DOCKED: ATOM      3  N   UNL     1      -3.347  -0.251   6.952 -0.33 -0.07    -0.100 NA
DOCKED: ATOM      4  C   UNL     1      -0.672  -0.522   4.529 -0.20 +0.05    +0.062 A 
DOCKED: ATOM      5  C   UNL     1      -1.542  -0.660   5.644 -0.25 +0.12    +0.146 A 
DOCKED: ATOM      6  C   UNL     1      -1.127   0.449   3.597 -0.15 +0.02    +0.034 A 
DOCKED: ATOM      7  C   UNL     1      -2.765   0.117   5.804 -0.26 +0.12    +0.152 A 
DOCKED: ATOM      8  C   UNL     1      -3.179   1.071   4.856 -0.20 +0.10    +0.136 A 
DOCKED: ATOM      9  C   UNL     1      -2.318   1.206   3.753 -0.14 +0.03    +0.041 A 
DOCKED: ENDROOT
DOCKED: BRANCH   4  10
DOCKED: ATOM     10  N   UNL     1       0.490  -1.236   4.340 -0.11 -0.32    -0.386 N 
DOCKED: ATOM     11  H   UNL     1       0.409  -2.227   4.143 -0.31 +0.14    +0.159 HD
DOCKED: BRANCH  10  12
DOCKED: ATOM     12  C   UNL     1       1.817  -0.635   4.412 -0.13 +0.11    +0.150 C 
DOCKED: BRANCH  12  13
DOCKED: ATOM     13  C   UNL     1       2.195  -0.369   5.866 -0.09 +0.22    +0.292 C 
DOCKED: BRANCH  13  14
DOCKED: ATOM     14  N   UNL     1       1.889   1.015   6.221 -0.05 +0.06    +0.094 N 
DOCKED: ATOM     15  C   UNL     1       1.617   1.814   5.017 -0.02 +0.20    +0.298 C 
DOCKED: ATOM     16  C   UNL     1       1.288   3.250   5.414 -0.03 +0.12    +0.198 C 
DOCKED: ATOM     17  O   UNL     1       0.165   3.279   6.295 -0.06 -0.22    -0.388 OA
DOCKED: ATOM     18  C   UNL     1       0.433   2.531   7.482 -0.02 +0.11    +0.198 C 
DOCKED: ATOM     19  C   UNL     1       0.742   1.077   7.136 -0.08 +0.20    +0.298 C 
DOCKED: ENDBRANCH  13  14
DOCKED: ENDBRANCH  12  13
DOCKED: ENDBRANCH  10  12
DOCKED: ENDBRANCH   4  10
DOCKED: BRANCH   8  20
DOCKED: ATOM     20  N   UNL     1      -4.364   1.822   5.017 -0.22 -0.08    -0.113 N 
DOCKED: ATOM     21  O   UNL     1      -4.284   3.051   5.278 -0.09 -0.40    -0.532 OA
DOCKED: ATOM     22  O   UNL     1      -5.479   1.249   4.897 -0.09 -0.31    -0.532 OA
DOCKED: ENDBRANCH   8  20
DOCKED: TORSDOF 5
DOCKED: TER
DOCKED: ENDMDL
________________________________________________________________________________


	BEGINNING GENETIC ALGORITHM DOCKING
Run:	3 / 100
Date:	Fri Jun 23 14:54:50 2017
Beginning LAMARCKIAN GENETIC ALGORITHM (LGA), with a maximum of 20000000 energy evaluations.

Final-Value: -6.035
Real= 2m 16.44s,  CPU= 2m 16.51s,  System= 0.00s


	FINAL GENETIC ALGORITHM ALGORITHM DOCKED STATE
	_______________________________________________


Detailed state:  trans -4.046 1.548 4.823 quatxyzw -0.089060 -0.441286 -0.835347 0.315485 center 0.028 0.086 -0.001 ntor 5 119.5998 149.3365 101.1374 -44.3112 27.5127
State:	 -4.046   1.548   4.823  -0.094 -0.465 -0.880 143.220    119.60  149.34  101.14  -44.31   27.51

DOCKED: MODEL        3
DOCKED: USER    Run = 3
DOCKED: USER    DPF = ligand_receptor.dpf
DOCKED: USER  
DOCKED: USER    Estimated Free Energy of Binding    =   -3.62 kcal/mol  [=(1)+(2)+(3)-(4)]
DOCKED: USER    Estimated Inhibition Constant, Ki   =    2.22 mM (millimolar)  [Temperature = 298.15 K]
DOCKED: USER    
DOCKED: USER    (1) Final Intermolecular Energy     =   -5.11 kcal/mol
DOCKED: USER        vdW + Hbond + desolv Energy     =   -4.88 kcal/mol
DOCKED: USER        Electrostatic Energy            =   -0.23 kcal/mol
DOCKED: USER    (2) Final Total Internal Energy     =   -0.92 kcal/mol
DOCKED: USER    (3) Torsional Free Energy           =   +1.49 kcal/mol
DOCKED: USER    (4) Unbound System's Energy  [=(2)] =   -0.92 kcal/mol
DOCKED: USER    
DOCKED: USER    
DOCKED: USER    NEWDPF move ligand.pdbqt
DOCKED: USER    NEWDPF about 0.027700 0.086100 -0.001100
DOCKED: USER    NEWDPF tran0 -4.046340 1.548313 4.823446
DOCKED: USER    NEWDPF quaternion0 -0.089060 -0.441286 -0.835347 0.315485
DOCKED: USER    NEWDPF axisangle0 -0.093853 -0.465035 -0.880303 143.219796
DOCKED: USER    NEWDPF quat0 -0.093853 -0.465035 -0.880303 143.219796
DOCKED: USER    NEWDPF dihe0 119.60 149.34 101.14 -44.31 27.51 
DOCKED: USER  keepresnum = 1 
DOCKED: USER  
DOCKED: REMARK  5 active torsions:
DOCKED: REMARK  status: ('A' for Active; 'I' for Inactive)
DOCKED: REMARK    1  A    between atoms: N_5  and  C_12 
DOCKED: REMARK    2  A    between atoms: N_6  and  C_15 
DOCKED: REMARK    3  A    between atoms: N_6  and  C_16 
DOCKED: REMARK    4  A    between atoms: N_9  and  C_20 
DOCKED: REMARK    5  A    between atoms: C_12  and  C_15 
DOCKED: USER                              x       y       z     vdW  Elec       q    Type
DOCKED: USER                           _______ _______ _______ _____ _____    ______ ____
DOCKED: ROOT
DOCKED: ATOM      1  O   UNL     1      -2.331  -1.405   7.498 -0.53 -0.08    -0.106 OA
DOCKED: ATOM      2  N   UNL     1      -3.346  -0.562   7.079 -0.43 -0.07    -0.101 NA
DOCKED: ATOM      3  N   UNL     1      -1.268  -1.412   6.610 -0.34 -0.09    -0.100 NA
DOCKED: ATOM      4  C   UNL     1      -3.598   0.896   5.079 -0.25 +0.04    +0.062 A 
DOCKED: ATOM      5  C   UNL     1      -2.929  -0.032   5.922 -0.26 +0.11    +0.146 A 
DOCKED: ATOM      6  C   UNL     1      -2.840   1.233   3.926 -0.16 +0.02    +0.034 A 
DOCKED: ATOM      7  C   UNL     1      -1.608  -0.573   5.624 -0.24 +0.12    +0.152 A 
DOCKED: ATOM      8  C   UNL     1      -0.891  -0.212   4.469 -0.17 +0.11    +0.136 A 
DOCKED: ATOM      9  C   UNL     1      -1.554   0.706   3.636 -0.14 +0.03    +0.041 A 
DOCKED: ENDROOT
DOCKED: BRANCH   4  10
DOCKED: ATOM     10  N   UNL     1      -4.843   1.431   5.324 -0.09 -0.24    -0.386 N 
DOCKED: ATOM     11  H   UNL     1      -5.143   1.507   6.289 -0.53 +0.07    +0.159 HD
DOCKED: BRANCH  10  12
DOCKED: ATOM     12  C   UNL     1      -5.739   1.884   4.266 -0.16 +0.09    +0.150 C 
DOCKED: BRANCH  12  13
DOCKED: ATOM     13  C   UNL     1      -7.167   1.432   4.558 -0.11 +0.17    +0.292 C 
DOCKED: BRANCH  13  14
DOCKED: ATOM     14  N   UNL     1      -7.338   0.030   4.184 -0.14 +0.06    +0.094 N 
DOCKED: ATOM     15  C   UNL     1      -6.529  -0.297   3.001 -0.08 +0.19    +0.298 C 
DOCKED: ATOM     16  C   UNL     1      -6.715  -1.767   2.638 -0.15 +0.13    +0.198 C 
DOCKED: ATOM     17  O   UNL     1      -6.349  -2.601   3.737 -0.18 -0.27    -0.388 OA
DOCKED: ATOM     18  C   UNL     1      -7.153  -2.312   4.882 -0.34 +0.13    +0.198 C 
DOCKED: ATOM     19  C   UNL     1      -6.979  -0.855   5.300 -0.22 +0.17    +0.298 C 
DOCKED: ENDBRANCH  13  14
DOCKED: ENDBRANCH  12  13
DOCKED: ENDBRANCH  10  12
DOCKED: ENDBRANCH   4  10
DOCKED: BRANCH   8  20
DOCKED: ATOM     20  N   UNL     1       0.387  -0.741   4.185 -0.20 -0.09    -0.113 N 
DOCKED: ATOM     21  O   UNL     1       1.331  -0.540   4.993 -0.06 -0.41    -0.532 OA
DOCKED: ATOM     22  O   UNL     1       0.560  -1.404   3.128 -0.11 -0.41    -0.532 OA
DOCKED: ENDBRANCH   8  20
DOCKED: TORSDOF 5
DOCKED: TER
DOCKED: ENDMDL
________________________________________________________________________________


	BEGINNING GENETIC ALGORITHM DOCKING
Run:	4 / 100
Date:	Fri Jun 23 14:57:06 2017
Beginning LAMARCKIAN GENETIC ALGORITHM (LGA), with a maximum of 20000000 energy evaluations.

Final-Value: -5.890
Real= 2m 16.49s,  CPU= 2m 16.56s,  System= 0.00s


	FINAL GENETIC ALGORITHM ALGORITHM DOCKED STATE
	_______________________________________________


Detailed state:  trans -3.998 1.560 4.814 quatxyzw -0.096056 -0.447745 -0.830259 0.317753 center 0.028 0.086 -0.001 ntor 5 -59.6739 -97.9468 -178.7284 -89.7879 6.7884
State:	 -3.998   1.560   4.814  -0.101 -0.472 -0.876 142.946    -59.67  -97.95 -178.73  -89.79    6.79

DOCKED: MODEL        4
DOCKED: USER    Run = 4
DOCKED: USER    DPF = ligand_receptor.dpf
DOCKED: USER  
DOCKED: USER    Estimated Free Energy of Binding    =   -3.54 kcal/mol  [=(1)+(2)+(3)-(4)]
DOCKED: USER    Estimated Inhibition Constant, Ki   =    2.54 mM (millimolar)  [Temperature = 298.15 K]
DOCKED: USER    
DOCKED: USER    (1) Final Intermolecular Energy     =   -5.03 kcal/mol
DOCKED: USER        vdW + Hbond + desolv Energy     =   -4.79 kcal/mol
DOCKED: USER        Electrostatic Energy            =   -0.24 kcal/mol
DOCKED: USER    (2) Final Total Internal Energy     =   -0.86 kcal/mol
DOCKED: USER    (3) Torsional Free Energy           =   +1.49 kcal/mol
DOCKED: USER    (4) Unbound System's Energy  [=(2)] =   -0.86 kcal/mol
DOCKED: USER    
DOCKED: USER    
DOCKED: USER    NEWDPF move ligand.pdbqt
DOCKED: USER    NEWDPF about 0.027700 0.086100 -0.001100
DOCKED: USER    NEWDPF tran0 -3.998353 1.560386 4.813894
DOCKED: USER    NEWDPF quaternion0 -0.096056 -0.447745 -0.830259 0.317753
DOCKED: USER    NEWDPF axisangle0 -0.101306 -0.472219 -0.875641 142.945859
DOCKED: USER    NEWDPF quat0 -0.101306 -0.472219 -0.875641 142.945859
DOCKED: USER    NEWDPF dihe0 -59.67 -97.95 -178.73 -89.79 6.79 
DOCKED: USER  keepresnum = 1 
DOCKED: USER  
DOCKED: REMARK  5 active torsions:
DOCKED: REMARK  status: ('A' for Active; 'I' for Inactive)
DOCKED: REMARK    1  A    between atoms: N_5  and  C_12 
DOCKED: REMARK    2  A    between atoms: N_6  and  C_15 
DOCKED: REMARK    3  A    between atoms: N_6  and  C_16 
DOCKED: REMARK    4  A    between atoms: N_9  and  C_20 
DOCKED: REMARK    5  A    between atoms: C_12  and  C_15 
DOCKED: USER                              x       y       z     vdW  Elec       q    Type
DOCKED: USER                           _______ _______ _______ _____ _____    ______ ____
DOCKED: ROOT
DOCKED: ATOM      1  O   UNL     1      -2.279  -1.383   7.496 -0.54 -0.08    -0.106 OA
DOCKED: ATOM      2  N   UNL     1      -3.290  -0.533   7.083 -0.43 -0.07    -0.101 NA
DOCKED: ATOM      3  N   UNL     1      -1.230  -1.413   6.593 -0.33 -0.09    -0.100 NA
DOCKED: ATOM      4  C   UNL     1      -3.554   0.905   5.070 -0.24 +0.04    +0.062 A 
DOCKED: ATOM      5  C   UNL     1      -2.884  -0.021   5.914 -0.27 +0.11    +0.146 A 
DOCKED: ATOM      6  C   UNL     1      -2.809   1.220   3.903 -0.16 +0.02    +0.034 A 
DOCKED: ATOM      7  C   UNL     1      -1.574  -0.581   5.603 -0.23 +0.12    +0.152 A 
DOCKED: ATOM      8  C   UNL     1      -0.870  -0.242   4.433 -0.17 +0.11    +0.136 A 
DOCKED: ATOM      9  C   UNL     1      -1.534   0.675   3.600 -0.14 +0.03    +0.041 A 
DOCKED: ENDROOT
DOCKED: BRANCH   4  10
DOCKED: ATOM     10  N   UNL     1      -4.789   1.458   5.327 -0.09 -0.24    -0.386 N 
DOCKED: ATOM     11  H   UNL     1      -5.214   1.267   6.227 -0.54 +0.05    +0.159 HD
DOCKED: BRANCH  10  12
DOCKED: ATOM     12  C   UNL     1      -5.504   2.295   4.370 -0.16 +0.10    +0.150 C 
DOCKED: BRANCH  12  13
DOCKED: ATOM     13  C   UNL     1      -6.428   1.438   3.510 -0.07 +0.18    +0.292 C 
DOCKED: BRANCH  13  14
DOCKED: ATOM     14  N   UNL     1      -6.331   0.035   3.911 -0.16 +0.06    +0.094 N 
DOCKED: ATOM     15  C   UNL     1      -7.109  -0.213   5.132 -0.16 +0.16    +0.298 C 
DOCKED: ATOM     16  C   UNL     1      -7.003  -1.684   5.523 -0.28 +0.12    +0.198 C 
DOCKED: ATOM     17  O   UNL     1      -7.467  -2.517   4.460 -0.18 -0.25    -0.388 OA
DOCKED: ATOM     18  C   UNL     1      -6.694  -2.305   3.276 -0.18 +0.13    +0.198 C 
DOCKED: ATOM     19  C   UNL     1      -6.793  -0.848   2.831 -0.09 +0.19    +0.298 C 
DOCKED: ENDBRANCH  13  14
DOCKED: ENDBRANCH  12  13
DOCKED: ENDBRANCH  10  12
DOCKED: ENDBRANCH   4  10
DOCKED: BRANCH   8  20
DOCKED: ATOM     20  N   UNL     1       0.398  -0.790   4.137 -0.20 -0.09    -0.113 N 
DOCKED: ATOM     21  O   UNL     1       0.550  -1.455   3.079 -0.11 -0.41    -0.532 OA
DOCKED: ATOM     22  O   UNL     1       1.353  -0.602   4.936 -0.06 -0.41    -0.532 OA
DOCKED: ENDBRANCH   8  20
DOCKED: TORSDOF 5
DOCKED: TER
DOCKED: ENDMDL
________________________________________________________________________________


	BEGINNING GENETIC ALGORITHM DOCKING
Run:	5 / 100
Date:	Fri Jun 23 14:59:23 2017
Beginning LAMARCKIAN GENETIC ALGORITHM (LGA), with a maximum of 20000000 energy evaluations.

Final-Value: -5.817
Real= 2m 15.74s,  CPU= 2m 15.80s,  System= 0.00s


	FINAL GENETIC ALGORITHM ALGORITHM DOCKED STATE
	_______________________________________________


Detailed state:  trans -4.166 1.404 4.593 quatxyzw 0.040107 0.473522 0.839080 -0.264787 center 0.028 0.086 -0.001 ntor 5 79.1344 148.8993 114.5183 -31.5280 9.3637
State:	 -4.166   1.404   4.593   0.042  0.491  0.870 -149.291     79.13  148.90  114.52  -31.53    9.36

DOCKED: MODEL        5
DOCKED: USER    Run = 5
DOCKED: USER    DPF = ligand_receptor.dpf
DOCKED: USER  
DOCKED: USER    Estimated Free Energy of Binding    =   -3.47 kcal/mol  [=(1)+(2)+(3)-(4)]
DOCKED: USER    Estimated Inhibition Constant, Ki   =    2.87 mM (millimolar)  [Temperature = 298.15 K]
DOCKED: USER    
DOCKED: USER    (1) Final Intermolecular Energy     =   -4.96 kcal/mol
DOCKED: USER        vdW + Hbond + desolv Energy     =   -4.75 kcal/mol
DOCKED: USER        Electrostatic Energy            =   -0.21 kcal/mol
DOCKED: USER    (2) Final Total Internal Energy     =   -0.86 kcal/mol
DOCKED: USER    (3) Torsional Free Energy           =   +1.49 kcal/mol
DOCKED: USER    (4) Unbound System's Energy  [=(2)] =   -0.86 kcal/mol
DOCKED: USER    
DOCKED: USER    
DOCKED: USER    NEWDPF move ligand.pdbqt
DOCKED: USER    NEWDPF about 0.027700 0.086100 -0.001100
DOCKED: USER    NEWDPF tran0 -4.165920 1.403848 4.592515
DOCKED: USER    NEWDPF quaternion0 0.040107 0.473522 0.839080 -0.264787
DOCKED: USER    NEWDPF axisangle0 0.041592 0.491049 0.870138 -149.291380
DOCKED: USER    NEWDPF quat0 0.041592 0.491049 0.870138 -149.291380
DOCKED: USER    NEWDPF dihe0 79.13 148.90 114.52 -31.53 9.36 
DOCKED: USER  keepresnum = 1 
DOCKED: USER  
DOCKED: REMARK  5 active torsions:
DOCKED: REMARK  status: ('A' for Active; 'I' for Inactive)
DOCKED: REMARK    1  A    between atoms: N_5  and  C_12 
DOCKED: REMARK    2  A    between atoms: N_6  and  C_15 
DOCKED: REMARK    3  A    between atoms: N_6  and  C_16 
DOCKED: REMARK    4  A    between atoms: N_9  and  C_20 
DOCKED: REMARK    5  A    between atoms: C_12  and  C_15 
DOCKED: USER                              x       y       z     vdW  Elec       q    Type
DOCKED: USER                           _______ _______ _______ _____ _____    ______ ____
DOCKED: ROOT
DOCKED: ATOM      1  O   UNL     1      -2.128  -1.090   7.498 -0.52 -0.08    -0.106 OA
DOCKED: ATOM      2  N   UNL     1      -3.237  -0.426   7.005 -0.41 -0.07    -0.101 NA
DOCKED: ATOM      3  N   UNL     1      -1.054  -1.016   6.626 -0.36 -0.09    -0.100 NA
DOCKED: ATOM      4  C   UNL     1      -3.639   0.838   4.901 -0.23 +0.04    +0.062 A 
DOCKED: ATOM      5  C   UNL     1      -2.870   0.072   5.818 -0.26 +0.11    +0.146 A 
DOCKED: ATOM      6  C   UNL     1      -2.908   1.193   3.736 -0.14 +0.02    +0.034 A 
DOCKED: ATOM      7  C   UNL     1      -1.482  -0.303   5.577 -0.26 +0.12    +0.152 A 
DOCKED: ATOM      8  C   UNL     1      -0.795   0.069   4.407 -0.18 +0.10    +0.136 A 
DOCKED: ATOM      9  C   UNL     1      -1.557   0.827   3.501 -0.13 +0.03    +0.041 A 
DOCKED: ENDROOT
DOCKED: BRANCH   4  10
DOCKED: ATOM     10  N   UNL     1      -4.950   1.215   5.090 -0.11 -0.23    -0.386 N 
DOCKED: ATOM     11  H   UNL     1      -5.362   1.051   6.002 -0.53 +0.05    +0.159 HD
DOCKED: BRANCH  10  12
DOCKED: ATOM     12  C   UNL     1      -5.763   1.830   4.047 -0.14 +0.09    +0.150 C 
DOCKED: BRANCH  12  13
DOCKED: ATOM     13  C   UNL     1      -7.232   1.466   4.242 -0.09 +0.17    +0.292 C 
DOCKED: BRANCH  13  14
DOCKED: ATOM     14  N   UNL     1      -7.428   0.033   4.034 -0.13 +0.06    +0.094 N 
DOCKED: ATOM     15  C   UNL     1      -6.528  -0.471   2.987 -0.09 +0.19    +0.298 C 
DOCKED: ATOM     16  C   UNL     1      -6.742  -1.969   2.798 -0.16 +0.13    +0.198 C 
DOCKED: ATOM     17  O   UNL     1      -6.516  -2.664   4.025 -0.21 -0.27    -0.388 OA
DOCKED: ATOM     18  C   UNL     1      -7.409  -2.203   5.040 -0.30 +0.13    +0.198 C 
DOCKED: ATOM     19  C   UNL     1      -7.212  -0.709   5.284 -0.21 +0.17    +0.298 C 
DOCKED: ENDBRANCH  13  14
DOCKED: ENDBRANCH  12  13
DOCKED: ENDBRANCH  10  12
DOCKED: ENDBRANCH   4  10
DOCKED: BRANCH   8  20
DOCKED: ATOM     20  N   UNL     1       0.549  -0.300   4.179 -0.16 -0.08    -0.113 N 
DOCKED: ATOM     21  O   UNL     1       1.462   0.544   4.377 -0.00 -0.37    -0.532 OA
DOCKED: ATOM     22  O   UNL     1       0.810  -1.466   3.780 -0.12 -0.43    -0.532 OA
DOCKED: ENDBRANCH   8  20
DOCKED: TORSDOF 5
DOCKED: TER
DOCKED: ENDMDL
________________________________________________________________________________


	BEGINNING GENETIC ALGORITHM DOCKING
Run:	6 / 100
Date:	Fri Jun 23 15:01:38 2017
Beginning LAMARCKIAN GENETIC ALGORITHM (LGA), with a maximum of 20000000 energy evaluations.

Final-Value: -5.361
Real= 2m 15.63s,  CPU= 2m 15.70s,  System= 0.00s


	FINAL GENETIC ALGORITHM ALGORITHM DOCKED STATE
	_______________________________________________


Detailed state:  trans -2.920 1.409 3.851 quatxyzw 0.197053 -0.390781 -0.787734 0.433516 center 0.028 0.086 -0.001 ntor 5 -34.5542 -32.5034 177.5057 75.3268 -126.1578
State:	 -2.920   1.409   3.851   0.219 -0.434 -0.874 128.618    -34.55  -32.50  177.51   75.33 -126.16

DOCKED: MODEL        6
DOCKED: USER    Run = 6
DOCKED: USER    DPF = ligand_receptor.dpf
DOCKED: USER  
DOCKED: USER    Estimated Free Energy of Binding    =   -2.96 kcal/mol  [=(1)+(2)+(3)-(4)]
DOCKED: USER    Estimated Inhibition Constant, Ki   =    6.81 mM (millimolar)  [Temperature = 298.15 K]
DOCKED: USER    
DOCKED: USER    (1) Final Intermolecular Energy     =   -4.45 kcal/mol
DOCKED: USER        vdW + Hbond + desolv Energy     =   -4.23 kcal/mol
DOCKED: USER        Electrostatic Energy            =   -0.22 kcal/mol
DOCKED: USER    (2) Final Total Internal Energy     =   -0.91 kcal/mol
DOCKED: USER    (3) Torsional Free Energy           =   +1.49 kcal/mol
DOCKED: USER    (4) Unbound System's Energy  [=(2)] =   -0.91 kcal/mol
DOCKED: USER    
DOCKED: USER    
DOCKED: USER    NEWDPF move ligand.pdbqt
DOCKED: USER    NEWDPF about 0.027700 0.086100 -0.001100
DOCKED: USER    NEWDPF tran0 -2.919978 1.409304 3.850587
DOCKED: USER    NEWDPF quaternion0 0.197053 -0.390781 -0.787734 0.433516
DOCKED: USER    NEWDPF axisangle0 0.218669 -0.433649 -0.874147 128.618252
DOCKED: USER    NEWDPF quat0 0.218669 -0.433649 -0.874147 128.618252
DOCKED: USER    NEWDPF dihe0 -34.55 -32.50 177.51 75.33 -126.16 
DOCKED: USER  keepresnum = 1 
DOCKED: USER  
DOCKED: REMARK  5 active torsions:
DOCKED: REMARK  status: ('A' for Active; 'I' for Inactive)
DOCKED: REMARK    1  A    between atoms: N_5  and  C_12 
DOCKED: REMARK    2  A    between atoms: N_6  and  C_15 
DOCKED: REMARK    3  A    between atoms: N_6  and  C_16 
DOCKED: REMARK    4  A    between atoms: N_9  and  C_20 
DOCKED: REMARK    5  A    between atoms: C_12  and  C_15 
DOCKED: USER                              x       y       z     vdW  Elec       q    Type
DOCKED: USER                           _______ _______ _______ _____ _____    ______ ____
DOCKED: ROOT
DOCKED: ATOM      1  O   UNL     1      -3.158  -1.005   7.446 -0.50 -0.08    -0.106 OA
DOCKED: ATOM      2  N   UNL     1      -3.717  -0.300   6.395 -0.34 -0.07    -0.101 NA
DOCKED: ATOM      3  N   UNL     1      -1.778  -1.075   7.343 -0.44 -0.08    -0.100 NA
DOCKED: ATOM      4  C   UNL     1      -2.722   0.831   4.415 -0.16 +0.05    +0.062 A 
DOCKED: ATOM      5  C   UNL     1      -2.693   0.081   5.621 -0.24 +0.11    +0.146 A 
DOCKED: ATOM      6  C   UNL     1      -1.428   1.044   3.871 -0.14 +0.02    +0.034 A 
DOCKED: ATOM      7  C   UNL     1      -1.460  -0.413   6.225 -0.32 +0.12    +0.152 A 
DOCKED: ATOM      8  C   UNL     1      -0.197  -0.180   5.651 -0.21 +0.11    +0.136 A 
DOCKED: ATOM      9  C   UNL     1      -0.228   0.563   4.458 -0.16 +0.03    +0.041 A 
DOCKED: ENDROOT
DOCKED: BRANCH   4  10
DOCKED: ATOM     10  N   UNL     1      -3.863   1.316   3.814 -0.06 -0.26    -0.386 N 
DOCKED: ATOM     11  H   UNL     1      -4.020   1.082   2.841 +0.03 +0.11    +0.159 HD
DOCKED: BRANCH  10  12
DOCKED: ATOM     12  C   UNL     1      -4.842   2.143   4.511 -0.18 +0.10    +0.150 C 
DOCKED: BRANCH  12  13
DOCKED: ATOM     13  C   UNL     1      -6.066   1.311   4.880 -0.13 +0.16    +0.292 C 
DOCKED: BRANCH  13  14
DOCKED: ATOM     14  N   UNL     1      -5.927  -0.048   4.359 -0.21 +0.06    +0.094 N 
DOCKED: ATOM     15  C   UNL     1      -6.504  -1.026   5.292 -0.23 +0.17    +0.298 C 
DOCKED: ATOM     16  C   UNL     1      -6.357  -2.433   4.722 -0.31 +0.14    +0.198 C 
DOCKED: ATOM     17  O   UNL     1      -6.996  -2.524   3.448 -0.15 -0.25    -0.388 OA
DOCKED: ATOM     18  C   UNL     1      -6.419  -1.598   2.525 -0.10 +0.13    +0.198 C 
DOCKED: ATOM     19  C   UNL     1      -6.567  -0.170   3.043 -0.08 +0.19    +0.298 C 
DOCKED: ENDBRANCH  13  14
DOCKED: ENDBRANCH  12  13
DOCKED: ENDBRANCH  10  12
DOCKED: ENDBRANCH   4  10
DOCKED: BRANCH   8  20
DOCKED: ATOM     20  N   UNL     1       0.993  -0.662   6.239 -0.16 -0.09    -0.113 N 
DOCKED: ATOM     21  O   UNL     1       1.941  -1.031   5.497 -0.07 -0.43    -0.532 OA
DOCKED: ATOM     22  O   UNL     1       1.085  -0.714   7.494 -0.06 -0.43    -0.532 OA
DOCKED: ENDBRANCH   8  20
DOCKED: TORSDOF 5
DOCKED: TER
DOCKED: ENDMDL
________________________________________________________________________________


	BEGINNING GENETIC ALGORITHM DOCKING
Run:	7 / 100
Date:	Fri Jun 23 15:03:54 2017
Beginning LAMARCKIAN GENETIC ALGORITHM (LGA), with a maximum of 20000000 energy evaluations.

