          AutoDock 4.2 Release 4.2.5.1 
         (C) 1989-2012 The Scripps Research Institute
        AutoDock comes with ABSOLUTELY NO WARRANTY.
        AutoDock is free software, and you are welcome
        to redistribute it under certain conditions;
        for details type 'autodock4 -C'

                     main.cc  $Revision: 1.194 $

                   Compiled on Dec 13 2012 at 13:29:56


This file was created at:			4:09 26" p.m., 06/25/2017
                   using:			"compute-0-7.local"

      ________________________________________________________________

                   SETTING UP DEFAULT PARAMETER LIBRARY
      ________________________________________________________________


Sizeof FourByteLong = 8, not 4.
Random number generator was seeded with values 60799, 1498399766.
Docking parameter file (DPF) used for this docking:		ligand_receptor.dpf
DPF> autodock_parameter_version 4.2       # used by autodock to validate parameter set

	Autodock parameter version 4.2.
DPF> outlev 1                             # diagnostic output level

Output Level = 1  ADT-COMPATIBLE OUTPUT DURING DOCKING.
DPF> intelec                              # calculate internal electrostatics

Electrostatic energies will be calculated for all non-bonds between moving atoms.
DPF> ligand_types A C HD I N OA           # atoms types in ligand

DPF> fld receptor.maps.fld                # grid_data_file

Opening Grid Map Dimensions file:		receptor.maps.fld
Grid Point Spacing =				0.375 Angstroms

Even Number of User-specified Grid Points =	40 x-points
						40 y-points
						40 z-points

Coordinates of Central Grid Point of Maps =	(0.029, -0.041, 0.038)
Macromolecule file used to create Grid Maps =	receptor.pdbqt
Grid Parameter file used to create Grid Maps =	receptor.gpf
Minimum coordinates in grid = (-7.471, -7.541, -7.462)
Maximum coordinates in grid = (7.529, 7.459, 7.538)

DPF> map receptor.A.map                   # atom-specific affinity map

DPF> map receptor.C.map                   # atom-specific affinity map

DPF> map receptor.HD.map                  # atom-specific affinity map

DPF> map receptor.I.map                   # atom-specific affinity map

DPF> map receptor.N.map                   # atom-specific affinity map

DPF> map receptor.OA.map                  # atom-specific affinity map

DPF> elecmap receptor.e.map               # electrostatics map

DPF> desolvmap receptor.d.map             # desolvation map

DPF> move ligand.pdbqt                    # small molecule

1,4-interactions will be _ignored_ in the non-bonded internal energy calculation.

Ligand PDBQT file = "ligand.pdbqt"

INPUT LIGAND PDBQT FILE:
________________________

INPUT-LIGAND-PDBQT: REMARK  6 active torsions:
INPUT-LIGAND-PDBQT: REMARK  status: ('A' for Active; 'I' for Inactive)
INPUT-LIGAND-PDBQT: REMARK    1  A    between atoms: O_4  and  C_12 
INPUT-LIGAND-PDBQT: REMARK    2  A    between atoms: N_7  and  C_16 
INPUT-LIGAND-PDBQT: REMARK       I    between atoms: N_7  and  C_19 
INPUT-LIGAND-PDBQT: REMARK    3  A    between atoms: C_8  and  C_9 
INPUT-LIGAND-PDBQT: REMARK    4  A    between atoms: C_8  and  C_10 
INPUT-LIGAND-PDBQT: REMARK    5  A    between atoms: C_8  and  C_12 
INPUT-LIGAND-PDBQT: REMARK    6  A    between atoms: C_9  and  C_11 
INPUT-LIGAND-PDBQT: ROOT
INPUT-LIGAND-PDBQT: HETATM    1  I   UNL     1       0.670   2.420  -1.359  1.00  0.00    -0.042 I 
INPUT-LIGAND-PDBQT: HETATM    2  I   UNL     1      -2.104  -2.947  -0.427  1.00  0.00    -0.044 I 
INPUT-LIGAND-PDBQT: HETATM    3  I   UNL     1       3.772  -2.539   0.456  1.00  0.00    -0.042 I 
INPUT-LIGAND-PDBQT: HETATM    4  C   UNL     1      -0.423  -0.395  -0.810  1.00  0.00    -0.022 A 
INPUT-LIGAND-PDBQT: HETATM    5  C   UNL     1       0.739   0.368  -0.813  1.00  0.00     0.042 A 
INPUT-LIGAND-PDBQT: HETATM    6  C   UNL     1      -0.391  -1.738  -0.455  1.00  0.00     0.015 A 
INPUT-LIGAND-PDBQT: HETATM    7  C   UNL     1       1.951  -0.222  -0.455  1.00  0.00     0.068 A 
INPUT-LIGAND-PDBQT: HETATM    8  C   UNL     1       0.822  -2.328  -0.097  1.00  0.00     0.039 A 
INPUT-LIGAND-PDBQT: HETATM    9  C   UNL     1       1.993  -1.569  -0.097  1.00  0.00     0.035 A 
INPUT-LIGAND-PDBQT: ENDROOT
INPUT-LIGAND-PDBQT: BRANCH   4  10
INPUT-LIGAND-PDBQT: HETATM   10  C   UNL     1      -1.741   0.234  -1.197  1.00  0.00     0.056 C 
INPUT-LIGAND-PDBQT: BRANCH  10  11
INPUT-LIGAND-PDBQT: HETATM   11  C   UNL     1      -2.499   0.838  -0.001  1.00  0.00     0.087 C 
INPUT-LIGAND-PDBQT: BRANCH  11  12
INPUT-LIGAND-PDBQT: HETATM   12  C   UNL     1      -3.509   1.894  -0.487  1.00  0.00     0.011 C 
INPUT-LIGAND-PDBQT: HETATM   13  C   UNL     1      -4.237   2.584   0.661  1.00  0.00     0.006 C 
INPUT-LIGAND-PDBQT: ENDBRANCH  11  12
INPUT-LIGAND-PDBQT: BRANCH  11  14
INPUT-LIGAND-PDBQT: HETATM   14  C   UNL     1      -3.224  -0.269   0.753  1.00  0.00     0.144 C 
INPUT-LIGAND-PDBQT: HETATM   15  O   UNL     1      -4.363  -0.645   0.505  1.00  0.00    -0.650 OA
INPUT-LIGAND-PDBQT: BRANCH  14  16
INPUT-LIGAND-PDBQT: HETATM   16  O   UNL     1      -2.462  -0.824   1.729  1.00  0.00    -0.776 OA
INPUT-LIGAND-PDBQT: HETATM   17  H   UNL     1      -2.934  -1.544   2.198  1.00  0.00     0.167 HD
INPUT-LIGAND-PDBQT: ENDBRANCH  14  16
INPUT-LIGAND-PDBQT: ENDBRANCH  11  14
INPUT-LIGAND-PDBQT: ENDBRANCH  10  11
INPUT-LIGAND-PDBQT: ENDBRANCH   4  10
INPUT-LIGAND-PDBQT: BRANCH   7  18
INPUT-LIGAND-PDBQT: HETATM   18  N   UNL     1       3.133   0.533  -0.451  1.00  0.00    -0.325 N 
INPUT-LIGAND-PDBQT: HETATM   19  C   UNL     1       3.678   1.269   0.604  1.00  0.00     0.218 C 
INPUT-LIGAND-PDBQT: HETATM   20  O   UNL     1       3.230   1.397   1.738  1.00  0.00    -0.274 OA
INPUT-LIGAND-PDBQT: HETATM   21  C   UNL     1       4.966   1.942   0.202  1.00  0.00     0.117 C 
INPUT-LIGAND-PDBQT: HETATM   22  H   UNL     1       3.571   0.632  -1.364  1.00  0.00     0.169 HD
INPUT-LIGAND-PDBQT: ENDBRANCH   7  18
INPUT-LIGAND-PDBQT: TORSDOF 6
________________________________________________________________________________

Total charge on ligand                               =	-1.001 e
REMARK  6 active torsions:
REMARK  status: ('A' for Active; 'I' for Inactive)
REMARK    1  A    between atoms: O_4  and  C_12 
REMARK    2  A    between atoms: N_7  and  C_16 
REMARK       I    between atoms: N_7  and  C_19 
REMARK    3  A    between atoms: C_8  and  C_9 
REMARK    4  A    between atoms: C_8  and  C_10 
REMARK    5  A    between atoms: C_8  and  C_12 
REMARK    6  A    between atoms: C_9  and  C_11 


Number of Rotatable Bonds in Small Molecule =	6 torsions
Number of atoms in ligand:  22

Number of non-hydrogen atoms in ligand:  20

Number of vibrational degrees of freedom of ligand:  60


Number of torsional degrees of freedom = 6
Estimated loss of torsional free energy upon binding = +1.7898 kcal/mol


DPF> about 0.029 -0.0413 0.0379           # small molecule center

Small molecule center of rotation =	(+0.029, -0.041, +0.038)

DPF> # ADDED BY TOXIM

DPF> 

DPF> ga_pop_size 250                      # number of individuals in population

A population of 250 individuals will be used
DPF> ga_num_evals 20000000                # maximum number of energy evaluations

There will be at most 20000000 function evaluations used.
DPF> ga_num_generations 2000000000        # maximum number of generations

The GA will run for at most 2000000000 generations.
DPF> ga_elitism 1                         # number of top individuals to survive to next generation

The 1 best will be preserved each GA generation.
DPF> ga_mutation_rate 0.02                # rate of gene mutation

The mutation rate is 0.020000.
DPF> ga_crossover_rate 0.8                # rate of crossover

The crossover rate is 0.800000.
DPF> ga_window_size 10                    # 

The GA's selection window is 10 generations.
DPF> ga_cauchy_alpha 0.0                  # Alpha parameter of Cauchy distribution

The alpha parameter (for the Cauchy distribution) is being set to 0.000000.
DPF> ga_cauchy_beta 1.0                   # Beta parameter Cauchy distribution

The beta parameter (for the Cauchy distribution) is being set to 1.000000.
DPF> set_ga                               # set the above parameters for GA or LGA

DPF> sw_max_its 300                       # iterations of Solis & Wets local search

Solis & Wets algorithms will perform at most 300 iterations.
DPF> sw_max_succ 4                        # consecutive successes before changing rho

Solis & Wets algorithms expand rho every 4 in a row successes.
DPF> sw_max_fail 4                        # consecutive failures before changing rho

Solis & Wets algorithms contract rho every 4 in a row failures.
DPF> sw_rho 1.0                           # size of local search space to sample

rho is set to 1.000000.
DPF> sw_lb_rho 0.01                       # lower bound on rho

rho will never get smaller than 0.010000.
DPF> ls_search_freq 0.06                  # probability of performing local search on individual

Local search will be performed with frequency 0.060000.
DPF> set_psw1                             # set the above pseudo-Solis & Wets parameters

Creating a new Local Search object using the pseudo-Solis-Wets algorithm (pSW1) with the current settings.

DPF> unbound_model bound                  # state of unbound ligand

DPF> ga_run 100                           # do this many hybrid GA-LS runs

centering ligand on specified point: 0.029 -0.041 0.038
Furthest true ligand atom from "about" center is 5.323 Angstroms (maxrad).
Setting 'tran0' value to same as 'about' value: 0.029 -0.041 0.038
Number of requested GA dockings = 100 runs
Unbound model to be used is 'same as bound' [AutoDock 4.2 default].

	BEGINNING GENETIC ALGORITHM DOCKING
Run:	1 / 100
Date:	Sun Jun 25 16:09:26 2017
Beginning LAMARCKIAN GENETIC ALGORITHM (LGA), with a maximum of 20000000 energy evaluations.

Final-Value: -1.371
Real= 2m 34.32s,  CPU= 2m 34.38s,  System= 0.01s


	FINAL GENETIC ALGORITHM ALGORITHM DOCKED STATE
	_______________________________________________


Detailed state:  trans 2.051 2.447 0.949 quatxyzw -0.243961 0.046888 0.921658 0.298047 center 0.029 -0.041 0.038 ntor 6 63.4432 -77.6429 137.0150 -179.3872 -143.0245 175.2079
State:	  2.051   2.447   0.949  -0.256  0.049  0.966 145.319     63.44  -77.64  137.02 -179.39 -143.02  175.21

DOCKED: MODEL        1
DOCKED: USER    Run = 1
DOCKED: USER    DPF = ligand_receptor.dpf
DOCKED: USER  
DOCKED: USER    Estimated Free Energy of Binding    =   +1.75 kcal/mol  [=(1)+(2)+(3)-(4)]
DOCKED: USER    
DOCKED: USER    (1) Final Intermolecular Energy     =   -0.04 kcal/mol
DOCKED: USER        vdW + Hbond + desolv Energy     =   +0.00 kcal/mol
DOCKED: USER        Electrostatic Energy            =   -0.04 kcal/mol
DOCKED: USER    (2) Final Total Internal Energy     =   -1.33 kcal/mol
DOCKED: USER    (3) Torsional Free Energy           =   +1.79 kcal/mol
DOCKED: USER    (4) Unbound System's Energy  [=(2)] =   -1.33 kcal/mol
DOCKED: USER    
DOCKED: USER    
DOCKED: USER    NEWDPF move ligand.pdbqt
DOCKED: USER    NEWDPF about 0.029000 -0.041300 0.037900
DOCKED: USER    NEWDPF tran0 2.050534 2.447076 0.949066
DOCKED: USER    NEWDPF quaternion0 -0.243961 0.046888 0.921658 0.298047
DOCKED: USER    NEWDPF axisangle0 -0.255577 0.049120 0.965540 145.319365
DOCKED: USER    NEWDPF quat0 -0.255577 0.049120 0.965540 145.319365
DOCKED: USER    NEWDPF dihe0 63.44 -77.64 137.02 -179.39 -143.02 175.21 
DOCKED: USER  keepresnum = 1 
DOCKED: USER  
DOCKED: REMARK  6 active torsions:
DOCKED: REMARK  status: ('A' for Active; 'I' for Inactive)
DOCKED: REMARK    1  A    between atoms: O_4  and  C_12 
DOCKED: REMARK    2  A    between atoms: N_7  and  C_16 
DOCKED: REMARK       I    between atoms: N_7  and  C_19 
DOCKED: REMARK    3  A    between atoms: C_8  and  C_9 
DOCKED: REMARK    4  A    between atoms: C_8  and  C_10 
DOCKED: REMARK    5  A    between atoms: C_8  and  C_12 
DOCKED: REMARK    6  A    between atoms: C_9  and  C_11 
DOCKED: USER                              x       y       z     vdW  Elec       q    Type
DOCKED: USER                           _______ _______ _______ _____ _____    ______ ____
DOCKED: ROOT
DOCKED: ATOM      1  I   UNL     1       3.563   0.149   0.025 +0.00 -0.00    -0.042 I 
DOCKED: ATOM      2  I   UNL     1       2.243   6.072   0.767 +0.00 -0.00    -0.044 I 
DOCKED: ATOM      3  I   UNL     1      -2.097   2.323  -0.842 +0.00 -0.00    -0.042 I 
DOCKED: ATOM      4  C   UNL     1       2.587   3.045   0.314 +0.00 -0.00    -0.022 A 
DOCKED: ATOM      5  C   UNL     1       2.173   1.756  -0.001 +0.00 +0.00    +0.042 A 
DOCKED: ATOM      6  C   UNL     1       1.688   4.104   0.301 +0.00 +0.00    +0.015 A 
DOCKED: ATOM      7  C   UNL     1       0.839   1.524  -0.335 +0.00 +0.00    +0.068 A 
DOCKED: ATOM      8  C   UNL     1       0.353   3.872  -0.034 +0.00 +0.00    +0.039 A 
DOCKED: ATOM      9  C   UNL     1      -0.071   2.581  -0.352 +0.00 +0.00    +0.035 A 
DOCKED: ENDROOT
DOCKED: BRANCH   4  10
DOCKED: ATOM     10  C   UNL     1       4.030   3.308   0.677 +0.00 +0.00    +0.056 C 
DOCKED: BRANCH  10  11
DOCKED: ATOM     11  C   UNL     1       4.932   3.534  -0.550 +0.00 +0.00    +0.087 C 
DOCKED: BRANCH  11  12
DOCKED: ATOM     12  C   UNL     1       4.075   3.814  -1.798 +0.00 +0.00    +0.011 C 
DOCKED: ATOM     13  C   UNL     1       4.176   2.706  -2.841 +0.00 +0.00    +0.006 C 
DOCKED: ENDBRANCH  11  12
DOCKED: BRANCH  11  14
DOCKED: ATOM     14  C   UNL     1       5.866   4.707  -0.285 +0.00 +0.01    +0.144 C 
DOCKED: ATOM     15  O   UNL     1       6.523   4.852   0.739 +0.00 -0.02    -0.650 OA
DOCKED: BRANCH  14  16
DOCKED: ATOM     16  O   UNL     1       5.919   5.579  -1.323 +0.00 -0.03    -0.776 OA
DOCKED: ATOM     17  H   UNL     1       5.396   6.390  -1.148 +0.00 +0.01    +0.167 HD
DOCKED: ENDBRANCH  14  16
DOCKED: ENDBRANCH  11  14
DOCKED: ENDBRANCH  10  11
DOCKED: ENDBRANCH   4  10
DOCKED: BRANCH   7  18
DOCKED: ATOM     18  N   UNL     1       0.403   0.230  -0.655 +0.00 -0.01    -0.325 N 
DOCKED: ATOM     19  C   UNL     1       0.381  -0.382  -1.911 +0.00 +0.01    +0.218 C 
DOCKED: ATOM     20  O   UNL     1       0.741   0.092  -2.982 +0.00 -0.01    -0.274 OA
DOCKED: ATOM     21  C   UNL     1      -0.163  -1.787  -1.832 +0.00 +0.00    +0.117 C 
DOCKED: ATOM     22  H   UNL     1      -0.046  -0.264   0.112 +0.00 +0.01    +0.169 HD
DOCKED: ENDBRANCH   7  18
DOCKED: TORSDOF 6
DOCKED: TER
DOCKED: ENDMDL
________________________________________________________________________________


	BEGINNING GENETIC ALGORITHM DOCKING
Run:	2 / 100
Date:	Sun Jun 25 16:12:00 2017
Beginning LAMARCKIAN GENETIC ALGORITHM (LGA), with a maximum of 20000000 energy evaluations.

Final-Value: -1.371
Real= 2m 34.29s,  CPU= 2m 34.34s,  System= 0.00s


	FINAL GENETIC ALGORITHM ALGORITHM DOCKED STATE
	_______________________________________________


Detailed state:  trans 1.581 2.364 2.584 quatxyzw 0.152757 0.173391 -0.848619 -0.475863 center 0.029 -0.041 0.038 ntor 6 63.6356 63.7543 -52.4425 -178.6219 -143.2053 175.1988
State:	  1.581   2.364   2.584   0.174  0.197 -0.965 -123.169     63.64   63.75  -52.44 -178.62 -143.21  175.20

DOCKED: MODEL        2
DOCKED: USER    Run = 2
DOCKED: USER    DPF = ligand_receptor.dpf
DOCKED: USER  
DOCKED: USER    Estimated Free Energy of Binding    =   +1.75 kcal/mol  [=(1)+(2)+(3)-(4)]
DOCKED: USER    
DOCKED: USER    (1) Final Intermolecular Energy     =   -0.04 kcal/mol
DOCKED: USER        vdW + Hbond + desolv Energy     =   +0.00 kcal/mol
DOCKED: USER        Electrostatic Energy            =   -0.04 kcal/mol
DOCKED: USER    (2) Final Total Internal Energy     =   -1.33 kcal/mol
DOCKED: USER    (3) Torsional Free Energy           =   +1.79 kcal/mol
DOCKED: USER    (4) Unbound System's Energy  [=(2)] =   -1.33 kcal/mol
DOCKED: USER    
DOCKED: USER    
DOCKED: USER    NEWDPF move ligand.pdbqt
DOCKED: USER    NEWDPF about 0.029000 -0.041300 0.037900
DOCKED: USER    NEWDPF tran0 1.580918 2.363927 2.583586
DOCKED: USER    NEWDPF quaternion0 0.152757 0.173391 -0.848619 -0.475863
DOCKED: USER    NEWDPF axisangle0 0.173683 0.197143 -0.964867 -123.168837
DOCKED: USER    NEWDPF quat0 0.173683 0.197143 -0.964867 -123.168837
DOCKED: USER    NEWDPF dihe0 63.64 63.75 -52.44 -178.62 -143.21 175.20 
DOCKED: USER  keepresnum = 1 
DOCKED: USER  
DOCKED: REMARK  6 active torsions:
DOCKED: REMARK  status: ('A' for Active; 'I' for Inactive)
DOCKED: REMARK    1  A    between atoms: O_4  and  C_12 
DOCKED: REMARK    2  A    between atoms: N_7  and  C_16 
DOCKED: REMARK       I    between atoms: N_7  and  C_19 
DOCKED: REMARK    3  A    between atoms: C_8  and  C_9 
DOCKED: REMARK    4  A    between atoms: C_8  and  C_10 
DOCKED: REMARK    5  A    between atoms: C_8  and  C_12 
DOCKED: REMARK    6  A    between atoms: C_9  and  C_11 
DOCKED: USER                              x       y       z     vdW  Elec       q    Type
DOCKED: USER                           _______ _______ _______ _____ _____    ______ ____
DOCKED: ROOT
DOCKED: ATOM      1  I   UNL     1       3.510   1.296   0.697 +0.00 -0.00    -0.042 I 
DOCKED: ATOM      2  I   UNL     1       0.191   5.593   3.506 +0.00 -0.00    -0.044 I 
DOCKED: ATOM      3  I   UNL     1      -2.481   0.572   1.741 +0.00 -0.00    -0.042 I 
DOCKED: ATOM      4  C   UNL     1       1.583   3.250   2.071 +0.00 -0.00    -0.022 A 
DOCKED: ATOM      5  C   UNL     1       1.658   2.003   1.461 +0.00 +0.00    +0.042 A 
DOCKED: ATOM      6  C   UNL     1       0.377   3.724   2.574 +0.00 +0.00    +0.015 A 
DOCKED: ATOM      7  C   UNL     1       0.510   1.218   1.355 +0.00 +0.00    +0.068 A 
DOCKED: ATOM      8  C   UNL     1      -0.771   2.938   2.467 +0.00 +0.00    +0.039 A 
DOCKED: ATOM      9  C   UNL     1      -0.704   1.685   1.857 +0.00 +0.00    +0.035 A 
DOCKED: ENDROOT
DOCKED: BRANCH   4  10
DOCKED: ATOM     10  C   UNL     1       2.820   4.109   2.191 +0.00 +0.00    +0.056 C 
DOCKED: BRANCH  10  11
DOCKED: ATOM     11  C   UNL     1       3.091   4.960   0.937 +0.00 +0.00    +0.087 C 
DOCKED: BRANCH  11  12
DOCKED: ATOM     12  C   UNL     1       1.840   5.005   0.041 +0.00 +0.00    +0.011 C 
DOCKED: ATOM     13  C   UNL     1       2.042   4.289  -1.290 +0.00 +0.00    +0.006 C 
DOCKED: ENDBRANCH  11  12
DOCKED: BRANCH  11  14
DOCKED: ATOM     14  C   UNL     1       3.485   6.370   1.355 +0.00 +0.01    +0.144 C 
DOCKED: ATOM     15  O   UNL     1       3.139   7.389   0.769 +0.00 -0.02    -0.650 OA
DOCKED: BRANCH  14  16
DOCKED: ATOM     16  O   UNL     1       4.251   6.390   2.475 +0.00 -0.03    -0.776 OA
DOCKED: ATOM     17  H   UNL     1       3.797   6.836   3.222 +0.00 +0.01    +0.167 HD
DOCKED: ENDBRANCH  14  16
DOCKED: ENDBRANCH  11  14
DOCKED: ENDBRANCH  10  11
DOCKED: ENDBRANCH   4  10
DOCKED: BRANCH   7  18
DOCKED: ATOM     18  N   UNL     1       0.568  -0.043   0.744 +0.00 -0.01    -0.325 N 
DOCKED: ATOM     19  C   UNL     1       0.403  -0.351  -0.608 +0.00 +0.01    +0.218 C 
DOCKED: ATOM     20  O   UNL     1       0.179   0.425  -1.531 +0.00 -0.01    -0.274 OA
DOCKED: ATOM     21  C   UNL     1       0.540  -1.831  -0.860 +0.00 +0.00    +0.117 C 
DOCKED: ATOM     22  H   UNL     1       0.628  -0.823   1.396 +0.00 +0.01    +0.169 HD
DOCKED: ENDBRANCH   7  18
DOCKED: TORSDOF 6
DOCKED: TER
DOCKED: ENDMDL
________________________________________________________________________________


	BEGINNING GENETIC ALGORITHM DOCKING
Run:	3 / 100
Date:	Sun Jun 25 16:14:34 2017
Beginning LAMARCKIAN GENETIC ALGORITHM (LGA), with a maximum of 20000000 energy evaluations.

Final-Value: -1.371
Real= 2m 34.19s,  CPU= 2m 34.25s,  System= 0.00s


	FINAL GENETIC ALGORITHM ALGORITHM DOCKED STATE
	_______________________________________________


Detailed state:  trans 2.233 2.348 -1.863 quatxyzw -0.628729 0.761672 -0.110705 0.110906 center 0.029 -0.041 0.038 ntor 6 62.4328 58.1770 -50.7597 -178.6172 -143.9193 175.2120
State:	  2.233   2.348  -1.863  -0.633  0.766 -0.111 167.265     62.43   58.18  -50.76 -178.62 -143.92  175.21

DOCKED: MODEL        3
DOCKED: USER    Run = 3
DOCKED: USER    DPF = ligand_receptor.dpf
DOCKED: USER  
DOCKED: USER    Estimated Free Energy of Binding    =   +1.75 kcal/mol  [=(1)+(2)+(3)-(4)]
DOCKED: USER    
DOCKED: USER    (1) Final Intermolecular Energy     =   -0.04 kcal/mol
DOCKED: USER        vdW + Hbond + desolv Energy     =   +0.00 kcal/mol
DOCKED: USER        Electrostatic Energy            =   -0.04 kcal/mol
DOCKED: USER    (2) Final Total Internal Energy     =   -1.33 kcal/mol
DOCKED: USER    (3) Torsional Free Energy           =   +1.79 kcal/mol
DOCKED: USER    (4) Unbound System's Energy  [=(2)] =   -1.33 kcal/mol
DOCKED: USER    
DOCKED: USER    
DOCKED: USER    NEWDPF move ligand.pdbqt
DOCKED: USER    NEWDPF about 0.029000 -0.041300 0.037900
DOCKED: USER    NEWDPF tran0 2.232743 2.347631 -1.863412
DOCKED: USER    NEWDPF quaternion0 -0.628729 0.761672 -0.110705 0.110906
DOCKED: USER    NEWDPF axisangle0 -0.632631 0.766400 -0.111392 167.264919
DOCKED: USER    NEWDPF quat0 -0.632631 0.766400 -0.111392 167.264919
DOCKED: USER    NEWDPF dihe0 62.43 58.18 -50.76 -178.62 -143.92 175.21 
DOCKED: USER  keepresnum = 1 
DOCKED: USER  
DOCKED: REMARK  6 active torsions:
DOCKED: REMARK  status: ('A' for Active; 'I' for Inactive)
DOCKED: REMARK    1  A    between atoms: O_4  and  C_12 
DOCKED: REMARK    2  A    between atoms: N_7  and  C_16 
DOCKED: REMARK       I    between atoms: N_7  and  C_19 
DOCKED: REMARK    3  A    between atoms: C_8  and  C_9 
DOCKED: REMARK    4  A    between atoms: C_8  and  C_10 
DOCKED: REMARK    5  A    between atoms: C_8  and  C_12 
DOCKED: REMARK    6  A    between atoms: C_9  and  C_11 
DOCKED: USER                              x       y       z     vdW  Elec       q    Type
DOCKED: USER                           _______ _______ _______ _____ _____    ______ ____
DOCKED: ROOT
DOCKED: ATOM      1  I   UNL     1      -0.262   2.635  -0.409 +0.00 -0.00    -0.042 I 
DOCKED: ATOM      2  I   UNL     1       5.495   3.944  -1.994 +0.00 -0.00    -0.044 I 
DOCKED: ATOM      3  I   UNL     1       3.982  -1.736  -1.035 +0.00 -0.00    -0.042 I 
DOCKED: ATOM      4  C   UNL     1       2.689   2.965  -1.186 +0.00 -0.00    -0.022 A 
DOCKED: ATOM      5  C   UNL     1       1.725   2.023  -0.847 +0.00 +0.00    +0.042 A 
DOCKED: ATOM      6  C   UNL     1       3.992   2.578  -1.475 +0.00 +0.00    +0.015 A 
DOCKED: ATOM      7  C   UNL     1       2.070   0.672  -0.797 +0.00 +0.00    +0.068 A 
DOCKED: ATOM      8  C   UNL     1       4.336   1.226  -1.424 +0.00 +0.00    +0.039 A 
DOCKED: ATOM      9  C   UNL     1       3.375   0.274  -1.085 +0.00 +0.00    +0.035 A 
DOCKED: ENDROOT
DOCKED: BRANCH   4  10
DOCKED: ATOM     10  C   UNL     1       2.326   4.431  -1.243 +0.00 +0.00    +0.056 C 
DOCKED: BRANCH  10  11
DOCKED: ATOM     11  C   UNL     1       2.412   5.130   0.126 +0.00 +0.00    +0.087 C 
DOCKED: BRANCH  11  12
DOCKED: ATOM     12  C   UNL     1       3.187   4.252   1.127 +0.00 +0.00    +0.011 C 
DOCKED: ATOM     13  C   UNL     1       2.314   3.759   2.275 +0.00 +0.00    +0.006 C 
DOCKED: ENDBRANCH  11  12
DOCKED: BRANCH  11  14
DOCKED: ATOM     14  C   UNL     1       3.105   6.476  -0.033 +0.00 +0.01    +0.144 C 
DOCKED: ATOM     15  O   UNL     1       3.914   6.937   0.763 +0.00 -0.02    -0.650 OA
DOCKED: BRANCH  14  16
DOCKED: ATOM     16  O   UNL     1       2.750   7.117  -1.175 +0.00 -0.03    -0.776 OA
DOCKED: ATOM     17  H   UNL     1       3.524   7.298  -1.749 +0.00 +0.01    +0.167 HD
DOCKED: ENDBRANCH  14  16
DOCKED: ENDBRANCH  11  14
DOCKED: ENDBRANCH  10  11
DOCKED: ENDBRANCH   4  10
DOCKED: BRANCH   7  18
DOCKED: ATOM     18  N   UNL     1       1.110  -0.292  -0.459 +0.00 -0.01    -0.325 N 
DOCKED: ATOM     19  C   UNL     1       0.771  -0.757   0.815 +0.00 +0.01    +0.218 C 
DOCKED: ATOM     20  O   UNL     1       1.246  -0.408   1.890 +0.00 -0.01    -0.274 OA
DOCKED: ATOM     21  C   UNL     1      -0.316  -1.800   0.752 +0.00 +0.00    +0.117 C 
DOCKED: ATOM     22  H   UNL     1       0.702  -0.776  -1.255 +0.00 +0.01    +0.169 HD
DOCKED: ENDBRANCH   7  18
DOCKED: TORSDOF 6
DOCKED: TER
DOCKED: ENDMDL
________________________________________________________________________________


	BEGINNING GENETIC ALGORITHM DOCKING
Run:	4 / 100
Date:	Sun Jun 25 16:17:09 2017
Beginning LAMARCKIAN GENETIC ALGORITHM (LGA), with a maximum of 20000000 energy evaluations.

Final-Value: -1.372
Real= 2m 34.22s,  CPU= 2m 34.28s,  System= 0.00s


	FINAL GENETIC ALGORITHM ALGORITHM DOCKED STATE
	_______________________________________________


Detailed state:  trans 3.284 1.450 -1.339 quatxyzw -0.242445 0.722059 -0.612072 -0.212650 center 0.029 -0.041 0.038 ntor 6 62.4531 64.7494 -52.3084 -179.3978 -143.2128 174.9862
State:	  3.284   1.450  -1.339  -0.248  0.739 -0.626 -155.445     62.45   64.75  -52.31 -179.40 -143.21  174.99

DOCKED: MODEL        4
DOCKED: USER    Run = 4
DOCKED: USER    DPF = ligand_receptor.dpf
DOCKED: USER  
DOCKED: USER    Estimated Free Energy of Binding    =   +1.75 kcal/mol  [=(1)+(2)+(3)-(4)]
DOCKED: USER    
DOCKED: USER    (1) Final Intermolecular Energy     =   -0.04 kcal/mol
DOCKED: USER        vdW + Hbond + desolv Energy     =   +0.00 kcal/mol
DOCKED: USER        Electrostatic Energy            =   -0.04 kcal/mol
DOCKED: USER    (2) Final Total Internal Energy     =   -1.33 kcal/mol
DOCKED: USER    (3) Torsional Free Energy           =   +1.79 kcal/mol
DOCKED: USER    (4) Unbound System's Energy  [=(2)] =   -1.33 kcal/mol
DOCKED: USER    
DOCKED: USER    
DOCKED: USER    NEWDPF move ligand.pdbqt
DOCKED: USER    NEWDPF about 0.029000 -0.041300 0.037900
DOCKED: USER    NEWDPF tran0 3.284046 1.449572 -1.339124
DOCKED: USER    NEWDPF quaternion0 -0.242445 0.722059 -0.612072 -0.212650
DOCKED: USER    NEWDPF axisangle0 -0.248120 0.738960 -0.626398 -155.444600
DOCKED: USER    NEWDPF quat0 -0.248120 0.738960 -0.626398 -155.444600
DOCKED: USER    NEWDPF dihe0 62.45 64.75 -52.31 -179.40 -143.21 174.99 
DOCKED: USER  keepresnum = 1 
DOCKED: USER  
DOCKED: REMARK  6 active torsions:
DOCKED: REMARK  status: ('A' for Active; 'I' for Inactive)
DOCKED: REMARK    1  A    between atoms: O_4  and  C_12 
DOCKED: REMARK    2  A    between atoms: N_7  and  C_16 
DOCKED: REMARK       I    between atoms: N_7  and  C_19 
DOCKED: REMARK    3  A    between atoms: C_8  and  C_9 
DOCKED: REMARK    4  A    between atoms: C_8  and  C_10 
DOCKED: REMARK    5  A    between atoms: C_8  and  C_12 
DOCKED: REMARK    6  A    between atoms: C_9  and  C_11 
DOCKED: USER                              x       y       z     vdW  Elec       q    Type
DOCKED: USER                           _______ _______ _______ _____ _____    ______ ____
DOCKED: ROOT
DOCKED: ATOM      1  I   UNL     1       1.712   2.477  -3.551 +0.00 -0.00    -0.042 I 
DOCKED: ATOM      2  I   UNL     1       4.954   2.728   1.625 +0.00 -0.00    -0.044 I 
DOCKED: ATOM      3  I   UNL     1       0.796  -1.494   1.021 +0.00 -0.00    -0.042 I 
DOCKED: ATOM      4  C   UNL     1       3.162   2.340  -0.849 +0.00 -0.00    -0.022 A 
DOCKED: ATOM      5  C   UNL     1       2.171   1.735  -1.614 +0.00 +0.00    +0.042 A 
DOCKED: ATOM      6  C   UNL     1       3.471   1.865   0.419 +0.00 +0.00    +0.015 A 
DOCKED: ATOM      7  C   UNL     1       1.480   0.637  -1.102 +0.00 +0.00    +0.068 A 
DOCKED: ATOM      8  C   UNL     1       2.780   0.766   0.931 +0.00 +0.00    +0.039 A 
DOCKED: ATOM      9  C   UNL     1       1.784   0.153   0.170 +0.00 +0.00    +0.035 A 
DOCKED: ENDROOT
DOCKED: BRANCH   4  10
DOCKED: ATOM     10  C   UNL     1       3.915   3.531  -1.395 +0.00 +0.00    +0.056 C 
DOCKED: BRANCH  10  11
DOCKED: ATOM     11  C   UNL     1       3.190   4.868  -1.159 +0.00 +0.00    +0.087 C 
DOCKED: BRANCH  11  12
DOCKED: ATOM     12  C   UNL     1       2.080   4.694  -0.106 +0.00 +0.00    +0.011 C 
DOCKED: ATOM     13  C   UNL     1       0.684   4.900  -0.683 +0.00 +0.00    +0.006 C 
DOCKED: ENDBRANCH  11  12
DOCKED: BRANCH  11  14
DOCKED: ATOM     14  C   UNL     1       4.192   5.915  -0.692 +0.00 +0.01    +0.144 C 
DOCKED: ATOM     15  O   UNL     1       3.960   6.766   0.158 +0.00 -0.02    -0.650 OA
DOCKED: BRANCH  14  16
DOCKED: ATOM     16  O   UNL     1       5.397   5.797  -1.305 +0.00 -0.03    -0.776 OA
DOCKED: ATOM     17  H   UNL     1       6.106   5.547  -0.676 +0.00 +0.01    +0.167 HD
DOCKED: ENDBRANCH  14  16
DOCKED: ENDBRANCH  11  14
DOCKED: ENDBRANCH  10  11
DOCKED: ENDBRANCH   4  10
DOCKED: BRANCH   7  18
DOCKED: ATOM     18  N   UNL     1       0.479   0.013  -1.860 +0.00 -0.01    -0.325 N 
DOCKED: ATOM     19  C   UNL     1      -0.885   0.315  -1.895 +0.00 +0.01    +0.218 C 
DOCKED: ATOM     20  O   UNL     1      -1.475   1.190  -1.271 +0.00 -0.01    -0.274 OA
DOCKED: ATOM     21  C   UNL     1      -1.628  -0.593  -2.842 +0.00 +0.00    +0.117 C 
DOCKED: ATOM     22  H   UNL     1       0.784  -0.825  -2.350 +0.00 +0.01    +0.169 HD
DOCKED: ENDBRANCH   7  18
DOCKED: TORSDOF 6
DOCKED: TER
DOCKED: ENDMDL
________________________________________________________________________________


	BEGINNING GENETIC ALGORITHM DOCKING
Run:	5 / 100
Date:	Sun Jun 25 16:19:43 2017
Beginning LAMARCKIAN GENETIC ALGORITHM (LGA), with a maximum of 20000000 energy evaluations.

Final-Value: -1.371
Real= 2m 33.99s,  CPU= 2m 34.05s,  System= 0.01s


	FINAL GENETIC ALGORITHM ALGORITHM DOCKED STATE
	_______________________________________________


Detailed state:  trans 1.982 2.062 3.724 quatxyzw -0.513293 0.618559 0.337682 0.489782 center 0.029 -0.041 0.038 ntor 6 63.6732 -82.6791 135.2334 -179.1675 -143.2135 175.2146
State:	  1.982   2.062   3.724  -0.589  0.709  0.387 121.347     63.67  -82.68  135.23 -179.17 -143.21  175.21

DOCKED: MODEL        5
DOCKED: USER    Run = 5
DOCKED: USER    DPF = ligand_receptor.dpf
DOCKED: USER  
DOCKED: USER    Estimated Free Energy of Binding    =   +1.75 kcal/mol  [=(1)+(2)+(3)-(4)]
DOCKED: USER    
DOCKED: USER    (1) Final Intermolecular Energy     =   -0.04 kcal/mol
DOCKED: USER        vdW + Hbond + desolv Energy     =   +0.00 kcal/mol
DOCKED: USER        Electrostatic Energy            =   -0.04 kcal/mol
DOCKED: USER    (2) Final Total Internal Energy     =   -1.33 kcal/mol
DOCKED: USER    (3) Torsional Free Energy           =   +1.79 kcal/mol
DOCKED: USER    (4) Unbound System's Energy  [=(2)] =   -1.33 kcal/mol
DOCKED: USER    
DOCKED: USER    
DOCKED: USER    NEWDPF move ligand.pdbqt
DOCKED: USER    NEWDPF about 0.029000 -0.041300 0.037900
DOCKED: USER    NEWDPF tran0 1.982143 2.062159 3.724230
DOCKED: USER    NEWDPF quaternion0 -0.513293 0.618559 0.337682 0.489782
DOCKED: USER    NEWDPF axisangle0 -0.588744 0.709482 0.387319 121.347473
DOCKED: USER    NEWDPF quat0 -0.588744 0.709482 0.387319 121.347473
DOCKED: USER    NEWDPF dihe0 63.67 -82.68 135.23 -179.17 -143.21 175.21 
DOCKED: USER  keepresnum = 1 
DOCKED: USER  
DOCKED: REMARK  6 active torsions:
DOCKED: REMARK  status: ('A' for Active; 'I' for Inactive)
DOCKED: REMARK    1  A    between atoms: O_4  and  C_12 
DOCKED: REMARK    2  A    between atoms: N_7  and  C_16 
DOCKED: REMARK       I    between atoms: N_7  and  C_19 
DOCKED: REMARK    3  A    between atoms: C_8  and  C_9 
DOCKED: REMARK    4  A    between atoms: C_8  and  C_10 
DOCKED: REMARK    5  A    between atoms: C_8  and  C_12 
DOCKED: REMARK    6  A    between atoms: C_9  and  C_11 
DOCKED: USER                              x       y       z     vdW  Elec       q    Type
DOCKED: USER                           _______ _______ _______ _____ _____    ______ ____
DOCKED: ROOT
DOCKED: ATOM      1  I   UNL     1       2.568   2.165   6.564 +0.00 -0.00    -0.042 I 
DOCKED: ATOM      2  I   UNL     1       3.295   3.450   0.632 +0.00 -0.00    -0.044 I 
DOCKED: ATOM      3  I   UNL     1       2.369  -2.200   2.273 +0.00 -0.00    -0.042 I 
DOCKED: ATOM      4  C   UNL     1       2.894   2.484   3.529 +0.00 -0.00    -0.022 A 
DOCKED: ATOM      5  C   UNL     1       2.673   1.549   4.534 +0.00 +0.00    +0.042 A 
DOCKED: ATOM      6  C   UNL     1       2.965   2.094   2.197 +0.00 +0.00    +0.015 A 
DOCKED: ATOM      7  C   UNL     1       2.520   0.204   4.200 +0.00 +0.00    +0.068 A 
DOCKED: ATOM      8  C   UNL     1       2.812   0.748   1.864 +0.00 +0.00    +0.039 A 
DOCKED: ATOM      9  C   UNL     1       2.589  -0.197   2.866 +0.00 +0.00    +0.035 A 
DOCKED: ENDROOT
DOCKED: BRANCH   4  10
DOCKED: ATOM     10  C   UNL     1       3.063   3.944   3.880 +0.00 +0.00    +0.056 C 
DOCKED: BRANCH  10  11
DOCKED: ATOM     11  C   UNL     1       4.507   4.313   4.265 +0.00 +0.00    +0.087 C 
DOCKED: BRANCH  11  12
DOCKED: ATOM     12  C   UNL     1       5.476   3.197   3.832 +0.00 +0.00    +0.011 C 
DOCKED: ATOM     13  C   UNL     1       6.114   2.479   5.017 +0.00 +0.00    +0.006 C 
DOCKED: ENDBRANCH  11  12
DOCKED: BRANCH  11  14
DOCKED: ATOM     14  C   UNL     1       4.892   5.626   3.596 +0.00 +0.01    +0.144 C 
DOCKED: ATOM     15  O   UNL     1       4.184   6.625   3.572 +0.00 -0.02    -0.650 OA
DOCKED: BRANCH  14  16
DOCKED: ATOM     16  O   UNL     1       6.129   5.587   3.040 +0.00 -0.03    -0.776 OA
DOCKED: ATOM     17  H   UNL     1       6.093   5.410   2.077 +0.00 +0.01    +0.167 HD
DOCKED: ENDBRANCH  14  16
DOCKED: ENDBRANCH  11  14
DOCKED: ENDBRANCH  10  11
DOCKED: ENDBRANCH   4  10
DOCKED: BRANCH   7  18
DOCKED: ATOM     18  N   UNL     1       2.294  -0.753   5.200 +0.00 -0.01    -0.325 N 
DOCKED: ATOM     19  C   UNL     1       3.243  -1.478   5.926 +0.00 +0.01    +0.218 C 
DOCKED: ATOM     20  O   UNL     1       4.464  -1.416   5.832 +0.00 -0.01    -0.274 OA
DOCKED: ATOM     21  C   UNL     1       2.591  -2.411   6.914 +0.00 +0.00    +0.117 C 
DOCKED: ATOM     22  H   UNL     1       1.318  -1.015   5.319 +0.00 +0.01    +0.169 HD
DOCKED: ENDBRANCH   7  18
DOCKED: TORSDOF 6
DOCKED: TER
DOCKED: ENDMDL
________________________________________________________________________________


	BEGINNING GENETIC ALGORITHM DOCKING
Run:	6 / 100
Date:	Sun Jun 25 16:22:17 2017
Beginning LAMARCKIAN GENETIC ALGORITHM (LGA), with a maximum of 20000000 energy evaluations.

Final-Value: -1.371
Real= 2m 33.10s,  CPU= 2m 33.15s,  System= 0.00s


	FINAL GENETIC ALGORITHM ALGORITHM DOCKED STATE
	_______________________________________________


Detailed state:  trans 3.736 3.128 -4.653 quatxyzw 0.397070 -0.265570 -0.692896 -0.540096 center 0.029 -0.041 0.038 ntor 6 63.7698 -81.1741 136.1968 -178.6271 -142.6136 175.0214
State:	  3.736   3.128  -4.653   0.472 -0.316 -0.823 -114.620     63.77  -81.17  136.20 -178.63 -142.61  175.02

DOCKED: MODEL        6
DOCKED: USER    Run = 6
DOCKED: USER    DPF = ligand_receptor.dpf
DOCKED: USER  
DOCKED: USER    Estimated Free Energy of Binding    =   +1.75 kcal/mol  [=(1)+(2)+(3)-(4)]
DOCKED: USER    
DOCKED: USER    (1) Final Intermolecular Energy     =   -0.04 kcal/mol
DOCKED: USER        vdW + Hbond + desolv Energy     =   +0.00 kcal/mol
DOCKED: USER        Electrostatic Energy            =   -0.04 kcal/mol
DOCKED: USER    (2) Final Total Internal Energy     =   -1.33 kcal/mol
DOCKED: USER    (3) Torsional Free Energy           =   +1.79 kcal/mol
DOCKED: USER    (4) Unbound System's Energy  [=(2)] =   -1.33 kcal/mol
DOCKED: USER    
DOCKED: USER    
DOCKED: USER    NEWDPF move ligand.pdbqt
DOCKED: USER    NEWDPF about 0.029000 -0.041300 0.037900
DOCKED: USER    NEWDPF tran0 3.735984 3.128427 -4.653121
DOCKED: USER    NEWDPF quaternion0 0.397070 -0.265570 -0.692896 -0.540096
DOCKED: USER    NEWDPF axisangle0 0.471801 -0.315553 -0.823304 -114.619627
DOCKED: USER    NEWDPF quat0 0.471801 -0.315553 -0.823304 -114.619627
DOCKED: USER    NEWDPF dihe0 63.77 -81.17 136.20 -178.63 -142.61 175.02 
DOCKED: USER  keepresnum = 1 
DOCKED: USER  
DOCKED: REMARK  6 active torsions:
DOCKED: REMARK  status: ('A' for Active; 'I' for Inactive)
DOCKED: REMARK    1  A    between atoms: O_4  and  C_12 
DOCKED: REMARK    2  A    between atoms: N_7  and  C_16 
DOCKED: REMARK       I    between atoms: N_7  and  C_19 
DOCKED: REMARK    3  A    between atoms: C_8  and  C_9 
DOCKED: REMARK    4  A    between atoms: C_8  and  C_10 
DOCKED: REMARK    5  A    between atoms: C_8  and  C_12 
DOCKED: REMARK    6  A    between atoms: C_9  and  C_11 
DOCKED: USER                              x       y       z     vdW  Elec       q    Type
DOCKED: USER                           _______ _______ _______ _____ _____    ______ ____
DOCKED: ROOT
DOCKED: ATOM      1  I   UNL     1       6.164   1.920  -3.620 +0.00 -0.00    -0.042 I 
DOCKED: ATOM      2  I   UNL     1       2.779   6.004  -6.660 +0.00 -0.00    -0.044 I 
DOCKED: ATOM      3  I   UNL     1       1.664   0.200  -7.402 +0.00 -0.00    -0.042 I 
DOCKED: ATOM      4  C   UNL     1       4.301   3.711  -5.277 +0.00 -0.00    -0.022 A 
DOCKED: ATOM      5  C   UNL     1       4.596   2.386  -4.977 +0.00 +0.00    +0.042 A 
DOCKED: ATOM      6  C   UNL     1       3.279   4.029  -6.163 +0.00 +0.00    +0.015 A 
DOCKED: ATOM      7  C   UNL     1       3.857   1.364  -5.571 +0.00 +0.00    +0.068 A 
DOCKED: ATOM      8  C   UNL     1       2.539   3.006  -6.758 +0.00 +0.00    +0.039 A 
DOCKED: ATOM      9  C   UNL     1       2.829   1.673  -6.461 +0.00 +0.00    +0.035 A 
DOCKED: ENDROOT
DOCKED: BRANCH   4  10
DOCKED: ATOM     10  C   UNL     1       5.097   4.826  -4.639 +0.00 +0.00    +0.056 C 
DOCKED: BRANCH  10  11
DOCKED: ATOM     11  C   UNL     1       6.399   5.150  -5.393 +0.00 +0.00    +0.087 C 
DOCKED: BRANCH  11  12
DOCKED: ATOM     12  C   UNL     1       6.365   4.536  -6.805 +0.00 +0.00    +0.011 C 
DOCKED: ATOM     13  C   UNL     1       7.389   3.422  -6.987 +0.00 +0.00    +0.006 C 
DOCKED: ENDBRANCH  11  12
DOCKED: BRANCH  11  14
DOCKED: ATOM     14  C   UNL     1       6.571   6.660  -5.485 +0.00 +0.01    +0.144 C 
DOCKED: ATOM     15  O   UNL     1       6.427   7.432  -4.545 +0.00 -0.03    -0.650 OA
DOCKED: BRANCH  14  16
DOCKED: ATOM     16  O   UNL     1       6.929   7.073  -6.727 +0.00 -0.03    -0.776 OA
DOCKED: ATOM     17  H   UNL     1       6.164   7.414  -7.235 +0.00 +0.01    +0.167 HD
DOCKED: ENDBRANCH  14  16
DOCKED: ENDBRANCH  11  14
DOCKED: ENDBRANCH  10  11
DOCKED: ENDBRANCH   4  10
DOCKED: BRANCH   7  18
DOCKED: ATOM     18  N   UNL     1       4.140   0.022  -5.279 +0.00 -0.01    -0.325 N 
DOCKED: ATOM     19  C   UNL     1       5.048  -0.824  -5.921 +0.00 +0.01    +0.218 C 
DOCKED: ATOM     20  O   UNL     1       5.780  -0.556  -6.867 +0.00 -0.01    -0.274 OA
DOCKED: ATOM     21  C   UNL     1       5.056  -2.199  -5.302 +0.00 +0.00    +0.117 C 
DOCKED: ATOM     22  H   UNL     1       3.522  -0.396  -4.587 +0.00 +0.01    +0.169 HD
DOCKED: ENDBRANCH   7  18
DOCKED: TORSDOF 6
DOCKED: TER
DOCKED: ENDMDL
________________________________________________________________________________


	BEGINNING GENETIC ALGORITHM DOCKING
Run:	7 / 100
Date:	Sun Jun 25 16:24:50 2017
Beginning LAMARCKIAN GENETIC ALGORITHM (LGA), with a maximum of 20000000 energy evaluations.

