          AutoDock 4.2 Release 4.2.5.1 
         (C) 1989-2012 The Scripps Research Institute
        AutoDock comes with ABSOLUTELY NO WARRANTY.
        AutoDock is free software, and you are welcome
        to redistribute it under certain conditions;
        for details type 'autodock4 -C'

                     main.cc  $Revision: 1.194 $

                   Compiled on Dec 13 2012 at 13:29:56


This file was created at:			4:44 42" p.m., 06/25/2017
                   using:			"compute-0-7.local"

      ________________________________________________________________

                   SETTING UP DEFAULT PARAMETER LIBRARY
      ________________________________________________________________


Sizeof FourByteLong = 8, not 4.
Random number generator was seeded with values 61784, 1498401882.
Docking parameter file (DPF) used for this docking:		ligand_receptor.dpf
DPF> autodock_parameter_version 4.2       # used by autodock to validate parameter set

	Autodock parameter version 4.2.
DPF> outlev 1                             # diagnostic output level

Output Level = 1  ADT-COMPATIBLE OUTPUT DURING DOCKING.
DPF> intelec                              # calculate internal electrostatics

Electrostatic energies will be calculated for all non-bonds between moving atoms.
DPF> ligand_types A C HD I N OA           # atoms types in ligand

DPF> fld receptor.maps.fld                # grid_data_file

Opening Grid Map Dimensions file:		receptor.maps.fld
Grid Point Spacing =				0.375 Angstroms

Even Number of User-specified Grid Points =	40 x-points
						40 y-points
						40 z-points

Coordinates of Central Grid Point of Maps =	(0.029, -0.041, 0.038)
Macromolecule file used to create Grid Maps =	receptor.pdbqt
Grid Parameter file used to create Grid Maps =	receptor.gpf
Minimum coordinates in grid = (-7.471, -7.541, -7.462)
Maximum coordinates in grid = (7.529, 7.459, 7.538)

DPF> map receptor.A.map                   # atom-specific affinity map

DPF> map receptor.C.map                   # atom-specific affinity map

DPF> map receptor.HD.map                  # atom-specific affinity map

DPF> map receptor.I.map                   # atom-specific affinity map

DPF> map receptor.N.map                   # atom-specific affinity map

DPF> map receptor.OA.map                  # atom-specific affinity map

DPF> elecmap receptor.e.map               # electrostatics map

DPF> desolvmap receptor.d.map             # desolvation map

DPF> move ligand.pdbqt                    # small molecule

1,4-interactions will be _ignored_ in the non-bonded internal energy calculation.

Ligand PDBQT file = "ligand.pdbqt"

INPUT LIGAND PDBQT FILE:
________________________

INPUT-LIGAND-PDBQT: REMARK  6 active torsions:
INPUT-LIGAND-PDBQT: REMARK  status: ('A' for Active; 'I' for Inactive)
INPUT-LIGAND-PDBQT: REMARK    1  A    between atoms: O_4  and  C_12 
INPUT-LIGAND-PDBQT: REMARK    2  A    between atoms: N_7  and  C_16 
INPUT-LIGAND-PDBQT: REMARK       I    between atoms: N_7  and  C_19 
INPUT-LIGAND-PDBQT: REMARK    3  A    between atoms: C_8  and  C_9 
INPUT-LIGAND-PDBQT: REMARK    4  A    between atoms: C_8  and  C_10 
INPUT-LIGAND-PDBQT: REMARK    5  A    between atoms: C_8  and  C_12 
INPUT-LIGAND-PDBQT: REMARK    6  A    between atoms: C_9  and  C_11 
INPUT-LIGAND-PDBQT: ROOT
INPUT-LIGAND-PDBQT: HETATM    1  I   UNL     1       0.670   2.420  -1.359  1.00  0.00    -0.042 I 
INPUT-LIGAND-PDBQT: HETATM    2  I   UNL     1      -2.104  -2.947  -0.427  1.00  0.00    -0.044 I 
INPUT-LIGAND-PDBQT: HETATM    3  I   UNL     1       3.772  -2.539   0.456  1.00  0.00    -0.042 I 
INPUT-LIGAND-PDBQT: HETATM    4  C   UNL     1      -0.423  -0.395  -0.810  1.00  0.00    -0.022 A 
INPUT-LIGAND-PDBQT: HETATM    5  C   UNL     1       0.739   0.368  -0.813  1.00  0.00     0.042 A 
INPUT-LIGAND-PDBQT: HETATM    6  C   UNL     1      -0.391  -1.738  -0.455  1.00  0.00     0.015 A 
INPUT-LIGAND-PDBQT: HETATM    7  C   UNL     1       1.951  -0.222  -0.455  1.00  0.00     0.068 A 
INPUT-LIGAND-PDBQT: HETATM    8  C   UNL     1       0.822  -2.328  -0.097  1.00  0.00     0.039 A 
INPUT-LIGAND-PDBQT: HETATM    9  C   UNL     1       1.993  -1.569  -0.097  1.00  0.00     0.035 A 
INPUT-LIGAND-PDBQT: ENDROOT
INPUT-LIGAND-PDBQT: BRANCH   4  10
INPUT-LIGAND-PDBQT: HETATM   10  C   UNL     1      -1.741   0.234  -1.197  1.00  0.00     0.056 C 
INPUT-LIGAND-PDBQT: BRANCH  10  11
INPUT-LIGAND-PDBQT: HETATM   11  C   UNL     1      -2.499   0.838  -0.001  1.00  0.00     0.087 C 
INPUT-LIGAND-PDBQT: BRANCH  11  12
INPUT-LIGAND-PDBQT: HETATM   12  C   UNL     1      -3.509   1.894  -0.487  1.00  0.00     0.011 C 
INPUT-LIGAND-PDBQT: HETATM   13  C   UNL     1      -4.237   2.584   0.661  1.00  0.00     0.006 C 
INPUT-LIGAND-PDBQT: ENDBRANCH  11  12
INPUT-LIGAND-PDBQT: BRANCH  11  14
INPUT-LIGAND-PDBQT: HETATM   14  C   UNL     1      -3.224  -0.269   0.753  1.00  0.00     0.144 C 
INPUT-LIGAND-PDBQT: HETATM   15  O   UNL     1      -4.363  -0.645   0.505  1.00  0.00    -0.650 OA
INPUT-LIGAND-PDBQT: BRANCH  14  16
INPUT-LIGAND-PDBQT: HETATM   16  O   UNL     1      -2.462  -0.824   1.729  1.00  0.00    -0.776 OA
INPUT-LIGAND-PDBQT: HETATM   17  H   UNL     1      -2.934  -1.544   2.198  1.00  0.00     0.167 HD
INPUT-LIGAND-PDBQT: ENDBRANCH  14  16
INPUT-LIGAND-PDBQT: ENDBRANCH  11  14
INPUT-LIGAND-PDBQT: ENDBRANCH  10  11
INPUT-LIGAND-PDBQT: ENDBRANCH   4  10
INPUT-LIGAND-PDBQT: BRANCH   7  18
INPUT-LIGAND-PDBQT: HETATM   18  N   UNL     1       3.133   0.533  -0.451  1.00  0.00    -0.325 N 
INPUT-LIGAND-PDBQT: HETATM   19  C   UNL     1       3.678   1.269   0.604  1.00  0.00     0.218 C 
INPUT-LIGAND-PDBQT: HETATM   20  O   UNL     1       3.230   1.397   1.738  1.00  0.00    -0.274 OA
INPUT-LIGAND-PDBQT: HETATM   21  C   UNL     1       4.966   1.942   0.202  1.00  0.00     0.117 C 
INPUT-LIGAND-PDBQT: HETATM   22  H   UNL     1       3.571   0.632  -1.364  1.00  0.00     0.169 HD
INPUT-LIGAND-PDBQT: ENDBRANCH   7  18
INPUT-LIGAND-PDBQT: TORSDOF 6
________________________________________________________________________________

Total charge on ligand                               =	-1.001 e
REMARK  6 active torsions:
REMARK  status: ('A' for Active; 'I' for Inactive)
REMARK    1  A    between atoms: O_4  and  C_12 
REMARK    2  A    between atoms: N_7  and  C_16 
REMARK       I    between atoms: N_7  and  C_19 
REMARK    3  A    between atoms: C_8  and  C_9 
REMARK    4  A    between atoms: C_8  and  C_10 
REMARK    5  A    between atoms: C_8  and  C_12 
REMARK    6  A    between atoms: C_9  and  C_11 


Number of Rotatable Bonds in Small Molecule =	6 torsions
Number of atoms in ligand:  22

Number of non-hydrogen atoms in ligand:  20

Number of vibrational degrees of freedom of ligand:  60


Number of torsional degrees of freedom = 6
Estimated loss of torsional free energy upon binding = +1.7898 kcal/mol


DPF> about 0.029 -0.0413 0.0379           # small molecule center

Small molecule center of rotation =	(+0.029, -0.041, +0.038)

DPF> # ADDED BY TOXIM

DPF> 

DPF> ga_pop_size 250                      # number of individuals in population

A population of 250 individuals will be used
DPF> ga_num_evals 20000000                # maximum number of energy evaluations

There will be at most 20000000 function evaluations used.
DPF> ga_num_generations 2000000000        # maximum number of generations

The GA will run for at most 2000000000 generations.
DPF> ga_elitism 1                         # number of top individuals to survive to next generation

The 1 best will be preserved each GA generation.
DPF> ga_mutation_rate 0.02                # rate of gene mutation

The mutation rate is 0.020000.
DPF> ga_crossover_rate 0.8                # rate of crossover

The crossover rate is 0.800000.
DPF> ga_window_size 10                    # 

The GA's selection window is 10 generations.
DPF> ga_cauchy_alpha 0.0                  # Alpha parameter of Cauchy distribution

The alpha parameter (for the Cauchy distribution) is being set to 0.000000.
DPF> ga_cauchy_beta 1.0                   # Beta parameter Cauchy distribution

The beta parameter (for the Cauchy distribution) is being set to 1.000000.
DPF> set_ga                               # set the above parameters for GA or LGA

DPF> sw_max_its 300                       # iterations of Solis & Wets local search

Solis & Wets algorithms will perform at most 300 iterations.
DPF> sw_max_succ 4                        # consecutive successes before changing rho

Solis & Wets algorithms expand rho every 4 in a row successes.
DPF> sw_max_fail 4                        # consecutive failures before changing rho

Solis & Wets algorithms contract rho every 4 in a row failures.
DPF> sw_rho 1.0                           # size of local search space to sample

rho is set to 1.000000.
DPF> sw_lb_rho 0.01                       # lower bound on rho

rho will never get smaller than 0.010000.
DPF> ls_search_freq 0.06                  # probability of performing local search on individual

Local search will be performed with frequency 0.060000.
DPF> set_psw1                             # set the above pseudo-Solis & Wets parameters

Creating a new Local Search object using the pseudo-Solis-Wets algorithm (pSW1) with the current settings.

DPF> unbound_model bound                  # state of unbound ligand

DPF> ga_run 100                           # do this many hybrid GA-LS runs

centering ligand on specified point: 0.029 -0.041 0.038
Furthest true ligand atom from "about" center is 5.323 Angstroms (maxrad).
Setting 'tran0' value to same as 'about' value: 0.029 -0.041 0.038
Number of requested GA dockings = 100 runs
Unbound model to be used is 'same as bound' [AutoDock 4.2 default].

	BEGINNING GENETIC ALGORITHM DOCKING
Run:	1 / 100
Date:	Sun Jun 25 16:44:42 2017
Beginning LAMARCKIAN GENETIC ALGORITHM (LGA), with a maximum of 20000000 energy evaluations.

Final-Value: -1.398
Real= 2m 32.18s,  CPU= 2m 32.20s,  System= 0.00s


	FINAL GENETIC ALGORITHM ALGORITHM DOCKED STATE
	_______________________________________________


Detailed state:  trans 2.293 1.735 -4.309 quatxyzw -0.308794 0.888247 -0.313256 0.132414 center 0.029 -0.041 0.038 ntor 6 63.3482 63.0225 -53.1206 -179.3883 -143.6260 175.4065
State:	  2.293   1.735  -4.309  -0.312  0.896 -0.316 164.782     63.35   63.02  -53.12 -179.39 -143.63  175.41

DOCKED: MODEL        1
DOCKED: USER    Run = 1
DOCKED: USER    DPF = ligand_receptor.dpf
DOCKED: USER  
DOCKED: USER    Estimated Free Energy of Binding    =   +1.72 kcal/mol  [=(1)+(2)+(3)-(4)]
DOCKED: USER    
DOCKED: USER    (1) Final Intermolecular Energy     =   -0.07 kcal/mol
DOCKED: USER        vdW + Hbond + desolv Energy     =   +0.00 kcal/mol
DOCKED: USER        Electrostatic Energy            =   -0.07 kcal/mol
DOCKED: USER    (2) Final Total Internal Energy     =   -1.33 kcal/mol
DOCKED: USER    (3) Torsional Free Energy           =   +1.79 kcal/mol
DOCKED: USER    (4) Unbound System's Energy  [=(2)] =   -1.33 kcal/mol
DOCKED: USER    
DOCKED: USER    
DOCKED: USER    NEWDPF move ligand.pdbqt
DOCKED: USER    NEWDPF about 0.029000 -0.041300 0.037900
DOCKED: USER    NEWDPF tran0 2.293340 1.734894 -4.309357
DOCKED: USER    NEWDPF quaternion0 -0.308794 0.888247 -0.313256 0.132414
DOCKED: USER    NEWDPF axisangle0 -0.311537 0.896138 -0.316039 164.781752
DOCKED: USER    NEWDPF quat0 -0.311537 0.896138 -0.316039 164.781752
DOCKED: USER    NEWDPF dihe0 63.35 63.02 -53.12 -179.39 -143.63 175.41 
DOCKED: USER  keepresnum = 1 
DOCKED: USER  
DOCKED: REMARK  6 active torsions:
DOCKED: REMARK  status: ('A' for Active; 'I' for Inactive)
DOCKED: REMARK    1  A    between atoms: O_4  and  C_12 
DOCKED: REMARK    2  A    between atoms: N_7  and  C_16 
DOCKED: REMARK       I    between atoms: N_7  and  C_19 
DOCKED: REMARK    3  A    between atoms: C_8  and  C_9 
DOCKED: REMARK    4  A    between atoms: C_8  and  C_10 
DOCKED: REMARK    5  A    between atoms: C_8  and  C_12 
DOCKED: REMARK    6  A    between atoms: C_9  and  C_11 
DOCKED: USER                              x       y       z     vdW  Elec       q    Type
DOCKED: USER                           _______ _______ _______ _____ _____    ______ ____
DOCKED: ROOT
DOCKED: ATOM      1  I   UNL     1       0.301   3.837  -4.129 +0.00 -0.00    -0.042 I 
DOCKED: ATOM      2  I   UNL     1       5.799   1.243  -3.487 +0.00 -0.00    -0.044 I 
DOCKED: ATOM      3  I   UNL     1       0.955  -1.806  -1.840 +0.00 -0.00    -0.042 I 
DOCKED: ATOM      4  C   UNL     1       2.902   2.270  -3.683 +0.00 -0.00    -0.022 A 
DOCKED: ATOM      5  C   UNL     1       1.521   2.198  -3.545 +0.00 +0.00    +0.042 A 
DOCKED: ATOM      6  C   UNL     1       3.711   1.205  -3.305 +0.00 +0.00    +0.015 A 
DOCKED: ATOM      7  C   UNL     1       0.940   1.044  -3.021 +0.00 +0.00    +0.068 A 
DOCKED: ATOM      8  C   UNL     1       3.129   0.050  -2.780 +0.00 +0.00    +0.039 A 
DOCKED: ATOM      9  C   UNL     1       1.743  -0.030  -2.638 +0.00 +0.00    +0.035 A 
DOCKED: ENDROOT
DOCKED: BRANCH   4  10
DOCKED: ATOM     10  C   UNL     1       3.541   3.516  -4.250 +0.00 +0.00    +0.056 C 
DOCKED: BRANCH  10  11
DOCKED: ATOM     11  C   UNL     1       3.797   4.602  -3.189 +0.00 +0.01    +0.087 C 
DOCKED: BRANCH  11  12
DOCKED: ATOM     12  C   UNL     1       3.676   4.006  -1.774 +0.00 +0.00    +0.011 C 
DOCKED: ATOM     13  C   UNL     1       2.487   4.563  -1.000 +0.00 +0.00    +0.006 C 
DOCKED: ENDBRANCH  11  12
DOCKED: BRANCH  11  14
DOCKED: ATOM     14  C   UNL     1       5.186   5.193  -3.390 +0.00 +0.01    +0.144 C 
DOCKED: ATOM     15  O   UNL     1       5.935   5.526  -2.480 +0.00 -0.04    -0.650 OA
DOCKED: BRANCH  14  16
DOCKED: ATOM     16  O   UNL     1       5.528   5.293  -4.699 +0.00 -0.05    -0.776 OA
DOCKED: ATOM     17  H   UNL     1       6.297   4.726  -4.921 +0.00 +0.01    +0.167 HD
DOCKED: ENDBRANCH  14  16
DOCKED: ENDBRANCH  11  14
DOCKED: ENDBRANCH  10  11
DOCKED: ENDBRANCH   4  10
DOCKED: BRANCH   7  18
DOCKED: ATOM     18  N   UNL     1      -0.452   0.954  -2.876 +0.00 -0.02    -0.325 N 
DOCKED: ATOM     19  C   UNL     1      -1.227   1.330  -1.775 +0.00 +0.01    +0.218 C 
DOCKED: ATOM     20  O   UNL     1      -0.840   1.818  -0.719 +0.00 -0.02    -0.274 OA
DOCKED: ATOM     21  C   UNL     1      -2.692   1.071  -2.016 +0.00 +0.01    +0.117 C 
DOCKED: ATOM     22  H   UNL     1      -0.921   0.452  -3.626 +0.00 +0.01    +0.169 HD
DOCKED: ENDBRANCH   7  18
DOCKED: TORSDOF 6
DOCKED: TER
DOCKED: ENDMDL
________________________________________________________________________________


	BEGINNING GENETIC ALGORITHM DOCKING
Run:	2 / 100
Date:	Sun Jun 25 16:47:15 2017
Beginning LAMARCKIAN GENETIC ALGORITHM (LGA), with a maximum of 20000000 energy evaluations.

Final-Value: -1.398
Real= 2m 32.14s,  CPU= 2m 32.16s,  System= 0.00s


	FINAL GENETIC ALGORITHM ALGORITHM DOCKED STATE
	_______________________________________________


Detailed state:  trans 1.859 2.756 -1.513 quatxyzw 0.310291 -0.916294 -0.103881 -0.230942 center 0.029 -0.041 0.038 ntor 6 64.1751 65.3690 -53.3778 -179.1641 -142.2393 174.9875
State:	  1.859   2.756  -1.513   0.319 -0.942 -0.107 -153.295     64.18   65.37  -53.38 -179.16 -142.24  174.99

DOCKED: MODEL        2
DOCKED: USER    Run = 2
DOCKED: USER    DPF = ligand_receptor.dpf
DOCKED: USER  
DOCKED: USER    Estimated Free Energy of Binding    =   +1.72 kcal/mol  [=(1)+(2)+(3)-(4)]
DOCKED: USER    
DOCKED: USER    (1) Final Intermolecular Energy     =   -0.07 kcal/mol
DOCKED: USER        vdW + Hbond + desolv Energy     =   +0.00 kcal/mol
DOCKED: USER        Electrostatic Energy            =   -0.07 kcal/mol
DOCKED: USER    (2) Final Total Internal Energy     =   -1.33 kcal/mol
DOCKED: USER    (3) Torsional Free Energy           =   +1.79 kcal/mol
DOCKED: USER    (4) Unbound System's Energy  [=(2)] =   -1.33 kcal/mol
DOCKED: USER    
DOCKED: USER    
DOCKED: USER    NEWDPF move ligand.pdbqt
DOCKED: USER    NEWDPF about 0.029000 -0.041300 0.037900
DOCKED: USER    NEWDPF tran0 1.858531 2.756221 -1.513179
DOCKED: USER    NEWDPF quaternion0 0.310291 -0.916294 -0.103881 -0.230942
DOCKED: USER    NEWDPF axisangle0 0.318912 -0.941752 -0.106767 -153.294883
DOCKED: USER    NEWDPF quat0 0.318912 -0.941752 -0.106767 -153.294883
DOCKED: USER    NEWDPF dihe0 64.18 65.37 -53.38 -179.16 -142.24 174.99 
DOCKED: USER  keepresnum = 1 
DOCKED: USER  
DOCKED: REMARK  6 active torsions:
DOCKED: REMARK  status: ('A' for Active; 'I' for Inactive)
DOCKED: REMARK    1  A    between atoms: O_4  and  C_12 
DOCKED: REMARK    2  A    between atoms: N_7  and  C_16 
DOCKED: REMARK       I    between atoms: N_7  and  C_19 
DOCKED: REMARK    3  A    between atoms: C_8  and  C_9 
DOCKED: REMARK    4  A    between atoms: C_8  and  C_10 
DOCKED: REMARK    5  A    between atoms: C_8  and  C_12 
DOCKED: REMARK    6  A    between atoms: C_9  and  C_11 
DOCKED: USER                              x       y       z     vdW  Elec       q    Type
DOCKED: USER                           _______ _______ _______ _____ _____    ______ ____
DOCKED: ROOT
DOCKED: ATOM      1  I   UNL     1       0.809   4.229   0.756 +0.00 -0.00    -0.042 I 
DOCKED: ATOM      2  I   UNL     1       5.093   1.766  -2.843 +0.00 -0.00    -0.044 I 
DOCKED: ATOM      3  I   UNL     1       0.332  -1.495  -1.368 +0.00 -0.00    -0.042 I 
DOCKED: ATOM      4  C   UNL     1       2.773   2.717  -1.054 +0.00 -0.00    -0.022 A 
DOCKED: ATOM      5  C   UNL     1       1.563   2.600  -0.380 +0.00 +0.00    +0.042 A 
DOCKED: ATOM      6  C   UNL     1       3.277   1.659  -1.800 +0.00 +0.00    +0.015 A 
DOCKED: ATOM      7  C   UNL     1       0.846   1.406  -0.454 +0.00 +0.00    +0.068 A 
DOCKED: ATOM      8  C   UNL     1       2.559   0.464  -1.874 +0.00 +0.00    +0.039 A 
DOCKED: ATOM      9  C   UNL     1       1.343   0.338  -1.201 +0.00 +0.00    +0.035 A 
DOCKED: ENDROOT
DOCKED: BRANCH   4  10
DOCKED: ATOM     10  C   UNL     1       3.558   4.006  -0.980 +0.00 +0.00    +0.056 C 
DOCKED: BRANCH  10  11
DOCKED: ATOM     11  C   UNL     1       4.465   4.093   0.261 +0.00 +0.01    +0.087 C 
DOCKED: BRANCH  11  12
DOCKED: ATOM     12  C   UNL     1       4.646   2.698   0.889 +0.00 +0.00    +0.011 C 
DOCKED: ATOM     13  C   UNL     1       3.990   2.580   2.260 +0.00 +0.00    +0.006 C 
DOCKED: ENDBRANCH  11  12
DOCKED: BRANCH  11  14
DOCKED: ATOM     14  C   UNL     1       5.818   4.666  -0.137 +0.00 +0.01    +0.144 C 
DOCKED: ATOM     15  O   UNL     1       6.890   4.302   0.332 +0.00 -0.04    -0.650 OA
DOCKED: BRANCH  14  16
DOCKED: ATOM     16  O   UNL     1       5.722   5.619  -1.098 +0.00 -0.05    -0.776 OA
DOCKED: ATOM     17  H   UNL     1       6.134   5.333  -1.941 +0.00 +0.01    +0.167 HD
DOCKED: ENDBRANCH  14  16
DOCKED: ENDBRANCH  11  14
DOCKED: ENDBRANCH  10  11
DOCKED: ENDBRANCH   4  10
DOCKED: BRANCH   7  18
DOCKED: ATOM     18  N   UNL     1      -0.377   1.271   0.218 +0.00 -0.02    -0.325 N 
DOCKED: ATOM     19  C   UNL     1      -0.594   0.828   1.525 +0.00 +0.01    +0.218 C 
DOCKED: ATOM     20  O   UNL     1       0.246   0.473   2.345 +0.00 -0.02    -0.274 OA
DOCKED: ATOM     21  C   UNL     1      -2.061   0.827   1.874 +0.00 +0.01    +0.117 C 
DOCKED: ATOM     22  H   UNL     1      -1.197   1.412  -0.368 +0.00 +0.01    +0.169 HD
DOCKED: ENDBRANCH   7  18
DOCKED: TORSDOF 6
DOCKED: TER
DOCKED: ENDMDL
________________________________________________________________________________


	BEGINNING GENETIC ALGORITHM DOCKING
Run:	3 / 100
Date:	Sun Jun 25 16:49:47 2017
Beginning LAMARCKIAN GENETIC ALGORITHM (LGA), with a maximum of 20000000 energy evaluations.

Final-Value: -1.396
Real= 2m 31.99s,  CPU= 2m 32.00s,  System= 0.01s


	FINAL GENETIC ALGORITHM ALGORITHM DOCKED STATE
	_______________________________________________


Detailed state:  trans -0.689 0.181 2.702 quatxyzw -0.398361 0.001313 0.841661 0.364573 center 0.029 -0.041 0.038 ntor 6 63.5668 -79.2878 135.5821 -178.5929 -142.5727 175.0051
State:	 -0.689   0.181   2.702  -0.428  0.001  0.904 137.237     63.57  -79.29  135.58 -178.59 -142.57  175.01

DOCKED: MODEL        3
DOCKED: USER    Run = 3
DOCKED: USER    DPF = ligand_receptor.dpf
DOCKED: USER  
DOCKED: USER    Estimated Free Energy of Binding    =   +1.73 kcal/mol  [=(1)+(2)+(3)-(4)]
DOCKED: USER    
DOCKED: USER    (1) Final Intermolecular Energy     =   -0.06 kcal/mol
DOCKED: USER        vdW + Hbond + desolv Energy     =   +0.00 kcal/mol
DOCKED: USER        Electrostatic Energy            =   -0.06 kcal/mol
DOCKED: USER    (2) Final Total Internal Energy     =   -1.33 kcal/mol
DOCKED: USER    (3) Torsional Free Energy           =   +1.79 kcal/mol
DOCKED: USER    (4) Unbound System's Energy  [=(2)] =   -1.33 kcal/mol
DOCKED: USER    
DOCKED: USER    
DOCKED: USER    NEWDPF move ligand.pdbqt
DOCKED: USER    NEWDPF about 0.029000 -0.041300 0.037900
DOCKED: USER    NEWDPF tran0 -0.688684 0.181065 2.701802
DOCKED: USER    NEWDPF quaternion0 -0.398361 0.001313 0.841661 0.364573
DOCKED: USER    NEWDPF axisangle0 -0.427804 0.001410 0.903870 137.237395
DOCKED: USER    NEWDPF quat0 -0.427804 0.001410 0.903870 137.237395
DOCKED: USER    NEWDPF dihe0 63.57 -79.29 135.58 -178.59 -142.57 175.01 
DOCKED: USER  keepresnum = 1 
DOCKED: USER  
DOCKED: REMARK  6 active torsions:
DOCKED: REMARK  status: ('A' for Active; 'I' for Inactive)
DOCKED: REMARK    1  A    between atoms: O_4  and  C_12 
DOCKED: REMARK    2  A    between atoms: N_7  and  C_16 
DOCKED: REMARK       I    between atoms: N_7  and  C_19 
DOCKED: REMARK    3  A    between atoms: C_8  and  C_9 
DOCKED: REMARK    4  A    between atoms: C_8  and  C_10 
DOCKED: REMARK    5  A    between atoms: C_8  and  C_12 
DOCKED: REMARK    6  A    between atoms: C_9  and  C_11 
DOCKED: USER                              x       y       z     vdW  Elec       q    Type
DOCKED: USER                           _______ _______ _______ _____ _____    ______ ____
DOCKED: ROOT
DOCKED: ATOM      1  I   UNL     1       1.490  -1.617   2.039 +0.00 -0.00    -0.042 I 
DOCKED: ATOM      2  I   UNL     1      -1.268   3.760   2.962 +0.00 -0.00    -0.044 I 
DOCKED: ATOM      3  I   UNL     1      -4.060  -0.407  -0.250 +0.00 -0.00    -0.042 I 
DOCKED: ATOM      4  C   UNL     1      -0.148   0.963   2.322 +0.00 -0.00    -0.022 A 
DOCKED: ATOM      5  C   UNL     1      -0.162  -0.311   1.765 +0.00 +0.00    +0.042 A 
DOCKED: ATOM      6  C   UNL     1      -1.222   1.827   2.150 +0.00 +0.00    +0.015 A 
DOCKED: ATOM      7  C   UNL     1      -1.269  -0.726   1.025 +0.00 +0.00    +0.068 A 
DOCKED: ATOM      8  C   UNL     1      -2.330   1.411   1.409 +0.00 +0.00    +0.039 A 
DOCKED: ATOM      9  C   UNL     1      -2.353   0.134   0.847 +0.00 +0.00    +0.035 A 
DOCKED: ENDROOT
DOCKED: BRANCH   4  10
DOCKED: ATOM     10  C   UNL     1       1.047   1.423   3.125 +0.00 +0.00    +0.056 C 
DOCKED: BRANCH  10  11
DOCKED: ATOM     11  C   UNL     1       2.175   2.004   2.253 +0.00 +0.01    +0.087 C 
DOCKED: BRANCH  11  12
DOCKED: ATOM     12  C   UNL     1       1.648   2.330   0.844 +0.00 +0.00    +0.011 C 
DOCKED: ATOM     13  C   UNL     1       2.262   1.443  -0.234 +0.00 +0.00    +0.006 C 
DOCKED: ENDBRANCH  11  12
DOCKED: BRANCH  11  14
DOCKED: ATOM     14  C   UNL     1       2.726   3.264   2.908 +0.00 +0.01    +0.144 C 
DOCKED: ATOM     15  O   UNL     1       3.011   3.359   4.096 +0.00 -0.04    -0.650 OA
DOCKED: BRANCH  14  16
DOCKED: ATOM     16  O   UNL     1       2.896   4.281   2.027 +0.00 -0.05    -0.776 OA
DOCKED: ATOM     17  H   UNL     1       2.174   4.941   2.085 +0.00 +0.01    +0.167 HD
DOCKED: ENDBRANCH  14  16
DOCKED: ENDBRANCH  11  14
DOCKED: ENDBRANCH  10  11
DOCKED: ENDBRANCH   4  10
DOCKED: BRANCH   7  18
DOCKED: ATOM     18  N   UNL     1      -1.302  -2.008   0.458 +0.00 -0.02    -0.325 N 
DOCKED: ATOM     19  C   UNL     1      -0.833  -2.403  -0.798 +0.00 +0.01    +0.218 C 
DOCKED: ATOM     20  O   UNL     1      -0.296  -1.705  -1.650 +0.00 -0.02    -0.274 OA
DOCKED: ATOM     21  C   UNL     1      -1.056  -3.876  -1.033 +0.00 +0.01    +0.117 C 
DOCKED: ATOM     22  H   UNL     1      -1.832  -2.691   0.994 +0.00 +0.01    +0.169 HD
DOCKED: ENDBRANCH   7  18
DOCKED: TORSDOF 6
DOCKED: TER
DOCKED: ENDMDL
________________________________________________________________________________


	BEGINNING GENETIC ALGORITHM DOCKING
Run:	4 / 100
Date:	Sun Jun 25 16:52:19 2017
Beginning LAMARCKIAN GENETIC ALGORITHM (LGA), with a maximum of 20000000 energy evaluations.

Final-Value: -1.397
Real= 2m 32.11s,  CPU= 2m 32.13s,  System= 0.00s


	FINAL GENETIC ALGORITHM ALGORITHM DOCKED STATE
	_______________________________________________


Detailed state:  trans 2.415 0.151 -1.142 quatxyzw -0.248846 0.374965 0.842535 0.295994 center 0.029 -0.041 0.038 ntor 6 63.1800 -81.1657 135.1546 -179.1523 -143.2185 175.2123
State:	  2.415   0.151  -1.142  -0.261  0.393  0.882 145.566     63.18  -81.17  135.15 -179.15 -143.22  175.21

DOCKED: MODEL        4
DOCKED: USER    Run = 4
DOCKED: USER    DPF = ligand_receptor.dpf
DOCKED: USER  
DOCKED: USER    Estimated Free Energy of Binding    =   +1.72 kcal/mol  [=(1)+(2)+(3)-(4)]
DOCKED: USER    
DOCKED: USER    (1) Final Intermolecular Energy     =   -0.07 kcal/mol
DOCKED: USER        vdW + Hbond + desolv Energy     =   +0.00 kcal/mol
DOCKED: USER        Electrostatic Energy            =   -0.07 kcal/mol
DOCKED: USER    (2) Final Total Internal Energy     =   -1.33 kcal/mol
DOCKED: USER    (3) Torsional Free Energy           =   +1.79 kcal/mol
DOCKED: USER    (4) Unbound System's Energy  [=(2)] =   -1.33 kcal/mol
DOCKED: USER    
DOCKED: USER    
DOCKED: USER    NEWDPF move ligand.pdbqt
DOCKED: USER    NEWDPF about 0.029000 -0.041300 0.037900
DOCKED: USER    NEWDPF tran0 2.415348 0.151475 -1.141565
DOCKED: USER    NEWDPF quaternion0 -0.248846 0.374965 0.842535 0.295994
DOCKED: USER    NEWDPF axisangle0 -0.260520 0.392555 0.882060 145.565696
DOCKED: USER    NEWDPF quat0 -0.260520 0.392555 0.882060 145.565696
DOCKED: USER    NEWDPF dihe0 63.18 -81.17 135.15 -179.15 -143.22 175.21 
DOCKED: USER  keepresnum = 1 
DOCKED: USER  
DOCKED: REMARK  6 active torsions:
DOCKED: REMARK  status: ('A' for Active; 'I' for Inactive)
DOCKED: REMARK    1  A    between atoms: O_4  and  C_12 
DOCKED: REMARK    2  A    between atoms: N_7  and  C_16 
DOCKED: REMARK       I    between atoms: N_7  and  C_19 
DOCKED: REMARK    3  A    between atoms: C_8  and  C_9 
DOCKED: REMARK    4  A    between atoms: C_8  and  C_10 
DOCKED: REMARK    5  A    between atoms: C_8  and  C_12 
DOCKED: REMARK    6  A    between atoms: C_9  and  C_11 
DOCKED: USER                              x       y       z     vdW  Elec       q    Type
DOCKED: USER                           _______ _______ _______ _____ _____    ______ ____
DOCKED: ROOT
DOCKED: ATOM      1  I   UNL     1       3.630  -2.303  -0.181 +0.00 -0.00    -0.042 I 
DOCKED: ATOM      2  I   UNL     1       3.302   2.968  -3.261 +0.00 -0.00    -0.044 I 
DOCKED: ATOM      3  I   UNL     1      -1.256  -0.854  -3.578 +0.00 -0.00    -0.042 I 
DOCKED: ATOM      4  C   UNL     1       3.166   0.243  -1.832 +0.00 -0.00    -0.022 A 
DOCKED: ATOM      5  C   UNL     1       2.591  -0.970  -1.469 +0.00 +0.00    +0.042 A 
DOCKED: ATOM      6  C   UNL     1       2.496   1.123  -2.674 +0.00 +0.00    +0.015 A 
DOCKED: ATOM      7  C   UNL     1       1.328  -1.306  -1.955 +0.00 +0.00    +0.068 A 
DOCKED: ATOM      8  C   UNL     1       1.232   0.786  -3.160 +0.00 +0.00    +0.039 A 
DOCKED: ATOM      9  C   UNL     1       0.648  -0.430  -2.800 +0.00 +0.00    +0.035 A 
DOCKED: ENDROOT
DOCKED: BRANCH   4  10
DOCKED: ATOM     10  C   UNL     1       4.534   0.617  -1.312 +0.00 +0.00    +0.056 C 
DOCKED: BRANCH  10  11
DOCKED: ATOM     11  C   UNL     1       5.683   0.046  -2.164 +0.00 +0.01    +0.087 C 
DOCKED: BRANCH  11  12
DOCKED: ATOM     12  C   UNL     1       5.150  -0.435  -3.526 +0.00 +0.00    +0.011 C 
DOCKED: ATOM     13  C   UNL     1       5.255  -1.946  -3.698 +0.00 +0.00    +0.006 C 
DOCKED: ENDBRANCH  11  12
DOCKED: BRANCH  11  14
DOCKED: ATOM     14  C   UNL     1       6.745   1.118  -2.368 +0.00 +0.01    +0.144 C 
DOCKED: ATOM     15  O   UNL     1       7.181   1.840  -1.480 +0.00 -0.04    -0.650 OA
DOCKED: BRANCH  14  16
DOCKED: ATOM     16  O   UNL     1       7.185   1.182  -3.650 +0.00 -0.05    -0.776 OA
DOCKED: ATOM     17  H   UNL     1       6.759   1.911  -4.149 +0.00 +0.01    +0.167 HD
DOCKED: ENDBRANCH  14  16
DOCKED: ENDBRANCH  11  14
DOCKED: ENDBRANCH  10  11
DOCKED: ENDBRANCH   4  10
DOCKED: BRANCH   7  18
DOCKED: ATOM     18  N   UNL     1       0.732  -2.525  -1.598 +0.00 -0.02    -0.325 N 
DOCKED: ATOM     19  C   UNL     1       0.845  -3.758  -2.245 +0.00 +0.01    +0.218 C 
DOCKED: ATOM     20  O   UNL     1       1.492  -4.018  -3.253 +0.00 -0.02    -0.274 OA
DOCKED: ATOM     21  C   UNL     1       0.047  -4.827  -1.542 +0.00 +0.01    +0.117 C 
DOCKED: ATOM     22  H   UNL     1       0.057  -2.456  -0.840 +0.00 +0.01    +0.169 HD
DOCKED: ENDBRANCH   7  18
DOCKED: TORSDOF 6
DOCKED: TER
DOCKED: ENDMDL
________________________________________________________________________________


	BEGINNING GENETIC ALGORITHM DOCKING
Run:	5 / 100
Date:	Sun Jun 25 16:54:51 2017
Beginning LAMARCKIAN GENETIC ALGORITHM (LGA), with a maximum of 20000000 energy evaluations.

