          AutoDock 4.2 Release 4.2.5.1 
         (C) 1989-2012 The Scripps Research Institute
        AutoDock comes with ABSOLUTELY NO WARRANTY.
        AutoDock is free software, and you are welcome
        to redistribute it under certain conditions;
        for details type 'autodock4 -C'

                     main.cc  $Revision: 1.194 $

                   Compiled on Dec 13 2012 at 13:29:56


This file was created at:			2:50 14" p.m., 06/23/2017
                   using:			"compute-0-7.local"

      ________________________________________________________________

                   SETTING UP DEFAULT PARAMETER LIBRARY
      ________________________________________________________________


Sizeof FourByteLong = 8, not 4.
Random number generator was seeded with values 39653, 1498222214.
Docking parameter file (DPF) used for this docking:		ligand_receptor.dpf
DPF> autodock_parameter_version 4.2       # used by autodock to validate parameter set

	Autodock parameter version 4.2.
DPF> outlev 1                             # diagnostic output level

Output Level = 1  ADT-COMPATIBLE OUTPUT DURING DOCKING.
DPF> intelec                              # calculate internal electrostatics

Electrostatic energies will be calculated for all non-bonds between moving atoms.
DPF> ligand_types A C HD N NA OA          # atoms types in ligand

DPF> fld receptor.maps.fld                # grid_data_file

Opening Grid Map Dimensions file:		receptor.maps.fld
Grid Point Spacing =				0.375 Angstroms

Even Number of User-specified Grid Points =	40 x-points
						40 y-points
						40 z-points

Coordinates of Central Grid Point of Maps =	(0.028, 0.086, -0.001)
Macromolecule file used to create Grid Maps =	receptor.pdbqt
Grid Parameter file used to create Grid Maps =	receptor.gpf
Minimum coordinates in grid = (-7.472, -7.414, -7.501)
Maximum coordinates in grid = (7.528, 7.586, 7.499)

DPF> map receptor.A.map                   # atom-specific affinity map

DPF> map receptor.C.map                   # atom-specific affinity map

DPF> map receptor.HD.map                  # atom-specific affinity map

DPF> map receptor.N.map                   # atom-specific affinity map

DPF> map receptor.NA.map                  # atom-specific affinity map

DPF> map receptor.OA.map                  # atom-specific affinity map

DPF> elecmap receptor.e.map               # electrostatics map

DPF> desolvmap receptor.d.map             # desolvation map

DPF> move ligand.pdbqt                    # small molecule

1,4-interactions will be _ignored_ in the non-bonded internal energy calculation.

Ligand PDBQT file = "ligand.pdbqt"

INPUT LIGAND PDBQT FILE:
________________________

INPUT-LIGAND-PDBQT: REMARK  5 active torsions:
INPUT-LIGAND-PDBQT: REMARK  status: ('A' for Active; 'I' for Inactive)
INPUT-LIGAND-PDBQT: REMARK    1  A    between atoms: N_5  and  C_12 
INPUT-LIGAND-PDBQT: REMARK    2  A    between atoms: N_6  and  C_15 
INPUT-LIGAND-PDBQT: REMARK    3  A    between atoms: N_6  and  C_16 
INPUT-LIGAND-PDBQT: REMARK    4  A    between atoms: N_9  and  C_20 
INPUT-LIGAND-PDBQT: REMARK    5  A    between atoms: C_12  and  C_15 
INPUT-LIGAND-PDBQT: ROOT
INPUT-LIGAND-PDBQT: HETATM    1  O   UNL     1      -3.454   2.654   0.311  1.00  0.00    -0.106 OA
INPUT-LIGAND-PDBQT: HETATM    2  N   UNL     1      -2.093   2.430   0.202  1.00  0.00    -0.101 NA
INPUT-LIGAND-PDBQT: HETATM    3  N   UNL     1      -4.178   1.476   0.232  1.00  0.00    -0.100 NA
INPUT-LIGAND-PDBQT: HETATM    4  C   UNL     1      -0.753   0.356  -0.102  1.00  0.00     0.062 A 
INPUT-LIGAND-PDBQT: HETATM    5  C   UNL     1      -1.949   1.107   0.053  1.00  0.00     0.146 A 
INPUT-LIGAND-PDBQT: HETATM    6  C   UNL     1      -0.994  -1.037  -0.234  1.00  0.00     0.034 A 
INPUT-LIGAND-PDBQT: HETATM    7  C   UNL     1      -3.275   0.501   0.072  1.00  0.00     0.152 A 
INPUT-LIGAND-PDBQT: HETATM    8  C   UNL     1      -3.470  -0.886  -0.063  1.00  0.00     0.136 A 
INPUT-LIGAND-PDBQT: HETATM    9  C   UNL     1      -2.285  -1.627  -0.216  1.00  0.00     0.041 A 
INPUT-LIGAND-PDBQT: ENDROOT
INPUT-LIGAND-PDBQT: BRANCH   4  10
INPUT-LIGAND-PDBQT: HETATM   10  N   UNL     1       0.517   0.889  -0.124  1.00  0.00    -0.386 N 
INPUT-LIGAND-PDBQT: HETATM   11  H   UNL     1       0.610   1.893  -0.025  1.00  0.00     0.159 HD
INPUT-LIGAND-PDBQT: BRANCH  10  12
INPUT-LIGAND-PDBQT: HETATM   12  C   UNL     1       1.720   0.079  -0.284  1.00  0.00     0.150 C 
INPUT-LIGAND-PDBQT: BRANCH  12  13
INPUT-LIGAND-PDBQT: HETATM   13  C   UNL     1       2.961   0.965  -0.228  1.00  0.00     0.292 C 
INPUT-LIGAND-PDBQT: BRANCH  13  14
INPUT-LIGAND-PDBQT: HETATM   14  N   UNL     1       4.167   0.152  -0.371  1.00  0.00     0.094 N 
INPUT-LIGAND-PDBQT: HETATM   15  C   UNL     1       5.367   1.000  -0.404  1.00  0.00     0.298 C 
INPUT-LIGAND-PDBQT: HETATM   16  C   UNL     1       6.612   0.129  -0.541  1.00  0.00     0.198 C 
INPUT-LIGAND-PDBQT: HETATM   17  O   UNL     1       6.690  -0.802   0.539  1.00  0.00    -0.388 OA
INPUT-LIGAND-PDBQT: HETATM   18  C   UNL     1       5.542  -1.652   0.559  1.00  0.00     0.198 C 
INPUT-LIGAND-PDBQT: HETATM   19  C   UNL     1       4.270  -0.824   0.722  1.00  0.00     0.298 C 
INPUT-LIGAND-PDBQT: ENDBRANCH  13  14
INPUT-LIGAND-PDBQT: ENDBRANCH  12  13
INPUT-LIGAND-PDBQT: ENDBRANCH  10  12
INPUT-LIGAND-PDBQT: ENDBRANCH   4  10
INPUT-LIGAND-PDBQT: BRANCH   8  20
INPUT-LIGAND-PDBQT: HETATM   20  N   UNL     1      -4.757  -1.467  -0.046  1.00  0.00    -0.113 N 
INPUT-LIGAND-PDBQT: HETATM   21  O   UNL     1      -4.872  -2.714  -0.173  1.00  0.00    -0.532 OA
INPUT-LIGAND-PDBQT: HETATM   22  O   UNL     1      -5.766  -0.727   0.096  1.00  0.00    -0.532 OA
INPUT-LIGAND-PDBQT: ENDBRANCH   8  20
INPUT-LIGAND-PDBQT: TORSDOF 5
________________________________________________________________________________

Total charge on ligand                               =	-0.000 e
REMARK  5 active torsions:
REMARK  status: ('A' for Active; 'I' for Inactive)
REMARK    1  A    between atoms: N_5  and  C_12 
REMARK    2  A    between atoms: N_6  and  C_15 
REMARK    3  A    between atoms: N_6  and  C_16 
REMARK    4  A    between atoms: N_9  and  C_20 
REMARK    5  A    between atoms: C_12  and  C_15 


Number of Rotatable Bonds in Small Molecule =	5 torsions
Number of atoms in ligand:  22

Number of non-hydrogen atoms in ligand:  21

Number of vibrational degrees of freedom of ligand:  60


Number of torsional degrees of freedom = 5
Estimated loss of torsional free energy upon binding = +1.4915 kcal/mol


DPF> about 0.0277 0.0861 -0.0011          # small molecule center

Small molecule center of rotation =	(+0.028, +0.086, -0.001)

DPF> # ADDED BY TOXIM

DPF> 

DPF> ga_pop_size 250                      # number of individuals in population

A population of 250 individuals will be used
DPF> ga_num_evals 20000000                # maximum number of energy evaluations

There will be at most 20000000 function evaluations used.
DPF> ga_num_generations 2000000000        # maximum number of generations

The GA will run for at most 2000000000 generations.
DPF> ga_elitism 1                         # number of top individuals to survive to next generation

The 1 best will be preserved each GA generation.
DPF> ga_mutation_rate 0.02                # rate of gene mutation

The mutation rate is 0.020000.
DPF> ga_crossover_rate 0.8                # rate of crossover

The crossover rate is 0.800000.
DPF> ga_window_size 10                    # 

The GA's selection window is 10 generations.
DPF> ga_cauchy_alpha 0.0                  # Alpha parameter of Cauchy distribution

The alpha parameter (for the Cauchy distribution) is being set to 0.000000.
DPF> ga_cauchy_beta 1.0                   # Beta parameter Cauchy distribution

The beta parameter (for the Cauchy distribution) is being set to 1.000000.
DPF> set_ga                               # set the above parameters for GA or LGA

DPF> sw_max_its 300                       # iterations of Solis & Wets local search

Solis & Wets algorithms will perform at most 300 iterations.
DPF> sw_max_succ 4                        # consecutive successes before changing rho

Solis & Wets algorithms expand rho every 4 in a row successes.
DPF> sw_max_fail 4                        # consecutive failures before changing rho

Solis & Wets algorithms contract rho every 4 in a row failures.
DPF> sw_rho 1.0                           # size of local search space to sample

rho is set to 1.000000.
DPF> sw_lb_rho 0.01                       # lower bound on rho

rho will never get smaller than 0.010000.
DPF> ls_search_freq 0.06                  # probability of performing local search on individual

Local search will be performed with frequency 0.060000.
DPF> set_psw1                             # set the above pseudo-Solis & Wets parameters

Creating a new Local Search object using the pseudo-Solis-Wets algorithm (pSW1) with the current settings.

DPF> unbound_model bound                  # state of unbound ligand

DPF> ga_run 100                           # do this many hybrid GA-LS runs

centering ligand on specified point: 0.028 0.086 -0.001
Furthest true ligand atom from "about" center is 6.743 Angstroms (maxrad).
Setting 'tran0' value to same as 'about' value: 0.028 0.086 -0.001
Number of requested GA dockings = 100 runs
Unbound model to be used is 'same as bound' [AutoDock 4.2 default].

	BEGINNING GENETIC ALGORITHM DOCKING
Run:	1 / 100
Date:	Fri Jun 23 14:50:14 2017
Beginning LAMARCKIAN GENETIC ALGORITHM (LGA), with a maximum of 20000000 energy evaluations.

Final-Value: -1.402
Real= 2m 29.96s,  CPU= 2m 29.98s,  System= 0.01s


	FINAL GENETIC ALGORITHM ALGORITHM DOCKED STATE
	_______________________________________________


Detailed state:  trans -3.519 3.745 -1.354 quatxyzw 0.073098 0.318656 -0.922625 -0.204643 center 0.028 0.086 -0.001 ntor 5 93.7417 173.0708 78.6362 -134.5121 -107.4006
State:	 -3.519   3.745  -1.354   0.075  0.326 -0.943 -156.383     93.74  173.07   78.64 -134.51 -107.40

DOCKED: MODEL        1
DOCKED: USER    Run = 1
DOCKED: USER    DPF = ligand_receptor.dpf
DOCKED: USER  
DOCKED: USER    Estimated Free Energy of Binding    =   +1.49 kcal/mol  [=(1)+(2)+(3)-(4)]
DOCKED: USER    
DOCKED: USER    (1) Final Intermolecular Energy     =   -0.00 kcal/mol
DOCKED: USER        vdW + Hbond + desolv Energy     =   +0.00 kcal/mol
DOCKED: USER        Electrostatic Energy            =   -0.00 kcal/mol
DOCKED: USER    (2) Final Total Internal Energy     =   -1.40 kcal/mol
DOCKED: USER    (3) Torsional Free Energy           =   +1.49 kcal/mol
DOCKED: USER    (4) Unbound System's Energy  [=(2)] =   -1.40 kcal/mol
DOCKED: USER    
DOCKED: USER    
DOCKED: USER    NEWDPF move ligand.pdbqt
DOCKED: USER    NEWDPF about 0.027700 0.086100 -0.001100
DOCKED: USER    NEWDPF tran0 -3.519385 3.744641 -1.353671
DOCKED: USER    NEWDPF quaternion0 0.073098 0.318656 -0.922625 -0.204643
DOCKED: USER    NEWDPF axisangle0 0.074678 0.325546 -0.942573 -156.382864
DOCKED: USER    NEWDPF quat0 0.074678 0.325546 -0.942573 -156.382864
DOCKED: USER    NEWDPF dihe0 93.74 173.07 78.64 -134.51 -107.40 
DOCKED: USER  keepresnum = 1 
DOCKED: USER  
DOCKED: REMARK  5 active torsions:
DOCKED: REMARK  status: ('A' for Active; 'I' for Inactive)
DOCKED: REMARK    1  A    between atoms: N_5  and  C_12 
DOCKED: REMARK    2  A    between atoms: N_6  and  C_15 
DOCKED: REMARK    3  A    between atoms: N_6  and  C_16 
DOCKED: REMARK    4  A    between atoms: N_9  and  C_20 
DOCKED: REMARK    5  A    between atoms: C_12  and  C_15 
DOCKED: USER                              x       y       z     vdW  Elec       q    Type
DOCKED: USER                           _______ _______ _______ _____ _____    ______ ____
DOCKED: ROOT
DOCKED: ATOM      1  O   UNL     1       0.721   2.873  -1.618 +0.00 -0.00    -0.106 OA
DOCKED: ATOM      2  N   UNL     1      -0.606   2.650  -1.939 +0.00 -0.00    -0.101 NA
DOCKED: ATOM      3  N   UNL     1       0.878   4.002  -0.830 +0.00 -0.00    -0.100 NA
DOCKED: ATOM      4  C   UNL     1      -2.697   3.873  -1.377 +0.00 +0.00    +0.062 A 
DOCKED: ATOM      5  C   UNL     1      -1.297   3.637  -1.356 +0.00 +0.01    +0.146 A 
DOCKED: ATOM      6  C   UNL     1      -3.070   5.028  -0.639 +0.00 +0.00    +0.034 A 
DOCKED: ATOM      7  C   UNL     1      -0.353   4.497  -0.652 +0.00 +0.01    +0.152 A 
DOCKED: ATOM      8  C   UNL     1      -0.764   5.634   0.068 +0.00 +0.00    +0.136 A 
DOCKED: ATOM      9  C   UNL     1      -2.151   5.865   0.047 +0.00 +0.00    +0.041 A 
DOCKED: ENDROOT
DOCKED: BRANCH   4  10
DOCKED: ATOM     10  N   UNL     1      -3.621   3.086  -2.028 +0.00 -0.01    -0.386 N 
DOCKED: ATOM     11  H   UNL     1      -4.047   3.456  -2.870 +0.00 +0.01    +0.159 HD
DOCKED: BRANCH  10  12
DOCKED: ATOM     12  C   UNL     1      -4.010   1.759  -1.562 +0.00 +0.01    +0.150 C 
DOCKED: BRANCH  12  13
DOCKED: ATOM     13  C   UNL     1      -4.305   1.794  -0.065 +0.00 +0.01    +0.292 C 
DOCKED: BRANCH  13  14
DOCKED: ATOM     14  N   UNL     1      -3.179   1.240   0.683 +0.00 +0.00    +0.094 N 
DOCKED: ATOM     15  C   UNL     1      -2.219   0.593  -0.223 +0.00 +0.01    +0.298 C 
DOCKED: ATOM     16  C   UNL     1      -1.048   0.033   0.579 +0.00 +0.01    +0.198 C 
DOCKED: ATOM     17  O   UNL     1      -0.410   1.074   1.321 +0.00 -0.01    -0.388 OA
DOCKED: ATOM     18  C   UNL     1      -1.328   1.687   2.227 +0.00 +0.01    +0.198 C 
DOCKED: ATOM     19  C   UNL     1      -2.507   2.286   1.465 +0.00 +0.01    +0.298 C 
DOCKED: ENDBRANCH  13  14
DOCKED: ENDBRANCH  12  13
DOCKED: ENDBRANCH  10  12
DOCKED: ENDBRANCH   4  10
DOCKED: BRANCH   8  20
DOCKED: ATOM     20  N   UNL     1       0.155   6.464   0.747 +0.00 -0.00    -0.113 N 
DOCKED: ATOM     21  O   UNL     1       0.495   6.174   1.924 +0.00 -0.02    -0.532 OA
DOCKED: ATOM     22  O   UNL     1       0.618   7.479   0.163 +0.00 -0.02    -0.532 OA
DOCKED: ENDBRANCH   8  20
DOCKED: TORSDOF 5
DOCKED: TER
DOCKED: ENDMDL
________________________________________________________________________________


	BEGINNING GENETIC ALGORITHM DOCKING
Run:	2 / 100
Date:	Fri Jun 23 14:52:44 2017
Beginning LAMARCKIAN GENETIC ALGORITHM (LGA), with a maximum of 20000000 energy evaluations.

Final-Value: -1.402
Real= 2m 29.86s,  CPU= 2m 29.89s,  System= 0.00s


	FINAL GENETIC ALGORITHM ALGORITHM DOCKED STATE
	_______________________________________________


Detailed state:  trans -4.831 1.438 -0.655 quatxyzw 0.043057 0.269989 -0.930062 -0.245430 center 0.028 0.086 -0.001 ntor 5 -87.8232 173.1625 78.3962 -133.8733 -107.8184
State:	 -4.831   1.438  -0.655   0.044  0.279 -0.959 -151.585    -87.82  173.16   78.40 -133.87 -107.82

DOCKED: MODEL        2
DOCKED: USER    Run = 2
DOCKED: USER    DPF = ligand_receptor.dpf
DOCKED: USER  
DOCKED: USER    Estimated Free Energy of Binding    =   +1.49 kcal/mol  [=(1)+(2)+(3)-(4)]
DOCKED: USER    
DOCKED: USER    (1) Final Intermolecular Energy     =   -0.00 kcal/mol
DOCKED: USER        vdW + Hbond + desolv Energy     =   +0.00 kcal/mol
DOCKED: USER        Electrostatic Energy            =   -0.00 kcal/mol
DOCKED: USER    (2) Final Total Internal Energy     =   -1.40 kcal/mol
DOCKED: USER    (3) Torsional Free Energy           =   +1.49 kcal/mol
DOCKED: USER    (4) Unbound System's Energy  [=(2)] =   -1.40 kcal/mol
DOCKED: USER    
DOCKED: USER    
DOCKED: USER    NEWDPF move ligand.pdbqt
DOCKED: USER    NEWDPF about 0.027700 0.086100 -0.001100
DOCKED: USER    NEWDPF tran0 -4.831461 1.438439 -0.654776
DOCKED: USER    NEWDPF quaternion0 0.043057 0.269989 -0.930062 -0.245430
DOCKED: USER    NEWDPF axisangle0 0.044416 0.278508 -0.959406 -151.585496
DOCKED: USER    NEWDPF quat0 0.044416 0.278508 -0.959406 -151.585496
DOCKED: USER    NEWDPF dihe0 -87.82 173.16 78.40 -133.87 -107.82 
DOCKED: USER  keepresnum = 1 
DOCKED: USER  
DOCKED: REMARK  5 active torsions:
DOCKED: REMARK  status: ('A' for Active; 'I' for Inactive)
DOCKED: REMARK    1  A    between atoms: N_5  and  C_12 
DOCKED: REMARK    2  A    between atoms: N_6  and  C_15 
DOCKED: REMARK    3  A    between atoms: N_6  and  C_16 
DOCKED: REMARK    4  A    between atoms: N_9  and  C_20 
DOCKED: REMARK    5  A    between atoms: C_12  and  C_15 
DOCKED: USER                              x       y       z     vdW  Elec       q    Type
DOCKED: USER                           _______ _______ _______ _____ _____    ______ ____
DOCKED: ROOT
DOCKED: ATOM      1  O   UNL     1      -0.534   0.899  -0.884 +0.00 -0.00    -0.106 OA
DOCKED: ATOM      2  N   UNL     1      -1.839   0.531  -1.159 +0.00 -0.00    -0.101 NA
DOCKED: ATOM      3  N   UNL     1      -0.469   2.119  -0.231 +0.00 -0.00    -0.100 NA
DOCKED: ATOM      4  C   UNL     1      -4.024   1.631  -0.704 +0.00 +0.00    +0.062 A 
DOCKED: ATOM      5  C   UNL     1      -2.608   1.518  -0.680 +0.00 +0.00    +0.146 A 
DOCKED: ATOM      6  C   UNL     1      -4.488   2.827  -0.095 +0.00 +0.00    +0.034 A 
DOCKED: ATOM      7  C   UNL     1      -1.736   2.527  -0.090 +0.00 +0.01    +0.152 A 
DOCKED: ATOM      8  C   UNL     1      -2.238   3.700   0.504 +0.00 +0.00    +0.136 A 
DOCKED: ATOM      9  C   UNL     1      -3.639   3.810   0.478 +0.00 +0.00    +0.041 A 
DOCKED: ENDROOT
DOCKED: BRANCH   4  10
DOCKED: ATOM     10  N   UNL     1      -4.881   0.702  -1.250 +0.00 -0.01    -0.386 N 
DOCKED: ATOM     11  H   UNL     1      -5.346   0.939  -2.118 +0.00 +0.01    +0.159 HD
DOCKED: BRANCH  10  12
DOCKED: ATOM     12  C   UNL     1      -5.147  -0.595  -0.636 +0.00 +0.00    +0.150 C 
DOCKED: BRANCH  12  13
DOCKED: ATOM     13  C   UNL     1      -5.444  -0.422   0.850 +0.00 +0.01    +0.292 C 
DOCKED: BRANCH  13  14
DOCKED: ATOM     14  N   UNL     1      -4.273  -0.791   1.644 +0.00 +0.00    +0.094 N 
DOCKED: ATOM     15  C   UNL     1      -3.260  -1.446   0.805 +0.00 +0.01    +0.298 C 
DOCKED: ATOM     16  C   UNL     1      -2.044  -1.810   1.652 +0.00 +0.01    +0.198 C 
DOCKED: ATOM     17  O   UNL     1      -1.501  -0.643   2.271 +0.00 -0.01    -0.388 OA
DOCKED: ATOM     18  C   UNL     1      -2.470  -0.018   3.114 +0.00 +0.01    +0.198 C 
DOCKED: ATOM     19  C   UNL     1      -3.697   0.389   2.302 +0.00 +0.01    +0.298 C 
DOCKED: ENDBRANCH  13  14
DOCKED: ENDBRANCH  12  13
DOCKED: ENDBRANCH  10  12
DOCKED: ENDBRANCH   4  10
DOCKED: BRANCH   8  20
DOCKED: ATOM     20  N   UNL     1      -1.388   4.675   1.072 +0.00 -0.00    -0.113 N 
DOCKED: ATOM     21  O   UNL     1      -0.993   5.636   0.362 +0.00 -0.02    -0.532 OA
DOCKED: ATOM     22  O   UNL     1      -1.042   4.565   2.277 +0.00 -0.02    -0.532 OA
DOCKED: ENDBRANCH   8  20
DOCKED: TORSDOF 5
DOCKED: TER
DOCKED: ENDMDL
________________________________________________________________________________


	BEGINNING GENETIC ALGORITHM DOCKING
Run:	3 / 100
Date:	Fri Jun 23 14:55:14 2017
Beginning LAMARCKIAN GENETIC ALGORITHM (LGA), with a maximum of 20000000 energy evaluations.

Final-Value: -1.402
Real= 2m 29.62s,  CPU= 2m 29.66s,  System= 0.01s


	FINAL GENETIC ALGORITHM ALGORITHM DOCKED STATE
	_______________________________________________


Detailed state:  trans -0.946 -1.393 0.121 quatxyzw 0.099034 -0.402558 -0.885140 -0.211343 center 0.028 0.086 -0.001 ntor 5 88.5630 71.9365 -76.9010 129.7842 108.5721
State:	 -0.946  -1.393   0.121   0.101 -0.412 -0.906 -155.598     88.56   71.94  -76.90  129.78  108.57

DOCKED: MODEL        3
DOCKED: USER    Run = 3
DOCKED: USER    DPF = ligand_receptor.dpf
DOCKED: USER  
DOCKED: USER    Estimated Free Energy of Binding    =   +1.49 kcal/mol  [=(1)+(2)+(3)-(4)]
DOCKED: USER    
DOCKED: USER    (1) Final Intermolecular Energy     =   -0.00 kcal/mol
DOCKED: USER        vdW + Hbond + desolv Energy     =   +0.00 kcal/mol
DOCKED: USER        Electrostatic Energy            =   -0.00 kcal/mol
DOCKED: USER    (2) Final Total Internal Energy     =   -1.40 kcal/mol
DOCKED: USER    (3) Torsional Free Energy           =   +1.49 kcal/mol
DOCKED: USER    (4) Unbound System's Energy  [=(2)] =   -1.40 kcal/mol
DOCKED: USER    
DOCKED: USER    
DOCKED: USER    NEWDPF move ligand.pdbqt
DOCKED: USER    NEWDPF about 0.027700 0.086100 -0.001100
DOCKED: USER    NEWDPF tran0 -0.945782 -1.393441 0.120888
DOCKED: USER    NEWDPF quaternion0 0.099034 -0.402558 -0.885140 -0.211343
DOCKED: USER    NEWDPF axisangle0 0.101323 -0.411861 -0.905596 -155.597892
DOCKED: USER    NEWDPF quat0 0.101323 -0.411861 -0.905596 -155.597892
DOCKED: USER    NEWDPF dihe0 88.56 71.94 -76.90 129.78 108.57 
DOCKED: USER  keepresnum = 1 
DOCKED: USER  
DOCKED: REMARK  5 active torsions:
DOCKED: REMARK  status: ('A' for Active; 'I' for Inactive)
DOCKED: REMARK    1  A    between atoms: N_5  and  C_12 
DOCKED: REMARK    2  A    between atoms: N_6  and  C_15 
DOCKED: REMARK    3  A    between atoms: N_6  and  C_16 
DOCKED: REMARK    4  A    between atoms: N_9  and  C_20 
DOCKED: REMARK    5  A    between atoms: C_12  and  C_15 
DOCKED: USER                              x       y       z     vdW  Elec       q    Type
DOCKED: USER                           _______ _______ _______ _____ _____    ______ ____
DOCKED: ROOT
DOCKED: ATOM      1  O   UNL     1       2.805  -1.110   2.281 +0.00 -0.00    -0.106 OA
DOCKED: ATOM      2  N   UNL     1       1.564  -1.670   2.034 +0.00 -0.00    -0.101 NA
DOCKED: ATOM      3  N   UNL     1       3.130  -0.144   1.344 +0.00 -0.00    -0.100 NA
DOCKED: ATOM      4  C   UNL     1      -0.136  -1.265   0.262 +0.00 +0.00    +0.062 A 
DOCKED: ATOM      5  C   UNL     1       1.097  -1.059   0.937 +0.00 +0.00    +0.146 A 
DOCKED: ATOM      6  C   UNL     1      -0.286  -0.427  -0.874 +0.00 +0.00    +0.034 A 
DOCKED: ATOM      7  C   UNL     1       2.094  -0.089   0.499 +0.00 +0.01    +0.152 A 
DOCKED: ATOM      8  C   UNL     1       1.906   0.723  -0.635 +0.00 +0.00    +0.136 A 
DOCKED: ATOM      9  C   UNL     1       0.685   0.517  -1.301 +0.00 +0.00    +0.041 A 
DOCKED: ENDROOT
DOCKED: BRANCH   4  10
DOCKED: ATOM     10  N   UNL     1      -1.103  -2.169   0.643 +0.00 -0.01    -0.386 N 
DOCKED: ATOM     11  H   UNL     1      -1.960  -1.804   1.041 +0.00 +0.01    +0.159 HD
DOCKED: BRANCH  10  12
DOCKED: ATOM     12  C   UNL     1      -0.946  -3.613   0.503 +0.00 +0.00    +0.150 C 
DOCKED: BRANCH  12  13
DOCKED: ATOM     13  C   UNL     1      -0.463  -3.954  -0.904 +0.00 +0.01    +0.292 C 
DOCKED: BRANCH  13  14
DOCKED: ATOM     14  N   UNL     1       0.967  -4.254  -0.886 +0.00 +0.00    +0.094 N 
DOCKED: ATOM     15  C   UNL     1       1.728  -3.211  -1.588 +0.00 +0.01    +0.298 C 
DOCKED: ATOM     16  C   UNL     1       3.217  -3.541  -1.545 +0.00 +0.01    +0.198 C 
DOCKED: ATOM     17  O   UNL     1       3.663  -3.657  -0.194 +0.00 -0.01    -0.388 OA
DOCKED: ATOM     18  C   UNL     1       2.950  -4.691   0.488 +0.00 +0.01    +0.198 C 
DOCKED: ATOM     19  C   UNL     1       1.454  -4.390   0.493 +0.00 +0.01    +0.298 C 
DOCKED: ENDBRANCH  13  14
DOCKED: ENDBRANCH  12  13
DOCKED: ENDBRANCH  10  12
DOCKED: ENDBRANCH   4  10
DOCKED: BRANCH   8  20
DOCKED: ATOM     20  N   UNL     1       2.876   1.659  -1.056 +0.00 -0.00    -0.113 N 
DOCKED: ATOM     21  O   UNL     1       2.813   2.843  -0.634 +0.00 -0.02    -0.532 OA
DOCKED: ATOM     22  O   UNL     1       3.786   1.292  -1.844 +0.00 -0.02    -0.532 OA
DOCKED: ENDBRANCH   8  20
DOCKED: TORSDOF 5
DOCKED: TER
DOCKED: ENDMDL
________________________________________________________________________________


	BEGINNING GENETIC ALGORITHM DOCKING
Run:	4 / 100
Date:	Fri Jun 23 14:57:44 2017
Beginning LAMARCKIAN GENETIC ALGORITHM (LGA), with a maximum of 20000000 energy evaluations.

Final-Value: -1.402
Real= 2m 29.90s,  CPU= 2m 29.93s,  System= 0.00s


	FINAL GENETIC ALGORITHM ALGORITHM DOCKED STATE
	_______________________________________________


Detailed state:  trans 0.986 0.526 -1.662 quatxyzw -0.651199 0.695035 0.182640 0.243943 center 0.028 0.086 -0.001 ntor 5 92.5446 172.5515 78.6501 -133.5401 -107.9483
State:	  0.986   0.526  -1.662  -0.671  0.717  0.188 151.761     92.54  172.55   78.65 -133.54 -107.95

DOCKED: MODEL        4
DOCKED: USER    Run = 4
DOCKED: USER    DPF = ligand_receptor.dpf
DOCKED: USER  
DOCKED: USER    Estimated Free Energy of Binding    =   +1.49 kcal/mol  [=(1)+(2)+(3)-(4)]
DOCKED: USER    
DOCKED: USER    (1) Final Intermolecular Energy     =   -0.00 kcal/mol
DOCKED: USER        vdW + Hbond + desolv Energy     =   +0.00 kcal/mol
DOCKED: USER        Electrostatic Energy            =   -0.00 kcal/mol
DOCKED: USER    (2) Final Total Internal Energy     =   -1.40 kcal/mol
DOCKED: USER    (3) Torsional Free Energy           =   +1.49 kcal/mol
DOCKED: USER    (4) Unbound System's Energy  [=(2)] =   -1.40 kcal/mol
DOCKED: USER    
DOCKED: USER    
DOCKED: USER    NEWDPF move ligand.pdbqt
DOCKED: USER    NEWDPF about 0.027700 0.086100 -0.001100
DOCKED: USER    NEWDPF tran0 0.986163 0.525989 -1.662270
DOCKED: USER    NEWDPF quaternion0 -0.651199 0.695035 0.182640 0.243943
DOCKED: USER    NEWDPF axisangle0 -0.671485 0.716686 0.188329 151.761231
DOCKED: USER    NEWDPF quat0 -0.671485 0.716686 0.188329 151.761231
DOCKED: USER    NEWDPF dihe0 92.54 172.55 78.65 -133.54 -107.95 
DOCKED: USER  keepresnum = 1 
DOCKED: USER  
DOCKED: REMARK  5 active torsions:
DOCKED: REMARK  status: ('A' for Active; 'I' for Inactive)
DOCKED: REMARK    1  A    between atoms: N_5  and  C_12 
DOCKED: REMARK    2  A    between atoms: N_6  and  C_15 
DOCKED: REMARK    3  A    between atoms: N_6  and  C_16 
DOCKED: REMARK    4  A    between atoms: N_9  and  C_20 
DOCKED: REMARK    5  A    between atoms: C_12  and  C_15 
DOCKED: USER                              x       y       z     vdW  Elec       q    Type
DOCKED: USER                           _______ _______ _______ _____ _____    ______ ____
DOCKED: ROOT
DOCKED: ATOM      1  O   UNL     1      -1.175   4.187  -0.801 +0.00 -0.00    -0.106 OA
DOCKED: ATOM      2  N   UNL     1      -0.974   2.821  -0.703 +0.00 -0.00    -0.101 NA
DOCKED: ATOM      3  N   UNL     1      -0.144   4.811  -1.483 +0.00 -0.00    -0.100 NA
DOCKED: ATOM      4  C   UNL     1       0.850   1.332  -1.505 +0.00 +0.00    +0.062 A 
DOCKED: ATOM      5  C   UNL     1       0.187   2.575  -1.323 +0.00 +0.01    +0.146 A 
DOCKED: ATOM      6  C   UNL     1       2.071   1.461  -2.218 +0.00 +0.00    +0.034 A 
DOCKED: ATOM      7  C   UNL     1       0.714   3.841  -1.819 +0.00 +0.01    +0.152 A 
DOCKED: ATOM      8  C   UNL     1       1.930   3.925  -2.522 +0.00 +0.00    +0.136 A 
DOCKED: ATOM      9  C   UNL     1       2.584   2.693  -2.701 +0.00 +0.00    +0.041 A 
DOCKED: ENDROOT
DOCKED: BRANCH   4  10
DOCKED: ATOM     10  N   UNL     1       0.386   0.116  -1.054 +0.00 -0.01    -0.386 N 
DOCKED: ATOM     11  H   UNL     1       0.867  -0.313  -0.272 +0.00 +0.01    +0.159 HD
DOCKED: BRANCH  10  12
DOCKED: ATOM     12  C   UNL     1      -0.754  -0.574  -1.648 +0.00 +0.01    +0.150 C 
DOCKED: BRANCH  12  13
DOCKED: ATOM     13  C   UNL     1      -0.614  -0.608  -3.167 +0.00 +0.01    +0.292 C 
DOCKED: BRANCH  13  14
DOCKED: ATOM     14  N   UNL     1      -1.475   0.404  -3.775 +0.00 +0.00    +0.094 N 
DOCKED: ATOM     15  C   UNL     1      -2.403   0.964  -2.782 +0.00 +0.01    +0.298 C 
DOCKED: ATOM     16  C   UNL     1      -3.282   2.025  -3.437 +0.00 +0.01    +0.198 C 
DOCKED: ATOM     17  O   UNL     1      -2.476   3.059  -4.005 +0.00 -0.01    -0.388 OA
DOCKED: ATOM     18  C   UNL     1      -1.594   2.527  -4.995 +0.00 +0.01    +0.198 C 
DOCKED: ATOM     19  C   UNL     1      -0.674   1.477  -4.378 +0.00 +0.01    +0.298 C 
DOCKED: ENDBRANCH  13  14
DOCKED: ENDBRANCH  12  13
DOCKED: ENDBRANCH  10  12
DOCKED: ENDBRANCH   4  10
DOCKED: BRANCH   8  20
DOCKED: ATOM     20  N   UNL     1       2.437   5.154  -2.998 +0.00 -0.00    -0.113 N 
DOCKED: ATOM     21  O   UNL     1       2.085   5.567  -4.133 +0.00 -0.02    -0.532 OA
DOCKED: ATOM     22  O   UNL     1       3.232   5.814  -2.278 +0.00 -0.02    -0.532 OA
DOCKED: ENDBRANCH   8  20
DOCKED: TORSDOF 5
DOCKED: TER
DOCKED: ENDMDL
________________________________________________________________________________


	BEGINNING GENETIC ALGORITHM DOCKING
Run:	5 / 100
Date:	Fri Jun 23 15:00:13 2017
Beginning LAMARCKIAN GENETIC ALGORITHM (LGA), with a maximum of 20000000 energy evaluations.

Final-Value: -1.402
Real= 2m 28.60s,  CPU= 2m 28.63s,  System= 0.00s


	FINAL GENETIC ALGORITHM ALGORITHM DOCKED STATE
	_______________________________________________


Detailed state:  trans 3.260 2.889 -2.303 quatxyzw -0.539552 0.611094 0.577960 -0.037542 center 0.028 0.086 -0.001 ntor 5 -90.0764 72.4088 -77.3703 129.1769 109.5194
State:	  3.260   2.889  -2.303  -0.540  0.612  0.578 -175.697    -90.08   72.41  -77.37  129.18  109.52

DOCKED: MODEL        5
DOCKED: USER    Run = 5
DOCKED: USER    DPF = ligand_receptor.dpf
DOCKED: USER  
DOCKED: USER    Estimated Free Energy of Binding    =   +1.49 kcal/mol  [=(1)+(2)+(3)-(4)]
DOCKED: USER    
DOCKED: USER    (1) Final Intermolecular Energy     =   -0.00 kcal/mol
DOCKED: USER        vdW + Hbond + desolv Energy     =   +0.00 kcal/mol
DOCKED: USER        Electrostatic Energy            =   -0.00 kcal/mol
DOCKED: USER    (2) Final Total Internal Energy     =   -1.40 kcal/mol
DOCKED: USER    (3) Torsional Free Energy           =   +1.49 kcal/mol
DOCKED: USER    (4) Unbound System's Energy  [=(2)] =   -1.40 kcal/mol
DOCKED: USER    
DOCKED: USER    
DOCKED: USER    NEWDPF move ligand.pdbqt
DOCKED: USER    NEWDPF about 0.027700 0.086100 -0.001100
DOCKED: USER    NEWDPF tran0 3.260447 2.889059 -2.302595
DOCKED: USER    NEWDPF quaternion0 -0.539552 0.611094 0.577960 -0.037542
DOCKED: USER    NEWDPF axisangle0 -0.539933 0.611525 0.578368 -175.696969
DOCKED: USER    NEWDPF quat0 -0.539933 0.611525 0.578368 -175.696969
DOCKED: USER    NEWDPF dihe0 -90.08 72.41 -77.37 129.18 109.52 
DOCKED: USER  keepresnum = 1 
DOCKED: USER  
DOCKED: REMARK  5 active torsions:
DOCKED: REMARK  status: ('A' for Active; 'I' for Inactive)
DOCKED: REMARK    1  A    between atoms: N_5  and  C_12 
DOCKED: REMARK    2  A    between atoms: N_6  and  C_15 
DOCKED: REMARK    3  A    between atoms: N_6  and  C_16 
DOCKED: REMARK    4  A    between atoms: N_9  and  C_20 
DOCKED: REMARK    5  A    between atoms: C_12  and  C_15 
DOCKED: USER                              x       y       z     vdW  Elec       q    Type
DOCKED: USER                           _______ _______ _______ _____ _____    ______ ____
DOCKED: ROOT
DOCKED: ATOM      1  O   UNL     1       2.720   4.624   1.636 +0.00 -0.00    -0.106 OA
DOCKED: ATOM      2  N   UNL     1       2.376   3.760   0.611 +0.00 -0.00    -0.101 NA
DOCKED: ATOM      3  N   UNL     1       3.894   5.306   1.362 +0.00 -0.00    -0.100 NA
DOCKED: ATOM      4  C   UNL     1       3.453   3.227  -1.567 +0.00 +0.00    +0.062 A 
DOCKED: ATOM      5  C   UNL     1       3.332   3.892  -0.317 +0.00 +0.01    +0.146 A 
DOCKED: ATOM      6  C   UNL     1       4.608   3.626  -2.290 +0.00 +0.00    +0.034 A 
DOCKED: ATOM      7  C   UNL     1       4.297   4.874   0.161 +0.00 +0.01    +0.152 A 
DOCKED: ATOM      8  C   UNL     1       5.431   5.241  -0.588 +0.00 +0.01    +0.136 A 
DOCKED: ATOM      9  C   UNL     1       5.548   4.582  -1.824 +0.00 +0.00    +0.041 A 
DOCKED: ENDROOT
DOCKED: BRANCH   4  10
DOCKED: ATOM     10  N   UNL     1       2.564   2.295  -2.055 +0.00 -0.01    -0.386 N 
DOCKED: ATOM     11  H   UNL     1       1.981   2.563  -2.839 +0.00 +0.01    +0.159 HD
DOCKED: BRANCH  10  12
DOCKED: ATOM     12  C   UNL     1       2.427   0.954  -1.497 +0.00 +0.01    +0.150 C 
DOCKED: BRANCH  12  13
DOCKED: ATOM     13  C   UNL     1       3.799   0.302  -1.354 +0.00 +0.01    +0.292 C 
DOCKED: BRANCH  13  14
DOCKED: ATOM     14  N   UNL     1       4.241   0.358   0.038 +0.00 +0.00    +0.094 N 
DOCKED: ATOM     15  C   UNL     1       5.379   1.276   0.188 +0.00 +0.01    +0.298 C 
DOCKED: ATOM     16  C   UNL     1       5.813   1.328   1.650 +0.00 +0.01    +0.198 C 
DOCKED: ATOM     17  O   UNL     1       4.726   1.743   2.478 +0.00 -0.01    -0.388 OA
DOCKED: ATOM     18  C   UNL     1       3.627   0.838   2.363 +0.00 +0.01    +0.198 C 
DOCKED: ATOM     19  C   UNL     1       3.140   0.774   0.918 +0.00 +0.01    +0.298 C 
DOCKED: ENDBRANCH  13  14
DOCKED: ENDBRANCH  12  13
DOCKED: ENDBRANCH  10  12
DOCKED: ENDBRANCH   4  10
DOCKED: BRANCH   8  20
DOCKED: ATOM     20  N   UNL     1       6.363   6.192  -0.118 +0.00 -0.00    -0.113 N 
DOCKED: ATOM     21  O   UNL     1       7.344   5.806   0.569 +0.00 -0.02    -0.532 OA
DOCKED: ATOM     22  O   UNL     1       6.196   7.409  -0.396 +0.00 -0.02    -0.532 OA
DOCKED: ENDBRANCH   8  20
DOCKED: TORSDOF 5
DOCKED: TER
DOCKED: ENDMDL
________________________________________________________________________________


	BEGINNING GENETIC ALGORITHM DOCKING
Run:	6 / 100
Date:	Fri Jun 23 15:02:42 2017
Beginning LAMARCKIAN GENETIC ALGORITHM (LGA), with a maximum of 20000000 energy evaluations.

Final-Value: -1.402
Real= 2m 28.73s,  CPU= 2m 28.77s,  System= 0.01s


	FINAL GENETIC ALGORITHM ALGORITHM DOCKED STATE
	_______________________________________________


Detailed state:  trans 0.605 0.677 -2.565 quatxyzw -0.372454 0.183103 0.841101 0.346842 center 0.028 0.086 -0.001 ntor 5 93.7562 171.8875 78.2908 -131.0704 -109.7759
State:	  0.605   0.677  -2.565  -0.397  0.195  0.897 139.411     93.76  171.89   78.29 -131.07 -109.78

DOCKED: MODEL        6
DOCKED: USER    Run = 6
DOCKED: USER    DPF = ligand_receptor.dpf
DOCKED: USER  
DOCKED: USER    Estimated Free Energy of Binding    =   +1.49 kcal/mol  [=(1)+(2)+(3)-(4)]
DOCKED: USER    
DOCKED: USER    (1) Final Intermolecular Energy     =   -0.00 kcal/mol
DOCKED: USER        vdW + Hbond + desolv Energy     =   +0.00 kcal/mol
DOCKED: USER        Electrostatic Energy            =   -0.00 kcal/mol
DOCKED: USER    (2) Final Total Internal Energy     =   -1.40 kcal/mol
DOCKED: USER    (3) Torsional Free Energy           =   +1.49 kcal/mol
DOCKED: USER    (4) Unbound System's Energy  [=(2)] =   -1.40 kcal/mol
DOCKED: USER    
DOCKED: USER    
DOCKED: USER    NEWDPF move ligand.pdbqt
DOCKED: USER    NEWDPF about 0.027700 0.086100 -0.001100
DOCKED: USER    NEWDPF tran0 0.604984 0.677160 -2.564883
DOCKED: USER    NEWDPF quaternion0 -0.372454 0.183103 0.841101 0.346842
DOCKED: USER    NEWDPF axisangle0 -0.397105 0.195222 0.896770 139.411402
DOCKED: USER    NEWDPF quat0 -0.397105 0.195222 0.896770 139.411402
DOCKED: USER    NEWDPF dihe0 93.76 171.89 78.29 -131.07 -109.78 
DOCKED: USER  keepresnum = 1 
DOCKED: USER  
DOCKED: REMARK  5 active torsions:
DOCKED: REMARK  status: ('A' for Active; 'I' for Inactive)
DOCKED: REMARK    1  A    between atoms: N_5  and  C_12 
DOCKED: REMARK    2  A    between atoms: N_6  and  C_15 
DOCKED: REMARK    3  A    between atoms: N_6  and  C_16 
DOCKED: REMARK    4  A    between atoms: N_9  and  C_20 
DOCKED: REMARK    5  A    between atoms: C_12  and  C_15 
DOCKED: USER                              x       y       z     vdW  Elec       q    Type
DOCKED: USER                           _______ _______ _______ _____ _____    ______ ____
DOCKED: ROOT
DOCKED: ATOM      1  O   UNL     1       3.196   1.421   0.833 +0.00 -0.00    -0.106 OA
DOCKED: ATOM      2  N   UNL     1       2.522   0.591  -0.045 +0.00 -0.00    -0.101 NA
DOCKED: ATOM      3  N   UNL     1       3.078   2.754   0.476 +0.00 -0.00    -0.100 NA
DOCKED: ATOM      4  C   UNL     1       1.178   1.047  -2.088 +0.00 +0.00    +0.062 A 
DOCKED: ATOM      5  C   UNL     1       1.973   1.396  -0.964 +0.00 +0.01    +0.146 A 
DOCKED: ATOM      6  C   UNL     1       0.771   2.179  -2.843 +0.00 +0.00    +0.034 A 
DOCKED: ATOM      7  C   UNL     1       2.327   2.771  -0.632 +0.00 +0.01    +0.152 A 
DOCKED: ATOM      8  C   UNL     1       1.903   3.865  -1.409 +0.00 +0.00    +0.136 A 
DOCKED: ATOM      9  C   UNL     1       1.116   3.517  -2.521 +0.00 +0.00    +0.041 A 
DOCKED: ENDROOT
DOCKED: BRANCH   4  10
DOCKED: ATOM     10  N   UNL     1       0.821  -0.237  -2.435 +0.00 -0.01    -0.386 N 
DOCKED: ATOM     11  H   UNL     1       1.240  -0.636  -3.267 +0.00 +0.01    +0.159 HD
DOCKED: BRANCH  10  12
DOCKED: ATOM     12  C   UNL     1      -0.126  -1.038  -1.666 +0.00 +0.01    +0.150 C 
DOCKED: BRANCH  12  13
DOCKED: ATOM     13  C   UNL     1      -1.402  -0.241  -1.411 +0.00 +0.01    +0.292 C 
DOCKED: BRANCH  13  14
DOCKED: ATOM     14  N   UNL     1      -1.414   0.267  -0.041 +0.00 +0.00    +0.094 N 
DOCKED: ATOM     15  C   UNL     1      -0.350  -0.360   0.757 +0.00 +0.01    +0.298 C 
DOCKED: ATOM     16  C   UNL     1      -0.375   0.196   2.178 +0.00 +0.01    +0.198 C 
DOCKED: ATOM     17  O   UNL     1      -0.213   1.614   2.161 +0.00 -0.01    -0.388 OA
DOCKED: ATOM     18  C   UNL     1      -1.261   2.234   1.414 +0.00 +0.01    +0.198 C 
DOCKED: ATOM     19  C   UNL     1      -1.260   1.728  -0.026 +0.00 +0.01    +0.298 C 
DOCKED: ENDBRANCH  13  14
DOCKED: ENDBRANCH  12  13
DOCKED: ENDBRANCH  10  12
DOCKED: ENDBRANCH   4  10
DOCKED: BRANCH   8  20
DOCKED: ATOM     20  N   UNL     1       2.251   5.195  -1.084 +0.00 -0.00    -0.113 N 
DOCKED: ATOM     21  O   UNL     1       1.535   5.838  -0.272 +0.00 -0.02    -0.532 OA
DOCKED: ATOM     22  O   UNL     1       3.270   5.712  -1.612 +0.00 -0.02    -0.532 OA
DOCKED: ENDBRANCH   8  20
DOCKED: TORSDOF 5
DOCKED: TER
DOCKED: ENDMDL
________________________________________________________________________________


	BEGINNING GENETIC ALGORITHM DOCKING
Run:	7 / 100
Date:	Fri Jun 23 15:05:11 2017
Beginning LAMARCKIAN GENETIC ALGORITHM (LGA), with a maximum of 20000000 energy evaluations.

Final-Value: -1.401
Real= 2m 28.56s,  CPU= 2m 28.59s,  System= 0.00s


	FINAL GENETIC ALGORITHM ALGORITHM DOCKED STATE
	_______________________________________________


Detailed state:  trans 2.491 3.185 4.124 quatxyzw -0.136147 0.346455 0.908020 0.192180 center 0.028 0.086 -0.001 ntor 5 86.1478 71.9157 -76.9589 130.5387 108.1592
State:	  2.491   3.185   4.124  -0.139  0.353  0.925 157.840     86.15   71.92  -76.96  130.54  108.16

DOCKED: MODEL        7
DOCKED: USER    Run = 7
DOCKED: USER    DPF = ligand_receptor.dpf
DOCKED: USER  
DOCKED: USER    Estimated Free Energy of Binding    =   +1.49 kcal/mol  [=(1)+(2)+(3)-(4)]
DOCKED: USER    
DOCKED: USER    (1) Final Intermolecular Energy     =   -0.00 kcal/mol
DOCKED: USER        vdW + Hbond + desolv Energy     =   +0.00 kcal/mol
DOCKED: USER        Electrostatic Energy            =   -0.00 kcal/mol
DOCKED: USER    (2) Final Total Internal Energy     =   -1.40 kcal/mol
DOCKED: USER    (3) Torsional Free Energy           =   +1.49 kcal/mol
DOCKED: USER    (4) Unbound System's Energy  [=(2)] =   -1.40 kcal/mol
DOCKED: USER    
DOCKED: USER    
DOCKED: USER    NEWDPF move ligand.pdbqt
DOCKED: USER    NEWDPF about 0.027700 0.086100 -0.001100
DOCKED: USER    NEWDPF tran0 2.490982 3.185323 4.124393
DOCKED: USER    NEWDPF quaternion0 -0.136147 0.346455 0.908020 0.192180
DOCKED: USER    NEWDPF axisangle0 -0.138733 0.353036 0.925267 157.839887
DOCKED: USER    NEWDPF quat0 -0.138733 0.353036 0.925267 157.839887
DOCKED: USER    NEWDPF dihe0 86.15 71.92 -76.96 130.54 108.16 
DOCKED: USER  keepresnum = 1 
DOCKED: USER  
DOCKED: REMARK  5 active torsions:
DOCKED: REMARK  status: ('A' for Active; 'I' for Inactive)
DOCKED: REMARK    1  A    between atoms: N_5  and  C_12 
DOCKED: REMARK    2  A    between atoms: N_6  and  C_15 
DOCKED: REMARK    3  A    between atoms: N_6  and  C_16 
DOCKED: REMARK    4  A    between atoms: N_9  and  C_20 
DOCKED: REMARK    5  A    between atoms: C_12  and  C_15 
DOCKED: USER                              x       y       z     vdW  Elec       q    Type
DOCKED: USER                           _______ _______ _______ _____ _____    ______ ____
DOCKED: ROOT
DOCKED: ATOM      1  O   UNL     1       6.122   3.147   6.497 +0.00 -0.00    -0.106 OA
DOCKED: ATOM      2  N   UNL     1       4.896   2.635   6.111 +0.00 -0.00    -0.101 NA
DOCKED: ATOM      3  N   UNL     1       6.495   4.231   5.720 +0.00 -0.00    -0.100 NA
DOCKED: ATOM      4  C   UNL     1       3.292   3.288   4.324 +0.00 +0.00    +0.062 A 
DOCKED: ATOM      5  C   UNL     1       4.488   3.392   5.085 +0.00 +0.01    +0.146 A 
DOCKED: ATOM      6  C   UNL     1       3.202   4.274   3.307 +0.00 +0.00    +0.034 A 
DOCKED: ATOM      7  C   UNL     1       5.505   4.407   4.837 +0.00 +0.01    +0.152 A 
DOCKED: ATOM      8  C   UNL     1       5.377   5.367   3.816 +0.00 +0.01    +0.136 A 
DOCKED: ATOM      9  C   UNL     1       4.193   5.262   3.065 +0.00 +0.00    +0.041 A 
DOCKED: ENDROOT
DOCKED: BRANCH   4  10
DOCKED: ATOM     10  N   UNL     1       2.307   2.347   4.527 +0.00 -0.01    -0.386 N 
DOCKED: ATOM     11  H   UNL     1       1.432   2.658   4.931 +0.00 +0.01    +0.159 HD
DOCKED: BRANCH  10  12
DOCKED: ATOM     12  C   UNL     1       2.470   0.936   4.190 +0.00 +0.01    +0.150 C 
DOCKED: BRANCH  12  13
DOCKED: ATOM     13  C   UNL     1       3.037   0.795   2.781 +0.00 +0.01    +0.292 C 
DOCKED: BRANCH  13  14
DOCKED: ATOM     14  N   UNL     1       4.463   0.481   2.842 +0.00 +0.00    +0.094 N 
DOCKED: ATOM     15  C   UNL     1       5.267   1.606   2.343 +0.00 +0.01    +0.298 C 
DOCKED: ATOM     16  C   UNL     1       6.750   1.260   2.428 +0.00 +0.01    +0.198 C 
DOCKED: ATOM     17  O   UNL     1       7.113   0.947   3.773 +0.00 -0.01    -0.388 OA
DOCKED: ATOM     18  C   UNL     1       6.359  -0.166   4.256 +0.00 +0.01    +0.198 C 
DOCKED: ATOM     19  C   UNL     1       4.865   0.145   4.214 +0.00 +0.01    +0.298 C 
DOCKED: ENDBRANCH  13  14
DOCKED: ENDBRANCH  12  13
DOCKED: ENDBRANCH  10  12
DOCKED: ENDBRANCH   4  10
DOCKED: BRANCH   8  20
DOCKED: ATOM     20  N   UNL     1       6.366   6.346   3.579 +0.00 -0.00    -0.113 N 
DOCKED: ATOM     21  O   UNL     1       6.255   7.478   4.119 +0.00 -0.02    -0.532 OA
DOCKED: ATOM     22  O   UNL     1       7.342   6.069   2.833 +0.00 -0.02    -0.532 OA
DOCKED: ENDBRANCH   8  20
DOCKED: TORSDOF 5
DOCKED: TER
DOCKED: ENDMDL
________________________________________________________________________________


	BEGINNING GENETIC ALGORITHM DOCKING
Run:	8 / 100
Date:	Fri Jun 23 15:07:39 2017
Beginning LAMARCKIAN GENETIC ALGORITHM (LGA), with a maximum of 20000000 energy evaluations.

Final-Value: -1.402
Real= 2m 29.02s,  CPU= 2m 29.04s,  System= 0.01s


	FINAL GENETIC ALGORITHM ALGORITHM DOCKED STATE
	_______________________________________________


Detailed state:  trans 0.190 1.600 5.366 quatxyzw 0.514625 -0.636265 0.574633 -0.011212 center 0.028 0.086 -0.001 ntor 5 93.1923 172.3678 78.4218 -132.0471 -109.0277
State:	  0.190   1.600   5.366   0.515 -0.636  0.575 -178.715     93.19  172.37   78.42 -132.05 -109.03

DOCKED: MODEL        8
DOCKED: USER    Run = 8
DOCKED: USER    DPF = ligand_receptor.dpf
DOCKED: USER  
DOCKED: USER    Estimated Free Energy of Binding    =   +1.49 kcal/mol  [=(1)+(2)+(3)-(4)]
DOCKED: USER    
DOCKED: USER    (1) Final Intermolecular Energy     =   -0.00 kcal/mol
DOCKED: USER        vdW + Hbond + desolv Energy     =   +0.00 kcal/mol
DOCKED: USER        Electrostatic Energy            =   -0.00 kcal/mol
DOCKED: USER    (2) Final Total Internal Energy     =   -1.40 kcal/mol
DOCKED: USER    (3) Torsional Free Energy           =   +1.49 kcal/mol
DOCKED: USER    (4) Unbound System's Energy  [=(2)] =   -1.40 kcal/mol
DOCKED: USER    
DOCKED: USER    
DOCKED: USER    NEWDPF move ligand.pdbqt
DOCKED: USER    NEWDPF about 0.027700 0.086100 -0.001100
DOCKED: USER    NEWDPF tran0 0.189504 1.600172 5.366236
DOCKED: USER    NEWDPF quaternion0 0.514625 -0.636265 0.574633 -0.011212
DOCKED: USER    NEWDPF axisangle0 0.514657 -0.636305 0.574669 -178.715230
DOCKED: USER    NEWDPF quat0 0.514657 -0.636305 0.574669 -178.715230
DOCKED: USER    NEWDPF dihe0 93.19 172.37 78.42 -132.05 -109.03 
DOCKED: USER  keepresnum = 1 
DOCKED: USER  
DOCKED: REMARK  5 active torsions:
DOCKED: REMARK  status: ('A' for Active; 'I' for Inactive)
DOCKED: REMARK    1  A    between atoms: N_5  and  C_12 
DOCKED: REMARK    2  A    between atoms: N_6  and  C_15 
DOCKED: REMARK    3  A    between atoms: N_6  and  C_16 
DOCKED: REMARK    4  A    between atoms: N_9  and  C_20 
DOCKED: REMARK    5  A    between atoms: C_12  and  C_15 
DOCKED: USER                              x       y       z     vdW  Elec       q    Type
DOCKED: USER                           _______ _______ _______ _____ _____    ______ ____
DOCKED: ROOT
DOCKED: ATOM      1  O   UNL     1       0.292   3.115   1.303 +0.00 -0.00    -0.106 OA
DOCKED: ATOM      2  N   UNL     1      -0.262   2.365   2.326 +0.00 -0.00    -0.101 NA
DOCKED: ATOM      3  N   UNL     1       1.373   3.863   1.739 +0.00 -0.00    -0.100 NA
DOCKED: ATOM      4  C   UNL     1       0.318   2.125   4.733 +0.00 +0.00    +0.062 A 
DOCKED: ATOM      5  C   UNL     1       0.468   2.635   3.416 +0.00 +0.01    +0.146 A 
DOCKED: ATOM      6  C   UNL     1       1.285   2.643   5.635 +0.00 +0.00    +0.034 A 
DOCKED: ATOM      7  C   UNL     1       1.507   3.587   3.042 +0.00 +0.01    +0.152 A 
DOCKED: ATOM      8  C   UNL     1       2.447   4.076   3.968 +0.00 +0.00    +0.136 A 
DOCKED: ATOM      9  C   UNL     1       2.297   3.570   5.271 +0.00 +0.00    +0.041 A 
DOCKED: ENDROOT
DOCKED: BRANCH   4  10
DOCKED: ATOM     10  N   UNL     1      -0.648   1.225   5.126 +0.00 -0.01    -0.386 N 
DOCKED: ATOM     11  H   UNL     1      -1.393   1.562   5.725 +0.00 +0.01    +0.159 HD
DOCKED: BRANCH  10  12
DOCKED: ATOM     12  C   UNL     1      -0.642  -0.178   4.724 +0.00 +0.01    +0.150 C 
DOCKED: BRANCH  12  13
DOCKED: ATOM     13  C   UNL     1       0.732  -0.791   4.975 +0.00 +0.01    +0.292 C 
DOCKED: BRANCH  13  14
DOCKED: ATOM     14  N   UNL     1       1.474  -0.894   3.720 +0.00 +0.00    +0.094 N 
DOCKED: ATOM     15  C   UNL     1       0.595  -0.633   2.571 +0.00 +0.01    +0.298 C 
DOCKED: ATOM     16  C   UNL     1       1.393  -0.734   1.275 +0.00 +0.01    +0.198 C 
DOCKED: ATOM     17  O   UNL     1       2.483   0.189   1.288 +0.00 -0.01    -0.388 OA
DOCKED: ATOM     18  C   UNL     1       3.360  -0.078   2.383 +0.00 +0.01    +0.198 C 
DOCKED: ATOM     19  C   UNL     1       2.609   0.038   3.707 +0.00 +0.01    +0.298 C 
DOCKED: ENDBRANCH  13  14
DOCKED: ENDBRANCH  12  13
DOCKED: ENDBRANCH  10  12
DOCKED: ENDBRANCH   4  10
DOCKED: BRANCH   8  20
DOCKED: ATOM     20  N   UNL     1       3.450   5.000   3.601 +0.00 -0.00    -0.113 N 
DOCKED: ATOM     21  O   UNL     1       4.541   4.575   3.139 +0.00 -0.02    -0.532 OA
DOCKED: ATOM     22  O   UNL     1       3.234   6.233   3.742 +0.00 -0.02    -0.532 OA
DOCKED: ENDBRANCH   8  20
DOCKED: TORSDOF 5
DOCKED: TER
DOCKED: ENDMDL
________________________________________________________________________________


	BEGINNING GENETIC ALGORITHM DOCKING
Run:	9 / 100
Date:	Fri Jun 23 15:10:08 2017
Beginning LAMARCKIAN GENETIC ALGORITHM (LGA), with a maximum of 20000000 energy evaluations.

