          AutoDock 4.2 Release 4.2.5.1 
         (C) 1989-2012 The Scripps Research Institute
        AutoDock comes with ABSOLUTELY NO WARRANTY.
        AutoDock is free software, and you are welcome
        to redistribute it under certain conditions;
        for details type 'autodock4 -C'

                     main.cc  $Revision: 1.194 $

                   Compiled on Dec 13 2012 at 13:29:56


This file was created at:			4:44 42" p.m., 06/25/2017
                   using:			"compute-0-7.local"

      ________________________________________________________________

                   SETTING UP DEFAULT PARAMETER LIBRARY
      ________________________________________________________________


Sizeof FourByteLong = 8, not 4.
Random number generator was seeded with values 61812, 1498401882.
Docking parameter file (DPF) used for this docking:		ligand_receptor.dpf
DPF> autodock_parameter_version 4.2       # used by autodock to validate parameter set

	Autodock parameter version 4.2.
DPF> outlev 1                             # diagnostic output level

Output Level = 1  ADT-COMPATIBLE OUTPUT DURING DOCKING.
DPF> intelec                              # calculate internal electrostatics

Electrostatic energies will be calculated for all non-bonds between moving atoms.
DPF> ligand_types A C HD OA               # atoms types in ligand

DPF> fld receptor.maps.fld                # grid_data_file

Opening Grid Map Dimensions file:		receptor.maps.fld
Grid Point Spacing =				0.375 Angstroms

Even Number of User-specified Grid Points =	50 x-points
						40 y-points
						40 z-points

Coordinates of Central Grid Point of Maps =	(0.111, 0.043, 0.075)
Macromolecule file used to create Grid Maps =	receptor.pdbqt
Grid Parameter file used to create Grid Maps =	receptor.gpf
Minimum coordinates in grid = (-9.264, -7.457, -7.425)
Maximum coordinates in grid = (9.486, 7.543, 7.575)

DPF> map receptor.A.map                   # atom-specific affinity map

DPF> map receptor.C.map                   # atom-specific affinity map

DPF> map receptor.HD.map                  # atom-specific affinity map

DPF> map receptor.OA.map                  # atom-specific affinity map

DPF> elecmap receptor.e.map               # electrostatics map

DPF> desolvmap receptor.d.map             # desolvation map

DPF> move ligand.pdbqt                    # small molecule

1,4-interactions will be _ignored_ in the non-bonded internal energy calculation.

Ligand PDBQT file = "ligand.pdbqt"

INPUT LIGAND PDBQT FILE:
________________________

INPUT-LIGAND-PDBQT: REMARK  5 active torsions:
INPUT-LIGAND-PDBQT: REMARK  status: ('A' for Active; 'I' for Inactive)
INPUT-LIGAND-PDBQT: REMARK    1  A    between atoms: O_1  and  C_9 
INPUT-LIGAND-PDBQT: REMARK    2  A    between atoms: O_2  and  C_28 
INPUT-LIGAND-PDBQT: REMARK    3  A    between atoms: O_2  and  C_31 
INPUT-LIGAND-PDBQT: REMARK    4  A    between atoms: O_8  and  C_36 
INPUT-LIGAND-PDBQT: REMARK    5  A    between atoms: C_14  and  C_25 
INPUT-LIGAND-PDBQT: ROOT
INPUT-LIGAND-PDBQT: HETATM    1  C   UNL     1      -3.581   0.410   0.089  1.00  0.00     0.070 C 
INPUT-LIGAND-PDBQT: HETATM    2  C   UNL     1      -4.330  -0.718  -0.672  1.00  0.00    -0.005 C 
INPUT-LIGAND-PDBQT: HETATM    3  C   UNL     1      -2.136   0.032   0.516  1.00  0.00     0.026 C 
INPUT-LIGAND-PDBQT: HETATM    4  C   UNL     1      -1.286  -0.567  -0.638  1.00  0.00     0.005 C 
INPUT-LIGAND-PDBQT: HETATM    5  C   UNL     1       0.179  -0.957  -0.194  1.00  0.00    -0.017 C 
INPUT-LIGAND-PDBQT: HETATM    6  C   UNL     1      -5.533   0.035  -1.322  1.00  0.00     0.032 C 
INPUT-LIGAND-PDBQT: HETATM    7  C   UNL     1      -3.429  -1.292  -1.800  1.00  0.00     0.013 C 
INPUT-LIGAND-PDBQT: HETATM    8  C   UNL     1      -2.046  -1.723  -1.315  1.00  0.00     0.007 C 
INPUT-LIGAND-PDBQT: HETATM    9  C   UNL     1      -3.677   1.612  -0.868  1.00  0.00     0.040 C 
INPUT-LIGAND-PDBQT: HETATM   10  C   UNL     1      -1.403   1.225   1.160  1.00  0.00     0.012 C 
INPUT-LIGAND-PDBQT: HETATM   11  C   UNL     1      -4.969   1.424  -1.676  1.00  0.00     0.013 C 
INPUT-LIGAND-PDBQT: HETATM   12  C   UNL     1       0.808   0.220   0.561  1.00  0.00    -0.072 C 
INPUT-LIGAND-PDBQT: HETATM   13  C   UNL     1      -4.782  -1.879   0.238  1.00  0.00     0.019 C 
INPUT-LIGAND-PDBQT: HETATM   14  C   UNL     1      -0.019   0.833   1.662  1.00  0.00     0.035 C 
INPUT-LIGAND-PDBQT: HETATM   15  C   UNL     1       1.011  -1.298  -1.471  1.00  0.00     0.017 C 
INPUT-LIGAND-PDBQT: HETATM   16  C   UNL     1       0.195  -2.190   0.741  1.00  0.00     0.020 C 
INPUT-LIGAND-PDBQT: HETATM   17  C   UNL     1       2.515  -1.250  -1.230  1.00  0.00     0.037 C 
INPUT-LIGAND-PDBQT: HETATM   18  C   UNL     1       2.033   0.704   0.281  1.00  0.00     0.008 C 
INPUT-LIGAND-PDBQT: HETATM   19  C   UNL     1       2.945   0.137  -0.762  1.00  0.00     0.147 C 
INPUT-LIGAND-PDBQT: ENDROOT
INPUT-LIGAND-PDBQT: BRANCH  19  20
INPUT-LIGAND-PDBQT: HETATM   20  O   UNL     1       4.261   0.057  -0.223  1.00  0.00    -0.349 OA
INPUT-LIGAND-PDBQT: BRANCH  20  21
INPUT-LIGAND-PDBQT: HETATM   21  C   UNL     1       5.248   0.260  -1.228  1.00  0.00     0.292 C 
INPUT-LIGAND-PDBQT: HETATM   22  O   UNL     1       5.527   1.651  -1.397  1.00  0.00    -0.351 OA
INPUT-LIGAND-PDBQT: HETATM   23  C   UNL     1       6.107   2.243  -0.228  1.00  0.00     0.152 C 
INPUT-LIGAND-PDBQT: HETATM   24  C   UNL     1       7.485   1.631   0.020  1.00  0.00     0.178 C 
INPUT-LIGAND-PDBQT: HETATM   25  C   UNL     1       6.195   3.747  -0.471  1.00  0.00     0.042 C 
INPUT-LIGAND-PDBQT: HETATM   26  C   UNL     1       7.439   0.111   0.101  1.00  0.00     0.190 C 
INPUT-LIGAND-PDBQT: HETATM   27  O   UNL     1       6.896  -0.389   1.326  1.00  0.00    -0.345 OA
INPUT-LIGAND-PDBQT: HETATM   28  C   UNL     1       6.538  -0.526  -0.939  1.00  0.00     0.211 C 
INPUT-LIGAND-PDBQT: HETATM   29  C   UNL     1       6.535  -1.744   1.001  1.00  0.00     0.158 C 
INPUT-LIGAND-PDBQT: HETATM   30  O   UNL     1       6.232  -1.822  -0.405  1.00  0.00    -0.343 OA
INPUT-LIGAND-PDBQT: HETATM   31  C   UNL     1       7.706  -2.685   1.296  1.00  0.00     0.078 C 
INPUT-LIGAND-PDBQT: HETATM   32  C   UNL     1       5.326  -2.159   1.831  1.00  0.00     0.078 C 
INPUT-LIGAND-PDBQT: BRANCH  24  33
INPUT-LIGAND-PDBQT: HETATM   33  O   UNL     1       8.080   2.161   1.196  1.00  0.00    -0.390 OA
INPUT-LIGAND-PDBQT: HETATM   34  H   UNL     1       8.954   1.747   1.296  1.00  0.00     0.210 HD
INPUT-LIGAND-PDBQT: ENDBRANCH  24  33
INPUT-LIGAND-PDBQT: ENDBRANCH  20  21
INPUT-LIGAND-PDBQT: ENDBRANCH  19  20
INPUT-LIGAND-PDBQT: BRANCH   1  35
INPUT-LIGAND-PDBQT: HETATM   35  O   UNL     1      -4.311   0.782   1.268  1.00  0.00    -0.389 OA
INPUT-LIGAND-PDBQT: HETATM   36  H   UNL     1      -4.194   0.084   1.933  1.00  0.00     0.210 HD
INPUT-LIGAND-PDBQT: ENDBRANCH   1  35
INPUT-LIGAND-PDBQT: BRANCH   6  37
INPUT-LIGAND-PDBQT: HETATM   37  C   UNL     1      -6.762   0.176  -0.470  1.00  0.00    -0.030 A 
INPUT-LIGAND-PDBQT: HETATM   38  C   UNL     1      -7.795  -0.820  -0.584  1.00  0.00     0.015 A 
INPUT-LIGAND-PDBQT: HETATM   39  C   UNL     1      -8.909  -0.741   0.151  1.00  0.00     0.083 A 
INPUT-LIGAND-PDBQT: HETATM   40  C   UNL     1      -9.105   0.375   1.099  1.00  0.00     0.287 A 
INPUT-LIGAND-PDBQT: HETATM   41  O   UNL     1      -8.105   1.308   1.188  1.00  0.00    -0.287 OA
INPUT-LIGAND-PDBQT: HETATM   42  O   UNL     1     -10.127   0.450   1.774  1.00  0.00    -0.260 OA
INPUT-LIGAND-PDBQT: HETATM   43  C   UNL     1      -6.957   1.177   0.394  1.00  0.00     0.153 A 
INPUT-LIGAND-PDBQT: ENDBRANCH   6  37
INPUT-LIGAND-PDBQT: TORSDOF 5
________________________________________________________________________________

Total charge on ligand                               =	-0.000 e
REMARK  5 active torsions:
REMARK  status: ('A' for Active; 'I' for Inactive)
REMARK    1  A    between atoms: O_1  and  C_9 
REMARK    2  A    between atoms: O_2  and  C_28 
REMARK    3  A    between atoms: O_2  and  C_31 
REMARK    4  A    between atoms: O_8  and  C_36 
REMARK    5  A    between atoms: C_14  and  C_25 


Number of Rotatable Bonds in Small Molecule =	5 torsions
Number of atoms in ligand:  43

Number of non-hydrogen atoms in ligand:  41

Number of vibrational degrees of freedom of ligand:  123


Number of torsional degrees of freedom = 5
Estimated loss of torsional free energy upon binding = +1.4915 kcal/mol


DPF> about 0.1107 0.0426 0.0751           # small molecule center

Small molecule center of rotation =	(+0.111, +0.043, +0.075)

DPF> # ADDED BY TOXIM

DPF> 

DPF> ga_pop_size 250                      # number of individuals in population

A population of 250 individuals will be used
DPF> ga_num_evals 20000000                # maximum number of energy evaluations

There will be at most 20000000 function evaluations used.
DPF> ga_num_generations 2000000000        # maximum number of generations

The GA will run for at most 2000000000 generations.
DPF> ga_elitism 1                         # number of top individuals to survive to next generation

The 1 best will be preserved each GA generation.
DPF> ga_mutation_rate 0.02                # rate of gene mutation

The mutation rate is 0.020000.
DPF> ga_crossover_rate 0.8                # rate of crossover

The crossover rate is 0.800000.
DPF> ga_window_size 10                    # 

The GA's selection window is 10 generations.
DPF> ga_cauchy_alpha 0.0                  # Alpha parameter of Cauchy distribution

The alpha parameter (for the Cauchy distribution) is being set to 0.000000.
DPF> ga_cauchy_beta 1.0                   # Beta parameter Cauchy distribution

The beta parameter (for the Cauchy distribution) is being set to 1.000000.
DPF> set_ga                               # set the above parameters for GA or LGA

DPF> sw_max_its 300                       # iterations of Solis & Wets local search

Solis & Wets algorithms will perform at most 300 iterations.
DPF> sw_max_succ 4                        # consecutive successes before changing rho

Solis & Wets algorithms expand rho every 4 in a row successes.
DPF> sw_max_fail 4                        # consecutive failures before changing rho

Solis & Wets algorithms contract rho every 4 in a row failures.
DPF> sw_rho 1.0                           # size of local search space to sample

rho is set to 1.000000.
DPF> sw_lb_rho 0.01                       # lower bound on rho

rho will never get smaller than 0.010000.
DPF> ls_search_freq 0.06                  # probability of performing local search on individual

Local search will be performed with frequency 0.060000.
DPF> set_psw1                             # set the above pseudo-Solis & Wets parameters

Creating a new Local Search object using the pseudo-Solis-Wets algorithm (pSW1) with the current settings.

DPF> unbound_model bound                  # state of unbound ligand

DPF> ga_run 100                           # do this many hybrid GA-LS runs

centering ligand on specified point: 0.111 0.043 0.075
Furthest true ligand atom from "about" center is 10.386 Angstroms (maxrad).
Setting 'tran0' value to same as 'about' value: 0.111 0.043 0.075
Number of requested GA dockings = 100 runs
Unbound model to be used is 'same as bound' [AutoDock 4.2 default].

	BEGINNING GENETIC ALGORITHM DOCKING
Run:	1 / 100
Date:	Sun Jun 25 16:44:42 2017
Beginning LAMARCKIAN GENETIC ALGORITHM (LGA), with a maximum of 20000000 energy evaluations.

Final-Value: -7.625
Real= 5m 05.04s,  CPU= 5m 05.12s,  System= 0.00s


	FINAL GENETIC ALGORITHM ALGORITHM DOCKED STATE
	_______________________________________________


Detailed state:  trans -1.864 0.654 4.496 quatxyzw 0.020194 0.093718 0.984290 -0.148264 center 0.111 0.043 0.075 ntor 5 -101.1542 178.8592 -167.2253 -38.6912 27.4289
State:	 -1.864   0.654   4.496   0.020  0.095  0.995 -162.947   -101.15  178.86 -167.23  -38.69   27.43

DOCKED: MODEL        1
DOCKED: USER    Run = 1
DOCKED: USER    DPF = ligand_receptor.dpf
DOCKED: USER  
DOCKED: USER    Estimated Free Energy of Binding    =   -4.27 kcal/mol  [=(1)+(2)+(3)-(4)]
DOCKED: USER    Estimated Inhibition Constant, Ki   =  738.22 uM (micromolar)  [Temperature = 298.15 K]
DOCKED: USER    
DOCKED: USER    (1) Final Intermolecular Energy     =   -5.76 kcal/mol
DOCKED: USER        vdW + Hbond + desolv Energy     =   -5.78 kcal/mol
DOCKED: USER        Electrostatic Energy            =   +0.02 kcal/mol
DOCKED: USER    (2) Final Total Internal Energy     =   -1.86 kcal/mol
DOCKED: USER    (3) Torsional Free Energy           =   +1.49 kcal/mol
DOCKED: USER    (4) Unbound System's Energy  [=(2)] =   -1.86 kcal/mol
DOCKED: USER    
DOCKED: USER    
DOCKED: USER    NEWDPF move ligand.pdbqt
DOCKED: USER    NEWDPF about 0.110700 0.042600 0.075100
DOCKED: USER    NEWDPF tran0 -1.864045 0.654409 4.496381
DOCKED: USER    NEWDPF quaternion0 0.020194 0.093718 0.984290 -0.148264
DOCKED: USER    NEWDPF axisangle0 0.020420 0.094766 0.995290 -162.947304
DOCKED: USER    NEWDPF quat0 0.020420 0.094766 0.995290 -162.947304
DOCKED: USER    NEWDPF dihe0 -101.15 178.86 -167.23 -38.69 27.43 
DOCKED: USER  keepresnum = 1 
DOCKED: USER  
DOCKED: REMARK  5 active torsions:
DOCKED: REMARK  status: ('A' for Active; 'I' for Inactive)
DOCKED: REMARK    1  A    between atoms: O_1  and  C_9 
DOCKED: REMARK    2  A    between atoms: O_2  and  C_28 
DOCKED: REMARK    3  A    between atoms: O_2  and  C_31 
DOCKED: REMARK    4  A    between atoms: O_8  and  C_36 
DOCKED: REMARK    5  A    between atoms: C_14  and  C_25 
DOCKED: USER                              x       y       z     vdW  Elec       q    Type
DOCKED: USER                           _______ _______ _______ _____ _____    ______ ____
DOCKED: ROOT
DOCKED: ATOM      1  C   UNL     1       1.557  -0.779   4.536 -0.17 +0.05    +0.070 C 
DOCKED: ATOM      2  C   UNL     1       2.546  -0.078   3.565 -0.07 -0.00    -0.005 C 
DOCKED: ATOM      3  C   UNL     1       0.315   0.079   4.900 -0.20 +0.02    +0.026 C 
DOCKED: ATOM      4  C   UNL     1      -0.402   0.686   3.664 -0.15 +0.00    +0.005 C 
DOCKED: ATOM      5  C   UNL     1      -1.659   1.565   4.043 -0.15 -0.01    -0.017 C 
DOCKED: ATOM      6  C   UNL     1       3.435  -1.256   3.056 -0.06 +0.02    +0.032 C 
DOCKED: ATOM      7  C   UNL     1       1.775   0.526   2.359 -0.05 +0.01    +0.013 C 
DOCKED: ATOM      8  C   UNL     1       0.611   1.426   2.770 -0.05 +0.00    +0.007 C 
DOCKED: ATOM      9  C   UNL     1       1.238  -2.107   3.824 -0.10 +0.03    +0.040 C 
DOCKED: ATOM     10  C   UNL     1      -0.685  -0.709   5.768 -0.34 +0.01    +0.012 C 
DOCKED: ATOM     11  C   UNL     1       2.472  -2.456   2.980 -0.16 +0.01    +0.013 C 
DOCKED: ATOM     12  C   UNL     1      -2.548   0.781   5.015 -0.26 -0.05    -0.072 C 
DOCKED: ATOM     13  C   UNL     1       3.374   1.040   4.232 -0.03 +0.01    +0.019 C 
DOCKED: ATOM     14  C   UNL     1      -1.861   0.158   6.203 -0.34 +0.03    +0.035 C 
DOCKED: ATOM     15  C   UNL     1      -2.442   1.903   2.734 -0.09 +0.01    +0.017 C 
DOCKED: ATOM     16  C   UNL     1      -1.256   2.893   4.726 -0.12 +0.01    +0.020 C 
DOCKED: ATOM     17  C   UNL     1      -3.876   2.345   2.998 -0.09 +0.02    +0.037 C 
DOCKED: ATOM     18  C   UNL     1      -3.877   0.639   4.847 -0.22 +0.01    +0.008 C 
DOCKED: ATOM     19  C   UNL     1      -4.655   1.254   3.727 -0.15 +0.10    +0.147 C 
DOCKED: ENDROOT
DOCKED: BRANCH  19  20
DOCKED: ATOM     20  O   UNL     1      -5.853   1.815   4.256 -0.09 -0.22    -0.349 OA
DOCKED: BRANCH  20  21
DOCKED: ATOM     21  C   UNL     1      -7.007   1.223   3.671 -0.07 +0.18    +0.292 C 
DOCKED: ATOM     22  O   UNL     1      -6.908  -0.203   3.673 -0.07 -0.21    -0.351 OA
DOCKED: ATOM     23  C   UNL     1      -6.879  -0.751   4.997 -0.29 +0.09    +0.152 C 
DOCKED: ATOM     24  C   UNL     1      -8.218  -0.487   5.684 -0.26 +0.10    +0.178 C 
DOCKED: ATOM     25  C   UNL     1      -6.599  -2.246   4.867 -0.45 +0.03    +0.042 C 
DOCKED: ATOM     26  C   UNL     1      -8.593   0.989   5.676 -0.18 +0.11    +0.190 C 
DOCKED: ATOM     27  O   UNL     1      -7.854   1.781   6.609 -0.16 -0.20    -0.345 OA
DOCKED: ATOM     28  C   UNL     1      -8.304   1.682   4.358 -0.07 +0.13    +0.211 C 
DOCKED: ATOM     29  C   UNL     1      -8.029   3.123   6.118 -0.18 +0.10    +0.158 C 
DOCKED: ATOM     30  O   UNL     1      -8.234   3.075   4.693 -0.03 -0.21    -0.343 OA
DOCKED: ATOM     31  C   UNL     1      -9.262   3.762   6.762 -0.14 +0.05    +0.078 C 
DOCKED: ATOM     32  C   UNL     1      -6.793   3.950   6.452 -0.06 +0.06    +0.078 C 
DOCKED: BRANCH  24  33
DOCKED: ATOM     33  O   UNL     1      -8.219  -0.979   7.017 -0.23 -0.27    -0.390 OA
DOCKED: ATOM     34  H   UNL     1      -7.750  -0.332   7.570 -0.33 +0.14    +0.210 HD
DOCKED: ENDBRANCH  24  33
DOCKED: ENDBRANCH  20  21
DOCKED: ENDBRANCH  19  20
DOCKED: BRANCH   1  35
DOCKED: ATOM     35  O   UNL     1       2.227  -1.134   5.755 -0.10 -0.31    -0.389 OA
DOCKED: ATOM     36  H   UNL     1       2.362  -2.096   5.762 -0.02 +0.19    +0.210 HD
DOCKED: ENDBRANCH   1  35
DOCKED: BRANCH   6  37
DOCKED: ATOM     37  C   UNL     1       4.626  -1.600   3.904 -0.04 -0.02    -0.030 A 
DOCKED: ATOM     38  C   UNL     1       4.527  -2.718   4.807 -0.10 +0.01    +0.015 A 
DOCKED: ATOM     39  C   UNL     1       5.558  -3.065   5.584 -0.06 +0.05    +0.083 A 
DOCKED: ATOM     40  C   UNL     1       6.824  -2.306   5.535 -0.01 +0.18    +0.287 A 
DOCKED: ATOM     41  O   UNL     1       6.890  -1.248   4.667 -0.00 -0.18    -0.287 OA
DOCKED: ATOM     42  O   UNL     1       7.771  -2.623   6.249 -0.00 -0.16    -0.260 OA
DOCKED: ATOM     43  C   UNL     1       5.780  -0.927   3.873 -0.01 +0.10    +0.153 A 
DOCKED: ENDBRANCH   6  37
DOCKED: TORSDOF 5
DOCKED: TER
DOCKED: ENDMDL
________________________________________________________________________________


	BEGINNING GENETIC ALGORITHM DOCKING
Run:	2 / 100
Date:	Sun Jun 25 16:49:48 2017
Beginning LAMARCKIAN GENETIC ALGORITHM (LGA), with a maximum of 20000000 energy evaluations.

Final-Value: -7.644
Real= 5m 04.93s,  CPU= 5m 05.03s,  System= 0.01s


	FINAL GENETIC ALGORITHM ALGORITHM DOCKED STATE
	_______________________________________________


Detailed state:  trans -1.836 0.606 4.573 quatxyzw -0.002165 -0.048269 -0.986513 0.156388 center 0.111 0.043 0.075 ntor 5 -90.3547 -175.7229 -167.9034 -40.1635 34.1824
State:	 -1.836   0.606   4.573  -0.002 -0.049 -0.999 162.005    -90.35 -175.72 -167.90  -40.16   34.18

DOCKED: MODEL        2
DOCKED: USER    Run = 2
DOCKED: USER    DPF = ligand_receptor.dpf
DOCKED: USER  
DOCKED: USER    Estimated Free Energy of Binding    =   -4.24 kcal/mol  [=(1)+(2)+(3)-(4)]
DOCKED: USER    Estimated Inhibition Constant, Ki   =  774.66 uM (micromolar)  [Temperature = 298.15 K]
DOCKED: USER    
DOCKED: USER    (1) Final Intermolecular Energy     =   -5.74 kcal/mol
DOCKED: USER        vdW + Hbond + desolv Energy     =   -5.75 kcal/mol
DOCKED: USER        Electrostatic Energy            =   +0.01 kcal/mol
DOCKED: USER    (2) Final Total Internal Energy     =   -1.91 kcal/mol
DOCKED: USER    (3) Torsional Free Energy           =   +1.49 kcal/mol
DOCKED: USER    (4) Unbound System's Energy  [=(2)] =   -1.91 kcal/mol
DOCKED: USER    
DOCKED: USER    
DOCKED: USER    NEWDPF move ligand.pdbqt
DOCKED: USER    NEWDPF about 0.110700 0.042600 0.075100
DOCKED: USER    NEWDPF tran0 -1.836463 0.606267 4.573327
DOCKED: USER    NEWDPF quaternion0 -0.002165 -0.048269 -0.986513 0.156388
DOCKED: USER    NEWDPF axisangle0 -0.002192 -0.048871 -0.998803 162.005378
DOCKED: USER    NEWDPF quat0 -0.002192 -0.048871 -0.998803 162.005378
DOCKED: USER    NEWDPF dihe0 -90.35 -175.72 -167.90 -40.16 34.18 
DOCKED: USER  keepresnum = 1 
DOCKED: USER  
DOCKED: REMARK  5 active torsions:
DOCKED: REMARK  status: ('A' for Active; 'I' for Inactive)
DOCKED: REMARK    1  A    between atoms: O_1  and  C_9 
DOCKED: REMARK    2  A    between atoms: O_2  and  C_28 
DOCKED: REMARK    3  A    between atoms: O_2  and  C_31 
DOCKED: REMARK    4  A    between atoms: O_8  and  C_36 
DOCKED: REMARK    5  A    between atoms: C_14  and  C_25 
DOCKED: USER                              x       y       z     vdW  Elec       q    Type
DOCKED: USER                           _______ _______ _______ _____ _____    ______ ____
DOCKED: ROOT
DOCKED: ATOM      1  C   UNL     1       1.562  -0.880   4.662 -0.17 +0.05    +0.070 C 
DOCKED: ATOM      2  C   UNL     1       2.607  -0.116   3.805 -0.07 -0.00    -0.005 C 
DOCKED: ATOM      3  C   UNL     1       0.312  -0.036   5.035 -0.22 +0.02    +0.026 C 
DOCKED: ATOM      4  C   UNL     1      -0.334   0.685   3.820 -0.16 +0.00    +0.005 C 
DOCKED: ATOM      5  C   UNL     1      -1.598   1.548   4.209 -0.16 -0.01    -0.017 C 
DOCKED: ATOM      6  C   UNL     1       3.506  -1.261   3.243 -0.06 +0.02    +0.032 C 
DOCKED: ATOM      7  C   UNL     1       1.905   0.599   2.617 -0.05 +0.01    +0.013 C 
DOCKED: ATOM      8  C   UNL     1       0.732   1.480   3.044 -0.05 +0.00    +0.007 C 
DOCKED: ATOM      9  C   UNL     1       1.264  -2.138   3.826 -0.09 +0.03    +0.040 C 
DOCKED: ATOM     10  C   UNL     1      -0.740  -0.878   5.783 -0.27 +0.01    +0.012 C 
DOCKED: ATOM     11  C   UNL     1       2.535  -2.435   3.018 -0.16 +0.01    +0.013 C 
DOCKED: ATOM     12  C   UNL     1      -2.545   0.700   5.066 -0.26 -0.05    -0.072 C 
DOCKED: ATOM     13  C   UNL     1       3.413   0.930   4.604 -0.03 +0.01    +0.019 C 
DOCKED: ATOM     14  C   UNL     1      -1.926  -0.032   6.230 -0.40 +0.03    +0.035 C 
DOCKED: ATOM     15  C   UNL     1      -2.309   2.007   2.896 -0.09 +0.01    +0.017 C 
DOCKED: ATOM     16  C   UNL     1      -1.215   2.808   5.021 -0.13 +0.01    +0.020 C 
DOCKED: ATOM     17  C   UNL     1      -3.750   2.449   3.124 -0.09 +0.02    +0.037 C 
DOCKED: ATOM     18  C   UNL     1      -3.865   0.593   4.821 -0.19 +0.01    +0.008 C 
DOCKED: ATOM     19  C   UNL     1      -4.577   1.313   3.719 -0.15 +0.10    +0.147 C 
DOCKED: ENDROOT
DOCKED: BRANCH  19  20
DOCKED: ATOM     20  O   UNL     1      -5.794   1.846   4.233 -0.09 -0.22    -0.349 OA
DOCKED: BRANCH  20  21
DOCKED: ATOM     21  C   UNL     1      -6.927   1.211   3.651 -0.07 +0.18    +0.292 C 
DOCKED: ATOM     22  O   UNL     1      -6.771  -0.209   3.646 -0.08 -0.22    -0.351 OA
DOCKED: ATOM     23  C   UNL     1      -6.713  -0.763   4.966 -0.29 +0.09    +0.152 C 
DOCKED: ATOM     24  C   UNL     1      -8.057  -0.555   5.663 -0.27 +0.10    +0.178 C 
DOCKED: ATOM     25  C   UNL     1      -6.374  -2.244   4.828 -0.41 +0.03    +0.042 C 
DOCKED: ATOM     26  C   UNL     1      -8.491   0.904   5.664 -0.19 +0.11    +0.190 C 
DOCKED: ATOM     27  O   UNL     1      -7.779   1.721   6.597 -0.14 -0.20    -0.345 OA
DOCKED: ATOM     28  C   UNL     1      -8.237   1.615   4.348 -0.08 +0.13    +0.211 C 
DOCKED: ATOM     29  C   UNL     1      -8.010   3.057   6.113 -0.19 +0.10    +0.158 C 
DOCKED: ATOM     30  O   UNL     1      -8.221   3.008   4.689 -0.03 -0.21    -0.343 OA
DOCKED: ATOM     31  C   UNL     1      -9.264   3.643   6.768 -0.14 +0.05    +0.078 C 
DOCKED: ATOM     32  C   UNL     1      -6.806   3.931   6.445 -0.07 +0.06    +0.078 C 
DOCKED: BRANCH  24  33
DOCKED: ATOM     33  O   UNL     1      -8.030  -1.054   6.992 -0.21 -0.26    -0.390 OA
DOCKED: ATOM     34  H   UNL     1      -7.746  -0.328   7.573 -0.33 +0.14    +0.210 HD
DOCKED: ENDBRANCH  24  33
DOCKED: ENDBRANCH  20  21
DOCKED: ENDBRANCH  19  20
DOCKED: BRANCH   1  35
DOCKED: ATOM     35  O   UNL     1       2.164  -1.346   5.879 -0.06 -0.33    -0.389 OA
DOCKED: ATOM     36  H   UNL     1       2.366  -2.290   5.778 -0.06 +0.20    +0.210 HD
DOCKED: ENDBRANCH   1  35
DOCKED: BRANCH   6  37
DOCKED: ATOM     37  C   UNL     1       4.648  -1.694   4.118 -0.05 -0.02    -0.030 A 
DOCKED: ATOM     38  C   UNL     1       4.485  -2.873   4.928 -0.10 +0.01    +0.015 A 
DOCKED: ATOM     39  C   UNL     1       5.470  -3.300   5.724 -0.07 +0.05    +0.083 A 
DOCKED: ATOM     40  C   UNL     1       6.752  -2.568   5.792 -0.01 +0.18    +0.287 A 
DOCKED: ATOM     41  O   UNL     1       6.880  -1.450   5.009 -0.00 -0.18    -0.287 OA
DOCKED: ATOM     42  O   UNL     1       7.657  -2.958   6.523 -0.01 -0.16    -0.260 OA
DOCKED: ATOM     43  C   UNL     1       5.815  -1.046   4.192 -0.01 +0.10    +0.153 A 
DOCKED: ENDBRANCH   6  37
DOCKED: TORSDOF 5
DOCKED: TER
DOCKED: ENDMDL
________________________________________________________________________________


	BEGINNING GENETIC ALGORITHM DOCKING
Run:	3 / 100
Date:	Sun Jun 25 16:54:53 2017
Beginning LAMARCKIAN GENETIC ALGORITHM (LGA), with a maximum of 20000000 energy evaluations.

