          AutoDock 4.2 Release 4.2.5.1 
         (C) 1989-2012 The Scripps Research Institute
        AutoDock comes with ABSOLUTELY NO WARRANTY.
        AutoDock is free software, and you are welcome
        to redistribute it under certain conditions;
        for details type 'autodock4 -C'

                     main.cc  $Revision: 1.194 $

                   Compiled on Dec 13 2012 at 13:29:56


This file was created at:			4:09 26" p.m., 06/25/2017
                   using:			"compute-0-7.local"

      ________________________________________________________________

                   SETTING UP DEFAULT PARAMETER LIBRARY
      ________________________________________________________________


Sizeof FourByteLong = 8, not 4.
Random number generator was seeded with values 61084, 1498399766.
Docking parameter file (DPF) used for this docking:		ligand_receptor.dpf
DPF> autodock_parameter_version 4.2       # used by autodock to validate parameter set

	Autodock parameter version 4.2.
DPF> outlev 1                             # diagnostic output level

Output Level = 1  ADT-COMPATIBLE OUTPUT DURING DOCKING.
DPF> intelec                              # calculate internal electrostatics

Electrostatic energies will be calculated for all non-bonds between moving atoms.
DPF> ligand_types A C N                   # atoms types in ligand

DPF> fld receptor.maps.fld                # grid_data_file

Opening Grid Map Dimensions file:		receptor.maps.fld
Grid Point Spacing =				0.375 Angstroms

Even Number of User-specified Grid Points =	40 x-points
						40 y-points
						40 z-points

Coordinates of Central Grid Point of Maps =	(0.000, 0.000, 0.000)
Macromolecule file used to create Grid Maps =	receptor.pdbqt
Grid Parameter file used to create Grid Maps =	receptor.gpf
Minimum coordinates in grid = (-7.500, -7.500, -7.500)
Maximum coordinates in grid = (7.500, 7.500, 7.500)

DPF> map receptor.A.map                   # atom-specific affinity map

DPF> map receptor.C.map                   # atom-specific affinity map

DPF> map receptor.N.map                   # atom-specific affinity map

DPF> elecmap receptor.e.map               # electrostatics map

DPF> desolvmap receptor.d.map             # desolvation map

DPF> move ligand.pdbqt                    # small molecule

1,4-interactions will be _ignored_ in the non-bonded internal energy calculation.

Ligand PDBQT file = "ligand.pdbqt"

INPUT LIGAND PDBQT FILE:
________________________

INPUT-LIGAND-PDBQT: REMARK  3 active torsions:
INPUT-LIGAND-PDBQT: REMARK  status: ('A' for Active; 'I' for Inactive)
INPUT-LIGAND-PDBQT: REMARK    1  A    between atoms: N_1  and  C_2 
INPUT-LIGAND-PDBQT: REMARK    2  A    between atoms: C_2  and  C_3 
INPUT-LIGAND-PDBQT: REMARK    3  A    between atoms: C_3  and  C_5 
INPUT-LIGAND-PDBQT: ROOT
INPUT-LIGAND-PDBQT: HETATM    1  C   UNL     1       0.903   0.221  -0.375  1.00  0.00    -0.056 A 
INPUT-LIGAND-PDBQT: HETATM    2  C   UNL     1       1.509   1.231   0.355  1.00  0.00     0.007 A 
INPUT-LIGAND-PDBQT: HETATM    3  C   UNL     1       1.597  -0.922  -0.737  1.00  0.00     0.007 A 
INPUT-LIGAND-PDBQT: HETATM    4  C   UNL     1       2.844   1.094   0.734  1.00  0.00     0.001 A 
INPUT-LIGAND-PDBQT: HETATM    5  C   UNL     1       2.933  -1.060  -0.357  1.00  0.00     0.001 A 
INPUT-LIGAND-PDBQT: HETATM    6  C   UNL     1       3.556  -0.052   0.378  1.00  0.00     0.000 A 
INPUT-LIGAND-PDBQT: ENDROOT
INPUT-LIGAND-PDBQT: BRANCH   1   7
INPUT-LIGAND-PDBQT: HETATM    7  C   UNL     1      -0.543   0.370  -0.786  1.00  0.00     0.074 C 
INPUT-LIGAND-PDBQT: BRANCH   7   8
INPUT-LIGAND-PDBQT: HETATM    8  C   UNL     1      -1.537  -0.194   0.245  1.00  0.00     0.222 C 
INPUT-LIGAND-PDBQT: HETATM    9  C   UNL     1      -1.351  -1.693   0.481  1.00  0.00     0.043 C 
INPUT-LIGAND-PDBQT: BRANCH   8  10
INPUT-LIGAND-PDBQT: HETATM   10  N   UNL     1      -2.908   0.033  -0.223  1.00  0.00     0.084 N 
INPUT-LIGAND-PDBQT: HETATM   11  C   UNL     1      -3.134   1.456  -0.463  1.00  0.00     0.309 C 
INPUT-LIGAND-PDBQT: HETATM   12  C   UNL     1      -3.869  -0.483   0.749  1.00  0.00     0.309 C 
INPUT-LIGAND-PDBQT: ENDBRANCH   8  10
INPUT-LIGAND-PDBQT: ENDBRANCH   7   8
INPUT-LIGAND-PDBQT: ENDBRANCH   1   7
INPUT-LIGAND-PDBQT: TORSDOF 3
________________________________________________________________________________

Total charge on ligand                               =	+1.001 e
REMARK  3 active torsions:
REMARK  status: ('A' for Active; 'I' for Inactive)
REMARK    1  A    between atoms: N_1  and  C_2 
REMARK    2  A    between atoms: C_2  and  C_3 
REMARK    3  A    between atoms: C_3  and  C_5 


Number of Rotatable Bonds in Small Molecule =	3 torsions
Number of atoms in ligand:  12

Number of non-hydrogen atoms in ligand:  12

Number of vibrational degrees of freedom of ligand:  30


Number of torsional degrees of freedom = 3
Estimated loss of torsional free energy upon binding = +0.8949 kcal/mol


DPF> about 0.0 0.0001 0.0001              # small molecule center

Small molecule center of rotation =	(+0.000, +0.000, +0.000)

DPF> # ADDED BY TOXIM

DPF> 

DPF> ga_pop_size 250                      # number of individuals in population

A population of 250 individuals will be used
DPF> ga_num_evals 20000000                # maximum number of energy evaluations

There will be at most 20000000 function evaluations used.
DPF> ga_num_generations 2000000000        # maximum number of generations

The GA will run for at most 2000000000 generations.
DPF> ga_elitism 1                         # number of top individuals to survive to next generation

The 1 best will be preserved each GA generation.
DPF> ga_mutation_rate 0.02                # rate of gene mutation

The mutation rate is 0.020000.
DPF> ga_crossover_rate 0.8                # rate of crossover

The crossover rate is 0.800000.
DPF> ga_window_size 10                    # 

The GA's selection window is 10 generations.
DPF> ga_cauchy_alpha 0.0                  # Alpha parameter of Cauchy distribution

The alpha parameter (for the Cauchy distribution) is being set to 0.000000.
DPF> ga_cauchy_beta 1.0                   # Beta parameter Cauchy distribution

The beta parameter (for the Cauchy distribution) is being set to 1.000000.
DPF> set_ga                               # set the above parameters for GA or LGA

DPF> sw_max_its 300                       # iterations of Solis & Wets local search

Solis & Wets algorithms will perform at most 300 iterations.
DPF> sw_max_succ 4                        # consecutive successes before changing rho

Solis & Wets algorithms expand rho every 4 in a row successes.
DPF> sw_max_fail 4                        # consecutive failures before changing rho

Solis & Wets algorithms contract rho every 4 in a row failures.
DPF> sw_rho 1.0                           # size of local search space to sample

rho is set to 1.000000.
DPF> sw_lb_rho 0.01                       # lower bound on rho

rho will never get smaller than 0.010000.
DPF> ls_search_freq 0.06                  # probability of performing local search on individual

Local search will be performed with frequency 0.060000.
DPF> set_psw1                             # set the above pseudo-Solis & Wets parameters

Creating a new Local Search object using the pseudo-Solis-Wets algorithm (pSW1) with the current settings.

DPF> unbound_model bound                  # state of unbound ligand

DPF> ga_run 100                           # do this many hybrid GA-LS runs

centering ligand on specified point: 0.000 0.000 0.000
Furthest true ligand atom from "about" center is 3.970 Angstroms (maxrad).
Setting 'tran0' value to same as 'about' value: 0.000 0.000 0.000
Number of requested GA dockings = 100 runs
Unbound model to be used is 'same as bound' [AutoDock 4.2 default].

	BEGINNING GENETIC ALGORITHM DOCKING
Run:	1 / 100
Date:	Sun Jun 25 16:09:26 2017
Beginning LAMARCKIAN GENETIC ALGORITHM (LGA), with a maximum of 20000000 energy evaluations.

Final-Value: -2.874
Real= 1m 27.49s,  CPU= 1m 27.50s,  System= 0.00s


	FINAL GENETIC ALGORITHM ALGORITHM DOCKED STATE
	_______________________________________________


Detailed state:  trans -2.834 0.168 4.690 quatxyzw -0.662365 0.385494 -0.280200 0.578061 center 0.000 0.000 0.000 ntor 3 12.7438 -39.0375 117.9882
State:	 -2.834   0.168   4.690  -0.812  0.472 -0.343 109.371     12.74  -39.04  117.99

DOCKED: MODEL        1
DOCKED: USER    Run = 1
DOCKED: USER    DPF = ligand_receptor.dpf
DOCKED: USER  
DOCKED: USER    Estimated Free Energy of Binding    =   -1.67 kcal/mol  [=(1)+(2)+(3)-(4)]
DOCKED: USER    Estimated Inhibition Constant, Ki   =   59.98 mM (millimolar)  [Temperature = 298.15 K]
DOCKED: USER    
DOCKED: USER    (1) Final Intermolecular Energy     =   -2.56 kcal/mol
DOCKED: USER        vdW + Hbond + desolv Energy     =   -3.22 kcal/mol
DOCKED: USER        Electrostatic Energy            =   +0.66 kcal/mol
DOCKED: USER    (2) Final Total Internal Energy     =   -0.31 kcal/mol
DOCKED: USER    (3) Torsional Free Energy           =   +0.89 kcal/mol
DOCKED: USER    (4) Unbound System's Energy  [=(2)] =   -0.31 kcal/mol
DOCKED: USER    
DOCKED: USER    
DOCKED: USER    NEWDPF move ligand.pdbqt
DOCKED: USER    NEWDPF about 0.000000 0.000100 0.000100
DOCKED: USER    NEWDPF tran0 -2.833691 0.168003 4.689542
DOCKED: USER    NEWDPF quaternion0 -0.662365 0.385494 -0.280200 0.578061
DOCKED: USER    NEWDPF axisangle0 -0.811729 0.472423 -0.343385 109.371460
DOCKED: USER    NEWDPF quat0 -0.811729 0.472423 -0.343385 109.371460
DOCKED: USER    NEWDPF dihe0 12.74 -39.04 117.99 
DOCKED: USER  keepresnum = 1 
DOCKED: USER  
DOCKED: REMARK  3 active torsions:
DOCKED: REMARK  status: ('A' for Active; 'I' for Inactive)
DOCKED: REMARK    1  A    between atoms: N_1  and  C_2 
DOCKED: REMARK    2  A    between atoms: C_2  and  C_3 
DOCKED: REMARK    3  A    between atoms: C_3  and  C_5 
DOCKED: USER                              x       y       z     vdW  Elec       q    Type
DOCKED: USER                           _______ _______ _______ _____ _____    ______ ____
DOCKED: ROOT
DOCKED: ATOM      1  C   UNL     1      -2.497   0.360   5.614 -0.29 -0.04    -0.056 A 
DOCKED: ATOM      2  C   UNL     1      -3.064  -0.505   6.537 -0.45 +0.01    +0.007 A 
DOCKED: ATOM      3  C   UNL     1      -1.138   0.625   5.616 -0.25 +0.01    +0.007 A 
DOCKED: ATOM      4  C   UNL     1      -2.249  -1.121   7.486 -0.52 +0.00    +0.001 A 
DOCKED: ATOM      5  C   UNL     1      -0.322   0.007   6.565 -0.27 +0.00    +0.001 A 
DOCKED: ATOM      6  C   UNL     1      -0.878  -0.865   7.500 -0.38 +0.00    +0.000 A 
DOCKED: ENDROOT
DOCKED: BRANCH   1   7
DOCKED: ATOM      7  C   UNL     1      -3.380   1.028   4.587 -0.22 +0.05    +0.074 C 
DOCKED: BRANCH   7   8
DOCKED: ATOM      8  C   UNL     1      -4.832   1.224   5.057 -0.16 +0.14    +0.222 C 
DOCKED: ATOM      9  C   UNL     1      -5.779   0.162   4.499 -0.26 +0.03    +0.043 C 
DOCKED: BRANCH   8  10
DOCKED: ATOM     10  N   UNL     1      -5.312   2.542   4.627 -0.17 +0.06    +0.084 N 
DOCKED: ATOM     11  C   UNL     1      -4.293   3.559   4.873 -0.12 +0.22    +0.309 C 
DOCKED: ATOM     12  C   UNL     1      -6.553   2.882   5.319 -0.14 +0.20    +0.309 C 
DOCKED: ENDBRANCH   8  10
DOCKED: ENDBRANCH   7   8
DOCKED: ENDBRANCH   1   7
DOCKED: TORSDOF 3
DOCKED: TER
DOCKED: ENDMDL
________________________________________________________________________________


	BEGINNING GENETIC ALGORITHM DOCKING
Run:	2 / 100
Date:	Sun Jun 25 16:10:53 2017
Beginning LAMARCKIAN GENETIC ALGORITHM (LGA), with a maximum of 20000000 energy evaluations.

Final-Value: -2.875
Real= 1m 27.49s,  CPU= 1m 27.48s,  System= 0.01s


	FINAL GENETIC ALGORITHM ALGORITHM DOCKED STATE
	_______________________________________________


Detailed state:  trans -2.834 0.191 4.703 quatxyzw 0.663278 -0.388360 0.274348 -0.577904 center 0.000 0.000 0.000 ntor 3 14.5360 -38.2381 116.4481
State:	 -2.834   0.191   4.703   0.813 -0.476  0.336 -109.394     14.54  -38.24  116.45

DOCKED: MODEL        2
DOCKED: USER    Run = 2
DOCKED: USER    DPF = ligand_receptor.dpf
DOCKED: USER  
DOCKED: USER    Estimated Free Energy of Binding    =   -1.67 kcal/mol  [=(1)+(2)+(3)-(4)]
DOCKED: USER    Estimated Inhibition Constant, Ki   =   59.78 mM (millimolar)  [Temperature = 298.15 K]
DOCKED: USER    
DOCKED: USER    (1) Final Intermolecular Energy     =   -2.56 kcal/mol
DOCKED: USER        vdW + Hbond + desolv Energy     =   -3.22 kcal/mol
DOCKED: USER        Electrostatic Energy            =   +0.66 kcal/mol
DOCKED: USER    (2) Final Total Internal Energy     =   -0.31 kcal/mol
DOCKED: USER    (3) Torsional Free Energy           =   +0.89 kcal/mol
DOCKED: USER    (4) Unbound System's Energy  [=(2)] =   -0.31 kcal/mol
DOCKED: USER    
DOCKED: USER    
DOCKED: USER    NEWDPF move ligand.pdbqt
DOCKED: USER    NEWDPF about 0.000000 0.000100 0.000100
DOCKED: USER    NEWDPF tran0 -2.834219 0.190704 4.702528
DOCKED: USER    NEWDPF quaternion0 0.663278 -0.388360 0.274348 -0.577904
DOCKED: USER    NEWDPF axisangle0 0.812736 -0.475871 0.336167 -109.393544
DOCKED: USER    NEWDPF quat0 0.812736 -0.475871 0.336167 -109.393544
DOCKED: USER    NEWDPF dihe0 14.54 -38.24 116.45 
DOCKED: USER  keepresnum = 1 
DOCKED: USER  
DOCKED: REMARK  3 active torsions:
DOCKED: REMARK  status: ('A' for Active; 'I' for Inactive)
DOCKED: REMARK    1  A    between atoms: N_1  and  C_2 
DOCKED: REMARK    2  A    between atoms: C_2  and  C_3 
DOCKED: REMARK    3  A    between atoms: C_3  and  C_5 
DOCKED: USER                              x       y       z     vdW  Elec       q    Type
DOCKED: USER                           _______ _______ _______ _____ _____    ______ ____
DOCKED: ROOT
DOCKED: ATOM      1  C   UNL     1      -2.492   0.373   5.627 -0.30 -0.04    -0.056 A 
DOCKED: ATOM      2  C   UNL     1      -3.062  -0.493   6.546 -0.45 +0.01    +0.007 A 
DOCKED: ATOM      3  C   UNL     1      -1.129   0.625   5.624 -0.25 +0.01    +0.007 A 
DOCKED: ATOM      4  C   UNL     1      -2.249  -1.125   7.486 -0.52 +0.00    +0.001 A 
DOCKED: ATOM      5  C   UNL     1      -0.315  -0.008   6.565 -0.27 +0.00    +0.001 A 
DOCKED: ATOM      6  C   UNL     1      -0.875  -0.882   7.495 -0.38 +0.00    +0.000 A 
DOCKED: ENDROOT
DOCKED: BRANCH   1   7
DOCKED: ATOM      7  C   UNL     1      -3.373   1.057   4.609 -0.23 +0.05    +0.074 C 
DOCKED: BRANCH   7   8
DOCKED: ATOM      8  C   UNL     1      -4.830   1.230   5.073 -0.15 +0.14    +0.222 C 
DOCKED: ATOM      9  C   UNL     1      -5.760   0.161   4.499 -0.26 +0.03    +0.043 C 
DOCKED: BRANCH   8  10
DOCKED: ATOM     10  N   UNL     1      -5.324   2.546   4.654 -0.17 +0.06    +0.084 N 
DOCKED: ATOM     11  C   UNL     1      -4.303   3.566   4.875 -0.12 +0.22    +0.309 C 
DOCKED: ATOM     12  C   UNL     1      -6.550   2.881   5.373 -0.14 +0.20    +0.309 C 
DOCKED: ENDBRANCH   8  10
DOCKED: ENDBRANCH   7   8
DOCKED: ENDBRANCH   1   7
DOCKED: TORSDOF 3
DOCKED: TER
DOCKED: ENDMDL
________________________________________________________________________________


	BEGINNING GENETIC ALGORITHM DOCKING
Run:	3 / 100
Date:	Sun Jun 25 16:12:21 2017
Beginning LAMARCKIAN GENETIC ALGORITHM (LGA), with a maximum of 20000000 energy evaluations.

Final-Value: -2.921
Real= 1m 27.63s,  CPU= 1m 27.63s,  System= 0.00s


	FINAL GENETIC ALGORITHM ALGORITHM DOCKED STATE
	_______________________________________________


Detailed state:  trans -3.816 1.238 5.785 quatxyzw -0.490580 0.073065 -0.340534 -0.798767 center 0.000 0.000 0.000 ntor 3 -94.0194 -87.3171 -143.9938
State:	 -3.816   1.238   5.785  -0.815  0.121 -0.566 -73.975    -94.02  -87.32 -143.99

DOCKED: MODEL        3
DOCKED: USER    Run = 3
DOCKED: USER    DPF = ligand_receptor.dpf
DOCKED: USER  
DOCKED: USER    Estimated Free Energy of Binding    =   -1.70 kcal/mol  [=(1)+(2)+(3)-(4)]
DOCKED: USER    Estimated Inhibition Constant, Ki   =   56.65 mM (millimolar)  [Temperature = 298.15 K]
DOCKED: USER    
DOCKED: USER    (1) Final Intermolecular Energy     =   -2.60 kcal/mol
DOCKED: USER        vdW + Hbond + desolv Energy     =   -3.19 kcal/mol
DOCKED: USER        Electrostatic Energy            =   +0.59 kcal/mol
DOCKED: USER    (2) Final Total Internal Energy     =   -0.33 kcal/mol
DOCKED: USER    (3) Torsional Free Energy           =   +0.89 kcal/mol
DOCKED: USER    (4) Unbound System's Energy  [=(2)] =   -0.33 kcal/mol
DOCKED: USER    
DOCKED: USER    
DOCKED: USER    NEWDPF move ligand.pdbqt
DOCKED: USER    NEWDPF about 0.000000 0.000100 0.000100
DOCKED: USER    NEWDPF tran0 -3.816309 1.238270 5.785010
DOCKED: USER    NEWDPF quaternion0 -0.490580 0.073065 -0.340534 -0.798767
DOCKED: USER    NEWDPF axisangle0 -0.815404 0.121444 -0.566010 -73.974891
DOCKED: USER    NEWDPF quat0 -0.815404 0.121444 -0.566010 -73.974891
DOCKED: USER    NEWDPF dihe0 -94.02 -87.32 -143.99 
DOCKED: USER  keepresnum = 1 
DOCKED: USER  
DOCKED: REMARK  3 active torsions:
DOCKED: REMARK  status: ('A' for Active; 'I' for Inactive)
DOCKED: REMARK    1  A    between atoms: N_1  and  C_2 
DOCKED: REMARK    2  A    between atoms: C_2  and  C_3 
DOCKED: REMARK    3  A    between atoms: C_3  and  C_5 
DOCKED: USER                              x       y       z     vdW  Elec       q    Type
DOCKED: USER                           _______ _______ _______ _____ _____    ______ ____
DOCKED: ROOT
DOCKED: ATOM      1  C   UNL     1      -3.197   0.470   5.607 -0.27 -0.04    -0.056 A 
DOCKED: ATOM      2  C   UNL     1      -1.932   0.923   5.267 -0.24 +0.01    +0.007 A 
DOCKED: ATOM      3  C   UNL     1      -3.375  -0.550   6.526 -0.41 +0.01    +0.007 A 
DOCKED: ATOM      4  C   UNL     1      -0.815   0.340   5.864 -0.26 +0.00    +0.001 A 
DOCKED: ATOM      5  C   UNL     1      -2.257  -1.134   7.125 -0.51 +0.00    +0.001 A 
DOCKED: ATOM      6  C   UNL     1      -0.977  -0.689   6.793 -0.38 +0.00    +0.000 A 
DOCKED: ENDROOT
DOCKED: BRANCH   1   7
DOCKED: ATOM      7  C   UNL     1      -4.407   1.102   4.959 -0.26 +0.05    +0.074 C 
DOCKED: BRANCH   7   8
DOCKED: ATOM      8  C   UNL     1      -5.346   0.085   4.285 -0.06 +0.14    +0.222 C 
DOCKED: ATOM      9  C   UNL     1      -6.059   0.664   3.064 -0.13 +0.03    +0.043 C 
DOCKED: BRANCH   8  10
DOCKED: ATOM     10  N   UNL     1      -6.361  -0.356   5.247 -0.25 +0.04    +0.084 N 
DOCKED: ATOM     11  C   UNL     1      -6.794  -1.717   4.942 -0.28 +0.20    +0.309 C 
DOCKED: ATOM     12  C   UNL     1      -7.499   0.560   5.240 -0.14 +0.17    +0.309 C 
DOCKED: ENDBRANCH   8  10
DOCKED: ENDBRANCH   7   8
DOCKED: ENDBRANCH   1   7
DOCKED: TORSDOF 3
DOCKED: TER
DOCKED: ENDMDL
________________________________________________________________________________


	BEGINNING GENETIC ALGORITHM DOCKING
Run:	4 / 100
Date:	Sun Jun 25 16:13:48 2017
Beginning LAMARCKIAN GENETIC ALGORITHM (LGA), with a maximum of 20000000 energy evaluations.

Final-Value: -2.891
Real= 1m 27.47s,  CPU= 1m 27.46s,  System= 0.01s


	FINAL GENETIC ALGORITHM ALGORITHM DOCKED STATE
	_______________________________________________


Detailed state:  trans -2.819 0.212 4.693 quatxyzw -0.666179 0.389414 -0.278740 0.571722 center 0.000 0.000 0.000 ntor 3 -135.2343 -66.4870 101.4182
State:	 -2.819   0.212   4.693  -0.812  0.475 -0.340 110.259   -135.23  -66.49  101.42

DOCKED: MODEL        4
DOCKED: USER    Run = 4
DOCKED: USER    DPF = ligand_receptor.dpf
DOCKED: USER  
DOCKED: USER    Estimated Free Energy of Binding    =   -1.69 kcal/mol  [=(1)+(2)+(3)-(4)]
DOCKED: USER    Estimated Inhibition Constant, Ki   =   57.49 mM (millimolar)  [Temperature = 298.15 K]
DOCKED: USER    
DOCKED: USER    (1) Final Intermolecular Energy     =   -2.59 kcal/mol
DOCKED: USER        vdW + Hbond + desolv Energy     =   -3.22 kcal/mol
DOCKED: USER        Electrostatic Energy            =   +0.63 kcal/mol
DOCKED: USER    (2) Final Total Internal Energy     =   -0.30 kcal/mol
DOCKED: USER    (3) Torsional Free Energy           =   +0.89 kcal/mol
DOCKED: USER    (4) Unbound System's Energy  [=(2)] =   -0.30 kcal/mol
DOCKED: USER    
DOCKED: USER    
DOCKED: USER    NEWDPF move ligand.pdbqt
DOCKED: USER    NEWDPF about 0.000000 0.000100 0.000100
DOCKED: USER    NEWDPF tran0 -2.818632 0.211884 4.693296
DOCKED: USER    NEWDPF quaternion0 -0.666179 0.389414 -0.278740 0.571722
DOCKED: USER    NEWDPF axisangle0 -0.811970 0.474636 -0.339742 110.259248
DOCKED: USER    NEWDPF quat0 -0.811970 0.474636 -0.339742 110.259248
DOCKED: USER    NEWDPF dihe0 -135.23 -66.49 101.42 
DOCKED: USER  keepresnum = 1 
DOCKED: USER  
DOCKED: REMARK  3 active torsions:
DOCKED: REMARK  status: ('A' for Active; 'I' for Inactive)
DOCKED: REMARK    1  A    between atoms: N_1  and  C_2 
DOCKED: REMARK    2  A    between atoms: C_2  and  C_3 
DOCKED: REMARK    3  A    between atoms: C_3  and  C_5 
DOCKED: USER                              x       y       z     vdW  Elec       q    Type
DOCKED: USER                           _______ _______ _______ _____ _____    ______ ____
DOCKED: ROOT
DOCKED: ATOM      1  C   UNL     1      -2.487   0.389   5.623 -0.29 -0.04    -0.056 A 
DOCKED: ATOM      2  C   UNL     1      -3.059  -0.490   6.528 -0.45 +0.01    +0.007 A 
DOCKED: ATOM      3  C   UNL     1      -1.127   0.653   5.636 -0.24 +0.01    +0.007 A 
DOCKED: ATOM      4  C   UNL     1      -2.250  -1.123   7.472 -0.52 +0.00    +0.001 A 
DOCKED: ATOM      5  C   UNL     1      -0.317   0.020   6.579 -0.26 +0.00    +0.001 A 
DOCKED: ATOM      6  C   UNL     1      -0.878  -0.867   7.497 -0.38 +0.00    +0.000 A 
DOCKED: ENDROOT
DOCKED: BRANCH   1   7
DOCKED: ATOM      7  C   UNL     1      -3.364   1.074   4.601 -0.23 +0.05    +0.074 C 
DOCKED: BRANCH   7   8
DOCKED: ATOM      8  C   UNL     1      -4.870   0.909   4.874 -0.20 +0.14    +0.222 C 
DOCKED: ATOM      9  C   UNL     1      -5.632   0.381   3.659 -0.18 +0.03    +0.043 C 
DOCKED: BRANCH   8  10
DOCKED: ATOM     10  N   UNL     1      -5.443   2.205   5.250 -0.22 +0.05    +0.084 N 
DOCKED: ATOM     11  C   UNL     1      -6.903   2.139   5.235 -0.14 +0.18    +0.309 C 
DOCKED: ATOM     12  C   UNL     1      -4.967   3.253   4.350 -0.10 +0.21    +0.309 C 
DOCKED: ENDBRANCH   8  10
DOCKED: ENDBRANCH   7   8
DOCKED: ENDBRANCH   1   7
DOCKED: TORSDOF 3
DOCKED: TER
DOCKED: ENDMDL
________________________________________________________________________________


	BEGINNING GENETIC ALGORITHM DOCKING
Run:	5 / 100
Date:	Sun Jun 25 16:15:16 2017
Beginning LAMARCKIAN GENETIC ALGORITHM (LGA), with a maximum of 20000000 energy evaluations.

Final-Value: -2.848
Real= 1m 27.53s,  CPU= 1m 27.52s,  System= 0.00s


	FINAL GENETIC ALGORITHM ALGORITHM DOCKED STATE
	_______________________________________________


Detailed state:  trans -3.759 0.300 4.739 quatxyzw 0.737743 -0.276855 0.185090 -0.587220 center 0.000 0.000 0.000 ntor 3 -95.7234 -68.3962 42.6235
State:	 -3.759   0.300   4.739   0.911 -0.342  0.229 -108.080    -95.72  -68.40   42.62

DOCKED: MODEL        5
DOCKED: USER    Run = 5
DOCKED: USER    DPF = ligand_receptor.dpf
DOCKED: USER  
DOCKED: USER    Estimated Free Energy of Binding    =   -1.64 kcal/mol  [=(1)+(2)+(3)-(4)]
DOCKED: USER    Estimated Inhibition Constant, Ki   =   62.43 mM (millimolar)  [Temperature = 298.15 K]
DOCKED: USER    
DOCKED: USER    (1) Final Intermolecular Energy     =   -2.54 kcal/mol
DOCKED: USER        vdW + Hbond + desolv Energy     =   -3.12 kcal/mol
DOCKED: USER        Electrostatic Energy            =   +0.59 kcal/mol
DOCKED: USER    (2) Final Total Internal Energy     =   -0.31 kcal/mol
DOCKED: USER    (3) Torsional Free Energy           =   +0.89 kcal/mol
DOCKED: USER    (4) Unbound System's Energy  [=(2)] =   -0.31 kcal/mol
DOCKED: USER    
DOCKED: USER    
DOCKED: USER    NEWDPF move ligand.pdbqt
DOCKED: USER    NEWDPF about 0.000000 0.000100 0.000100
DOCKED: USER    NEWDPF tran0 -3.758781 0.300327 4.739212
DOCKED: USER    NEWDPF quaternion0 0.737743 -0.276855 0.185090 -0.587220
DOCKED: USER    NEWDPF axisangle0 0.911439 -0.342038 0.228668 -108.080018
DOCKED: USER    NEWDPF quat0 0.911439 -0.342038 0.228668 -108.080018
DOCKED: USER    NEWDPF dihe0 -95.72 -68.40 42.62 
DOCKED: USER  keepresnum = 1 
DOCKED: USER  
DOCKED: REMARK  3 active torsions:
DOCKED: REMARK  status: ('A' for Active; 'I' for Inactive)
DOCKED: REMARK    1  A    between atoms: N_1  and  C_2 
DOCKED: REMARK    2  A    between atoms: C_2  and  C_3 
DOCKED: REMARK    3  A    between atoms: C_3  and  C_5 
DOCKED: USER                              x       y       z     vdW  Elec       q    Type
DOCKED: USER                           _______ _______ _______ _____ _____    ______ ____
DOCKED: ROOT
DOCKED: ATOM      1  C   UNL     1      -3.175   0.456   5.539 -0.27 -0.04    -0.056 A 
DOCKED: ATOM      2  C   UNL     1      -3.373  -0.525   6.496 -0.41 +0.01    +0.007 A 
DOCKED: ATOM      3  C   UNL     1      -1.901   0.854   5.168 -0.24 +0.01    +0.007 A 
DOCKED: ATOM      4  C   UNL     1      -2.268  -1.126   7.099 -0.51 +0.00    +0.001 A 
DOCKED: ATOM      5  C   UNL     1      -0.794   0.252   5.770 -0.27 +0.00    +0.001 A 
DOCKED: ATOM      6  C   UNL     1      -0.979  -0.737   6.735 -0.38 +0.00    +0.000 A 
DOCKED: ENDROOT
DOCKED: BRANCH   1   7
DOCKED: ATOM      7  C   UNL     1      -4.372   1.108   4.887 -0.27 +0.05    +0.074 C 
DOCKED: BRANCH   7   8
DOCKED: ATOM      8  C   UNL     1      -5.432   0.102   4.404 -0.12 +0.14    +0.222 C 
DOCKED: ATOM      9  C   UNL     1      -5.848   0.339   2.952 -0.13 +0.03    +0.043 C 
DOCKED: BRANCH   8  10
DOCKED: ATOM     10  N   UNL     1      -6.626   0.207   5.249 -0.18 +0.04    +0.084 N 
DOCKED: ATOM     11  C   UNL     1      -7.342  -1.066   5.278 -0.24 +0.18    +0.309 C 
DOCKED: ATOM     12  C   UNL     1      -7.498   1.276   4.766 -0.11 +0.18    +0.309 C 
DOCKED: ENDBRANCH   8  10
DOCKED: ENDBRANCH   7   8
DOCKED: ENDBRANCH   1   7
DOCKED: TORSDOF 3
DOCKED: TER
DOCKED: ENDMDL
________________________________________________________________________________


	BEGINNING GENETIC ALGORITHM DOCKING
Run:	6 / 100
Date:	Sun Jun 25 16:16:43 2017
Beginning LAMARCKIAN GENETIC ALGORITHM (LGA), with a maximum of 20000000 energy evaluations.

Final-Value: -2.890
Real= 1m 27.54s,  CPU= 1m 27.54s,  System= 0.00s


	FINAL GENETIC ALGORITHM ALGORITHM DOCKED STATE
	_______________________________________________


Detailed state:  trans -3.041 1.221 5.546 quatxyzw 0.471235 0.031436 0.459356 0.752291 center 0.000 0.000 0.000 ntor 3 -142.0652 -67.0706 -78.4995
State:	 -3.041   1.221   5.546   0.715  0.048  0.697 82.421   -142.07  -67.07  -78.50

DOCKED: MODEL        6
DOCKED: USER    Run = 6
DOCKED: USER    DPF = ligand_receptor.dpf
DOCKED: USER  
DOCKED: USER    Estimated Free Energy of Binding    =   -1.69 kcal/mol  [=(1)+(2)+(3)-(4)]
DOCKED: USER    Estimated Inhibition Constant, Ki   =   57.90 mM (millimolar)  [Temperature = 298.15 K]
DOCKED: USER    
DOCKED: USER    (1) Final Intermolecular Energy     =   -2.58 kcal/mol
DOCKED: USER        vdW + Hbond + desolv Energy     =   -3.21 kcal/mol
DOCKED: USER        Electrostatic Energy            =   +0.63 kcal/mol
DOCKED: USER    (2) Final Total Internal Energy     =   -0.31 kcal/mol
DOCKED: USER    (3) Torsional Free Energy           =   +0.89 kcal/mol
DOCKED: USER    (4) Unbound System's Energy  [=(2)] =   -0.31 kcal/mol
DOCKED: USER    
DOCKED: USER    
DOCKED: USER    NEWDPF move ligand.pdbqt
DOCKED: USER    NEWDPF about 0.000000 0.000100 0.000100
DOCKED: USER    NEWDPF tran0 -3.041017 1.221303 5.545799
DOCKED: USER    NEWDPF quaternion0 0.471235 0.031436 0.459356 0.752291
DOCKED: USER    NEWDPF axisangle0 0.715259 0.047715 0.697229 82.421495
DOCKED: USER    NEWDPF quat0 0.715259 0.047715 0.697229 82.421495
DOCKED: USER    NEWDPF dihe0 -142.07 -67.07 -78.50 
DOCKED: USER  keepresnum = 1 
DOCKED: USER  
DOCKED: REMARK  3 active torsions:
DOCKED: REMARK  status: ('A' for Active; 'I' for Inactive)
DOCKED: REMARK    1  A    between atoms: N_1  and  C_2 
DOCKED: REMARK    2  A    between atoms: C_2  and  C_3 
DOCKED: REMARK    3  A    between atoms: C_3  and  C_5 
DOCKED: USER                              x       y       z     vdW  Elec       q    Type
DOCKED: USER                           _______ _______ _______ _____ _____    ______ ____
DOCKED: ROOT
DOCKED: ATOM      1  C   UNL     1      -2.506   0.377   5.621 -0.30 -0.04    -0.056 A 
DOCKED: ATOM      2  C   UNL     1      -1.148   0.650   5.630 -0.24 +0.01    +0.007 A 
DOCKED: ATOM      3  C   UNL     1      -3.070  -0.502   6.532 -0.45 +0.01    +0.007 A 
DOCKED: ATOM      4  C   UNL     1      -0.331   0.028   6.574 -0.26 +0.00    +0.001 A 
DOCKED: ATOM      5  C   UNL     1      -2.253  -1.124   7.478 -0.52 +0.00    +0.001 A 
DOCKED: ATOM      6  C   UNL     1      -0.885  -0.859   7.498 -0.38 +0.00    +0.000 A 
DOCKED: ENDROOT
DOCKED: BRANCH   1   7
DOCKED: ATOM      7  C   UNL     1      -3.390   1.050   4.598 -0.23 +0.05    +0.074 C 
DOCKED: BRANCH   7   8
DOCKED: ATOM      8  C   UNL     1      -4.894   0.878   4.876 -0.20 +0.14    +0.222 C 
DOCKED: ATOM      9  C   UNL     1      -5.659   0.350   3.661 -0.18 +0.03    +0.043 C 
DOCKED: BRANCH   8  10
DOCKED: ATOM     10  N   UNL     1      -5.472   2.170   5.259 -0.22 +0.05    +0.084 N 
DOCKED: ATOM     11  C   UNL     1      -6.923   2.147   5.093 -0.13 +0.18    +0.309 C 
DOCKED: ATOM     12  C   UNL     1      -4.881   3.246   4.466 -0.11 +0.21    +0.309 C 
DOCKED: ENDBRANCH   8  10
DOCKED: ENDBRANCH   7   8
DOCKED: ENDBRANCH   1   7
DOCKED: TORSDOF 3
DOCKED: TER
DOCKED: ENDMDL
________________________________________________________________________________


	BEGINNING GENETIC ALGORITHM DOCKING
Run:	7 / 100
Date:	Sun Jun 25 16:18:11 2017
Beginning LAMARCKIAN GENETIC ALGORITHM (LGA), with a maximum of 20000000 energy evaluations.

Final-Value: -2.886
Real= 1m 27.53s,  CPU= 1m 27.53s,  System= 0.01s


	FINAL GENETIC ALGORITHM ALGORITHM DOCKED STATE
	_______________________________________________


Detailed state:  trans -2.925 1.254 5.554 quatxyzw -0.490214 0.001974 -0.480159 -0.727416 center 0.000 0.000 0.000 ntor 3 -134.7347 -64.0606 -86.0311
State:	 -2.925   1.254   5.554  -0.714  0.003 -0.700 -86.660   -134.73  -64.06  -86.03

DOCKED: MODEL        7
DOCKED: USER    Run = 7
DOCKED: USER    DPF = ligand_receptor.dpf
DOCKED: USER  
DOCKED: USER    Estimated Free Energy of Binding    =   -1.69 kcal/mol  [=(1)+(2)+(3)-(4)]
DOCKED: USER    Estimated Inhibition Constant, Ki   =   57.77 mM (millimolar)  [Temperature = 298.15 K]
DOCKED: USER    
DOCKED: USER    (1) Final Intermolecular Energy     =   -2.58 kcal/mol
DOCKED: USER        vdW + Hbond + desolv Energy     =   -3.21 kcal/mol
DOCKED: USER        Electrostatic Energy            =   +0.63 kcal/mol
DOCKED: USER    (2) Final Total Internal Energy     =   -0.30 kcal/mol
DOCKED: USER    (3) Torsional Free Energy           =   +0.89 kcal/mol
DOCKED: USER    (4) Unbound System's Energy  [=(2)] =   -0.30 kcal/mol
DOCKED: USER    
DOCKED: USER    
DOCKED: USER    NEWDPF move ligand.pdbqt
DOCKED: USER    NEWDPF about 0.000000 0.000100 0.000100
DOCKED: USER    NEWDPF tran0 -2.924661 1.253551 5.554336
DOCKED: USER    NEWDPF quaternion0 -0.490214 0.001974 -0.480159 -0.727416
DOCKED: USER    NEWDPF axisangle0 -0.714393 0.002877 -0.699739 -86.659649
DOCKED: USER    NEWDPF quat0 -0.714393 0.002877 -0.699739 -86.659649
DOCKED: USER    NEWDPF dihe0 -134.73 -64.06 -86.03 
DOCKED: USER  keepresnum = 1 
DOCKED: USER  
DOCKED: REMARK  3 active torsions:
DOCKED: REMARK  status: ('A' for Active; 'I' for Inactive)
DOCKED: REMARK    1  A    between atoms: N_1  and  C_2 
DOCKED: REMARK    2  A    between atoms: C_2  and  C_3 
DOCKED: REMARK    3  A    between atoms: C_3  and  C_5 
DOCKED: USER                              x       y       z     vdW  Elec       q    Type
DOCKED: USER                           _______ _______ _______ _____ _____    ______ ____
DOCKED: ROOT
DOCKED: ATOM      1  C   UNL     1      -2.462   0.367   5.624 -0.30 -0.04    -0.056 A 
DOCKED: ATOM      2  C   UNL     1      -1.086   0.521   5.565 -0.25 +0.01    +0.007 A 
DOCKED: ATOM      3  C   UNL     1      -3.056  -0.443   6.578 -0.44 +0.01    +0.007 A 
DOCKED: ATOM      4  C   UNL     1      -0.282  -0.153   6.484 -0.27 +0.00    +0.001 A 
DOCKED: ATOM      5  C   UNL     1      -2.252  -1.117   7.499 -0.52 +0.00    +0.001 A 
DOCKED: ATOM      6  C   UNL     1      -0.866  -0.972   7.452 -0.37 +0.00    +0.000 A 
DOCKED: ENDROOT
DOCKED: BRANCH   1   7
DOCKED: ATOM      7  C   UNL     1      -3.332   1.096   4.627 -0.24 +0.05    +0.074 C 
DOCKED: BRANCH   7   8
DOCKED: ATOM      8  C   UNL     1      -4.840   0.908   4.873 -0.20 +0.14    +0.222 C 
DOCKED: ATOM      9  C   UNL     1      -5.574   0.378   3.641 -0.17 +0.03    +0.043 C 
DOCKED: BRANCH   8  10
DOCKED: ATOM     10  N   UNL     1      -5.438   2.192   5.250 -0.22 +0.05    +0.084 N 
DOCKED: ATOM     11  C   UNL     1      -6.896   2.102   5.221 -0.14 +0.18    +0.309 C 
DOCKED: ATOM     12  C   UNL     1      -4.970   3.252   4.360 -0.10 +0.21    +0.309 C 
DOCKED: ENDBRANCH   8  10
DOCKED: ENDBRANCH   7   8
DOCKED: ENDBRANCH   1   7
DOCKED: TORSDOF 3
DOCKED: TER
DOCKED: ENDMDL
________________________________________________________________________________


	BEGINNING GENETIC ALGORITHM DOCKING
Run:	8 / 100
Date:	Sun Jun 25 16:19:39 2017
Beginning LAMARCKIAN GENETIC ALGORITHM (LGA), with a maximum of 20000000 energy evaluations.

Final-Value: -2.879
Real= 1m 27.50s,  CPU= 1m 27.49s,  System= 0.00s


	FINAL GENETIC ALGORITHM ALGORITHM DOCKED STATE
	_______________________________________________


Detailed state:  trans -3.130 1.192 5.540 quatxyzw 0.465436 0.044680 0.443833 0.764451 center 0.000 0.000 0.000 ntor 3 -142.1376 -68.2682 -76.7126
State:	 -3.130   1.192   5.540   0.722  0.069  0.688 80.284   -142.14  -68.27  -76.71

DOCKED: MODEL        8
DOCKED: USER    Run = 8
DOCKED: USER    DPF = ligand_receptor.dpf
DOCKED: USER  
DOCKED: USER    Estimated Free Energy of Binding    =   -1.68 kcal/mol  [=(1)+(2)+(3)-(4)]
DOCKED: USER    Estimated Inhibition Constant, Ki   =   59.11 mM (millimolar)  [Temperature = 298.15 K]
DOCKED: USER    
DOCKED: USER    (1) Final Intermolecular Energy     =   -2.57 kcal/mol
DOCKED: USER        vdW + Hbond + desolv Energy     =   -3.20 kcal/mol
DOCKED: USER        Electrostatic Energy            =   +0.62 kcal/mol
DOCKED: USER    (2) Final Total Internal Energy     =   -0.31 kcal/mol
DOCKED: USER    (3) Torsional Free Energy           =   +0.89 kcal/mol
DOCKED: USER    (4) Unbound System's Energy  [=(2)] =   -0.31 kcal/mol
DOCKED: USER    
DOCKED: USER    
DOCKED: USER    NEWDPF move ligand.pdbqt
DOCKED: USER    NEWDPF about 0.000000 0.000100 0.000100
DOCKED: USER    NEWDPF tran0 -3.130198 1.192406 5.539881
DOCKED: USER    NEWDPF quaternion0 0.465436 0.044680 0.443833 0.764451
DOCKED: USER    NEWDPF axisangle0 0.721962 0.069306 0.688453 80.283674
DOCKED: USER    NEWDPF quat0 0.721962 0.069306 0.688453 80.283674
DOCKED: USER    NEWDPF dihe0 -142.14 -68.27 -76.71 
DOCKED: USER  keepresnum = 1 
DOCKED: USER  
DOCKED: REMARK  3 active torsions:
DOCKED: REMARK  status: ('A' for Active; 'I' for Inactive)
DOCKED: REMARK    1  A    between atoms: N_1  and  C_2 
DOCKED: REMARK    2  A    between atoms: C_2  and  C_3 
DOCKED: REMARK    3  A    between atoms: C_3  and  C_5 
DOCKED: USER                              x       y       z     vdW  Elec       q    Type
DOCKED: USER                           _______ _______ _______ _____ _____    ______ ____
DOCKED: ROOT
DOCKED: ATOM      1  C   UNL     1      -2.557   0.374   5.615 -0.29 -0.04    -0.056 A 
DOCKED: ATOM      2  C   UNL     1      -1.213   0.710   5.639 -0.24 +0.01    +0.007 A 
DOCKED: ATOM      3  C   UNL     1      -3.087  -0.538   6.514 -0.45 +0.01    +0.007 A 
DOCKED: ATOM      4  C   UNL     1      -0.377   0.121   6.587 -0.26 +0.00    +0.001 A 
DOCKED: ATOM      5  C   UNL     1      -2.251  -1.127   7.463 -0.52 +0.00    +0.001 A 
DOCKED: ATOM      6  C   UNL     1      -0.897  -0.798   7.500 -0.39 +0.00    +0.000 A 
DOCKED: ENDROOT
DOCKED: BRANCH   1   7
DOCKED: ATOM      7  C   UNL     1      -3.462   1.012   4.588 -0.22 +0.05    +0.074 C 
DOCKED: BRANCH   7   8
DOCKED: ATOM      8  C   UNL     1      -4.960   0.803   4.873 -0.19 +0.13    +0.222 C 
DOCKED: ATOM      9  C   UNL     1      -5.720   0.269   3.658 -0.17 +0.03    +0.043 C 
DOCKED: BRANCH   8  10
DOCKED: ATOM     10  N   UNL     1      -5.564   2.079   5.271 -0.21 +0.05    +0.084 N 
DOCKED: ATOM     11  C   UNL     1      -7.015   2.025   5.112 -0.13 +0.18    +0.309 C 
DOCKED: ATOM     12  C   UNL     1      -5.001   3.175   4.486 -0.11 +0.21    +0.309 C 
DOCKED: ENDBRANCH   8  10
DOCKED: ENDBRANCH   7   8
DOCKED: ENDBRANCH   1   7
DOCKED: TORSDOF 3
DOCKED: TER
DOCKED: ENDMDL
________________________________________________________________________________


	BEGINNING GENETIC ALGORITHM DOCKING
Run:	9 / 100
Date:	Sun Jun 25 16:21:06 2017
Beginning LAMARCKIAN GENETIC ALGORITHM (LGA), with a maximum of 20000000 energy evaluations.

Final-Value: -2.866
Real= 1m 27.51s,  CPU= 1m 27.50s,  System= 0.00s


	FINAL GENETIC ALGORITHM ALGORITHM DOCKED STATE
	_______________________________________________


Detailed state:  trans -2.893 0.134 4.696 quatxyzw 0.668973 -0.371720 0.289207 -0.575030 center 0.000 0.000 0.000 ntor 3 20.4855 -42.3339 116.0108
State:	 -2.893   0.134   4.696   0.818 -0.454  0.353 -109.797     20.49  -42.33  116.01

DOCKED: MODEL        9
DOCKED: USER    Run = 9
DOCKED: USER    DPF = ligand_receptor.dpf
DOCKED: USER  
DOCKED: USER    Estimated Free Energy of Binding    =   -1.65 kcal/mol  [=(1)+(2)+(3)-(4)]
DOCKED: USER    Estimated Inhibition Constant, Ki   =   61.78 mM (millimolar)  [Temperature = 298.15 K]
DOCKED: USER    
DOCKED: USER    (1) Final Intermolecular Energy     =   -2.54 kcal/mol
DOCKED: USER        vdW + Hbond + desolv Energy     =   -3.19 kcal/mol
DOCKED: USER        Electrostatic Energy            =   +0.65 kcal/mol
DOCKED: USER    (2) Final Total Internal Energy     =   -0.32 kcal/mol
DOCKED: USER    (3) Torsional Free Energy           =   +0.89 kcal/mol
DOCKED: USER    (4) Unbound System's Energy  [=(2)] =   -0.32 kcal/mol
DOCKED: USER    
DOCKED: USER    
DOCKED: USER    NEWDPF move ligand.pdbqt
DOCKED: USER    NEWDPF about 0.000000 0.000100 0.000100
DOCKED: USER    NEWDPF tran0 -2.892508 0.134256 4.695866
DOCKED: USER    NEWDPF quaternion0 0.668973 -0.371720 0.289207 -0.575030
DOCKED: USER    NEWDPF axisangle0 0.817683 -0.454352 0.353496 -109.796598
DOCKED: USER    NEWDPF quat0 0.817683 -0.454352 0.353496 -109.796598
DOCKED: USER    NEWDPF dihe0 20.49 -42.33 116.01 
DOCKED: USER  keepresnum = 1 
DOCKED: USER  
DOCKED: REMARK  3 active torsions:
DOCKED: REMARK  status: ('A' for Active; 'I' for Inactive)
DOCKED: REMARK    1  A    between atoms: N_1  and  C_2 
DOCKED: REMARK    2  A    between atoms: C_2  and  C_3 
DOCKED: REMARK    3  A    between atoms: C_3  and  C_5 
DOCKED: USER                              x       y       z     vdW  Elec       q    Type
DOCKED: USER                           _______ _______ _______ _____ _____    ______ ____
DOCKED: ROOT
DOCKED: ATOM      1  C   UNL     1      -2.558   0.341   5.618 -0.29 -0.04    -0.056 A 
DOCKED: ATOM      2  C   UNL     1      -3.089  -0.540   6.546 -0.45 +0.01    +0.007 A 
DOCKED: ATOM      3  C   UNL     1      -1.209   0.654   5.612 -0.25 +0.01    +0.007 A 
DOCKED: ATOM      4  C   UNL     1      -2.248  -1.125   7.493 -0.52 +0.00    +0.001 A 
DOCKED: ATOM      5  C   UNL     1      -0.366   0.069   6.558 -0.26 +0.00    +0.001 A 
DOCKED: ATOM      6  C   UNL     1      -0.886  -0.820   7.498 -0.38 +0.00    +0.000 A 
DOCKED: ENDROOT
DOCKED: BRANCH   1   7
DOCKED: ATOM      7  C   UNL     1      -3.470   0.974   4.593 -0.22 +0.05    +0.074 C 
DOCKED: BRANCH   7   8
DOCKED: ATOM      8  C   UNL     1      -4.935   1.076   5.053 -0.13 +0.13    +0.222 C 
DOCKED: ATOM      9  C   UNL     1      -5.829   0.019   4.404 -0.25 +0.03    +0.043 C 
DOCKED: BRANCH   8  10
DOCKED: ATOM     10  N   UNL     1      -5.464   2.401   4.711 -0.18 +0.05    +0.084 N 
DOCKED: ATOM     11  C   UNL     1      -4.428   3.418   4.872 -0.12 +0.22    +0.309 C 
DOCKED: ATOM     12  C   UNL     1      -6.626   2.714   5.539 -0.14 +0.20    +0.309 C 
DOCKED: ENDBRANCH   8  10
DOCKED: ENDBRANCH   7   8
DOCKED: ENDBRANCH   1   7
DOCKED: TORSDOF 3
DOCKED: TER
DOCKED: ENDMDL
________________________________________________________________________________


	BEGINNING GENETIC ALGORITHM DOCKING
Run:	10 / 100
Date:	Sun Jun 25 16:22:34 2017
Beginning LAMARCKIAN GENETIC ALGORITHM (LGA), with a maximum of 20000000 energy evaluations.

Final-Value: -2.898
Real= 1m 27.49s,  CPU= 1m 27.50s,  System= 0.00s


	FINAL GENETIC ALGORITHM ALGORITHM DOCKED STATE
	_______________________________________________


Detailed state:  trans -3.718 0.272 4.845 quatxyzw 0.662677 -0.324282 0.110889 -0.665886 center 0.000 0.000 0.000 ntor 3 -69.7356 -96.4327 24.3579
State:	 -3.718   0.272   4.845   0.888 -0.435  0.149 -96.499    -69.74  -96.43   24.36

DOCKED: MODEL       10
DOCKED: USER    Run = 10
DOCKED: USER    DPF = ligand_receptor.dpf
DOCKED: USER  
DOCKED: USER    Estimated Free Energy of Binding    =   -1.67 kcal/mol  [=(1)+(2)+(3)-(4)]
DOCKED: USER    Estimated Inhibition Constant, Ki   =   59.92 mM (millimolar)  [Temperature = 298.15 K]
DOCKED: USER    
DOCKED: USER    (1) Final Intermolecular Energy     =   -2.56 kcal/mol
DOCKED: USER        vdW + Hbond + desolv Energy     =   -3.16 kcal/mol
DOCKED: USER        Electrostatic Energy            =   +0.59 kcal/mol
DOCKED: USER    (2) Final Total Internal Energy     =   -0.34 kcal/mol
DOCKED: USER    (3) Torsional Free Energy           =   +0.89 kcal/mol
DOCKED: USER    (4) Unbound System's Energy  [=(2)] =   -0.34 kcal/mol
DOCKED: USER    
DOCKED: USER    
DOCKED: USER    NEWDPF move ligand.pdbqt
DOCKED: USER    NEWDPF about 0.000000 0.000100 0.000100
DOCKED: USER    NEWDPF tran0 -3.717783 0.272105 4.844715
DOCKED: USER    NEWDPF quaternion0 0.662677 -0.324282 0.110889 -0.665886
DOCKED: USER    NEWDPF axisangle0 0.888243 -0.434664 0.148634 -96.499300
DOCKED: USER    NEWDPF quat0 0.888243 -0.434664 0.148634 -96.499300
DOCKED: USER    NEWDPF dihe0 -69.74 -96.43 24.36 
DOCKED: USER  keepresnum = 1 
DOCKED: USER  
DOCKED: REMARK  3 active torsions:
DOCKED: REMARK  status: ('A' for Active; 'I' for Inactive)
DOCKED: REMARK    1  A    between atoms: N_1  and  C_2 
DOCKED: REMARK    2  A    between atoms: C_2  and  C_3 
DOCKED: REMARK    3  A    between atoms: C_3  and  C_5 
DOCKED: USER                              x       y       z     vdW  Elec       q    Type
DOCKED: USER                           _______ _______ _______ _____ _____    ______ ____
DOCKED: ROOT
DOCKED: ATOM      1  C   UNL     1      -3.048   0.397   5.580 -0.28 -0.04    -0.056 A 
DOCKED: ATOM      2  C   UNL     1      -3.375  -0.373   6.685 -0.35 +0.00    +0.007 A 
DOCKED: ATOM      3  C   UNL     1      -1.753   0.436   5.087 -0.26 +0.01    +0.007 A 
DOCKED: ATOM      4  C   UNL     1      -2.383  -1.124   7.313 -0.49 +0.00    +0.001 A 
DOCKED: ATOM      5  C   UNL     1      -0.760  -0.317   5.715 -0.31 +0.00    +0.001 A 
DOCKED: ATOM      6  C   UNL     1      -1.075  -1.097   6.827 -0.35 +0.00    +0.000 A 
DOCKED: ENDROOT
DOCKED: BRANCH   1   7
DOCKED: ATOM      7  C   UNL     1      -4.123   1.212   4.900 -0.27 +0.05    +0.074 C 
DOCKED: BRANCH   7   8
DOCKED: ATOM      8  C   UNL     1      -5.216   0.355   4.236 -0.12 +0.14    +0.222 C 
DOCKED: ATOM      9  C   UNL     1      -5.958   1.105   3.130 -0.12 +0.03    +0.043 C 
DOCKED: BRANCH   8  10
DOCKED: ATOM     10  N   UNL     1      -6.193  -0.060   5.248 -0.18 +0.04    +0.084 N 
DOCKED: ATOM     11  C   UNL     1      -6.365  -1.510   5.223 -0.30 +0.19    +0.309 C 
DOCKED: ATOM     12  C   UNL     1      -7.471   0.613   5.027 -0.13 +0.17    +0.309 C 
DOCKED: ENDBRANCH   8  10
DOCKED: ENDBRANCH   7   8
DOCKED: ENDBRANCH   1   7
DOCKED: TORSDOF 3
DOCKED: TER
DOCKED: ENDMDL
________________________________________________________________________________


	BEGINNING GENETIC ALGORITHM DOCKING
Run:	11 / 100
Date:	Sun Jun 25 16:24:01 2017
Beginning LAMARCKIAN GENETIC ALGORITHM (LGA), with a maximum of 20000000 energy evaluations.

Final-Value: -2.891
Real= 1m 27.49s,  CPU= 1m 27.48s,  System= 0.01s


	FINAL GENETIC ALGORITHM ALGORITHM DOCKED STATE
	_______________________________________________


Detailed state:  trans -2.818 0.186 4.686 quatxyzw 0.663357 -0.388222 0.280380 -0.575003 center 0.000 0.000 0.000 ntor 3 -135.8134 -67.3685 102.9104
State:	 -2.818   0.186   4.686   0.811 -0.475  0.343 -109.800   -135.81  -67.37  102.91

DOCKED: MODEL       11
DOCKED: USER    Run = 11
DOCKED: USER    DPF = ligand_receptor.dpf
DOCKED: USER  
DOCKED: USER    Estimated Free Energy of Binding    =   -1.69 kcal/mol  [=(1)+(2)+(3)-(4)]
DOCKED: USER    Estimated Inhibition Constant, Ki   =   57.59 mM (millimolar)  [Temperature = 298.15 K]
DOCKED: USER    
DOCKED: USER    (1) Final Intermolecular Energy     =   -2.59 kcal/mol
DOCKED: USER        vdW + Hbond + desolv Energy     =   -3.22 kcal/mol
DOCKED: USER        Electrostatic Energy            =   +0.63 kcal/mol
DOCKED: USER    (2) Final Total Internal Energy     =   -0.30 kcal/mol
DOCKED: USER    (3) Torsional Free Energy           =   +0.89 kcal/mol
DOCKED: USER    (4) Unbound System's Energy  [=(2)] =   -0.30 kcal/mol
DOCKED: USER    
DOCKED: USER    
DOCKED: USER    NEWDPF move ligand.pdbqt
DOCKED: USER    NEWDPF about 0.000000 0.000100 0.000100
DOCKED: USER    NEWDPF tran0 -2.818369 0.185953 4.686134
DOCKED: USER    NEWDPF quaternion0 0.663357 -0.388222 0.280380 -0.575003
DOCKED: USER    NEWDPF axisangle0 0.810800 -0.474511 0.342699 -109.800348
DOCKED: USER    NEWDPF quat0 0.810800 -0.474511 0.342699 -109.800348
DOCKED: USER    NEWDPF dihe0 -135.81 -67.37 102.91 
DOCKED: USER  keepresnum = 1 
DOCKED: USER  
DOCKED: REMARK  3 active torsions:
DOCKED: REMARK  status: ('A' for Active; 'I' for Inactive)
DOCKED: REMARK    1  A    between atoms: N_1  and  C_2 
DOCKED: REMARK    2  A    between atoms: C_2  and  C_3 
DOCKED: REMARK    3  A    between atoms: C_3  and  C_5 
DOCKED: USER                              x       y       z     vdW  Elec       q    Type
DOCKED: USER                           _______ _______ _______ _____ _____    ______ ____
DOCKED: ROOT
DOCKED: ATOM      1  C   UNL     1      -2.487   0.372   5.614 -0.29 -0.04    -0.056 A 
DOCKED: ATOM      2  C   UNL     1      -3.059  -0.499   6.528 -0.45 +0.01    +0.007 A 
DOCKED: ATOM      3  C   UNL     1      -1.127   0.636   5.624 -0.24 +0.01    +0.007 A 
DOCKED: ATOM      4  C   UNL     1      -2.250  -1.122   7.477 -0.52 +0.00    +0.001 A 
DOCKED: ATOM      5  C   UNL     1      -0.316   0.011   6.574 -0.27 +0.00    +0.001 A 
DOCKED: ATOM      6  C   UNL     1      -0.878  -0.868   7.500 -0.38 +0.00    +0.000 A 
DOCKED: ENDROOT
DOCKED: BRANCH   1   7
DOCKED: ATOM      7  C   UNL     1      -3.364   1.048   4.586 -0.23 +0.05    +0.074 C 
DOCKED: BRANCH   7   8
DOCKED: ATOM      8  C   UNL     1      -4.869   0.917   4.880 -0.20 +0.14    +0.222 C 
DOCKED: ATOM      9  C   UNL     1      -5.658   0.393   3.680 -0.18 +0.03    +0.043 C 
DOCKED: BRANCH   8  10
DOCKED: ATOM     10  N   UNL     1      -5.410   2.229   5.252 -0.22 +0.05    +0.084 N 
DOCKED: ATOM     11  C   UNL     1      -6.870   2.197   5.243 -0.14 +0.18    +0.309 C 
DOCKED: ATOM     12  C   UNL     1      -4.912   3.259   4.343 -0.10 +0.21    +0.309 C 
DOCKED: ENDBRANCH   8  10
DOCKED: ENDBRANCH   7   8
DOCKED: ENDBRANCH   1   7
DOCKED: TORSDOF 3
DOCKED: TER
DOCKED: ENDMDL
________________________________________________________________________________


	BEGINNING GENETIC ALGORITHM DOCKING
Run:	12 / 100
Date:	Sun Jun 25 16:25:29 2017
Beginning LAMARCKIAN GENETIC ALGORITHM (LGA), with a maximum of 20000000 energy evaluations.

